CRITICAL - 2022-02-01 20:51:23 --> Undefined offset: 2
#0 C:\xampp\htdocs\penerimaan-pad\app\Views\laporan\perdinas.php(282): CodeIgniter\Debug\Exceptions->errorHandler(8, 'Undefined offse...', 'C:\\xampp\\htdocs...', 282, Array)
#1 C:\xampp\htdocs\penerimaan-pad\system\View\View.php(214): include('C:\\xampp\\htdocs...')
#2 C:\xampp\htdocs\penerimaan-pad\system\View\View.php(217): CodeIgniter\View\View->CodeIgniter\View\{closure}()
#3 C:\xampp\htdocs\penerimaan-pad\system\Common.php(1097): CodeIgniter\View\View->render('laporan/perdina...', Array, true)
#4 C:\xampp\htdocs\penerimaan-pad\app\Controllers\LaporanPerdinas.php(88): view('laporan/perdina...', Array)
#5 C:\xampp\htdocs\penerimaan-pad\system\CodeIgniter.php(824): App\Controllers\LaporanPerdinas->index()
#6 C:\xampp\htdocs\penerimaan-pad\system\CodeIgniter.php(410): CodeIgniter\CodeIgniter->runController(Object(App\Controllers\LaporanPerdinas))
#7 C:\xampp\htdocs\penerimaan-pad\system\CodeIgniter.php(318): CodeIgniter\CodeIgniter->handleRequest(NULL, Object(Config\Cache), false)
#8 C:\xampp\htdocs\penerimaan-pad\public\index.php(37): CodeIgniter\CodeIgniter->run()
#9 C:\xampp\htdocs\penerimaan-pad\system\Commands\Server\rewrite.php(43): require_once('C:\\xampp\\htdocs...')
#10 {main}
CRITICAL - 2022-02-01 20:54:33 --> Undefined offset: 2
#0 C:\xampp\htdocs\penerimaan-pad\app\Views\laporan\perdinas.php(282): CodeIgniter\Debug\Exceptions->errorHandler(8, 'Undefined offse...', 'C:\\xampp\\htdocs...', 282, Array)
#1 C:\xampp\htdocs\penerimaan-pad\system\View\View.php(214): include('C:\\xampp\\htdocs...')
#2 C:\xampp\htdocs\penerimaan-pad\system\View\View.php(217): CodeIgniter\View\View->CodeIgniter\View\{closure}()
#3 C:\xampp\htdocs\penerimaan-pad\system\Common.php(1097): CodeIgniter\View\View->render('laporan/perdina...', Array, true)
#4 C:\xampp\htdocs\penerimaan-pad\app\Controllers\LaporanPerdinas.php(88): view('laporan/perdina...', Array)
#5 C:\xampp\htdocs\penerimaan-pad\system\CodeIgniter.php(824): App\Controllers\LaporanPerdinas->index()
#6 C:\xampp\htdocs\penerimaan-pad\system\CodeIgniter.php(410): CodeIgniter\CodeIgniter->runController(Object(App\Controllers\LaporanPerdinas))
#7 C:\xampp\htdocs\penerimaan-pad\system\CodeIgniter.php(318): CodeIgniter\CodeIgniter->handleRequest(NULL, Object(Config\Cache), false)
#8 C:\xampp\htdocs\penerimaan-pad\public\index.php(37): CodeIgniter\CodeIgniter->run()
#9 C:\xampp\htdocs\penerimaan-pad\system\Commands\Server\rewrite.php(43): require_once('C:\\xampp\\htdocs...')
#10 {main}
CRITICAL - 2022-02-01 20:54:42 --> Undefined offset: 2
#0 C:\xampp\htdocs\penerimaan-pad\app\Views\laporan\perdinas.php(282): CodeIgniter\Debug\Exceptions->errorHandler(8, 'Undefined offse...', 'C:\\xampp\\htdocs...', 282, Array)
#1 C:\xampp\htdocs\penerimaan-pad\system\View\View.php(214): include('C:\\xampp\\htdocs...')
#2 C:\xampp\htdocs\penerimaan-pad\system\View\View.php(217): CodeIgniter\View\View->CodeIgniter\View\{closure}()
#3 C:\xampp\htdocs\penerimaan-pad\system\Common.php(1097): CodeIgniter\View\View->render('laporan/perdina...', Array, true)
#4 C:\xampp\htdocs\penerimaan-pad\app\Controllers\LaporanPerdinas.php(88): view('laporan/perdina...', Array)
#5 C:\xampp\htdocs\penerimaan-pad\system\CodeIgniter.php(824): App\Controllers\LaporanPerdinas->index()
#6 C:\xampp\htdocs\penerimaan-pad\system\CodeIgniter.php(410): CodeIgniter\CodeIgniter->runController(Object(App\Controllers\LaporanPerdinas))
#7 C:\xampp\htdocs\penerimaan-pad\system\CodeIgniter.php(318): CodeIgniter\CodeIgniter->handleRequest(NULL, Object(Config\Cache), false)
#8 C:\xampp\htdocs\penerimaan-pad\public\index.php(37): CodeIgniter\CodeIgniter->run()
#9 C:\xampp\htdocs\penerimaan-pad\system\Commands\Server\rewrite.php(43): require_once('C:\\xampp\\htdocs...')
#10 {main}
CRITICAL - 2022-02-01 20:55:22 --> Undefined offset: 2
#0 C:\xampp\htdocs\penerimaan-pad\app\Views\laporan\perdinas.php(282): CodeIgniter\Debug\Exceptions->errorHandler(8, 'Undefined offse...', 'C:\\xampp\\htdocs...', 282, Array)
#1 C:\xampp\htdocs\penerimaan-pad\system\View\View.php(214): include('C:\\xampp\\htdocs...')
#2 C:\xampp\htdocs\penerimaan-pad\system\View\View.php(217): CodeIgniter\View\View->CodeIgniter\View\{closure}()
#3 C:\xampp\htdocs\penerimaan-pad\system\Common.php(1097): CodeIgniter\View\View->render('laporan/perdina...', Array, true)
#4 C:\xampp\htdocs\penerimaan-pad\app\Controllers\LaporanPerdinas.php(88): view('laporan/perdina...', Array)
#5 C:\xampp\htdocs\penerimaan-pad\system\CodeIgniter.php(824): App\Controllers\LaporanPerdinas->index()
#6 C:\xampp\htdocs\penerimaan-pad\system\CodeIgniter.php(410): CodeIgniter\CodeIgniter->runController(Object(App\Controllers\LaporanPerdinas))
#7 C:\xampp\htdocs\penerimaan-pad\system\CodeIgniter.php(318): CodeIgniter\CodeIgniter->handleRequest(NULL, Object(Config\Cache), false)
#8 C:\xampp\htdocs\penerimaan-pad\public\index.php(37): CodeIgniter\CodeIgniter->run()
#9 C:\xampp\htdocs\penerimaan-pad\system\Commands\Server\rewrite.php(43): require_once('C:\\xampp\\htdocs...')
#10 {main}
CRITICAL - 2022-02-01 20:55:24 --> Undefined offset: 2
#0 C:\xampp\htdocs\penerimaan-pad\app\Views\laporan\perdinas.php(282): CodeIgniter\Debug\Exceptions->errorHandler(8, 'Undefined offse...', 'C:\\xampp\\htdocs...', 282, Array)
#1 C:\xampp\htdocs\penerimaan-pad\system\View\View.php(214): include('C:\\xampp\\htdocs...')
#2 C:\xampp\htdocs\penerimaan-pad\system\View\View.php(217): CodeIgniter\View\View->CodeIgniter\View\{closure}()
#3 C:\xampp\htdocs\penerimaan-pad\system\Common.php(1097): CodeIgniter\View\View->render('laporan/perdina...', Array, true)
#4 C:\xampp\htdocs\penerimaan-pad\app\Controllers\LaporanPerdinas.php(88): view('laporan/perdina...', Array)
#5 C:\xampp\htdocs\penerimaan-pad\system\CodeIgniter.php(824): App\Controllers\LaporanPerdinas->index()
#6 C:\xampp\htdocs\penerimaan-pad\system\CodeIgniter.php(410): CodeIgniter\CodeIgniter->runController(Object(App\Controllers\LaporanPerdinas))
#7 C:\xampp\htdocs\penerimaan-pad\system\CodeIgniter.php(318): CodeIgniter\CodeIgniter->handleRequest(NULL, Object(Config\Cache), false)
#8 C:\xampp\htdocs\penerimaan-pad\public\index.php(37): CodeIgniter\CodeIgniter->run()
#9 C:\xampp\htdocs\penerimaan-pad\system\Commands\Server\rewrite.php(43): require_once('C:\\xampp\\htdocs...')
#10 {main}
CRITICAL - 2022-02-01 20:55:24 --> Undefined offset: 2
#0 C:\xampp\htdocs\penerimaan-pad\app\Views\laporan\perdinas.php(282): CodeIgniter\Debug\Exceptions->errorHandler(8, 'Undefined offse...', 'C:\\xampp\\htdocs...', 282, Array)
#1 C:\xampp\htdocs\penerimaan-pad\system\View\View.php(214): include('C:\\xampp\\htdocs...')
#2 C:\xampp\htdocs\penerimaan-pad\system\View\View.php(217): CodeIgniter\View\View->CodeIgniter\View\{closure}()
#3 C:\xampp\htdocs\penerimaan-pad\system\Common.php(1097): CodeIgniter\View\View->render('laporan/perdina...', Array, true)
#4 C:\xampp\htdocs\penerimaan-pad\app\Controllers\LaporanPerdinas.php(88): view('laporan/perdina...', Array)
#5 C:\xampp\htdocs\penerimaan-pad\system\CodeIgniter.php(824): App\Controllers\LaporanPerdinas->index()
#6 C:\xampp\htdocs\penerimaan-pad\system\CodeIgniter.php(410): CodeIgniter\CodeIgniter->runController(Object(App\Controllers\LaporanPerdinas))
#7 C:\xampp\htdocs\penerimaan-pad\system\CodeIgniter.php(318): CodeIgniter\CodeIgniter->handleRequest(NULL, Object(Config\Cache), false)
#8 C:\xampp\htdocs\penerimaan-pad\public\index.php(37): CodeIgniter\CodeIgniter->run()
#9 C:\xampp\htdocs\penerimaan-pad\system\Commands\Server\rewrite.php(43): require_once('C:\\xampp\\htdocs...')
#10 {main}
CRITICAL - 2022-02-01 20:55:25 --> Undefined offset: 2
#0 C:\xampp\htdocs\penerimaan-pad\app\Views\laporan\perdinas.php(282): CodeIgniter\Debug\Exceptions->errorHandler(8, 'Undefined offse...', 'C:\\xampp\\htdocs...', 282, Array)
#1 C:\xampp\htdocs\penerimaan-pad\system\View\View.php(214): include('C:\\xampp\\htdocs...')
#2 C:\xampp\htdocs\penerimaan-pad\system\View\View.php(217): CodeIgniter\View\View->CodeIgniter\View\{closure}()
#3 C:\xampp\htdocs\penerimaan-pad\system\Common.php(1097): CodeIgniter\View\View->render('laporan/perdina...', Array, true)
#4 C:\xampp\htdocs\penerimaan-pad\app\Controllers\LaporanPerdinas.php(88): view('laporan/perdina...', Array)
#5 C:\xampp\htdocs\penerimaan-pad\system\CodeIgniter.php(824): App\Controllers\LaporanPerdinas->index()
#6 C:\xampp\htdocs\penerimaan-pad\system\CodeIgniter.php(410): CodeIgniter\CodeIgniter->runController(Object(App\Controllers\LaporanPerdinas))
#7 C:\xampp\htdocs\penerimaan-pad\system\CodeIgniter.php(318): CodeIgniter\CodeIgniter->handleRequest(NULL, Object(Config\Cache), false)
#8 C:\xampp\htdocs\penerimaan-pad\public\index.php(37): CodeIgniter\CodeIgniter->run()
#9 C:\xampp\htdocs\penerimaan-pad\system\Commands\Server\rewrite.php(43): require_once('C:\\xampp\\htdocs...')
#10 {main}
CRITICAL - 2022-02-01 20:55:36 --> Undefined offset: 2
#0 C:\xampp\htdocs\penerimaan-pad\app\Views\laporan\perdinas.php(282): CodeIgniter\Debug\Exceptions->errorHandler(8, 'Undefined offse...', 'C:\\xampp\\htdocs...', 282, Array)
#1 C:\xampp\htdocs\penerimaan-pad\system\View\View.php(214): include('C:\\xampp\\htdocs...')
#2 C:\xampp\htdocs\penerimaan-pad\system\View\View.php(217): CodeIgniter\View\View->CodeIgniter\View\{closure}()
#3 C:\xampp\htdocs\penerimaan-pad\system\Common.php(1097): CodeIgniter\View\View->render('laporan/perdina...', Array, true)
#4 C:\xampp\htdocs\penerimaan-pad\app\Controllers\LaporanPerdinas.php(88): view('laporan/perdina...', Array)
#5 C:\xampp\htdocs\penerimaan-pad\system\CodeIgniter.php(824): App\Controllers\LaporanPerdinas->index()
#6 C:\xampp\htdocs\penerimaan-pad\system\CodeIgniter.php(410): CodeIgniter\CodeIgniter->runController(Object(App\Controllers\LaporanPerdinas))
#7 C:\xampp\htdocs\penerimaan-pad\system\CodeIgniter.php(318): CodeIgniter\CodeIgniter->handleRequest(NULL, Object(Config\Cache), false)
#8 C:\xampp\htdocs\penerimaan-pad\public\index.php(37): CodeIgniter\CodeIgniter->run()
#9 C:\xampp\htdocs\penerimaan-pad\system\Commands\Server\rewrite.php(43): require_once('C:\\xampp\\htdocs...')
#10 {main}
CRITICAL - 2022-02-01 20:56:46 --> Undefined offset: 2
#0 C:\xampp\htdocs\penerimaan-pad\app\Views\laporan\perdinas.php(282): CodeIgniter\Debug\Exceptions->errorHandler(8, 'Undefined offse...', 'C:\\xampp\\htdocs...', 282, Array)
#1 C:\xampp\htdocs\penerimaan-pad\system\View\View.php(214): include('C:\\xampp\\htdocs...')
#2 C:\xampp\htdocs\penerimaan-pad\system\View\View.php(217): CodeIgniter\View\View->CodeIgniter\View\{closure}()
#3 C:\xampp\htdocs\penerimaan-pad\system\Common.php(1097): CodeIgniter\View\View->render('laporan/perdina...', Array, true)
#4 C:\xampp\htdocs\penerimaan-pad\app\Controllers\LaporanPerdinas.php(88): view('laporan/perdina...', Array)
#5 C:\xampp\htdocs\penerimaan-pad\system\CodeIgniter.php(824): App\Controllers\LaporanPerdinas->index()
#6 C:\xampp\htdocs\penerimaan-pad\system\CodeIgniter.php(410): CodeIgniter\CodeIgniter->runController(Object(App\Controllers\LaporanPerdinas))
#7 C:\xampp\htdocs\penerimaan-pad\system\CodeIgniter.php(318): CodeIgniter\CodeIgniter->handleRequest(NULL, Object(Config\Cache), false)
#8 C:\xampp\htdocs\penerimaan-pad\public\index.php(37): CodeIgniter\CodeIgniter->run()
#9 C:\xampp\htdocs\penerimaan-pad\system\Commands\Server\rewrite.php(43): require_once('C:\\xampp\\htdocs...')
#10 {main}
CRITICAL - 2022-02-01 20:57:14 --> Undefined offset: 2
#0 C:\xampp\htdocs\penerimaan-pad\app\Views\laporan\perdinas.php(282): CodeIgniter\Debug\Exceptions->errorHandler(8, 'Undefined offse...', 'C:\\xampp\\htdocs...', 282, Array)
#1 C:\xampp\htdocs\penerimaan-pad\system\View\View.php(214): include('C:\\xampp\\htdocs...')
#2 C:\xampp\htdocs\penerimaan-pad\system\View\View.php(217): CodeIgniter\View\View->CodeIgniter\View\{closure}()
#3 C:\xampp\htdocs\penerimaan-pad\system\Common.php(1097): CodeIgniter\View\View->render('laporan/perdina...', Array, true)
#4 C:\xampp\htdocs\penerimaan-pad\app\Controllers\LaporanPerdinas.php(88): view('laporan/perdina...', Array)
#5 C:\xampp\htdocs\penerimaan-pad\system\CodeIgniter.php(824): App\Controllers\LaporanPerdinas->index()
#6 C:\xampp\htdocs\penerimaan-pad\system\CodeIgniter.php(410): CodeIgniter\CodeIgniter->runController(Object(App\Controllers\LaporanPerdinas))
#7 C:\xampp\htdocs\penerimaan-pad\system\CodeIgniter.php(318): CodeIgniter\CodeIgniter->handleRequest(NULL, Object(Config\Cache), false)
#8 C:\xampp\htdocs\penerimaan-pad\public\index.php(37): CodeIgniter\CodeIgniter->run()
#9 C:\xampp\htdocs\penerimaan-pad\system\Commands\Server\rewrite.php(43): require_once('C:\\xampp\\htdocs...')
#10 {main}
CRITICAL - 2022-02-01 21:03:10 --> Undefined offset: 5
#0 C:\xampp\htdocs\penerimaan-pad\app\Views\laporan\perdinas.php(283): CodeIgniter\Debug\Exceptions->errorHandler(8, 'Undefined offse...', 'C:\\xampp\\htdocs...', 283, Array)
#1 C:\xampp\htdocs\penerimaan-pad\system\View\View.php(214): include('C:\\xampp\\htdocs...')
#2 C:\xampp\htdocs\penerimaan-pad\system\View\View.php(217): CodeIgniter\View\View->CodeIgniter\View\{closure}()
#3 C:\xampp\htdocs\penerimaan-pad\system\Common.php(1097): CodeIgniter\View\View->render('laporan/perdina...', Array, true)
#4 C:\xampp\htdocs\penerimaan-pad\app\Controllers\LaporanPerdinas.php(88): view('laporan/perdina...', Array)
#5 C:\xampp\htdocs\penerimaan-pad\system\CodeIgniter.php(824): App\Controllers\LaporanPerdinas->index()
#6 C:\xampp\htdocs\penerimaan-pad\system\CodeIgniter.php(410): CodeIgniter\CodeIgniter->runController(Object(App\Controllers\LaporanPerdinas))
#7 C:\xampp\htdocs\penerimaan-pad\system\CodeIgniter.php(318): CodeIgniter\CodeIgniter->handleRequest(NULL, Object(Config\Cache), false)
#8 C:\xampp\htdocs\penerimaan-pad\public\index.php(37): CodeIgniter\CodeIgniter->run()
#9 C:\xampp\htdocs\penerimaan-pad\system\Commands\Server\rewrite.php(43): require_once('C:\\xampp\\htdocs...')
#10 {main}
CRITICAL - 2022-02-01 21:03:25 --> Undefined offset: 5
#0 C:\xampp\htdocs\penerimaan-pad\app\Views\laporan\perdinas.php(283): CodeIgniter\Debug\Exceptions->errorHandler(8, 'Undefined offse...', 'C:\\xampp\\htdocs...', 283, Array)
#1 C:\xampp\htdocs\penerimaan-pad\system\View\View.php(214): include('C:\\xampp\\htdocs...')
#2 C:\xampp\htdocs\penerimaan-pad\system\View\View.php(217): CodeIgniter\View\View->CodeIgniter\View\{closure}()
#3 C:\xampp\htdocs\penerimaan-pad\system\Common.php(1097): CodeIgniter\View\View->render('laporan/perdina...', Array, true)
#4 C:\xampp\htdocs\penerimaan-pad\app\Controllers\LaporanPerdinas.php(88): view('laporan/perdina...', Array)
#5 C:\xampp\htdocs\penerimaan-pad\system\CodeIgniter.php(824): App\Controllers\LaporanPerdinas->index()
#6 C:\xampp\htdocs\penerimaan-pad\system\CodeIgniter.php(410): CodeIgniter\CodeIgniter->runController(Object(App\Controllers\LaporanPerdinas))
#7 C:\xampp\htdocs\penerimaan-pad\system\CodeIgniter.php(318): CodeIgniter\CodeIgniter->handleRequest(NULL, Object(Config\Cache), false)
#8 C:\xampp\htdocs\penerimaan-pad\public\index.php(37): CodeIgniter\CodeIgniter->run()
#9 C:\xampp\htdocs\penerimaan-pad\system\Commands\Server\rewrite.php(43): require_once('C:\\xampp\\htdocs...')
#10 {main}
CRITICAL - 2022-02-01 21:06:00 --> Undefined offset: 2
#0 C:\xampp\htdocs\penerimaan-pad\app\Views\laporan\perdinas.php(281): CodeIgniter\Debug\Exceptions->errorHandler(8, 'Undefined offse...', 'C:\\xampp\\htdocs...', 281, Array)
#1 C:\xampp\htdocs\penerimaan-pad\system\View\View.php(214): include('C:\\xampp\\htdocs...')
#2 C:\xampp\htdocs\penerimaan-pad\system\View\View.php(217): CodeIgniter\View\View->CodeIgniter\View\{closure}()
#3 C:\xampp\htdocs\penerimaan-pad\system\Common.php(1097): CodeIgniter\View\View->render('laporan/perdina...', Array, true)
#4 C:\xampp\htdocs\penerimaan-pad\app\Controllers\LaporanPerdinas.php(88): view('laporan/perdina...', Array)
#5 C:\xampp\htdocs\penerimaan-pad\system\CodeIgniter.php(824): App\Controllers\LaporanPerdinas->index()
#6 C:\xampp\htdocs\penerimaan-pad\system\CodeIgniter.php(410): CodeIgniter\CodeIgniter->runController(Object(App\Controllers\LaporanPerdinas))
#7 C:\xampp\htdocs\penerimaan-pad\system\CodeIgniter.php(318): CodeIgniter\CodeIgniter->handleRequest(NULL, Object(Config\Cache), false)
#8 C:\xampp\htdocs\penerimaan-pad\public\index.php(37): CodeIgniter\CodeIgniter->run()
#9 C:\xampp\htdocs\penerimaan-pad\system\Commands\Server\rewrite.php(43): require_once('C:\\xampp\\htdocs...')
#10 {main}
CRITICAL - 2022-02-01 21:06:52 --> Undefined offset: 2
#0 C:\xampp\htdocs\penerimaan-pad\app\Views\laporan\perdinas.php(281): CodeIgniter\Debug\Exceptions->errorHandler(8, 'Undefined offse...', 'C:\\xampp\\htdocs...', 281, Array)
#1 C:\xampp\htdocs\penerimaan-pad\system\View\View.php(214): include('C:\\xampp\\htdocs...')
#2 C:\xampp\htdocs\penerimaan-pad\system\View\View.php(217): CodeIgniter\View\View->CodeIgniter\View\{closure}()
#3 C:\xampp\htdocs\penerimaan-pad\system\Common.php(1097): CodeIgniter\View\View->render('laporan/perdina...', Array, true)
#4 C:\xampp\htdocs\penerimaan-pad\app\Controllers\LaporanPerdinas.php(88): view('laporan/perdina...', Array)
#5 C:\xampp\htdocs\penerimaan-pad\system\CodeIgniter.php(824): App\Controllers\LaporanPerdinas->index()
#6 C:\xampp\htdocs\penerimaan-pad\system\CodeIgniter.php(410): CodeIgniter\CodeIgniter->runController(Object(App\Controllers\LaporanPerdinas))
#7 C:\xampp\htdocs\penerimaan-pad\system\CodeIgniter.php(318): CodeIgniter\CodeIgniter->handleRequest(NULL, Object(Config\Cache), false)
#8 C:\xampp\htdocs\penerimaan-pad\public\index.php(37): CodeIgniter\CodeIgniter->run()
#9 C:\xampp\htdocs\penerimaan-pad\system\Commands\Server\rewrite.php(43): require_once('C:\\xampp\\htdocs...')
#10 {main}
CRITICAL - 2022-02-01 21:08:51 --> Undefined offset: 2
#0 C:\xampp\htdocs\penerimaan-pad\app\Views\laporan\perdinas.php(281): CodeIgniter\Debug\Exceptions->errorHandler(8, 'Undefined offse...', 'C:\\xampp\\htdocs...', 281, Array)
#1 C:\xampp\htdocs\penerimaan-pad\system\View\View.php(214): include('C:\\xampp\\htdocs...')
#2 C:\xampp\htdocs\penerimaan-pad\system\View\View.php(217): CodeIgniter\View\View->CodeIgniter\View\{closure}()
#3 C:\xampp\htdocs\penerimaan-pad\system\Common.php(1097): CodeIgniter\View\View->render('laporan/perdina...', Array, true)
#4 C:\xampp\htdocs\penerimaan-pad\app\Controllers\LaporanPerdinas.php(88): view('laporan/perdina...', Array)
#5 C:\xampp\htdocs\penerimaan-pad\system\CodeIgniter.php(824): App\Controllers\LaporanPerdinas->index()
#6 C:\xampp\htdocs\penerimaan-pad\system\CodeIgniter.php(410): CodeIgniter\CodeIgniter->runController(Object(App\Controllers\LaporanPerdinas))
#7 C:\xampp\htdocs\penerimaan-pad\system\CodeIgniter.php(318): CodeIgniter\CodeIgniter->handleRequest(NULL, Object(Config\Cache), false)
#8 C:\xampp\htdocs\penerimaan-pad\public\index.php(37): CodeIgniter\CodeIgniter->run()
#9 C:\xampp\htdocs\penerimaan-pad\system\Commands\Server\rewrite.php(43): require_once('C:\\xampp\\htdocs...')
#10 {main}
CRITICAL - 2022-02-01 21:10:00 --> Undefined offset: 2
#0 C:\xampp\htdocs\penerimaan-pad\app\Views\laporan\perdinas.php(282): CodeIgniter\Debug\Exceptions->errorHandler(8, 'Undefined offse...', 'C:\\xampp\\htdocs...', 282, Array)
#1 C:\xampp\htdocs\penerimaan-pad\system\View\View.php(214): include('C:\\xampp\\htdocs...')
#2 C:\xampp\htdocs\penerimaan-pad\system\View\View.php(217): CodeIgniter\View\View->CodeIgniter\View\{closure}()
#3 C:\xampp\htdocs\penerimaan-pad\system\Common.php(1097): CodeIgniter\View\View->render('laporan/perdina...', Array, true)
#4 C:\xampp\htdocs\penerimaan-pad\app\Controllers\LaporanPerdinas.php(88): view('laporan/perdina...', Array)
#5 C:\xampp\htdocs\penerimaan-pad\system\CodeIgniter.php(824): App\Controllers\LaporanPerdinas->index()
#6 C:\xampp\htdocs\penerimaan-pad\system\CodeIgniter.php(410): CodeIgniter\CodeIgniter->runController(Object(App\Controllers\LaporanPerdinas))
#7 C:\xampp\htdocs\penerimaan-pad\system\CodeIgniter.php(318): CodeIgniter\CodeIgniter->handleRequest(NULL, Object(Config\Cache), false)
#8 C:\xampp\htdocs\penerimaan-pad\public\index.php(37): CodeIgniter\CodeIgniter->run()
#9 C:\xampp\htdocs\penerimaan-pad\system\Commands\Server\rewrite.php(43): require_once('C:\\xampp\\htdocs...')
#10 {main}
CRITICAL - 2022-02-01 21:10:02 --> Undefined offset: 2
#0 C:\xampp\htdocs\penerimaan-pad\app\Views\laporan\perdinas.php(282): CodeIgniter\Debug\Exceptions->errorHandler(8, 'Undefined offse...', 'C:\\xampp\\htdocs...', 282, Array)
#1 C:\xampp\htdocs\penerimaan-pad\system\View\View.php(214): include('C:\\xampp\\htdocs...')
#2 C:\xampp\htdocs\penerimaan-pad\system\View\View.php(217): CodeIgniter\View\View->CodeIgniter\View\{closure}()
#3 C:\xampp\htdocs\penerimaan-pad\system\Common.php(1097): CodeIgniter\View\View->render('laporan/perdina...', Array, true)
#4 C:\xampp\htdocs\penerimaan-pad\app\Controllers\LaporanPerdinas.php(88): view('laporan/perdina...', Array)
#5 C:\xampp\htdocs\penerimaan-pad\system\CodeIgniter.php(824): App\Controllers\LaporanPerdinas->index()
#6 C:\xampp\htdocs\penerimaan-pad\system\CodeIgniter.php(410): CodeIgniter\CodeIgniter->runController(Object(App\Controllers\LaporanPerdinas))
#7 C:\xampp\htdocs\penerimaan-pad\system\CodeIgniter.php(318): CodeIgniter\CodeIgniter->handleRequest(NULL, Object(Config\Cache), false)
#8 C:\xampp\htdocs\penerimaan-pad\public\index.php(37): CodeIgniter\CodeIgniter->run()
#9 C:\xampp\htdocs\penerimaan-pad\system\Commands\Server\rewrite.php(43): require_once('C:\\xampp\\htdocs...')
#10 {main}
CRITICAL - 2022-02-01 21:10:02 --> Undefined offset: 2
#0 C:\xampp\htdocs\penerimaan-pad\app\Views\laporan\perdinas.php(282): CodeIgniter\Debug\Exceptions->errorHandler(8, 'Undefined offse...', 'C:\\xampp\\htdocs...', 282, Array)
#1 C:\xampp\htdocs\penerimaan-pad\system\View\View.php(214): include('C:\\xampp\\htdocs...')
#2 C:\xampp\htdocs\penerimaan-pad\system\View\View.php(217): CodeIgniter\View\View->CodeIgniter\View\{closure}()
#3 C:\xampp\htdocs\penerimaan-pad\system\Common.php(1097): CodeIgniter\View\View->render('laporan/perdina...', Array, true)
#4 C:\xampp\htdocs\penerimaan-pad\app\Controllers\LaporanPerdinas.php(88): view('laporan/perdina...', Array)
#5 C:\xampp\htdocs\penerimaan-pad\system\CodeIgniter.php(824): App\Controllers\LaporanPerdinas->index()
#6 C:\xampp\htdocs\penerimaan-pad\system\CodeIgniter.php(410): CodeIgniter\CodeIgniter->runController(Object(App\Controllers\LaporanPerdinas))
#7 C:\xampp\htdocs\penerimaan-pad\system\CodeIgniter.php(318): CodeIgniter\CodeIgniter->handleRequest(NULL, Object(Config\Cache), false)
#8 C:\xampp\htdocs\penerimaan-pad\public\index.php(37): CodeIgniter\CodeIgniter->run()
#9 C:\xampp\htdocs\penerimaan-pad\system\Commands\Server\rewrite.php(43): require_once('C:\\xampp\\htdocs...')
#10 {main}
CRITICAL - 2022-02-01 21:10:02 --> Undefined offset: 2
#0 C:\xampp\htdocs\penerimaan-pad\app\Views\laporan\perdinas.php(282): CodeIgniter\Debug\Exceptions->errorHandler(8, 'Undefined offse...', 'C:\\xampp\\htdocs...', 282, Array)
#1 C:\xampp\htdocs\penerimaan-pad\system\View\View.php(214): include('C:\\xampp\\htdocs...')
#2 C:\xampp\htdocs\penerimaan-pad\system\View\View.php(217): CodeIgniter\View\View->CodeIgniter\View\{closure}()
#3 C:\xampp\htdocs\penerimaan-pad\system\Common.php(1097): CodeIgniter\View\View->render('laporan/perdina...', Array, true)
#4 C:\xampp\htdocs\penerimaan-pad\app\Controllers\LaporanPerdinas.php(88): view('laporan/perdina...', Array)
#5 C:\xampp\htdocs\penerimaan-pad\system\CodeIgniter.php(824): App\Controllers\LaporanPerdinas->index()
#6 C:\xampp\htdocs\penerimaan-pad\system\CodeIgniter.php(410): CodeIgniter\CodeIgniter->runController(Object(App\Controllers\LaporanPerdinas))
#7 C:\xampp\htdocs\penerimaan-pad\system\CodeIgniter.php(318): CodeIgniter\CodeIgniter->handleRequest(NULL, Object(Config\Cache), false)
#8 C:\xampp\htdocs\penerimaan-pad\public\index.php(37): CodeIgniter\CodeIgniter->run()
#9 C:\xampp\htdocs\penerimaan-pad\system\Commands\Server\rewrite.php(43): require_once('C:\\xampp\\htdocs...')
#10 {main}
CRITICAL - 2022-02-01 21:10:03 --> Undefined offset: 2
#0 C:\xampp\htdocs\penerimaan-pad\app\Views\laporan\perdinas.php(282): CodeIgniter\Debug\Exceptions->errorHandler(8, 'Undefined offse...', 'C:\\xampp\\htdocs...', 282, Array)
#1 C:\xampp\htdocs\penerimaan-pad\system\View\View.php(214): include('C:\\xampp\\htdocs...')
#2 C:\xampp\htdocs\penerimaan-pad\system\View\View.php(217): CodeIgniter\View\View->CodeIgniter\View\{closure}()
#3 C:\xampp\htdocs\penerimaan-pad\system\Common.php(1097): CodeIgniter\View\View->render('laporan/perdina...', Array, true)
#4 C:\xampp\htdocs\penerimaan-pad\app\Controllers\LaporanPerdinas.php(88): view('laporan/perdina...', Array)
#5 C:\xampp\htdocs\penerimaan-pad\system\CodeIgniter.php(824): App\Controllers\LaporanPerdinas->index()
#6 C:\xampp\htdocs\penerimaan-pad\system\CodeIgniter.php(410): CodeIgniter\CodeIgniter->runController(Object(App\Controllers\LaporanPerdinas))
#7 C:\xampp\htdocs\penerimaan-pad\system\CodeIgniter.php(318): CodeIgniter\CodeIgniter->handleRequest(NULL, Object(Config\Cache), false)
#8 C:\xampp\htdocs\penerimaan-pad\public\index.php(37): CodeIgniter\CodeIgniter->run()
#9 C:\xampp\htdocs\penerimaan-pad\system\Commands\Server\rewrite.php(43): require_once('C:\\xampp\\htdocs...')
#10 {main}
CRITICAL - 2022-02-01 21:10:06 --> Undefined offset: 2
#0 C:\xampp\htdocs\penerimaan-pad\app\Views\laporan\perdinas.php(282): CodeIgniter\Debug\Exceptions->errorHandler(8, 'Undefined offse...', 'C:\\xampp\\htdocs...', 282, Array)
#1 C:\xampp\htdocs\penerimaan-pad\system\View\View.php(214): include('C:\\xampp\\htdocs...')
#2 C:\xampp\htdocs\penerimaan-pad\system\View\View.php(217): CodeIgniter\View\View->CodeIgniter\View\{closure}()
#3 C:\xampp\htdocs\penerimaan-pad\system\Common.php(1097): CodeIgniter\View\View->render('laporan/perdina...', Array, true)
#4 C:\xampp\htdocs\penerimaan-pad\app\Controllers\LaporanPerdinas.php(88): view('laporan/perdina...', Array)
#5 C:\xampp\htdocs\penerimaan-pad\system\CodeIgniter.php(824): App\Controllers\LaporanPerdinas->index()
#6 C:\xampp\htdocs\penerimaan-pad\system\CodeIgniter.php(410): CodeIgniter\CodeIgniter->runController(Object(App\Controllers\LaporanPerdinas))
#7 C:\xampp\htdocs\penerimaan-pad\system\CodeIgniter.php(318): CodeIgniter\CodeIgniter->handleRequest(NULL, Object(Config\Cache), false)
#8 C:\xampp\htdocs\penerimaan-pad\public\index.php(37): CodeIgniter\CodeIgniter->run()
#9 C:\xampp\htdocs\penerimaan-pad\system\Commands\Server\rewrite.php(43): require_once('C:\\xampp\\htdocs...')
#10 {main}
CRITICAL - 2022-02-01 21:14:26 --> Undefined offset: 2
#0 C:\xampp\htdocs\penerimaan-pad\app\Views\laporan\perdinas.php(282): CodeIgniter\Debug\Exceptions->errorHandler(8, 'Undefined offse...', 'C:\\xampp\\htdocs...', 282, Array)
#1 C:\xampp\htdocs\penerimaan-pad\system\View\View.php(214): include('C:\\xampp\\htdocs...')
#2 C:\xampp\htdocs\penerimaan-pad\system\View\View.php(217): CodeIgniter\View\View->CodeIgniter\View\{closure}()
#3 C:\xampp\htdocs\penerimaan-pad\system\Common.php(1097): CodeIgniter\View\View->render('laporan/perdina...', Array, true)
#4 C:\xampp\htdocs\penerimaan-pad\app\Controllers\LaporanPerdinas.php(88): view('laporan/perdina...', Array)
#5 C:\xampp\htdocs\penerimaan-pad\system\CodeIgniter.php(824): App\Controllers\LaporanPerdinas->index()
#6 C:\xampp\htdocs\penerimaan-pad\system\CodeIgniter.php(410): CodeIgniter\CodeIgniter->runController(Object(App\Controllers\LaporanPerdinas))
#7 C:\xampp\htdocs\penerimaan-pad\system\CodeIgniter.php(318): CodeIgniter\CodeIgniter->handleRequest(NULL, Object(Config\Cache), false)
#8 C:\xampp\htdocs\penerimaan-pad\public\index.php(37): CodeIgniter\CodeIgniter->run()
#9 C:\xampp\htdocs\penerimaan-pad\system\Commands\Server\rewrite.php(43): require_once('C:\\xampp\\htdocs...')
#10 {main}
CRITICAL - 2022-02-01 21:15:00 --> Undefined offset: 2
#0 C:\xampp\htdocs\penerimaan-pad\app\Views\laporan\perdinas.php(282): CodeIgniter\Debug\Exceptions->errorHandler(8, 'Undefined offse...', 'C:\\xampp\\htdocs...', 282, Array)
#1 C:\xampp\htdocs\penerimaan-pad\system\View\View.php(214): include('C:\\xampp\\htdocs...')
#2 C:\xampp\htdocs\penerimaan-pad\system\View\View.php(217): CodeIgniter\View\View->CodeIgniter\View\{closure}()
#3 C:\xampp\htdocs\penerimaan-pad\system\Common.php(1097): CodeIgniter\View\View->render('laporan/perdina...', Array, true)
#4 C:\xampp\htdocs\penerimaan-pad\app\Controllers\LaporanPerdinas.php(88): view('laporan/perdina...', Array)
#5 C:\xampp\htdocs\penerimaan-pad\system\CodeIgniter.php(824): App\Controllers\LaporanPerdinas->index()
#6 C:\xampp\htdocs\penerimaan-pad\system\CodeIgniter.php(410): CodeIgniter\CodeIgniter->runController(Object(App\Controllers\LaporanPerdinas))
#7 C:\xampp\htdocs\penerimaan-pad\system\CodeIgniter.php(318): CodeIgniter\CodeIgniter->handleRequest(NULL, Object(Config\Cache), false)
#8 C:\xampp\htdocs\penerimaan-pad\public\index.php(37): CodeIgniter\CodeIgniter->run()
#9 C:\xampp\htdocs\penerimaan-pad\system\Commands\Server\rewrite.php(43): require_once('C:\\xampp\\htdocs...')
#10 {main}
CRITICAL - 2022-02-01 21:16:09 --> Undefined offset: 2
#0 C:\xampp\htdocs\penerimaan-pad\app\Views\laporan\perdinas.php(282): CodeIgniter\Debug\Exceptions->errorHandler(8, 'Undefined offse...', 'C:\\xampp\\htdocs...', 282, Array)
#1 C:\xampp\htdocs\penerimaan-pad\system\View\View.php(214): include('C:\\xampp\\htdocs...')
#2 C:\xampp\htdocs\penerimaan-pad\system\View\View.php(217): CodeIgniter\View\View->CodeIgniter\View\{closure}()
#3 C:\xampp\htdocs\penerimaan-pad\system\Common.php(1097): CodeIgniter\View\View->render('laporan/perdina...', Array, true)
#4 C:\xampp\htdocs\penerimaan-pad\app\Controllers\LaporanPerdinas.php(88): view('laporan/perdina...', Array)
#5 C:\xampp\htdocs\penerimaan-pad\system\CodeIgniter.php(824): App\Controllers\LaporanPerdinas->index()
#6 C:\xampp\htdocs\penerimaan-pad\system\CodeIgniter.php(410): CodeIgniter\CodeIgniter->runController(Object(App\Controllers\LaporanPerdinas))
#7 C:\xampp\htdocs\penerimaan-pad\system\CodeIgniter.php(318): CodeIgniter\CodeIgniter->handleRequest(NULL, Object(Config\Cache), false)
#8 C:\xampp\htdocs\penerimaan-pad\public\index.php(37): CodeIgniter\CodeIgniter->run()
#9 C:\xampp\htdocs\penerimaan-pad\system\Commands\Server\rewrite.php(43): require_once('C:\\xampp\\htdocs...')
#10 {main}
CRITICAL - 2022-02-01 21:16:37 --> Undefined offset: 2
#0 C:\xampp\htdocs\penerimaan-pad\app\Views\laporan\perdinas.php(282): CodeIgniter\Debug\Exceptions->errorHandler(8, 'Undefined offse...', 'C:\\xampp\\htdocs...', 282, Array)
#1 C:\xampp\htdocs\penerimaan-pad\system\View\View.php(214): include('C:\\xampp\\htdocs...')
#2 C:\xampp\htdocs\penerimaan-pad\system\View\View.php(217): CodeIgniter\View\View->CodeIgniter\View\{closure}()
#3 C:\xampp\htdocs\penerimaan-pad\system\Common.php(1097): CodeIgniter\View\View->render('laporan/perdina...', Array, true)
#4 C:\xampp\htdocs\penerimaan-pad\app\Controllers\LaporanPerdinas.php(88): view('laporan/perdina...', Array)
#5 C:\xampp\htdocs\penerimaan-pad\system\CodeIgniter.php(824): App\Controllers\LaporanPerdinas->index()
#6 C:\xampp\htdocs\penerimaan-pad\system\CodeIgniter.php(410): CodeIgniter\CodeIgniter->runController(Object(App\Controllers\LaporanPerdinas))
#7 C:\xampp\htdocs\penerimaan-pad\system\CodeIgniter.php(318): CodeIgniter\CodeIgniter->handleRequest(NULL, Object(Config\Cache), false)
#8 C:\xampp\htdocs\penerimaan-pad\public\index.php(37): CodeIgniter\CodeIgniter->run()
#9 C:\xampp\htdocs\penerimaan-pad\system\Commands\Server\rewrite.php(43): require_once('C:\\xampp\\htdocs...')
#10 {main}
CRITICAL - 2022-02-01 21:18:41 --> Undefined offset: 2
#0 C:\xampp\htdocs\penerimaan-pad\app\Views\laporan\perdinas.php(282): CodeIgniter\Debug\Exceptions->errorHandler(8, 'Undefined offse...', 'C:\\xampp\\htdocs...', 282, Array)
#1 C:\xampp\htdocs\penerimaan-pad\system\View\View.php(214): include('C:\\xampp\\htdocs...')
#2 C:\xampp\htdocs\penerimaan-pad\system\View\View.php(217): CodeIgniter\View\View->CodeIgniter\View\{closure}()
#3 C:\xampp\htdocs\penerimaan-pad\system\Common.php(1097): CodeIgniter\View\View->render('laporan/perdina...', Array, true)
#4 C:\xampp\htdocs\penerimaan-pad\app\Controllers\LaporanPerdinas.php(88): view('laporan/perdina...', Array)
#5 C:\xampp\htdocs\penerimaan-pad\system\CodeIgniter.php(824): App\Controllers\LaporanPerdinas->index()
#6 C:\xampp\htdocs\penerimaan-pad\system\CodeIgniter.php(410): CodeIgniter\CodeIgniter->runController(Object(App\Controllers\LaporanPerdinas))
#7 C:\xampp\htdocs\penerimaan-pad\system\CodeIgniter.php(318): CodeIgniter\CodeIgniter->handleRequest(NULL, Object(Config\Cache), false)
#8 C:\xampp\htdocs\penerimaan-pad\public\index.php(37): CodeIgniter\CodeIgniter->run()
#9 C:\xampp\htdocs\penerimaan-pad\system\Commands\Server\rewrite.php(43): require_once('C:\\xampp\\htdocs...')
#10 {main}
CRITICAL - 2022-02-01 21:19:15 --> Undefined offset: 2
#0 C:\xampp\htdocs\penerimaan-pad\app\Views\laporan\perdinas.php(282): CodeIgniter\Debug\Exceptions->errorHandler(8, 'Undefined offse...', 'C:\\xampp\\htdocs...', 282, Array)
#1 C:\xampp\htdocs\penerimaan-pad\system\View\View.php(214): include('C:\\xampp\\htdocs...')
#2 C:\xampp\htdocs\penerimaan-pad\system\View\View.php(217): CodeIgniter\View\View->CodeIgniter\View\{closure}()
#3 C:\xampp\htdocs\penerimaan-pad\system\Common.php(1097): CodeIgniter\View\View->render('laporan/perdina...', Array, true)
#4 C:\xampp\htdocs\penerimaan-pad\app\Controllers\LaporanPerdinas.php(88): view('laporan/perdina...', Array)
#5 C:\xampp\htdocs\penerimaan-pad\system\CodeIgniter.php(824): App\Controllers\LaporanPerdinas->index()
#6 C:\xampp\htdocs\penerimaan-pad\system\CodeIgniter.php(410): CodeIgniter\CodeIgniter->runController(Object(App\Controllers\LaporanPerdinas))
#7 C:\xampp\htdocs\penerimaan-pad\system\CodeIgniter.php(318): CodeIgniter\CodeIgniter->handleRequest(NULL, Object(Config\Cache), false)
#8 C:\xampp\htdocs\penerimaan-pad\public\index.php(37): CodeIgniter\CodeIgniter->run()
#9 C:\xampp\htdocs\penerimaan-pad\system\Commands\Server\rewrite.php(43): require_once('C:\\xampp\\htdocs...')
#10 {main}
CRITICAL - 2022-02-01 21:21:13 --> Undefined variable: laporan_perdinas
#0 C:\xampp\htdocs\penerimaan-pad\app\Views\laporan\perdinas.php(281): CodeIgniter\Debug\Exceptions->errorHandler(8, 'Undefined varia...', 'C:\\xampp\\htdocs...', 281, Array)
#1 C:\xampp\htdocs\penerimaan-pad\system\View\View.php(214): include('C:\\xampp\\htdocs...')
#2 C:\xampp\htdocs\penerimaan-pad\system\View\View.php(217): CodeIgniter\View\View->CodeIgniter\View\{closure}()
#3 C:\xampp\htdocs\penerimaan-pad\system\Common.php(1097): CodeIgniter\View\View->render('laporan/perdina...', Array, true)
#4 C:\xampp\htdocs\penerimaan-pad\app\Controllers\LaporanPerdinas.php(88): view('laporan/perdina...', Array)
#5 C:\xampp\htdocs\penerimaan-pad\system\CodeIgniter.php(824): App\Controllers\LaporanPerdinas->index()
#6 C:\xampp\htdocs\penerimaan-pad\system\CodeIgniter.php(410): CodeIgniter\CodeIgniter->runController(Object(App\Controllers\LaporanPerdinas))
#7 C:\xampp\htdocs\penerimaan-pad\system\CodeIgniter.php(318): CodeIgniter\CodeIgniter->handleRequest(NULL, Object(Config\Cache), false)
#8 C:\xampp\htdocs\penerimaan-pad\public\index.php(37): CodeIgniter\CodeIgniter->run()
#9 C:\xampp\htdocs\penerimaan-pad\system\Commands\Server\rewrite.php(43): require_once('C:\\xampp\\htdocs...')
#10 {main}
CRITICAL - 2022-02-01 21:21:26 --> Undefined offset: 2
#0 C:\xampp\htdocs\penerimaan-pad\app\Views\laporan\perdinas.php(282): CodeIgniter\Debug\Exceptions->errorHandler(8, 'Undefined offse...', 'C:\\xampp\\htdocs...', 282, Array)
#1 C:\xampp\htdocs\penerimaan-pad\system\View\View.php(214): include('C:\\xampp\\htdocs...')
#2 C:\xampp\htdocs\penerimaan-pad\system\View\View.php(217): CodeIgniter\View\View->CodeIgniter\View\{closure}()
#3 C:\xampp\htdocs\penerimaan-pad\system\Common.php(1097): CodeIgniter\View\View->render('laporan/perdina...', Array, true)
#4 C:\xampp\htdocs\penerimaan-pad\app\Controllers\LaporanPerdinas.php(88): view('laporan/perdina...', Array)
#5 C:\xampp\htdocs\penerimaan-pad\system\CodeIgniter.php(824): App\Controllers\LaporanPerdinas->index()
#6 C:\xampp\htdocs\penerimaan-pad\system\CodeIgniter.php(410): CodeIgniter\CodeIgniter->runController(Object(App\Controllers\LaporanPerdinas))
#7 C:\xampp\htdocs\penerimaan-pad\system\CodeIgniter.php(318): CodeIgniter\CodeIgniter->handleRequest(NULL, Object(Config\Cache), false)
#8 C:\xampp\htdocs\penerimaan-pad\public\index.php(37): CodeIgniter\CodeIgniter->run()
#9 C:\xampp\htdocs\penerimaan-pad\system\Commands\Server\rewrite.php(43): require_once('C:\\xampp\\htdocs...')
#10 {main}
CRITICAL - 2022-02-01 21:21:47 --> count(): Parameter must be an array or an object that implements Countable
#0 C:\xampp\htdocs\penerimaan-pad\app\Views\laporan\perdinas.php(281): CodeIgniter\Debug\Exceptions->errorHandler(2, 'count(): Parame...', 'C:\\xampp\\htdocs...', 281, Array)
#1 C:\xampp\htdocs\penerimaan-pad\system\View\View.php(214): include('C:\\xampp\\htdocs...')
#2 C:\xampp\htdocs\penerimaan-pad\system\View\View.php(217): CodeIgniter\View\View->CodeIgniter\View\{closure}()
#3 C:\xampp\htdocs\penerimaan-pad\system\Common.php(1097): CodeIgniter\View\View->render('laporan/perdina...', Array, true)
#4 C:\xampp\htdocs\penerimaan-pad\app\Controllers\LaporanPerdinas.php(88): view('laporan/perdina...', Array)
#5 C:\xampp\htdocs\penerimaan-pad\system\CodeIgniter.php(824): App\Controllers\LaporanPerdinas->index()
#6 C:\xampp\htdocs\penerimaan-pad\system\CodeIgniter.php(410): CodeIgniter\CodeIgniter->runController(Object(App\Controllers\LaporanPerdinas))
#7 C:\xampp\htdocs\penerimaan-pad\system\CodeIgniter.php(318): CodeIgniter\CodeIgniter->handleRequest(NULL, Object(Config\Cache), false)
#8 C:\xampp\htdocs\penerimaan-pad\public\index.php(37): CodeIgniter\CodeIgniter->run()
#9 C:\xampp\htdocs\penerimaan-pad\system\Commands\Server\rewrite.php(43): require_once('C:\\xampp\\htdocs...')
#10 {main}
CRITICAL - 2022-02-01 21:22:07 --> Undefined offset: 2
#0 C:\xampp\htdocs\penerimaan-pad\app\Views\laporan\perdinas.php(282): CodeIgniter\Debug\Exceptions->errorHandler(8, 'Undefined offse...', 'C:\\xampp\\htdocs...', 282, Array)
#1 C:\xampp\htdocs\penerimaan-pad\system\View\View.php(214): include('C:\\xampp\\htdocs...')
#2 C:\xampp\htdocs\penerimaan-pad\system\View\View.php(217): CodeIgniter\View\View->CodeIgniter\View\{closure}()
#3 C:\xampp\htdocs\penerimaan-pad\system\Common.php(1097): CodeIgniter\View\View->render('laporan/perdina...', Array, true)
#4 C:\xampp\htdocs\penerimaan-pad\app\Controllers\LaporanPerdinas.php(88): view('laporan/perdina...', Array)
#5 C:\xampp\htdocs\penerimaan-pad\system\CodeIgniter.php(824): App\Controllers\LaporanPerdinas->index()
#6 C:\xampp\htdocs\penerimaan-pad\system\CodeIgniter.php(410): CodeIgniter\CodeIgniter->runController(Object(App\Controllers\LaporanPerdinas))
#7 C:\xampp\htdocs\penerimaan-pad\system\CodeIgniter.php(318): CodeIgniter\CodeIgniter->handleRequest(NULL, Object(Config\Cache), false)
#8 C:\xampp\htdocs\penerimaan-pad\public\index.php(37): CodeIgniter\CodeIgniter->run()
#9 C:\xampp\htdocs\penerimaan-pad\system\Commands\Server\rewrite.php(43): require_once('C:\\xampp\\htdocs...')
#10 {main}
CRITICAL - 2022-02-01 21:22:46 --> Undefined offset: 2
#0 C:\xampp\htdocs\penerimaan-pad\app\Views\laporan\perdinas.php(282): CodeIgniter\Debug\Exceptions->errorHandler(8, 'Undefined offse...', 'C:\\xampp\\htdocs...', 282, Array)
#1 C:\xampp\htdocs\penerimaan-pad\system\View\View.php(214): include('C:\\xampp\\htdocs...')
#2 C:\xampp\htdocs\penerimaan-pad\system\View\View.php(217): CodeIgniter\View\View->CodeIgniter\View\{closure}()
#3 C:\xampp\htdocs\penerimaan-pad\system\Common.php(1097): CodeIgniter\View\View->render('laporan/perdina...', Array, true)
#4 C:\xampp\htdocs\penerimaan-pad\app\Controllers\LaporanPerdinas.php(88): view('laporan/perdina...', Array)
#5 C:\xampp\htdocs\penerimaan-pad\system\CodeIgniter.php(824): App\Controllers\LaporanPerdinas->index()
#6 C:\xampp\htdocs\penerimaan-pad\system\CodeIgniter.php(410): CodeIgniter\CodeIgniter->runController(Object(App\Controllers\LaporanPerdinas))
#7 C:\xampp\htdocs\penerimaan-pad\system\CodeIgniter.php(318): CodeIgniter\CodeIgniter->handleRequest(NULL, Object(Config\Cache), false)
#8 C:\xampp\htdocs\penerimaan-pad\public\index.php(37): CodeIgniter\CodeIgniter->run()
#9 C:\xampp\htdocs\penerimaan-pad\system\Commands\Server\rewrite.php(43): require_once('C:\\xampp\\htdocs...')
#10 {main}
CRITICAL - 2022-02-01 21:23:46 --> Undefined offset: 2
#0 C:\xampp\htdocs\penerimaan-pad\app\Views\laporan\perdinas.php(281): CodeIgniter\Debug\Exceptions->errorHandler(8, 'Undefined offse...', 'C:\\xampp\\htdocs...', 281, Array)
#1 C:\xampp\htdocs\penerimaan-pad\system\View\View.php(214): include('C:\\xampp\\htdocs...')
#2 C:\xampp\htdocs\penerimaan-pad\system\View\View.php(217): CodeIgniter\View\View->CodeIgniter\View\{closure}()
#3 C:\xampp\htdocs\penerimaan-pad\system\Common.php(1097): CodeIgniter\View\View->render('laporan/perdina...', Array, true)
#4 C:\xampp\htdocs\penerimaan-pad\app\Controllers\LaporanPerdinas.php(88): view('laporan/perdina...', Array)
#5 C:\xampp\htdocs\penerimaan-pad\system\CodeIgniter.php(824): App\Controllers\LaporanPerdinas->index()
#6 C:\xampp\htdocs\penerimaan-pad\system\CodeIgniter.php(410): CodeIgniter\CodeIgniter->runController(Object(App\Controllers\LaporanPerdinas))
#7 C:\xampp\htdocs\penerimaan-pad\system\CodeIgniter.php(318): CodeIgniter\CodeIgniter->handleRequest(NULL, Object(Config\Cache), false)
#8 C:\xampp\htdocs\penerimaan-pad\public\index.php(37): CodeIgniter\CodeIgniter->run()
#9 C:\xampp\htdocs\penerimaan-pad\system\Commands\Server\rewrite.php(43): require_once('C:\\xampp\\htdocs...')
#10 {main}
CRITICAL - 2022-02-01 21:24:18 --> Undefined offset: 2
#0 C:\xampp\htdocs\penerimaan-pad\app\Views\laporan\perdinas.php(282): CodeIgniter\Debug\Exceptions->errorHandler(8, 'Undefined offse...', 'C:\\xampp\\htdocs...', 282, Array)
#1 C:\xampp\htdocs\penerimaan-pad\system\View\View.php(214): include('C:\\xampp\\htdocs...')
#2 C:\xampp\htdocs\penerimaan-pad\system\View\View.php(217): CodeIgniter\View\View->CodeIgniter\View\{closure}()
#3 C:\xampp\htdocs\penerimaan-pad\system\Common.php(1097): CodeIgniter\View\View->render('laporan/perdina...', Array, true)
#4 C:\xampp\htdocs\penerimaan-pad\app\Controllers\LaporanPerdinas.php(88): view('laporan/perdina...', Array)
#5 C:\xampp\htdocs\penerimaan-pad\system\CodeIgniter.php(824): App\Controllers\LaporanPerdinas->index()
#6 C:\xampp\htdocs\penerimaan-pad\system\CodeIgniter.php(410): CodeIgniter\CodeIgniter->runController(Object(App\Controllers\LaporanPerdinas))
#7 C:\xampp\htdocs\penerimaan-pad\system\CodeIgniter.php(318): CodeIgniter\CodeIgniter->handleRequest(NULL, Object(Config\Cache), false)
#8 C:\xampp\htdocs\penerimaan-pad\public\index.php(37): CodeIgniter\CodeIgniter->run()
#9 C:\xampp\htdocs\penerimaan-pad\system\Commands\Server\rewrite.php(43): require_once('C:\\xampp\\htdocs...')
#10 {main}
CRITICAL - 2022-02-01 21:25:55 --> Undefined offset: 2
#0 C:\xampp\htdocs\penerimaan-pad\app\Views\laporan\perdinas.php(282): CodeIgniter\Debug\Exceptions->errorHandler(8, 'Undefined offse...', 'C:\\xampp\\htdocs...', 282, Array)
#1 C:\xampp\htdocs\penerimaan-pad\system\View\View.php(214): include('C:\\xampp\\htdocs...')
#2 C:\xampp\htdocs\penerimaan-pad\system\View\View.php(217): CodeIgniter\View\View->CodeIgniter\View\{closure}()
#3 C:\xampp\htdocs\penerimaan-pad\system\Common.php(1097): CodeIgniter\View\View->render('laporan/perdina...', Array, true)
#4 C:\xampp\htdocs\penerimaan-pad\app\Controllers\LaporanPerdinas.php(88): view('laporan/perdina...', Array)
#5 C:\xampp\htdocs\penerimaan-pad\system\CodeIgniter.php(824): App\Controllers\LaporanPerdinas->index()
#6 C:\xampp\htdocs\penerimaan-pad\system\CodeIgniter.php(410): CodeIgniter\CodeIgniter->runController(Object(App\Controllers\LaporanPerdinas))
#7 C:\xampp\htdocs\penerimaan-pad\system\CodeIgniter.php(318): CodeIgniter\CodeIgniter->handleRequest(NULL, Object(Config\Cache), false)
#8 C:\xampp\htdocs\penerimaan-pad\public\index.php(37): CodeIgniter\CodeIgniter->run()
#9 C:\xampp\htdocs\penerimaan-pad\system\Commands\Server\rewrite.php(43): require_once('C:\\xampp\\htdocs...')
#10 {main}
CRITICAL - 2022-02-01 21:26:10 --> Undefined offset: 2
#0 C:\xampp\htdocs\penerimaan-pad\app\Views\laporan\perdinas.php(282): CodeIgniter\Debug\Exceptions->errorHandler(8, 'Undefined offse...', 'C:\\xampp\\htdocs...', 282, Array)
#1 C:\xampp\htdocs\penerimaan-pad\system\View\View.php(214): include('C:\\xampp\\htdocs...')
#2 C:\xampp\htdocs\penerimaan-pad\system\View\View.php(217): CodeIgniter\View\View->CodeIgniter\View\{closure}()
#3 C:\xampp\htdocs\penerimaan-pad\system\Common.php(1097): CodeIgniter\View\View->render('laporan/perdina...', Array, true)
#4 C:\xampp\htdocs\penerimaan-pad\app\Controllers\LaporanPerdinas.php(88): view('laporan/perdina...', Array)
#5 C:\xampp\htdocs\penerimaan-pad\system\CodeIgniter.php(824): App\Controllers\LaporanPerdinas->index()
#6 C:\xampp\htdocs\penerimaan-pad\system\CodeIgniter.php(410): CodeIgniter\CodeIgniter->runController(Object(App\Controllers\LaporanPerdinas))
#7 C:\xampp\htdocs\penerimaan-pad\system\CodeIgniter.php(318): CodeIgniter\CodeIgniter->handleRequest(NULL, Object(Config\Cache), false)
#8 C:\xampp\htdocs\penerimaan-pad\public\index.php(37): CodeIgniter\CodeIgniter->run()
#9 C:\xampp\htdocs\penerimaan-pad\system\Commands\Server\rewrite.php(43): require_once('C:\\xampp\\htdocs...')
#10 {main}
CRITICAL - 2022-02-01 21:28:18 --> Undefined offset: 2
#0 C:\xampp\htdocs\penerimaan-pad\app\Views\laporan\perdinas.php(283): CodeIgniter\Debug\Exceptions->errorHandler(8, 'Undefined offse...', 'C:\\xampp\\htdocs...', 283, Array)
#1 C:\xampp\htdocs\penerimaan-pad\system\View\View.php(214): include('C:\\xampp\\htdocs...')
#2 C:\xampp\htdocs\penerimaan-pad\system\View\View.php(217): CodeIgniter\View\View->CodeIgniter\View\{closure}()
#3 C:\xampp\htdocs\penerimaan-pad\system\Common.php(1097): CodeIgniter\View\View->render('laporan/perdina...', Array, true)
#4 C:\xampp\htdocs\penerimaan-pad\app\Controllers\LaporanPerdinas.php(88): view('laporan/perdina...', Array)
#5 C:\xampp\htdocs\penerimaan-pad\system\CodeIgniter.php(824): App\Controllers\LaporanPerdinas->index()
#6 C:\xampp\htdocs\penerimaan-pad\system\CodeIgniter.php(410): CodeIgniter\CodeIgniter->runController(Object(App\Controllers\LaporanPerdinas))
#7 C:\xampp\htdocs\penerimaan-pad\system\CodeIgniter.php(318): CodeIgniter\CodeIgniter->handleRequest(NULL, Object(Config\Cache), false)
#8 C:\xampp\htdocs\penerimaan-pad\public\index.php(37): CodeIgniter\CodeIgniter->run()
#9 C:\xampp\htdocs\penerimaan-pad\system\Commands\Server\rewrite.php(43): require_once('C:\\xampp\\htdocs...')
#10 {main}
CRITICAL - 2022-02-01 21:29:06 --> Undefined offset: 2
#0 C:\xampp\htdocs\penerimaan-pad\app\Views\laporan\perdinas.php(283): CodeIgniter\Debug\Exceptions->errorHandler(8, 'Undefined offse...', 'C:\\xampp\\htdocs...', 283, Array)
#1 C:\xampp\htdocs\penerimaan-pad\system\View\View.php(214): include('C:\\xampp\\htdocs...')
#2 C:\xampp\htdocs\penerimaan-pad\system\View\View.php(217): CodeIgniter\View\View->CodeIgniter\View\{closure}()
#3 C:\xampp\htdocs\penerimaan-pad\system\Common.php(1097): CodeIgniter\View\View->render('laporan/perdina...', Array, true)
#4 C:\xampp\htdocs\penerimaan-pad\app\Controllers\LaporanPerdinas.php(88): view('laporan/perdina...', Array)
#5 C:\xampp\htdocs\penerimaan-pad\system\CodeIgniter.php(824): App\Controllers\LaporanPerdinas->index()
#6 C:\xampp\htdocs\penerimaan-pad\system\CodeIgniter.php(410): CodeIgniter\CodeIgniter->runController(Object(App\Controllers\LaporanPerdinas))
#7 C:\xampp\htdocs\penerimaan-pad\system\CodeIgniter.php(318): CodeIgniter\CodeIgniter->handleRequest(NULL, Object(Config\Cache), false)
#8 C:\xampp\htdocs\penerimaan-pad\public\index.php(37): CodeIgniter\CodeIgniter->run()
#9 C:\xampp\htdocs\penerimaan-pad\system\Commands\Server\rewrite.php(43): require_once('C:\\xampp\\htdocs...')
#10 {main}
CRITICAL - 2022-02-01 21:29:14 --> Undefined offset: 2
#0 C:\xampp\htdocs\penerimaan-pad\app\Views\laporan\perdinas.php(283): CodeIgniter\Debug\Exceptions->errorHandler(8, 'Undefined offse...', 'C:\\xampp\\htdocs...', 283, Array)
#1 C:\xampp\htdocs\penerimaan-pad\system\View\View.php(214): include('C:\\xampp\\htdocs...')
#2 C:\xampp\htdocs\penerimaan-pad\system\View\View.php(217): CodeIgniter\View\View->CodeIgniter\View\{closure}()
#3 C:\xampp\htdocs\penerimaan-pad\system\Common.php(1097): CodeIgniter\View\View->render('laporan/perdina...', Array, true)
#4 C:\xampp\htdocs\penerimaan-pad\app\Controllers\LaporanPerdinas.php(88): view('laporan/perdina...', Array)
#5 C:\xampp\htdocs\penerimaan-pad\system\CodeIgniter.php(824): App\Controllers\LaporanPerdinas->index()
#6 C:\xampp\htdocs\penerimaan-pad\system\CodeIgniter.php(410): CodeIgniter\CodeIgniter->runController(Object(App\Controllers\LaporanPerdinas))
#7 C:\xampp\htdocs\penerimaan-pad\system\CodeIgniter.php(318): CodeIgniter\CodeIgniter->handleRequest(NULL, Object(Config\Cache), false)
#8 C:\xampp\htdocs\penerimaan-pad\public\index.php(37): CodeIgniter\CodeIgniter->run()
#9 C:\xampp\htdocs\penerimaan-pad\system\Commands\Server\rewrite.php(43): require_once('C:\\xampp\\htdocs...')
#10 {main}
CRITICAL - 2022-02-01 21:29:30 --> Undefined offset: 2
#0 C:\xampp\htdocs\penerimaan-pad\app\Views\laporan\perdinas.php(283): CodeIgniter\Debug\Exceptions->errorHandler(8, 'Undefined offse...', 'C:\\xampp\\htdocs...', 283, Array)
#1 C:\xampp\htdocs\penerimaan-pad\system\View\View.php(214): include('C:\\xampp\\htdocs...')
#2 C:\xampp\htdocs\penerimaan-pad\system\View\View.php(217): CodeIgniter\View\View->CodeIgniter\View\{closure}()
#3 C:\xampp\htdocs\penerimaan-pad\system\Common.php(1097): CodeIgniter\View\View->render('laporan/perdina...', Array, true)
#4 C:\xampp\htdocs\penerimaan-pad\app\Controllers\LaporanPerdinas.php(88): view('laporan/perdina...', Array)
#5 C:\xampp\htdocs\penerimaan-pad\system\CodeIgniter.php(824): App\Controllers\LaporanPerdinas->index()
#6 C:\xampp\htdocs\penerimaan-pad\system\CodeIgniter.php(410): CodeIgniter\CodeIgniter->runController(Object(App\Controllers\LaporanPerdinas))
#7 C:\xampp\htdocs\penerimaan-pad\system\CodeIgniter.php(318): CodeIgniter\CodeIgniter->handleRequest(NULL, Object(Config\Cache), false)
#8 C:\xampp\htdocs\penerimaan-pad\public\index.php(37): CodeIgniter\CodeIgniter->run()
#9 C:\xampp\htdocs\penerimaan-pad\system\Commands\Server\rewrite.php(43): require_once('C:\\xampp\\htdocs...')
#10 {main}
CRITICAL - 2022-02-01 21:30:11 --> Undefined offset: 2
#0 C:\xampp\htdocs\penerimaan-pad\app\Views\laporan\perdinas.php(283): CodeIgniter\Debug\Exceptions->errorHandler(8, 'Undefined offse...', 'C:\\xampp\\htdocs...', 283, Array)
#1 C:\xampp\htdocs\penerimaan-pad\system\View\View.php(214): include('C:\\xampp\\htdocs...')
#2 C:\xampp\htdocs\penerimaan-pad\system\View\View.php(217): CodeIgniter\View\View->CodeIgniter\View\{closure}()
#3 C:\xampp\htdocs\penerimaan-pad\system\Common.php(1097): CodeIgniter\View\View->render('laporan/perdina...', Array, true)
#4 C:\xampp\htdocs\penerimaan-pad\app\Controllers\LaporanPerdinas.php(88): view('laporan/perdina...', Array)
#5 C:\xampp\htdocs\penerimaan-pad\system\CodeIgniter.php(824): App\Controllers\LaporanPerdinas->index()
#6 C:\xampp\htdocs\penerimaan-pad\system\CodeIgniter.php(410): CodeIgniter\CodeIgniter->runController(Object(App\Controllers\LaporanPerdinas))
#7 C:\xampp\htdocs\penerimaan-pad\system\CodeIgniter.php(318): CodeIgniter\CodeIgniter->handleRequest(NULL, Object(Config\Cache), false)
#8 C:\xampp\htdocs\penerimaan-pad\public\index.php(37): CodeIgniter\CodeIgniter->run()
#9 C:\xampp\htdocs\penerimaan-pad\system\Commands\Server\rewrite.php(43): require_once('C:\\xampp\\htdocs...')
#10 {main}
CRITICAL - 2022-02-01 21:30:26 --> Undefined offset: 2
#0 C:\xampp\htdocs\penerimaan-pad\app\Views\laporan\perdinas.php(283): CodeIgniter\Debug\Exceptions->errorHandler(8, 'Undefined offse...', 'C:\\xampp\\htdocs...', 283, Array)
#1 C:\xampp\htdocs\penerimaan-pad\system\View\View.php(214): include('C:\\xampp\\htdocs...')
#2 C:\xampp\htdocs\penerimaan-pad\system\View\View.php(217): CodeIgniter\View\View->CodeIgniter\View\{closure}()
#3 C:\xampp\htdocs\penerimaan-pad\system\Common.php(1097): CodeIgniter\View\View->render('laporan/perdina...', Array, true)
#4 C:\xampp\htdocs\penerimaan-pad\app\Controllers\LaporanPerdinas.php(88): view('laporan/perdina...', Array)
#5 C:\xampp\htdocs\penerimaan-pad\system\CodeIgniter.php(824): App\Controllers\LaporanPerdinas->index()
#6 C:\xampp\htdocs\penerimaan-pad\system\CodeIgniter.php(410): CodeIgniter\CodeIgniter->runController(Object(App\Controllers\LaporanPerdinas))
#7 C:\xampp\htdocs\penerimaan-pad\system\CodeIgniter.php(318): CodeIgniter\CodeIgniter->handleRequest(NULL, Object(Config\Cache), false)
#8 C:\xampp\htdocs\penerimaan-pad\public\index.php(37): CodeIgniter\CodeIgniter->run()
#9 C:\xampp\htdocs\penerimaan-pad\system\Commands\Server\rewrite.php(43): require_once('C:\\xampp\\htdocs...')
#10 {main}
CRITICAL - 2022-02-01 21:33:06 --> Undefined offset: 2
#0 C:\xampp\htdocs\penerimaan-pad\app\Views\laporan\perdinas.php(283): CodeIgniter\Debug\Exceptions->errorHandler(8, 'Undefined offse...', 'C:\\xampp\\htdocs...', 283, Array)
#1 C:\xampp\htdocs\penerimaan-pad\system\View\View.php(214): include('C:\\xampp\\htdocs...')
#2 C:\xampp\htdocs\penerimaan-pad\system\View\View.php(217): CodeIgniter\View\View->CodeIgniter\View\{closure}()
#3 C:\xampp\htdocs\penerimaan-pad\system\Common.php(1097): CodeIgniter\View\View->render('laporan/perdina...', Array, true)
#4 C:\xampp\htdocs\penerimaan-pad\app\Controllers\LaporanPerdinas.php(88): view('laporan/perdina...', Array)
#5 C:\xampp\htdocs\penerimaan-pad\system\CodeIgniter.php(824): App\Controllers\LaporanPerdinas->index()
#6 C:\xampp\htdocs\penerimaan-pad\system\CodeIgniter.php(410): CodeIgniter\CodeIgniter->runController(Object(App\Controllers\LaporanPerdinas))
#7 C:\xampp\htdocs\penerimaan-pad\system\CodeIgniter.php(318): CodeIgniter\CodeIgniter->handleRequest(NULL, Object(Config\Cache), false)
#8 C:\xampp\htdocs\penerimaan-pad\public\index.php(37): CodeIgniter\CodeIgniter->run()
#9 C:\xampp\htdocs\penerimaan-pad\system\Commands\Server\rewrite.php(43): require_once('C:\\xampp\\htdocs...')
#10 {main}
CRITICAL - 2022-02-01 21:36:25 --> Undefined offset: 2
#0 C:\xampp\htdocs\penerimaan-pad\app\Views\laporan\perdinas.php(283): CodeIgniter\Debug\Exceptions->errorHandler(8, 'Undefined offse...', 'C:\\xampp\\htdocs...', 283, Array)
#1 C:\xampp\htdocs\penerimaan-pad\system\View\View.php(214): include('C:\\xampp\\htdocs...')
#2 C:\xampp\htdocs\penerimaan-pad\system\View\View.php(217): CodeIgniter\View\View->CodeIgniter\View\{closure}()
#3 C:\xampp\htdocs\penerimaan-pad\system\Common.php(1097): CodeIgniter\View\View->render('laporan/perdina...', Array, true)
#4 C:\xampp\htdocs\penerimaan-pad\app\Controllers\LaporanPerdinas.php(88): view('laporan/perdina...', Array)
#5 C:\xampp\htdocs\penerimaan-pad\system\CodeIgniter.php(824): App\Controllers\LaporanPerdinas->index()
#6 C:\xampp\htdocs\penerimaan-pad\system\CodeIgniter.php(410): CodeIgniter\CodeIgniter->runController(Object(App\Controllers\LaporanPerdinas))
#7 C:\xampp\htdocs\penerimaan-pad\system\CodeIgniter.php(318): CodeIgniter\CodeIgniter->handleRequest(NULL, Object(Config\Cache), false)
#8 C:\xampp\htdocs\penerimaan-pad\public\index.php(37): CodeIgniter\CodeIgniter->run()
#9 C:\xampp\htdocs\penerimaan-pad\system\Commands\Server\rewrite.php(43): require_once('C:\\xampp\\htdocs...')
#10 {main}
CRITICAL - 2022-02-01 21:36:27 --> Undefined offset: 2
#0 C:\xampp\htdocs\penerimaan-pad\app\Views\laporan\perdinas.php(283): CodeIgniter\Debug\Exceptions->errorHandler(8, 'Undefined offse...', 'C:\\xampp\\htdocs...', 283, Array)
#1 C:\xampp\htdocs\penerimaan-pad\system\View\View.php(214): include('C:\\xampp\\htdocs...')
#2 C:\xampp\htdocs\penerimaan-pad\system\View\View.php(217): CodeIgniter\View\View->CodeIgniter\View\{closure}()
#3 C:\xampp\htdocs\penerimaan-pad\system\Common.php(1097): CodeIgniter\View\View->render('laporan/perdina...', Array, true)
#4 C:\xampp\htdocs\penerimaan-pad\app\Controllers\LaporanPerdinas.php(88): view('laporan/perdina...', Array)
#5 C:\xampp\htdocs\penerimaan-pad\system\CodeIgniter.php(824): App\Controllers\LaporanPerdinas->index()
#6 C:\xampp\htdocs\penerimaan-pad\system\CodeIgniter.php(410): CodeIgniter\CodeIgniter->runController(Object(App\Controllers\LaporanPerdinas))
#7 C:\xampp\htdocs\penerimaan-pad\system\CodeIgniter.php(318): CodeIgniter\CodeIgniter->handleRequest(NULL, Object(Config\Cache), false)
#8 C:\xampp\htdocs\penerimaan-pad\public\index.php(37): CodeIgniter\CodeIgniter->run()
#9 C:\xampp\htdocs\penerimaan-pad\system\Commands\Server\rewrite.php(43): require_once('C:\\xampp\\htdocs...')
#10 {main}
CRITICAL - 2022-02-01 21:36:41 --> Undefined offset: 2
#0 C:\xampp\htdocs\penerimaan-pad\app\Views\laporan\perdinas.php(283): CodeIgniter\Debug\Exceptions->errorHandler(8, 'Undefined offse...', 'C:\\xampp\\htdocs...', 283, Array)
#1 C:\xampp\htdocs\penerimaan-pad\system\View\View.php(214): include('C:\\xampp\\htdocs...')
#2 C:\xampp\htdocs\penerimaan-pad\system\View\View.php(217): CodeIgniter\View\View->CodeIgniter\View\{closure}()
#3 C:\xampp\htdocs\penerimaan-pad\system\Common.php(1097): CodeIgniter\View\View->render('laporan/perdina...', Array, true)
#4 C:\xampp\htdocs\penerimaan-pad\app\Controllers\LaporanPerdinas.php(88): view('laporan/perdina...', Array)
#5 C:\xampp\htdocs\penerimaan-pad\system\CodeIgniter.php(824): App\Controllers\LaporanPerdinas->index()
#6 C:\xampp\htdocs\penerimaan-pad\system\CodeIgniter.php(410): CodeIgniter\CodeIgniter->runController(Object(App\Controllers\LaporanPerdinas))
#7 C:\xampp\htdocs\penerimaan-pad\system\CodeIgniter.php(318): CodeIgniter\CodeIgniter->handleRequest(NULL, Object(Config\Cache), false)
#8 C:\xampp\htdocs\penerimaan-pad\public\index.php(37): CodeIgniter\CodeIgniter->run()
#9 C:\xampp\htdocs\penerimaan-pad\system\Commands\Server\rewrite.php(43): require_once('C:\\xampp\\htdocs...')
#10 {main}
CRITICAL - 2022-02-01 21:44:16 --> Illegal offset type
#0 C:\xampp\htdocs\penerimaan-pad\app\Views\laporan\perdinas.php(282): CodeIgniter\Debug\Exceptions->errorHandler(2, 'Illegal offset ...', 'C:\\xampp\\htdocs...', 282, Array)
#1 C:\xampp\htdocs\penerimaan-pad\system\View\View.php(214): include('C:\\xampp\\htdocs...')
#2 C:\xampp\htdocs\penerimaan-pad\system\View\View.php(217): CodeIgniter\View\View->CodeIgniter\View\{closure}()
#3 C:\xampp\htdocs\penerimaan-pad\system\Common.php(1097): CodeIgniter\View\View->render('laporan/perdina...', Array, true)
#4 C:\xampp\htdocs\penerimaan-pad\app\Controllers\LaporanPerdinas.php(88): view('laporan/perdina...', Array)
#5 C:\xampp\htdocs\penerimaan-pad\system\CodeIgniter.php(824): App\Controllers\LaporanPerdinas->index()
#6 C:\xampp\htdocs\penerimaan-pad\system\CodeIgniter.php(410): CodeIgniter\CodeIgniter->runController(Object(App\Controllers\LaporanPerdinas))
#7 C:\xampp\htdocs\penerimaan-pad\system\CodeIgniter.php(318): CodeIgniter\CodeIgniter->handleRequest(NULL, Object(Config\Cache), false)
#8 C:\xampp\htdocs\penerimaan-pad\public\index.php(37): CodeIgniter\CodeIgniter->run()
#9 C:\xampp\htdocs\penerimaan-pad\system\Commands\Server\rewrite.php(43): require_once('C:\\xampp\\htdocs...')
#10 {main}
CRITICAL - 2022-02-01 21:45:33 --> Undefined offset: 20
#0 C:\xampp\htdocs\penerimaan-pad\app\Views\laporan\perdinas.php(283): CodeIgniter\Debug\Exceptions->errorHandler(8, 'Undefined offse...', 'C:\\xampp\\htdocs...', 283, Array)
#1 C:\xampp\htdocs\penerimaan-pad\system\View\View.php(214): include('C:\\xampp\\htdocs...')
#2 C:\xampp\htdocs\penerimaan-pad\system\View\View.php(217): CodeIgniter\View\View->CodeIgniter\View\{closure}()
#3 C:\xampp\htdocs\penerimaan-pad\system\Common.php(1097): CodeIgniter\View\View->render('laporan/perdina...', Array, true)
#4 C:\xampp\htdocs\penerimaan-pad\app\Controllers\LaporanPerdinas.php(88): view('laporan/perdina...', Array)
#5 C:\xampp\htdocs\penerimaan-pad\system\CodeIgniter.php(824): App\Controllers\LaporanPerdinas->index()
#6 C:\xampp\htdocs\penerimaan-pad\system\CodeIgniter.php(410): CodeIgniter\CodeIgniter->runController(Object(App\Controllers\LaporanPerdinas))
#7 C:\xampp\htdocs\penerimaan-pad\system\CodeIgniter.php(318): CodeIgniter\CodeIgniter->handleRequest(NULL, Object(Config\Cache), false)
#8 C:\xampp\htdocs\penerimaan-pad\public\index.php(37): CodeIgniter\CodeIgniter->run()
#9 C:\xampp\htdocs\penerimaan-pad\system\Commands\Server\rewrite.php(43): require_once('C:\\xampp\\htdocs...')
#10 {main}
CRITICAL - 2022-02-01 21:46:42 --> Undefined variable: laporan_perdinas
#0 C:\xampp\htdocs\penerimaan-pad\app\Views\laporan\perdinas.php(283): CodeIgniter\Debug\Exceptions->errorHandler(8, 'Undefined varia...', 'C:\\xampp\\htdocs...', 283, Array)
#1 C:\xampp\htdocs\penerimaan-pad\system\View\View.php(214): include('C:\\xampp\\htdocs...')
#2 C:\xampp\htdocs\penerimaan-pad\system\View\View.php(217): CodeIgniter\View\View->CodeIgniter\View\{closure}()
#3 C:\xampp\htdocs\penerimaan-pad\system\Common.php(1097): CodeIgniter\View\View->render('laporan/perdina...', Array, true)
#4 C:\xampp\htdocs\penerimaan-pad\app\Controllers\LaporanPerdinas.php(88): view('laporan/perdina...', Array)
#5 C:\xampp\htdocs\penerimaan-pad\system\CodeIgniter.php(824): App\Controllers\LaporanPerdinas->index()
#6 C:\xampp\htdocs\penerimaan-pad\system\CodeIgniter.php(410): CodeIgniter\CodeIgniter->runController(Object(App\Controllers\LaporanPerdinas))
#7 C:\xampp\htdocs\penerimaan-pad\system\CodeIgniter.php(318): CodeIgniter\CodeIgniter->handleRequest(NULL, Object(Config\Cache), false)
#8 C:\xampp\htdocs\penerimaan-pad\public\index.php(37): CodeIgniter\CodeIgniter->run()
#9 C:\xampp\htdocs\penerimaan-pad\system\Commands\Server\rewrite.php(43): require_once('C:\\xampp\\htdocs...')
#10 {main}
CRITICAL - 2022-02-01 21:46:54 --> Illegal offset type
#0 C:\xampp\htdocs\penerimaan-pad\app\Views\laporan\perdinas.php(284): CodeIgniter\Debug\Exceptions->errorHandler(2, 'Illegal offset ...', 'C:\\xampp\\htdocs...', 284, Array)
#1 C:\xampp\htdocs\penerimaan-pad\system\View\View.php(214): include('C:\\xampp\\htdocs...')
#2 C:\xampp\htdocs\penerimaan-pad\system\View\View.php(217): CodeIgniter\View\View->CodeIgniter\View\{closure}()
#3 C:\xampp\htdocs\penerimaan-pad\system\Common.php(1097): CodeIgniter\View\View->render('laporan/perdina...', Array, true)
#4 C:\xampp\htdocs\penerimaan-pad\app\Controllers\LaporanPerdinas.php(88): view('laporan/perdina...', Array)
#5 C:\xampp\htdocs\penerimaan-pad\system\CodeIgniter.php(824): App\Controllers\LaporanPerdinas->index()
#6 C:\xampp\htdocs\penerimaan-pad\system\CodeIgniter.php(410): CodeIgniter\CodeIgniter->runController(Object(App\Controllers\LaporanPerdinas))
#7 C:\xampp\htdocs\penerimaan-pad\system\CodeIgniter.php(318): CodeIgniter\CodeIgniter->handleRequest(NULL, Object(Config\Cache), false)
#8 C:\xampp\htdocs\penerimaan-pad\public\index.php(37): CodeIgniter\CodeIgniter->run()
#9 C:\xampp\htdocs\penerimaan-pad\system\Commands\Server\rewrite.php(43): require_once('C:\\xampp\\htdocs...')
#10 {main}
CRITICAL - 2022-02-01 21:47:38 --> Illegal offset type
#0 C:\xampp\htdocs\penerimaan-pad\app\Views\laporan\perdinas.php(283): CodeIgniter\Debug\Exceptions->errorHandler(2, 'Illegal offset ...', 'C:\\xampp\\htdocs...', 283, Array)
#1 C:\xampp\htdocs\penerimaan-pad\system\View\View.php(214): include('C:\\xampp\\htdocs...')
#2 C:\xampp\htdocs\penerimaan-pad\system\View\View.php(217): CodeIgniter\View\View->CodeIgniter\View\{closure}()
#3 C:\xampp\htdocs\penerimaan-pad\system\Common.php(1097): CodeIgniter\View\View->render('laporan/perdina...', Array, true)
#4 C:\xampp\htdocs\penerimaan-pad\app\Controllers\LaporanPerdinas.php(88): view('laporan/perdina...', Array)
#5 C:\xampp\htdocs\penerimaan-pad\system\CodeIgniter.php(824): App\Controllers\LaporanPerdinas->index()
#6 C:\xampp\htdocs\penerimaan-pad\system\CodeIgniter.php(410): CodeIgniter\CodeIgniter->runController(Object(App\Controllers\LaporanPerdinas))
#7 C:\xampp\htdocs\penerimaan-pad\system\CodeIgniter.php(318): CodeIgniter\CodeIgniter->handleRequest(NULL, Object(Config\Cache), false)
#8 C:\xampp\htdocs\penerimaan-pad\public\index.php(37): CodeIgniter\CodeIgniter->run()
#9 C:\xampp\htdocs\penerimaan-pad\system\Commands\Server\rewrite.php(43): require_once('C:\\xampp\\htdocs...')
#10 {main}
CRITICAL - 2022-02-01 21:48:21 --> Undefined offset: 20
#0 C:\xampp\htdocs\penerimaan-pad\app\Views\laporan\perdinas.php(283): CodeIgniter\Debug\Exceptions->errorHandler(8, 'Undefined offse...', 'C:\\xampp\\htdocs...', 283, Array)
#1 C:\xampp\htdocs\penerimaan-pad\system\View\View.php(214): include('C:\\xampp\\htdocs...')
#2 C:\xampp\htdocs\penerimaan-pad\system\View\View.php(217): CodeIgniter\View\View->CodeIgniter\View\{closure}()
#3 C:\xampp\htdocs\penerimaan-pad\system\Common.php(1097): CodeIgniter\View\View->render('laporan/perdina...', Array, true)
#4 C:\xampp\htdocs\penerimaan-pad\app\Controllers\LaporanPerdinas.php(88): view('laporan/perdina...', Array)
#5 C:\xampp\htdocs\penerimaan-pad\system\CodeIgniter.php(824): App\Controllers\LaporanPerdinas->index()
#6 C:\xampp\htdocs\penerimaan-pad\system\CodeIgniter.php(410): CodeIgniter\CodeIgniter->runController(Object(App\Controllers\LaporanPerdinas))
#7 C:\xampp\htdocs\penerimaan-pad\system\CodeIgniter.php(318): CodeIgniter\CodeIgniter->handleRequest(NULL, Object(Config\Cache), false)
#8 C:\xampp\htdocs\penerimaan-pad\public\index.php(37): CodeIgniter\CodeIgniter->run()
#9 C:\xampp\htdocs\penerimaan-pad\system\Commands\Server\rewrite.php(43): require_once('C:\\xampp\\htdocs...')
#10 {main}
CRITICAL - 2022-02-01 21:50:14 --> Illegal offset type
#0 C:\xampp\htdocs\penerimaan-pad\app\Views\laporan\perdinas.php(283): CodeIgniter\Debug\Exceptions->errorHandler(2, 'Illegal offset ...', 'C:\\xampp\\htdocs...', 283, Array)
#1 C:\xampp\htdocs\penerimaan-pad\system\View\View.php(214): include('C:\\xampp\\htdocs...')
#2 C:\xampp\htdocs\penerimaan-pad\system\View\View.php(217): CodeIgniter\View\View->CodeIgniter\View\{closure}()
#3 C:\xampp\htdocs\penerimaan-pad\system\Common.php(1097): CodeIgniter\View\View->render('laporan/perdina...', Array, true)
#4 C:\xampp\htdocs\penerimaan-pad\app\Controllers\LaporanPerdinas.php(88): view('laporan/perdina...', Array)
#5 C:\xampp\htdocs\penerimaan-pad\system\CodeIgniter.php(824): App\Controllers\LaporanPerdinas->index()
#6 C:\xampp\htdocs\penerimaan-pad\system\CodeIgniter.php(410): CodeIgniter\CodeIgniter->runController(Object(App\Controllers\LaporanPerdinas))
#7 C:\xampp\htdocs\penerimaan-pad\system\CodeIgniter.php(318): CodeIgniter\CodeIgniter->handleRequest(NULL, Object(Config\Cache), false)
#8 C:\xampp\htdocs\penerimaan-pad\public\index.php(37): CodeIgniter\CodeIgniter->run()
#9 C:\xampp\htdocs\penerimaan-pad\system\Commands\Server\rewrite.php(43): require_once('C:\\xampp\\htdocs...')
#10 {main}
CRITICAL - 2022-02-01 21:53:23 --> Undefined offset: 2
#0 C:\xampp\htdocs\penerimaan-pad\app\Views\laporan\perdinas.php(283): CodeIgniter\Debug\Exceptions->errorHandler(8, 'Undefined offse...', 'C:\\xampp\\htdocs...', 283, Array)
#1 C:\xampp\htdocs\penerimaan-pad\system\View\View.php(214): include('C:\\xampp\\htdocs...')
#2 C:\xampp\htdocs\penerimaan-pad\system\View\View.php(217): CodeIgniter\View\View->CodeIgniter\View\{closure}()
#3 C:\xampp\htdocs\penerimaan-pad\system\Common.php(1097): CodeIgniter\View\View->render('laporan/perdina...', Array, true)
#4 C:\xampp\htdocs\penerimaan-pad\app\Controllers\LaporanPerdinas.php(88): view('laporan/perdina...', Array)
#5 C:\xampp\htdocs\penerimaan-pad\system\CodeIgniter.php(824): App\Controllers\LaporanPerdinas->index()
#6 C:\xampp\htdocs\penerimaan-pad\system\CodeIgniter.php(410): CodeIgniter\CodeIgniter->runController(Object(App\Controllers\LaporanPerdinas))
#7 C:\xampp\htdocs\penerimaan-pad\system\CodeIgniter.php(318): CodeIgniter\CodeIgniter->handleRequest(NULL, Object(Config\Cache), false)
#8 C:\xampp\htdocs\penerimaan-pad\public\index.php(37): CodeIgniter\CodeIgniter->run()
#9 C:\xampp\htdocs\penerimaan-pad\system\Commands\Server\rewrite.php(43): require_once('C:\\xampp\\htdocs...')
#10 {main}
CRITICAL - 2022-02-01 21:56:14 --> Undefined offset: 10
#0 C:\xampp\htdocs\penerimaan-pad\app\Views\laporan\perdinas.php(283): CodeIgniter\Debug\Exceptions->errorHandler(8, 'Undefined offse...', 'C:\\xampp\\htdocs...', 283, Array)
#1 C:\xampp\htdocs\penerimaan-pad\system\View\View.php(214): include('C:\\xampp\\htdocs...')
#2 C:\xampp\htdocs\penerimaan-pad\system\View\View.php(217): CodeIgniter\View\View->CodeIgniter\View\{closure}()
#3 C:\xampp\htdocs\penerimaan-pad\system\Common.php(1097): CodeIgniter\View\View->render('laporan/perdina...', Array, true)
#4 C:\xampp\htdocs\penerimaan-pad\app\Controllers\LaporanPerdinas.php(88): view('laporan/perdina...', Array)
#5 C:\xampp\htdocs\penerimaan-pad\system\CodeIgniter.php(824): App\Controllers\LaporanPerdinas->index()
#6 C:\xampp\htdocs\penerimaan-pad\system\CodeIgniter.php(410): CodeIgniter\CodeIgniter->runController(Object(App\Controllers\LaporanPerdinas))
#7 C:\xampp\htdocs\penerimaan-pad\system\CodeIgniter.php(318): CodeIgniter\CodeIgniter->handleRequest(NULL, Object(Config\Cache), false)
#8 C:\xampp\htdocs\penerimaan-pad\public\index.php(37): CodeIgniter\CodeIgniter->run()
#9 C:\xampp\htdocs\penerimaan-pad\system\Commands\Server\rewrite.php(43): require_once('C:\\xampp\\htdocs...')
#10 {main}
CRITICAL - 2022-02-01 21:57:15 --> Undefined offset: 2
#0 C:\xampp\htdocs\penerimaan-pad\app\Views\laporan\perdinas.php(283): CodeIgniter\Debug\Exceptions->errorHandler(8, 'Undefined offse...', 'C:\\xampp\\htdocs...', 283, Array)
#1 C:\xampp\htdocs\penerimaan-pad\system\View\View.php(214): include('C:\\xampp\\htdocs...')
#2 C:\xampp\htdocs\penerimaan-pad\system\View\View.php(217): CodeIgniter\View\View->CodeIgniter\View\{closure}()
#3 C:\xampp\htdocs\penerimaan-pad\system\Common.php(1097): CodeIgniter\View\View->render('laporan/perdina...', Array, true)
#4 C:\xampp\htdocs\penerimaan-pad\app\Controllers\LaporanPerdinas.php(88): view('laporan/perdina...', Array)
#5 C:\xampp\htdocs\penerimaan-pad\system\CodeIgniter.php(824): App\Controllers\LaporanPerdinas->index()
#6 C:\xampp\htdocs\penerimaan-pad\system\CodeIgniter.php(410): CodeIgniter\CodeIgniter->runController(Object(App\Controllers\LaporanPerdinas))
#7 C:\xampp\htdocs\penerimaan-pad\system\CodeIgniter.php(318): CodeIgniter\CodeIgniter->handleRequest(NULL, Object(Config\Cache), false)
#8 C:\xampp\htdocs\penerimaan-pad\public\index.php(37): CodeIgniter\CodeIgniter->run()
#9 C:\xampp\htdocs\penerimaan-pad\system\Commands\Server\rewrite.php(43): require_once('C:\\xampp\\htdocs...')
#10 {main}
CRITICAL - 2022-02-01 21:57:35 --> Undefined offset: 2
#0 C:\xampp\htdocs\penerimaan-pad\app\Views\laporan\perdinas.php(283): CodeIgniter\Debug\Exceptions->errorHandler(8, 'Undefined offse...', 'C:\\xampp\\htdocs...', 283, Array)
#1 C:\xampp\htdocs\penerimaan-pad\system\View\View.php(214): include('C:\\xampp\\htdocs...')
#2 C:\xampp\htdocs\penerimaan-pad\system\View\View.php(217): CodeIgniter\View\View->CodeIgniter\View\{closure}()
#3 C:\xampp\htdocs\penerimaan-pad\system\Common.php(1097): CodeIgniter\View\View->render('laporan/perdina...', Array, true)
#4 C:\xampp\htdocs\penerimaan-pad\app\Controllers\LaporanPerdinas.php(88): view('laporan/perdina...', Array)
#5 C:\xampp\htdocs\penerimaan-pad\system\CodeIgniter.php(824): App\Controllers\LaporanPerdinas->index()
#6 C:\xampp\htdocs\penerimaan-pad\system\CodeIgniter.php(410): CodeIgniter\CodeIgniter->runController(Object(App\Controllers\LaporanPerdinas))
#7 C:\xampp\htdocs\penerimaan-pad\system\CodeIgniter.php(318): CodeIgniter\CodeIgniter->handleRequest(NULL, Object(Config\Cache), false)
#8 C:\xampp\htdocs\penerimaan-pad\public\index.php(37): CodeIgniter\CodeIgniter->run()
#9 C:\xampp\htdocs\penerimaan-pad\system\Commands\Server\rewrite.php(43): require_once('C:\\xampp\\htdocs...')
#10 {main}
CRITICAL - 2022-02-01 21:57:37 --> Undefined offset: 2
#0 C:\xampp\htdocs\penerimaan-pad\app\Views\laporan\perdinas.php(283): CodeIgniter\Debug\Exceptions->errorHandler(8, 'Undefined offse...', 'C:\\xampp\\htdocs...', 283, Array)
#1 C:\xampp\htdocs\penerimaan-pad\system\View\View.php(214): include('C:\\xampp\\htdocs...')
#2 C:\xampp\htdocs\penerimaan-pad\system\View\View.php(217): CodeIgniter\View\View->CodeIgniter\View\{closure}()
#3 C:\xampp\htdocs\penerimaan-pad\system\Common.php(1097): CodeIgniter\View\View->render('laporan/perdina...', Array, true)
#4 C:\xampp\htdocs\penerimaan-pad\app\Controllers\LaporanPerdinas.php(88): view('laporan/perdina...', Array)
#5 C:\xampp\htdocs\penerimaan-pad\system\CodeIgniter.php(824): App\Controllers\LaporanPerdinas->index()
#6 C:\xampp\htdocs\penerimaan-pad\system\CodeIgniter.php(410): CodeIgniter\CodeIgniter->runController(Object(App\Controllers\LaporanPerdinas))
#7 C:\xampp\htdocs\penerimaan-pad\system\CodeIgniter.php(318): CodeIgniter\CodeIgniter->handleRequest(NULL, Object(Config\Cache), false)
#8 C:\xampp\htdocs\penerimaan-pad\public\index.php(37): CodeIgniter\CodeIgniter->run()
#9 C:\xampp\htdocs\penerimaan-pad\system\Commands\Server\rewrite.php(43): require_once('C:\\xampp\\htdocs...')
#10 {main}
CRITICAL - 2022-02-01 21:59:11 --> Undefined index: kode
#0 C:\xampp\htdocs\penerimaan-pad\app\Views\laporan\perdinas.php(53): CodeIgniter\Debug\Exceptions->errorHandler(8, 'Undefined index...', 'C:\\xampp\\htdocs...', 53, Array)
#1 C:\xampp\htdocs\penerimaan-pad\system\View\View.php(214): include('C:\\xampp\\htdocs...')
#2 C:\xampp\htdocs\penerimaan-pad\system\View\View.php(217): CodeIgniter\View\View->CodeIgniter\View\{closure}()
#3 C:\xampp\htdocs\penerimaan-pad\system\Common.php(1097): CodeIgniter\View\View->render('laporan/perdina...', Array, true)
#4 C:\xampp\htdocs\penerimaan-pad\app\Controllers\LaporanPerdinas.php(88): view('laporan/perdina...', Array)
#5 C:\xampp\htdocs\penerimaan-pad\system\CodeIgniter.php(824): App\Controllers\LaporanPerdinas->index()
#6 C:\xampp\htdocs\penerimaan-pad\system\CodeIgniter.php(410): CodeIgniter\CodeIgniter->runController(Object(App\Controllers\LaporanPerdinas))
#7 C:\xampp\htdocs\penerimaan-pad\system\CodeIgniter.php(318): CodeIgniter\CodeIgniter->handleRequest(NULL, Object(Config\Cache), false)
#8 C:\xampp\htdocs\penerimaan-pad\public\index.php(37): CodeIgniter\CodeIgniter->run()
#9 C:\xampp\htdocs\penerimaan-pad\system\Commands\Server\rewrite.php(43): require_once('C:\\xampp\\htdocs...')
#10 {main}
CRITICAL - 2022-02-01 22:01:43 --> Undefined offset: 2
#0 C:\xampp\htdocs\penerimaan-pad\app\Views\laporan\perdinas.php(276): CodeIgniter\Debug\Exceptions->errorHandler(8, 'Undefined offse...', 'C:\\xampp\\htdocs...', 276, Array)
#1 C:\xampp\htdocs\penerimaan-pad\system\View\View.php(214): include('C:\\xampp\\htdocs...')
#2 C:\xampp\htdocs\penerimaan-pad\system\View\View.php(217): CodeIgniter\View\View->CodeIgniter\View\{closure}()
#3 C:\xampp\htdocs\penerimaan-pad\system\Common.php(1097): CodeIgniter\View\View->render('laporan/perdina...', Array, true)
#4 C:\xampp\htdocs\penerimaan-pad\app\Controllers\LaporanPerdinas.php(88): view('laporan/perdina...', Array)
#5 C:\xampp\htdocs\penerimaan-pad\system\CodeIgniter.php(824): App\Controllers\LaporanPerdinas->index()
#6 C:\xampp\htdocs\penerimaan-pad\system\CodeIgniter.php(410): CodeIgniter\CodeIgniter->runController(Object(App\Controllers\LaporanPerdinas))
#7 C:\xampp\htdocs\penerimaan-pad\system\CodeIgniter.php(318): CodeIgniter\CodeIgniter->handleRequest(NULL, Object(Config\Cache), false)
#8 C:\xampp\htdocs\penerimaan-pad\public\index.php(37): CodeIgniter\CodeIgniter->run()
#9 C:\xampp\htdocs\penerimaan-pad\system\Commands\Server\rewrite.php(43): require_once('C:\\xampp\\htdocs...')
#10 {main}
