CRITICAL - 2022-01-23 00:08:26 --> Undefined variable: session
#0 C:\xampp\htdocs\penerimaan-pad\app\Views\layout\topnav.php(34): CodeIgniter\Debug\Exceptions->errorHandler(8, 'Undefined varia...', 'C:\\xampp\\htdocs...', 34, Array)
#1 C:\xampp\htdocs\penerimaan-pad\system\View\View.php(214): include('C:\\xampp\\htdocs...')
#2 C:\xampp\htdocs\penerimaan-pad\system\View\View.php(217): CodeIgniter\View\View->CodeIgniter\View\{closure}()
#3 C:\xampp\htdocs\penerimaan-pad\system\View\View.php(432): CodeIgniter\View\View->render('layout/topnav', NULL, true)
#4 C:\xampp\htdocs\penerimaan-pad\app\Views\layout\template.php(9): CodeIgniter\View\View->include('layout/topnav')
#5 C:\xampp\htdocs\penerimaan-pad\system\View\View.php(214): include('C:\\xampp\\htdocs...')
#6 C:\xampp\htdocs\penerimaan-pad\system\View\View.php(217): CodeIgniter\View\View->CodeIgniter\View\{closure}()
#7 C:\xampp\htdocs\penerimaan-pad\system\View\View.php(230): CodeIgniter\View\View->render('layout/template', Array, true)
#8 C:\xampp\htdocs\penerimaan-pad\system\Common.php(1097): CodeIgniter\View\View->render('pages/home', Array, true)
#9 C:\xampp\htdocs\penerimaan-pad\app\Controllers\Pages.php(12): view('pages/home', Array)
#10 C:\xampp\htdocs\penerimaan-pad\system\CodeIgniter.php(824): App\Controllers\Pages->index()
#11 C:\xampp\htdocs\penerimaan-pad\system\CodeIgniter.php(410): CodeIgniter\CodeIgniter->runController(Object(App\Controllers\Pages))
#12 C:\xampp\htdocs\penerimaan-pad\system\CodeIgniter.php(318): CodeIgniter\CodeIgniter->handleRequest(NULL, Object(Config\Cache), false)
#13 C:\xampp\htdocs\penerimaan-pad\public\index.php(37): CodeIgniter\CodeIgniter->run()
#14 C:\xampp\htdocs\penerimaan-pad\system\Commands\Server\rewrite.php(43): require_once('C:\\xampp\\htdocs...')
#15 {main}
CRITICAL - 2022-01-23 00:12:14 --> Undefined property: CodeIgniter\View\View::$session
#0 C:\xampp\htdocs\penerimaan-pad\app\Views\layout\topnav.php(26): CodeIgniter\Debug\Exceptions->errorHandler(8, 'Undefined prope...', 'C:\\xampp\\htdocs...', 26, Array)
#1 C:\xampp\htdocs\penerimaan-pad\system\View\View.php(214): include('C:\\xampp\\htdocs...')
#2 C:\xampp\htdocs\penerimaan-pad\system\View\View.php(217): CodeIgniter\View\View->CodeIgniter\View\{closure}()
#3 C:\xampp\htdocs\penerimaan-pad\system\View\View.php(432): CodeIgniter\View\View->render('layout/topnav', NULL, true)
#4 C:\xampp\htdocs\penerimaan-pad\app\Views\layout\template.php(9): CodeIgniter\View\View->include('layout/topnav')
#5 C:\xampp\htdocs\penerimaan-pad\system\View\View.php(214): include('C:\\xampp\\htdocs...')
#6 C:\xampp\htdocs\penerimaan-pad\system\View\View.php(217): CodeIgniter\View\View->CodeIgniter\View\{closure}()
#7 C:\xampp\htdocs\penerimaan-pad\system\View\View.php(230): CodeIgniter\View\View->render('layout/template', Array, true)
#8 C:\xampp\htdocs\penerimaan-pad\system\Common.php(1097): CodeIgniter\View\View->render('pages/home', Array, true)
#9 C:\xampp\htdocs\penerimaan-pad\app\Controllers\Pages.php(12): view('pages/home', Array)
#10 C:\xampp\htdocs\penerimaan-pad\system\CodeIgniter.php(824): App\Controllers\Pages->index()
#11 C:\xampp\htdocs\penerimaan-pad\system\CodeIgniter.php(410): CodeIgniter\CodeIgniter->runController(Object(App\Controllers\Pages))
#12 C:\xampp\htdocs\penerimaan-pad\system\CodeIgniter.php(318): CodeIgniter\CodeIgniter->handleRequest(NULL, Object(Config\Cache), false)
#13 C:\xampp\htdocs\penerimaan-pad\public\index.php(37): CodeIgniter\CodeIgniter->run()
#14 C:\xampp\htdocs\penerimaan-pad\system\Commands\Server\rewrite.php(43): require_once('C:\\xampp\\htdocs...')
#15 {main}
CRITICAL - 2022-01-23 00:14:39 --> Call to undefined method CodeIgniter\View\View::session()
#0 C:\xampp\htdocs\penerimaan-pad\system\View\View.php(214): include()
#1 C:\xampp\htdocs\penerimaan-pad\system\View\View.php(217): CodeIgniter\View\View->CodeIgniter\View\{closure}()
#2 C:\xampp\htdocs\penerimaan-pad\system\View\View.php(432): CodeIgniter\View\View->render('layout/topnav', NULL, true)
#3 C:\xampp\htdocs\penerimaan-pad\app\Views\layout\template.php(9): CodeIgniter\View\View->include('layout/topnav')
#4 C:\xampp\htdocs\penerimaan-pad\system\View\View.php(214): include('C:\\xampp\\htdocs...')
#5 C:\xampp\htdocs\penerimaan-pad\system\View\View.php(217): CodeIgniter\View\View->CodeIgniter\View\{closure}()
#6 C:\xampp\htdocs\penerimaan-pad\system\View\View.php(230): CodeIgniter\View\View->render('layout/template', Array, true)
#7 C:\xampp\htdocs\penerimaan-pad\system\Common.php(1097): CodeIgniter\View\View->render('pages/home', Array, true)
#8 C:\xampp\htdocs\penerimaan-pad\app\Controllers\Pages.php(12): view('pages/home', Array)
#9 C:\xampp\htdocs\penerimaan-pad\system\CodeIgniter.php(824): App\Controllers\Pages->index()
#10 C:\xampp\htdocs\penerimaan-pad\system\CodeIgniter.php(410): CodeIgniter\CodeIgniter->runController(Object(App\Controllers\Pages))
#11 C:\xampp\htdocs\penerimaan-pad\system\CodeIgniter.php(318): CodeIgniter\CodeIgniter->handleRequest(NULL, Object(Config\Cache), false)
#12 C:\xampp\htdocs\penerimaan-pad\public\index.php(37): CodeIgniter\CodeIgniter->run()
#13 C:\xampp\htdocs\penerimaan-pad\system\Commands\Server\rewrite.php(43): require_once('C:\\xampp\\htdocs...')
#14 {main}
CRITICAL - 2022-01-23 00:16:45 --> Undefined property: CodeIgniter\View\View::$session
#0 C:\xampp\htdocs\penerimaan-pad\app\Views\layout\topnav.php(26): CodeIgniter\Debug\Exceptions->errorHandler(8, 'Undefined prope...', 'C:\\xampp\\htdocs...', 26, Array)
#1 C:\xampp\htdocs\penerimaan-pad\system\View\View.php(214): include('C:\\xampp\\htdocs...')
#2 C:\xampp\htdocs\penerimaan-pad\system\View\View.php(217): CodeIgniter\View\View->CodeIgniter\View\{closure}()
#3 C:\xampp\htdocs\penerimaan-pad\system\View\View.php(432): CodeIgniter\View\View->render('layout/topnav', NULL, true)
#4 C:\xampp\htdocs\penerimaan-pad\app\Views\layout\template.php(9): CodeIgniter\View\View->include('layout/topnav')
#5 C:\xampp\htdocs\penerimaan-pad\system\View\View.php(214): include('C:\\xampp\\htdocs...')
#6 C:\xampp\htdocs\penerimaan-pad\system\View\View.php(217): CodeIgniter\View\View->CodeIgniter\View\{closure}()
#7 C:\xampp\htdocs\penerimaan-pad\system\View\View.php(230): CodeIgniter\View\View->render('layout/template', Array, true)
#8 C:\xampp\htdocs\penerimaan-pad\system\Common.php(1097): CodeIgniter\View\View->render('pages/home', Array, true)
#9 C:\xampp\htdocs\penerimaan-pad\app\Controllers\Pages.php(12): view('pages/home', Array)
#10 C:\xampp\htdocs\penerimaan-pad\system\CodeIgniter.php(824): App\Controllers\Pages->index()
#11 C:\xampp\htdocs\penerimaan-pad\system\CodeIgniter.php(410): CodeIgniter\CodeIgniter->runController(Object(App\Controllers\Pages))
#12 C:\xampp\htdocs\penerimaan-pad\system\CodeIgniter.php(318): CodeIgniter\CodeIgniter->handleRequest(NULL, Object(Config\Cache), false)
#13 C:\xampp\htdocs\penerimaan-pad\public\index.php(37): CodeIgniter\CodeIgniter->run()
#14 C:\xampp\htdocs\penerimaan-pad\system\Commands\Server\rewrite.php(43): require_once('C:\\xampp\\htdocs...')
#15 {main}
CRITICAL - 2022-01-23 00:17:14 --> Undefined property: CodeIgniter\View\View::$session
#0 C:\xampp\htdocs\penerimaan-pad\app\Views\layout\topnav.php(26): CodeIgniter\Debug\Exceptions->errorHandler(8, 'Undefined prope...', 'C:\\xampp\\htdocs...', 26, Array)
#1 C:\xampp\htdocs\penerimaan-pad\system\View\View.php(214): include('C:\\xampp\\htdocs...')
#2 C:\xampp\htdocs\penerimaan-pad\system\View\View.php(217): CodeIgniter\View\View->CodeIgniter\View\{closure}()
#3 C:\xampp\htdocs\penerimaan-pad\system\View\View.php(432): CodeIgniter\View\View->render('layout/topnav', NULL, true)
#4 C:\xampp\htdocs\penerimaan-pad\app\Views\layout\template.php(9): CodeIgniter\View\View->include('layout/topnav')
#5 C:\xampp\htdocs\penerimaan-pad\system\View\View.php(214): include('C:\\xampp\\htdocs...')
#6 C:\xampp\htdocs\penerimaan-pad\system\View\View.php(217): CodeIgniter\View\View->CodeIgniter\View\{closure}()
#7 C:\xampp\htdocs\penerimaan-pad\system\View\View.php(230): CodeIgniter\View\View->render('layout/template', Array, true)
#8 C:\xampp\htdocs\penerimaan-pad\system\Common.php(1097): CodeIgniter\View\View->render('pages/home', Array, true)
#9 C:\xampp\htdocs\penerimaan-pad\app\Controllers\Pages.php(12): view('pages/home', Array)
#10 C:\xampp\htdocs\penerimaan-pad\system\CodeIgniter.php(824): App\Controllers\Pages->index()
#11 C:\xampp\htdocs\penerimaan-pad\system\CodeIgniter.php(410): CodeIgniter\CodeIgniter->runController(Object(App\Controllers\Pages))
#12 C:\xampp\htdocs\penerimaan-pad\system\CodeIgniter.php(318): CodeIgniter\CodeIgniter->handleRequest(NULL, Object(Config\Cache), false)
#13 C:\xampp\htdocs\penerimaan-pad\public\index.php(37): CodeIgniter\CodeIgniter->run()
#14 C:\xampp\htdocs\penerimaan-pad\system\Commands\Server\rewrite.php(43): require_once('C:\\xampp\\htdocs...')
#15 {main}
CRITICAL - 2022-01-23 00:17:36 --> Undefined variable: nama_lengkap
#0 C:\xampp\htdocs\penerimaan-pad\app\Views\layout\topnav.php(26): CodeIgniter\Debug\Exceptions->errorHandler(8, 'Undefined varia...', 'C:\\xampp\\htdocs...', 26, Array)
#1 C:\xampp\htdocs\penerimaan-pad\system\View\View.php(214): include('C:\\xampp\\htdocs...')
#2 C:\xampp\htdocs\penerimaan-pad\system\View\View.php(217): CodeIgniter\View\View->CodeIgniter\View\{closure}()
#3 C:\xampp\htdocs\penerimaan-pad\system\View\View.php(432): CodeIgniter\View\View->render('layout/topnav', NULL, true)
#4 C:\xampp\htdocs\penerimaan-pad\app\Views\layout\template.php(9): CodeIgniter\View\View->include('layout/topnav')
#5 C:\xampp\htdocs\penerimaan-pad\system\View\View.php(214): include('C:\\xampp\\htdocs...')
#6 C:\xampp\htdocs\penerimaan-pad\system\View\View.php(217): CodeIgniter\View\View->CodeIgniter\View\{closure}()
#7 C:\xampp\htdocs\penerimaan-pad\system\View\View.php(230): CodeIgniter\View\View->render('layout/template', Array, true)
#8 C:\xampp\htdocs\penerimaan-pad\system\Common.php(1097): CodeIgniter\View\View->render('pages/home', Array, true)
#9 C:\xampp\htdocs\penerimaan-pad\app\Controllers\Pages.php(12): view('pages/home', Array)
#10 C:\xampp\htdocs\penerimaan-pad\system\CodeIgniter.php(824): App\Controllers\Pages->index()
#11 C:\xampp\htdocs\penerimaan-pad\system\CodeIgniter.php(410): CodeIgniter\CodeIgniter->runController(Object(App\Controllers\Pages))
#12 C:\xampp\htdocs\penerimaan-pad\system\CodeIgniter.php(318): CodeIgniter\CodeIgniter->handleRequest(NULL, Object(Config\Cache), false)
#13 C:\xampp\htdocs\penerimaan-pad\public\index.php(37): CodeIgniter\CodeIgniter->run()
#14 C:\xampp\htdocs\penerimaan-pad\system\Commands\Server\rewrite.php(43): require_once('C:\\xampp\\htdocs...')
#15 {main}
CRITICAL - 2022-01-23 00:24:15 --> Undefined property: CodeIgniter\View\View::$session
#0 C:\xampp\htdocs\penerimaan-pad\app\Views\layout\topnav.php(26): CodeIgniter\Debug\Exceptions->errorHandler(8, 'Undefined prope...', 'C:\\xampp\\htdocs...', 26, Array)
#1 C:\xampp\htdocs\penerimaan-pad\system\View\View.php(214): include('C:\\xampp\\htdocs...')
#2 C:\xampp\htdocs\penerimaan-pad\system\View\View.php(217): CodeIgniter\View\View->CodeIgniter\View\{closure}()
#3 C:\xampp\htdocs\penerimaan-pad\system\View\View.php(432): CodeIgniter\View\View->render('layout/topnav', NULL, true)
#4 C:\xampp\htdocs\penerimaan-pad\app\Views\layout\template.php(9): CodeIgniter\View\View->include('layout/topnav')
#5 C:\xampp\htdocs\penerimaan-pad\system\View\View.php(214): include('C:\\xampp\\htdocs...')
#6 C:\xampp\htdocs\penerimaan-pad\system\View\View.php(217): CodeIgniter\View\View->CodeIgniter\View\{closure}()
#7 C:\xampp\htdocs\penerimaan-pad\system\View\View.php(230): CodeIgniter\View\View->render('layout/template', Array, true)
#8 C:\xampp\htdocs\penerimaan-pad\system\Common.php(1097): CodeIgniter\View\View->render('pages/home', Array, true)
#9 C:\xampp\htdocs\penerimaan-pad\app\Controllers\Pages.php(12): view('pages/home', Array)
#10 C:\xampp\htdocs\penerimaan-pad\system\CodeIgniter.php(824): App\Controllers\Pages->index()
#11 C:\xampp\htdocs\penerimaan-pad\system\CodeIgniter.php(410): CodeIgniter\CodeIgniter->runController(Object(App\Controllers\Pages))
#12 C:\xampp\htdocs\penerimaan-pad\system\CodeIgniter.php(318): CodeIgniter\CodeIgniter->handleRequest(NULL, Object(Config\Cache), false)
#13 C:\xampp\htdocs\penerimaan-pad\public\index.php(37): CodeIgniter\CodeIgniter->run()
#14 C:\xampp\htdocs\penerimaan-pad\system\Commands\Server\rewrite.php(43): require_once('C:\\xampp\\htdocs...')
#15 {main}
CRITICAL - 2022-01-23 00:24:25 --> Call to undefined method CodeIgniter\View\View::session()
#0 C:\xampp\htdocs\penerimaan-pad\system\View\View.php(214): include()
#1 C:\xampp\htdocs\penerimaan-pad\system\View\View.php(217): CodeIgniter\View\View->CodeIgniter\View\{closure}()
#2 C:\xampp\htdocs\penerimaan-pad\system\View\View.php(432): CodeIgniter\View\View->render('layout/topnav', NULL, true)
#3 C:\xampp\htdocs\penerimaan-pad\app\Views\layout\template.php(9): CodeIgniter\View\View->include('layout/topnav')
#4 C:\xampp\htdocs\penerimaan-pad\system\View\View.php(214): include('C:\\xampp\\htdocs...')
#5 C:\xampp\htdocs\penerimaan-pad\system\View\View.php(217): CodeIgniter\View\View->CodeIgniter\View\{closure}()
#6 C:\xampp\htdocs\penerimaan-pad\system\View\View.php(230): CodeIgniter\View\View->render('layout/template', Array, true)
#7 C:\xampp\htdocs\penerimaan-pad\system\Common.php(1097): CodeIgniter\View\View->render('pages/home', Array, true)
#8 C:\xampp\htdocs\penerimaan-pad\app\Controllers\Pages.php(12): view('pages/home', Array)
#9 C:\xampp\htdocs\penerimaan-pad\system\CodeIgniter.php(824): App\Controllers\Pages->index()
#10 C:\xampp\htdocs\penerimaan-pad\system\CodeIgniter.php(410): CodeIgniter\CodeIgniter->runController(Object(App\Controllers\Pages))
#11 C:\xampp\htdocs\penerimaan-pad\system\CodeIgniter.php(318): CodeIgniter\CodeIgniter->handleRequest(NULL, Object(Config\Cache), false)
#12 C:\xampp\htdocs\penerimaan-pad\public\index.php(37): CodeIgniter\CodeIgniter->run()
#13 C:\xampp\htdocs\penerimaan-pad\system\Commands\Server\rewrite.php(43): require_once('C:\\xampp\\htdocs...')
#14 {main}
CRITICAL - 2022-01-23 00:24:39 --> Call to undefined method CodeIgniter\View\View::session()
#0 C:\xampp\htdocs\penerimaan-pad\system\View\View.php(214): include()
#1 C:\xampp\htdocs\penerimaan-pad\system\View\View.php(217): CodeIgniter\View\View->CodeIgniter\View\{closure}()
#2 C:\xampp\htdocs\penerimaan-pad\system\View\View.php(432): CodeIgniter\View\View->render('layout/topnav', NULL, true)
#3 C:\xampp\htdocs\penerimaan-pad\app\Views\layout\template.php(9): CodeIgniter\View\View->include('layout/topnav')
#4 C:\xampp\htdocs\penerimaan-pad\system\View\View.php(214): include('C:\\xampp\\htdocs...')
#5 C:\xampp\htdocs\penerimaan-pad\system\View\View.php(217): CodeIgniter\View\View->CodeIgniter\View\{closure}()
#6 C:\xampp\htdocs\penerimaan-pad\system\View\View.php(230): CodeIgniter\View\View->render('layout/template', Array, true)
#7 C:\xampp\htdocs\penerimaan-pad\system\Common.php(1097): CodeIgniter\View\View->render('pages/home', Array, true)
#8 C:\xampp\htdocs\penerimaan-pad\app\Controllers\Pages.php(12): view('pages/home', Array)
#9 C:\xampp\htdocs\penerimaan-pad\system\CodeIgniter.php(824): App\Controllers\Pages->index()
#10 C:\xampp\htdocs\penerimaan-pad\system\CodeIgniter.php(410): CodeIgniter\CodeIgniter->runController(Object(App\Controllers\Pages))
#11 C:\xampp\htdocs\penerimaan-pad\system\CodeIgniter.php(318): CodeIgniter\CodeIgniter->handleRequest(NULL, Object(Config\Cache), false)
#12 C:\xampp\htdocs\penerimaan-pad\public\index.php(37): CodeIgniter\CodeIgniter->run()
#13 C:\xampp\htdocs\penerimaan-pad\system\Commands\Server\rewrite.php(43): require_once('C:\\xampp\\htdocs...')
#14 {main}
CRITICAL - 2022-01-23 00:56:09 --> Call to undefined method CodeIgniter\View\View::session()
#0 C:\xampp\htdocs\penerimaan-pad\system\View\View.php(214): include()
#1 C:\xampp\htdocs\penerimaan-pad\system\View\View.php(217): CodeIgniter\View\View->CodeIgniter\View\{closure}()
#2 C:\xampp\htdocs\penerimaan-pad\system\View\View.php(432): CodeIgniter\View\View->render('layout/topnav', NULL, true)
#3 C:\xampp\htdocs\penerimaan-pad\app\Views\layout\template.php(9): CodeIgniter\View\View->include('layout/topnav')
#4 C:\xampp\htdocs\penerimaan-pad\system\View\View.php(214): include('C:\\xampp\\htdocs...')
#5 C:\xampp\htdocs\penerimaan-pad\system\View\View.php(217): CodeIgniter\View\View->CodeIgniter\View\{closure}()
#6 C:\xampp\htdocs\penerimaan-pad\system\View\View.php(230): CodeIgniter\View\View->render('layout/template', Array, true)
#7 C:\xampp\htdocs\penerimaan-pad\system\Common.php(1097): CodeIgniter\View\View->render('pages/home', Array, true)
#8 C:\xampp\htdocs\penerimaan-pad\app\Controllers\Pages.php(12): view('pages/home', Array)
#9 C:\xampp\htdocs\penerimaan-pad\system\CodeIgniter.php(824): App\Controllers\Pages->index()
#10 C:\xampp\htdocs\penerimaan-pad\system\CodeIgniter.php(410): CodeIgniter\CodeIgniter->runController(Object(App\Controllers\Pages))
#11 C:\xampp\htdocs\penerimaan-pad\system\CodeIgniter.php(318): CodeIgniter\CodeIgniter->handleRequest(NULL, Object(Config\Cache), false)
#12 C:\xampp\htdocs\penerimaan-pad\public\index.php(37): CodeIgniter\CodeIgniter->run()
#13 C:\xampp\htdocs\penerimaan-pad\system\Commands\Server\rewrite.php(43): require_once('C:\\xampp\\htdocs...')
#14 {main}
CRITICAL - 2022-01-23 07:56:22 --> Invalid file: /users.php
#0 C:\xampp\htdocs\penerimaan-pad\system\View\View.php(198): CodeIgniter\Exceptions\FrameworkException::forInvalidFile('/users.php')
#1 C:\xampp\htdocs\penerimaan-pad\system\Common.php(1097): CodeIgniter\View\View->render('/users', Array, true)
#2 C:\xampp\htdocs\penerimaan-pad\app\Controllers\Users.php(25): view('/users', Array)
#3 C:\xampp\htdocs\penerimaan-pad\system\CodeIgniter.php(824): App\Controllers\Users->index()
#4 C:\xampp\htdocs\penerimaan-pad\system\CodeIgniter.php(410): CodeIgniter\CodeIgniter->runController(Object(App\Controllers\Users))
#5 C:\xampp\htdocs\penerimaan-pad\system\CodeIgniter.php(318): CodeIgniter\CodeIgniter->handleRequest(NULL, Object(Config\Cache), false)
#6 C:\xampp\htdocs\penerimaan-pad\public\index.php(37): CodeIgniter\CodeIgniter->run()
#7 C:\xampp\htdocs\penerimaan-pad\system\Commands\Server\rewrite.php(43): require_once('C:\\xampp\\htdocs...')
#8 {main}
CRITICAL - 2022-01-23 07:59:24 --> Invalid file: users.php
#0 C:\xampp\htdocs\penerimaan-pad\system\View\View.php(198): CodeIgniter\Exceptions\FrameworkException::forInvalidFile('users.php')
#1 C:\xampp\htdocs\penerimaan-pad\system\Common.php(1097): CodeIgniter\View\View->render('users', Array, true)
#2 C:\xampp\htdocs\penerimaan-pad\app\Controllers\Users.php(25): view('users', Array)
#3 C:\xampp\htdocs\penerimaan-pad\system\CodeIgniter.php(824): App\Controllers\Users->index()
#4 C:\xampp\htdocs\penerimaan-pad\system\CodeIgniter.php(410): CodeIgniter\CodeIgniter->runController(Object(App\Controllers\Users))
#5 C:\xampp\htdocs\penerimaan-pad\system\CodeIgniter.php(318): CodeIgniter\CodeIgniter->handleRequest(NULL, Object(Config\Cache), false)
#6 C:\xampp\htdocs\penerimaan-pad\public\index.php(37): CodeIgniter\CodeIgniter->run()
#7 C:\xampp\htdocs\penerimaan-pad\system\Commands\Server\rewrite.php(43): require_once('C:\\xampp\\htdocs...')
#8 {main}
CRITICAL - 2022-01-23 08:01:51 --> Invalid file: /users.php
#0 C:\xampp\htdocs\penerimaan-pad\system\View\View.php(198): CodeIgniter\Exceptions\FrameworkException::forInvalidFile('/users.php')
#1 C:\xampp\htdocs\penerimaan-pad\system\Common.php(1097): CodeIgniter\View\View->render('/users', Array, true)
#2 C:\xampp\htdocs\penerimaan-pad\app\Controllers\Users.php(25): view('/users', Array)
#3 C:\xampp\htdocs\penerimaan-pad\system\CodeIgniter.php(824): App\Controllers\Users->index()
#4 C:\xampp\htdocs\penerimaan-pad\system\CodeIgniter.php(410): CodeIgniter\CodeIgniter->runController(Object(App\Controllers\Users))
#5 C:\xampp\htdocs\penerimaan-pad\system\CodeIgniter.php(318): CodeIgniter\CodeIgniter->handleRequest(NULL, Object(Config\Cache), false)
#6 C:\xampp\htdocs\penerimaan-pad\public\index.php(37): CodeIgniter\CodeIgniter->run()
#7 C:\xampp\htdocs\penerimaan-pad\system\Commands\Server\rewrite.php(43): require_once('C:\\xampp\\htdocs...')
#8 {main}
CRITICAL - 2022-01-23 08:03:15 --> Undefined variable: jenis_pajak
#0 C:\xampp\htdocs\penerimaan-pad\app\Views\pages\users.php(64): CodeIgniter\Debug\Exceptions->errorHandler(8, 'Undefined varia...', 'C:\\xampp\\htdocs...', 64, Array)
#1 C:\xampp\htdocs\penerimaan-pad\system\View\View.php(214): include('C:\\xampp\\htdocs...')
#2 C:\xampp\htdocs\penerimaan-pad\system\View\View.php(217): CodeIgniter\View\View->CodeIgniter\View\{closure}()
#3 C:\xampp\htdocs\penerimaan-pad\system\Common.php(1097): CodeIgniter\View\View->render('pages/users', Array, true)
#4 C:\xampp\htdocs\penerimaan-pad\app\Controllers\Users.php(25): view('pages/users', Array)
#5 C:\xampp\htdocs\penerimaan-pad\system\CodeIgniter.php(824): App\Controllers\Users->index()
#6 C:\xampp\htdocs\penerimaan-pad\system\CodeIgniter.php(410): CodeIgniter\CodeIgniter->runController(Object(App\Controllers\Users))
#7 C:\xampp\htdocs\penerimaan-pad\system\CodeIgniter.php(318): CodeIgniter\CodeIgniter->handleRequest(NULL, Object(Config\Cache), false)
#8 C:\xampp\htdocs\penerimaan-pad\public\index.php(37): CodeIgniter\CodeIgniter->run()
#9 C:\xampp\htdocs\penerimaan-pad\system\Commands\Server\rewrite.php(43): require_once('C:\\xampp\\htdocs...')
#10 {main}
CRITICAL - 2022-01-23 08:05:45 --> Undefined index: role
#0 C:\xampp\htdocs\penerimaan-pad\app\Views\pages\users.php(69): CodeIgniter\Debug\Exceptions->errorHandler(8, 'Undefined index...', 'C:\\xampp\\htdocs...', 69, Array)
#1 C:\xampp\htdocs\penerimaan-pad\system\View\View.php(214): include('C:\\xampp\\htdocs...')
#2 C:\xampp\htdocs\penerimaan-pad\system\View\View.php(217): CodeIgniter\View\View->CodeIgniter\View\{closure}()
#3 C:\xampp\htdocs\penerimaan-pad\system\Common.php(1097): CodeIgniter\View\View->render('pages/users', Array, true)
#4 C:\xampp\htdocs\penerimaan-pad\app\Controllers\Users.php(25): view('pages/users', Array)
#5 C:\xampp\htdocs\penerimaan-pad\system\CodeIgniter.php(824): App\Controllers\Users->index()
#6 C:\xampp\htdocs\penerimaan-pad\system\CodeIgniter.php(410): CodeIgniter\CodeIgniter->runController(Object(App\Controllers\Users))
#7 C:\xampp\htdocs\penerimaan-pad\system\CodeIgniter.php(318): CodeIgniter\CodeIgniter->handleRequest(NULL, Object(Config\Cache), false)
#8 C:\xampp\htdocs\penerimaan-pad\public\index.php(37): CodeIgniter\CodeIgniter->run()
#9 C:\xampp\htdocs\penerimaan-pad\system\Commands\Server\rewrite.php(43): require_once('C:\\xampp\\htdocs...')
#10 {main}
CRITICAL - 2022-01-23 08:06:47 --> Undefined index: id_users
#0 C:\xampp\htdocs\penerimaan-pad\app\Views\pages\users.php(71): CodeIgniter\Debug\Exceptions->errorHandler(8, 'Undefined index...', 'C:\\xampp\\htdocs...', 71, Array)
#1 C:\xampp\htdocs\penerimaan-pad\system\View\View.php(214): include('C:\\xampp\\htdocs...')
#2 C:\xampp\htdocs\penerimaan-pad\system\View\View.php(217): CodeIgniter\View\View->CodeIgniter\View\{closure}()
#3 C:\xampp\htdocs\penerimaan-pad\system\Common.php(1097): CodeIgniter\View\View->render('pages/users', Array, true)
#4 C:\xampp\htdocs\penerimaan-pad\app\Controllers\Users.php(25): view('pages/users', Array)
#5 C:\xampp\htdocs\penerimaan-pad\system\CodeIgniter.php(824): App\Controllers\Users->index()
#6 C:\xampp\htdocs\penerimaan-pad\system\CodeIgniter.php(410): CodeIgniter\CodeIgniter->runController(Object(App\Controllers\Users))
#7 C:\xampp\htdocs\penerimaan-pad\system\CodeIgniter.php(318): CodeIgniter\CodeIgniter->handleRequest(NULL, Object(Config\Cache), false)
#8 C:\xampp\htdocs\penerimaan-pad\public\index.php(37): CodeIgniter\CodeIgniter->run()
#9 C:\xampp\htdocs\penerimaan-pad\system\Commands\Server\rewrite.php(43): require_once('C:\\xampp\\htdocs...')
#10 {main}
CRITICAL - 2022-01-23 08:07:05 --> Undefined variable: jenis_pajak
#0 C:\xampp\htdocs\penerimaan-pad\app\Views\pages\users.php(133): CodeIgniter\Debug\Exceptions->errorHandler(8, 'Undefined varia...', 'C:\\xampp\\htdocs...', 133, Array)
#1 C:\xampp\htdocs\penerimaan-pad\system\View\View.php(214): include('C:\\xampp\\htdocs...')
#2 C:\xampp\htdocs\penerimaan-pad\system\View\View.php(217): CodeIgniter\View\View->CodeIgniter\View\{closure}()
#3 C:\xampp\htdocs\penerimaan-pad\system\Common.php(1097): CodeIgniter\View\View->render('pages/users', Array, true)
#4 C:\xampp\htdocs\penerimaan-pad\app\Controllers\Users.php(25): view('pages/users', Array)
#5 C:\xampp\htdocs\penerimaan-pad\system\CodeIgniter.php(824): App\Controllers\Users->index()
#6 C:\xampp\htdocs\penerimaan-pad\system\CodeIgniter.php(410): CodeIgniter\CodeIgniter->runController(Object(App\Controllers\Users))
#7 C:\xampp\htdocs\penerimaan-pad\system\CodeIgniter.php(318): CodeIgniter\CodeIgniter->handleRequest(NULL, Object(Config\Cache), false)
#8 C:\xampp\htdocs\penerimaan-pad\public\index.php(37): CodeIgniter\CodeIgniter->run()
#9 C:\xampp\htdocs\penerimaan-pad\system\Commands\Server\rewrite.php(43): require_once('C:\\xampp\\htdocs...')
#10 {main}
CRITICAL - 2022-01-23 08:07:56 --> Undefined index: jenis_pajak
#0 C:\xampp\htdocs\penerimaan-pad\app\Views\pages\users.php(149): CodeIgniter\Debug\Exceptions->errorHandler(8, 'Undefined index...', 'C:\\xampp\\htdocs...', 149, Array)
#1 C:\xampp\htdocs\penerimaan-pad\system\View\View.php(214): include('C:\\xampp\\htdocs...')
#2 C:\xampp\htdocs\penerimaan-pad\system\View\View.php(217): CodeIgniter\View\View->CodeIgniter\View\{closure}()
#3 C:\xampp\htdocs\penerimaan-pad\system\Common.php(1097): CodeIgniter\View\View->render('pages/users', Array, true)
#4 C:\xampp\htdocs\penerimaan-pad\app\Controllers\Users.php(25): view('pages/users', Array)
#5 C:\xampp\htdocs\penerimaan-pad\system\CodeIgniter.php(824): App\Controllers\Users->index()
#6 C:\xampp\htdocs\penerimaan-pad\system\CodeIgniter.php(410): CodeIgniter\CodeIgniter->runController(Object(App\Controllers\Users))
#7 C:\xampp\htdocs\penerimaan-pad\system\CodeIgniter.php(318): CodeIgniter\CodeIgniter->handleRequest(NULL, Object(Config\Cache), false)
#8 C:\xampp\htdocs\penerimaan-pad\public\index.php(37): CodeIgniter\CodeIgniter->run()
#9 C:\xampp\htdocs\penerimaan-pad\system\Commands\Server\rewrite.php(43): require_once('C:\\xampp\\htdocs...')
#10 {main}
CRITICAL - 2022-01-23 09:12:40 --> Undefined property: App\Controllers\Users::$authModel
#0 C:\xampp\htdocs\penerimaan-pad\app\Controllers\Users.php(70): CodeIgniter\Debug\Exceptions->errorHandler(8, 'Undefined prope...', 'C:\\xampp\\htdocs...', 70, Array)
#1 C:\xampp\htdocs\penerimaan-pad\system\CodeIgniter.php(824): App\Controllers\Users->save()
#2 C:\xampp\htdocs\penerimaan-pad\system\CodeIgniter.php(410): CodeIgniter\CodeIgniter->runController(Object(App\Controllers\Users))
#3 C:\xampp\htdocs\penerimaan-pad\system\CodeIgniter.php(318): CodeIgniter\CodeIgniter->handleRequest(NULL, Object(Config\Cache), false)
#4 C:\xampp\htdocs\penerimaan-pad\public\index.php(37): CodeIgniter\CodeIgniter->run()
#5 C:\xampp\htdocs\penerimaan-pad\system\Commands\Server\rewrite.php(43): require_once('C:\\xampp\\htdocs...')
#6 {main}
CRITICAL - 2022-01-23 09:31:58 --> Undefined index: role_id
#0 C:\xampp\htdocs\penerimaan-pad\app\Views\pages\users.php(210): CodeIgniter\Debug\Exceptions->errorHandler(8, 'Undefined index...', 'C:\\xampp\\htdocs...', 210, Array)
#1 C:\xampp\htdocs\penerimaan-pad\system\View\View.php(214): include('C:\\xampp\\htdocs...')
#2 C:\xampp\htdocs\penerimaan-pad\system\View\View.php(217): CodeIgniter\View\View->CodeIgniter\View\{closure}()
#3 C:\xampp\htdocs\penerimaan-pad\system\Common.php(1097): CodeIgniter\View\View->render('pages/users', Array, true)
#4 C:\xampp\htdocs\penerimaan-pad\app\Controllers\Users.php(29): view('pages/users', Array)
#5 C:\xampp\htdocs\penerimaan-pad\system\CodeIgniter.php(824): App\Controllers\Users->index()
#6 C:\xampp\htdocs\penerimaan-pad\system\CodeIgniter.php(410): CodeIgniter\CodeIgniter->runController(Object(App\Controllers\Users))
#7 C:\xampp\htdocs\penerimaan-pad\system\CodeIgniter.php(318): CodeIgniter\CodeIgniter->handleRequest(NULL, Object(Config\Cache), false)
#8 C:\xampp\htdocs\penerimaan-pad\public\index.php(37): CodeIgniter\CodeIgniter->run()
#9 C:\xampp\htdocs\penerimaan-pad\system\Commands\Server\rewrite.php(43): require_once('C:\\xampp\\htdocs...')
#10 {main}
CRITICAL - 2022-01-23 21:34:21 --> Undefined variable: jenis_pajak
#0 C:\xampp\htdocs\penerimaan-pad\app\Views\target\index.php(111): CodeIgniter\Debug\Exceptions->errorHandler(8, 'Undefined varia...', 'C:\\xampp\\htdocs...', 111, Array)
#1 C:\xampp\htdocs\penerimaan-pad\system\View\View.php(214): include('C:\\xampp\\htdocs...')
#2 C:\xampp\htdocs\penerimaan-pad\system\View\View.php(217): CodeIgniter\View\View->CodeIgniter\View\{closure}()
#3 C:\xampp\htdocs\penerimaan-pad\system\Common.php(1097): CodeIgniter\View\View->render('target/index', Array, true)
#4 C:\xampp\htdocs\penerimaan-pad\app\Controllers\Target.php(29): view('target/index', Array)
#5 C:\xampp\htdocs\penerimaan-pad\system\CodeIgniter.php(824): App\Controllers\Target->index()
#6 C:\xampp\htdocs\penerimaan-pad\system\CodeIgniter.php(410): CodeIgniter\CodeIgniter->runController(Object(App\Controllers\Target))
#7 C:\xampp\htdocs\penerimaan-pad\system\CodeIgniter.php(318): CodeIgniter\CodeIgniter->handleRequest(NULL, Object(Config\Cache), false)
#8 C:\xampp\htdocs\penerimaan-pad\public\index.php(37): CodeIgniter\CodeIgniter->run()
#9 C:\xampp\htdocs\penerimaan-pad\system\Commands\Server\rewrite.php(43): require_once('C:\\xampp\\htdocs...')
#10 {main}
CRITICAL - 2022-01-23 22:08:59 --> Undefined index: id_target_pada
#0 C:\xampp\htdocs\penerimaan-pad\app\Views\target\index.php(73): CodeIgniter\Debug\Exceptions->errorHandler(8, 'Undefined index...', 'C:\\xampp\\htdocs...', 73, Array)
#1 C:\xampp\htdocs\penerimaan-pad\system\View\View.php(214): include('C:\\xampp\\htdocs...')
#2 C:\xampp\htdocs\penerimaan-pad\system\View\View.php(217): CodeIgniter\View\View->CodeIgniter\View\{closure}()
#3 C:\xampp\htdocs\penerimaan-pad\system\Common.php(1097): CodeIgniter\View\View->render('target/index', Array, true)
#4 C:\xampp\htdocs\penerimaan-pad\app\Controllers\Target.php(29): view('target/index', Array)
#5 C:\xampp\htdocs\penerimaan-pad\system\CodeIgniter.php(824): App\Controllers\Target->index()
#6 C:\xampp\htdocs\penerimaan-pad\system\CodeIgniter.php(410): CodeIgniter\CodeIgniter->runController(Object(App\Controllers\Target))
#7 C:\xampp\htdocs\penerimaan-pad\system\CodeIgniter.php(318): CodeIgniter\CodeIgniter->handleRequest(NULL, Object(Config\Cache), false)
#8 C:\xampp\htdocs\penerimaan-pad\public\index.php(37): CodeIgniter\CodeIgniter->run()
#9 C:\xampp\htdocs\penerimaan-pad\system\Commands\Server\rewrite.php(43): require_once('C:\\xampp\\htdocs...')
#10 {main}
CRITICAL - 2022-01-23 22:39:04 --> Undefined index: id_opd
#0 C:\xampp\htdocs\penerimaan-pad\app\Views\target\index.php(162): CodeIgniter\Debug\Exceptions->errorHandler(8, 'Undefined index...', 'C:\\xampp\\htdocs...', 162, Array)
#1 C:\xampp\htdocs\penerimaan-pad\system\View\View.php(214): include('C:\\xampp\\htdocs...')
#2 C:\xampp\htdocs\penerimaan-pad\system\View\View.php(217): CodeIgniter\View\View->CodeIgniter\View\{closure}()
#3 C:\xampp\htdocs\penerimaan-pad\system\Common.php(1097): CodeIgniter\View\View->render('target/index', Array, true)
#4 C:\xampp\htdocs\penerimaan-pad\app\Controllers\Target.php(29): view('target/index', Array)
#5 C:\xampp\htdocs\penerimaan-pad\system\CodeIgniter.php(824): App\Controllers\Target->index()
#6 C:\xampp\htdocs\penerimaan-pad\system\CodeIgniter.php(410): CodeIgniter\CodeIgniter->runController(Object(App\Controllers\Target))
#7 C:\xampp\htdocs\penerimaan-pad\system\CodeIgniter.php(318): CodeIgniter\CodeIgniter->handleRequest(NULL, Object(Config\Cache), false)
#8 C:\xampp\htdocs\penerimaan-pad\public\index.php(37): CodeIgniter\CodeIgniter->run()
#9 C:\xampp\htdocs\penerimaan-pad\system\Commands\Server\rewrite.php(43): require_once('C:\\xampp\\htdocs...')
#10 {main}
ERROR - 2022-01-23 22:39:37 --> Column 'kode_rekening_id' cannot be null
CRITICAL - 2022-01-23 22:39:37 --> Column 'kode_rekening_id' cannot be null
#0 C:\xampp\htdocs\penerimaan-pad\system\Database\MySQLi\Connection.php(292): mysqli->query('INSERT INTO `ta...', 0)
#1 C:\xampp\htdocs\penerimaan-pad\system\Database\BaseConnection.php(670): CodeIgniter\Database\MySQLi\Connection->execute('INSERT INTO `ta...')
#2 C:\xampp\htdocs\penerimaan-pad\system\Database\BaseConnection.php(598): CodeIgniter\Database\BaseConnection->simpleQuery('INSERT INTO `ta...')
#3 C:\xampp\htdocs\penerimaan-pad\system\Database\BaseBuilder.php(1759): CodeIgniter\Database\BaseConnection->query('INSERT INTO `ta...', Array, false)
#4 C:\xampp\htdocs\penerimaan-pad\system\Model.php(239): CodeIgniter\Database\BaseBuilder->insert()
#5 C:\xampp\htdocs\penerimaan-pad\system\BaseModel.php(738): CodeIgniter\Model->doInsert(Array)
#6 C:\xampp\htdocs\penerimaan-pad\system\Model.php(620): CodeIgniter\BaseModel->insert(Array, false)
#7 C:\xampp\htdocs\penerimaan-pad\system\BaseModel.php(658): CodeIgniter\Model->insert(Array, false)
#8 C:\xampp\htdocs\penerimaan-pad\app\Controllers\Target.php(101): CodeIgniter\BaseModel->save(Array)
#9 C:\xampp\htdocs\penerimaan-pad\system\CodeIgniter.php(824): App\Controllers\Target->update('1')
#10 C:\xampp\htdocs\penerimaan-pad\system\CodeIgniter.php(410): CodeIgniter\CodeIgniter->runController(Object(App\Controllers\Target))
#11 C:\xampp\htdocs\penerimaan-pad\system\CodeIgniter.php(318): CodeIgniter\CodeIgniter->handleRequest(NULL, Object(Config\Cache), false)
#12 C:\xampp\htdocs\penerimaan-pad\public\index.php(37): CodeIgniter\CodeIgniter->run()
#13 C:\xampp\htdocs\penerimaan-pad\system\Commands\Server\rewrite.php(43): require_once('C:\\xampp\\htdocs...')
#14 {main}
ERROR - 2022-01-23 22:42:05 --> Column 'kode_rekening_id' cannot be null
CRITICAL - 2022-01-23 22:42:05 --> Column 'kode_rekening_id' cannot be null
#0 C:\xampp\htdocs\penerimaan-pad\system\Database\MySQLi\Connection.php(292): mysqli->query('INSERT INTO `ta...', 0)
#1 C:\xampp\htdocs\penerimaan-pad\system\Database\BaseConnection.php(670): CodeIgniter\Database\MySQLi\Connection->execute('INSERT INTO `ta...')
#2 C:\xampp\htdocs\penerimaan-pad\system\Database\BaseConnection.php(598): CodeIgniter\Database\BaseConnection->simpleQuery('INSERT INTO `ta...')
#3 C:\xampp\htdocs\penerimaan-pad\system\Database\BaseBuilder.php(1759): CodeIgniter\Database\BaseConnection->query('INSERT INTO `ta...', Array, false)
#4 C:\xampp\htdocs\penerimaan-pad\system\Model.php(239): CodeIgniter\Database\BaseBuilder->insert()
#5 C:\xampp\htdocs\penerimaan-pad\system\BaseModel.php(738): CodeIgniter\Model->doInsert(Array)
#6 C:\xampp\htdocs\penerimaan-pad\system\Model.php(620): CodeIgniter\BaseModel->insert(Array, false)
#7 C:\xampp\htdocs\penerimaan-pad\system\BaseModel.php(658): CodeIgniter\Model->insert(Array, false)
#8 C:\xampp\htdocs\penerimaan-pad\app\Controllers\Target.php(101): CodeIgniter\BaseModel->save(Array)
#9 C:\xampp\htdocs\penerimaan-pad\system\CodeIgniter.php(824): App\Controllers\Target->update('1')
#10 C:\xampp\htdocs\penerimaan-pad\system\CodeIgniter.php(410): CodeIgniter\CodeIgniter->runController(Object(App\Controllers\Target))
#11 C:\xampp\htdocs\penerimaan-pad\system\CodeIgniter.php(318): CodeIgniter\CodeIgniter->handleRequest(NULL, Object(Config\Cache), false)
#12 C:\xampp\htdocs\penerimaan-pad\public\index.php(37): CodeIgniter\CodeIgniter->run()
#13 C:\xampp\htdocs\penerimaan-pad\system\Commands\Server\rewrite.php(43): require_once('C:\\xampp\\htdocs...')
#14 {main}
