ERROR - 2021-11-15 19:04:58 --> Error connecting to the database: No connection could be made because the target machine actively refused it.

CRITICAL - 2021-11-15 19:04:58 --> Unable to connect to the database.
Main connection [MySQLi]: No connection could be made because the target machine actively refused it.

#0 C:\xampp8\htdocs\crud-ci4\system\Database\BaseConnection.php(577): CodeIgniter\Database\BaseConnection->initialize()
#1 C:\xampp8\htdocs\crud-ci4\system\Database\BaseBuilder.php(1443): CodeIgniter\Database\BaseConnection->query('SELECT *\nFROM `...', Array, false)
#2 C:\xampp8\htdocs\crud-ci4\system\Model.php(183): CodeIgniter\Database\BaseBuilder->get()
#3 C:\xampp8\htdocs\crud-ci4\system\BaseModel.php(584): CodeIgniter\Model->doFindAll(0, 0)
#4 C:\xampp8\htdocs\crud-ci4\app\Models\KomikModel.php(33): CodeIgniter\BaseModel->findAll()
#5 C:\xampp8\htdocs\crud-ci4\app\Controllers\Komik.php(22): App\Models\KomikModel->getKomik()
#6 C:\xampp8\htdocs\crud-ci4\system\CodeIgniter.php(824): App\Controllers\Komik->index()
#7 C:\xampp8\htdocs\crud-ci4\system\CodeIgniter.php(410): CodeIgniter\CodeIgniter->runController(Object(App\Controllers\Komik))
#8 C:\xampp8\htdocs\crud-ci4\system\CodeIgniter.php(318): CodeIgniter\CodeIgniter->handleRequest(NULL, Object(Config\Cache), false)
#9 C:\xampp8\htdocs\crud-ci4\public\index.php(37): CodeIgniter\CodeIgniter->run()
#10 C:\xampp8\htdocs\crud-ci4\system\Commands\Server\rewrite.php(43): require_once('C:\\xampp8\\htdoc...')
#11 {main}
CRITICAL - 2021-11-15 19:04:58 --> Uncaught ErrorException: print_r(): Property access is not allowed yet in C:\xampp8\htdocs\crud-ci4\app\Views\errors\html\error_exception.php:96
Stack trace:
#0 [internal function]: CodeIgniter\Debug\Exceptions->errorHandler(2, 'print_r(): Prop...', 'C:\\xampp8\\htdoc...', 96, Array)
#1 C:\xampp8\htdocs\crud-ci4\app\Views\errors\html\error_exception.php(96): print_r(Object(App\Controllers\Komik), true)
#2 C:\xampp8\htdocs\crud-ci4\system\Debug\Exceptions.php(229): include('C:\\xampp8\\htdoc...')
#3 C:\xampp8\htdocs\crud-ci4\system\Debug\Exceptions.php(232): CodeIgniter\Debug\Exceptions->CodeIgniter\Debug\{closure}()
#4 C:\xampp8\htdocs\crud-ci4\system\Debug\Exceptions.php(116): CodeIgniter\Debug\Exceptions->render(Object(CodeIgniter\Database\Exceptions\DatabaseException), 500)
#5 [internal function]: CodeIgniter\Debug\Exceptions->exceptionHandler(Object(CodeIgniter\Database\Exceptions\DatabaseException))
#6 {main}
  thrown
#0 [internal function]: CodeIgniter\Debug\Exceptions->shutdownHandler()
#1 {main}
CRITICAL - 2021-11-15 22:30:05 --> Call to undefined method App\Controllers\Komik::getVar()
#0 C:\xampp8\htdocs\crud-ci4\system\CodeIgniter.php(824): App\Controllers\Komik->update('2')
#1 C:\xampp8\htdocs\crud-ci4\system\CodeIgniter.php(410): CodeIgniter\CodeIgniter->runController(Object(App\Controllers\Komik))
#2 C:\xampp8\htdocs\crud-ci4\system\CodeIgniter.php(318): CodeIgniter\CodeIgniter->handleRequest(NULL, Object(Config\Cache), false)
#3 C:\xampp8\htdocs\crud-ci4\public\index.php(37): CodeIgniter\CodeIgniter->run()
#4 C:\xampp8\htdocs\crud-ci4\system\Commands\Server\rewrite.php(43): require_once('C:\\xampp8\\htdoc...')
#5 {main}
