ERROR - 2022-04-08 00:50:48 --> You have an error in your SQL syntax; check the manual that corresponds to your MariaDB server version for the right syntax to use near 'IS NULL
AND `tanggal` < IS NULL
GROUP BY `id_target_pad`' at line 10
CRITICAL - 2022-04-08 00:50:48 --> You have an error in your SQL syntax; check the manual that corresponds to your MariaDB server version for the right syntax to use near 'IS NULL
AND `tanggal` < IS NULL
GROUP BY `id_target_pad`' at line 10
#0 C:\xampp\htdocs\penerimaan-pad\system\Database\MySQLi\Connection.php(292): mysqli->query('SELECT DISTINCT...', 0)
#1 C:\xampp\htdocs\penerimaan-pad\system\Database\BaseConnection.php(670): CodeIgniter\Database\MySQLi\Connection->execute('SELECT DISTINCT...')
#2 C:\xampp\htdocs\penerimaan-pad\system\Database\BaseConnection.php(598): CodeIgniter\Database\BaseConnection->simpleQuery('SELECT DISTINCT...')
#3 C:\xampp\htdocs\penerimaan-pad\system\Database\BaseBuilder.php(1443): CodeIgniter\Database\BaseConnection->query('SELECT DISTINCT...', Array, false)
#4 C:\xampp\htdocs\penerimaan-pad\system\Model.php(183): CodeIgniter\Database\BaseBuilder->get()
#5 C:\xampp\htdocs\penerimaan-pad\system\BaseModel.php(584): CodeIgniter\Model->doFindAll(0, 0)
#6 C:\xampp\htdocs\penerimaan-pad\app\Models\LaporanFilterModel.php(56): CodeIgniter\BaseModel->findAll()
#7 C:\xampp\htdocs\penerimaan-pad\app\Controllers\LaporanPerdinas.php(901): App\Models\LaporanFilterModel->getData1(NULL, NULL)
#8 C:\xampp\htdocs\penerimaan-pad\system\CodeIgniter.php(824): App\Controllers\LaporanPerdinas->excel_filter()
#9 C:\xampp\htdocs\penerimaan-pad\system\CodeIgniter.php(410): CodeIgniter\CodeIgniter->runController(Object(App\Controllers\LaporanPerdinas))
#10 C:\xampp\htdocs\penerimaan-pad\system\CodeIgniter.php(318): CodeIgniter\CodeIgniter->handleRequest(NULL, Object(Config\Cache), false)
#11 C:\xampp\htdocs\penerimaan-pad\public\index.php(37): CodeIgniter\CodeIgniter->run()
#12 {main}
ERROR - 2022-04-08 00:52:57 --> You have an error in your SQL syntax; check the manual that corresponds to your MariaDB server version for the right syntax to use near 'IS NULL
AND `tanggal` < IS NULL
GROUP BY `id_target_pad`' at line 10
CRITICAL - 2022-04-08 00:52:57 --> You have an error in your SQL syntax; check the manual that corresponds to your MariaDB server version for the right syntax to use near 'IS NULL
AND `tanggal` < IS NULL
GROUP BY `id_target_pad`' at line 10
#0 C:\xampp\htdocs\penerimaan-pad\system\Database\MySQLi\Connection.php(292): mysqli->query('SELECT DISTINCT...', 0)
#1 C:\xampp\htdocs\penerimaan-pad\system\Database\BaseConnection.php(670): CodeIgniter\Database\MySQLi\Connection->execute('SELECT DISTINCT...')
#2 C:\xampp\htdocs\penerimaan-pad\system\Database\BaseConnection.php(598): CodeIgniter\Database\BaseConnection->simpleQuery('SELECT DISTINCT...')
#3 C:\xampp\htdocs\penerimaan-pad\system\Database\BaseBuilder.php(1443): CodeIgniter\Database\BaseConnection->query('SELECT DISTINCT...', Array, false)
#4 C:\xampp\htdocs\penerimaan-pad\system\Model.php(183): CodeIgniter\Database\BaseBuilder->get()
#5 C:\xampp\htdocs\penerimaan-pad\system\BaseModel.php(584): CodeIgniter\Model->doFindAll(0, 0)
#6 C:\xampp\htdocs\penerimaan-pad\app\Models\LaporanFilterModel.php(56): CodeIgniter\BaseModel->findAll()
#7 C:\xampp\htdocs\penerimaan-pad\app\Controllers\LaporanPerdinas.php(901): App\Models\LaporanFilterModel->getData1(NULL, NULL)
#8 C:\xampp\htdocs\penerimaan-pad\system\CodeIgniter.php(824): App\Controllers\LaporanPerdinas->excel_filter()
#9 C:\xampp\htdocs\penerimaan-pad\system\CodeIgniter.php(410): CodeIgniter\CodeIgniter->runController(Object(App\Controllers\LaporanPerdinas))
#10 C:\xampp\htdocs\penerimaan-pad\system\CodeIgniter.php(318): CodeIgniter\CodeIgniter->handleRequest(NULL, Object(Config\Cache), false)
#11 C:\xampp\htdocs\penerimaan-pad\public\index.php(37): CodeIgniter\CodeIgniter->run()
#12 {main}
ERROR - 2022-04-08 00:52:58 --> You have an error in your SQL syntax; check the manual that corresponds to your MariaDB server version for the right syntax to use near 'IS NULL
AND `tanggal` < IS NULL
GROUP BY `id_target_pad`' at line 10
CRITICAL - 2022-04-08 00:52:58 --> You have an error in your SQL syntax; check the manual that corresponds to your MariaDB server version for the right syntax to use near 'IS NULL
AND `tanggal` < IS NULL
GROUP BY `id_target_pad`' at line 10
#0 C:\xampp\htdocs\penerimaan-pad\system\Database\MySQLi\Connection.php(292): mysqli->query('SELECT DISTINCT...', 0)
#1 C:\xampp\htdocs\penerimaan-pad\system\Database\BaseConnection.php(670): CodeIgniter\Database\MySQLi\Connection->execute('SELECT DISTINCT...')
#2 C:\xampp\htdocs\penerimaan-pad\system\Database\BaseConnection.php(598): CodeIgniter\Database\BaseConnection->simpleQuery('SELECT DISTINCT...')
#3 C:\xampp\htdocs\penerimaan-pad\system\Database\BaseBuilder.php(1443): CodeIgniter\Database\BaseConnection->query('SELECT DISTINCT...', Array, false)
#4 C:\xampp\htdocs\penerimaan-pad\system\Model.php(183): CodeIgniter\Database\BaseBuilder->get()
#5 C:\xampp\htdocs\penerimaan-pad\system\BaseModel.php(584): CodeIgniter\Model->doFindAll(0, 0)
#6 C:\xampp\htdocs\penerimaan-pad\app\Models\LaporanFilterModel.php(56): CodeIgniter\BaseModel->findAll()
#7 C:\xampp\htdocs\penerimaan-pad\app\Controllers\LaporanPerdinas.php(901): App\Models\LaporanFilterModel->getData1(NULL, NULL)
#8 C:\xampp\htdocs\penerimaan-pad\system\CodeIgniter.php(824): App\Controllers\LaporanPerdinas->excel_filter()
#9 C:\xampp\htdocs\penerimaan-pad\system\CodeIgniter.php(410): CodeIgniter\CodeIgniter->runController(Object(App\Controllers\LaporanPerdinas))
#10 C:\xampp\htdocs\penerimaan-pad\system\CodeIgniter.php(318): CodeIgniter\CodeIgniter->handleRequest(NULL, Object(Config\Cache), false)
#11 C:\xampp\htdocs\penerimaan-pad\public\index.php(37): CodeIgniter\CodeIgniter->run()
#12 {main}
ERROR - 2022-04-08 00:58:28 --> You have an error in your SQL syntax; check the manual that corresponds to your MariaDB server version for the right syntax to use near 'IS NULL
AND `tanggal` < IS NULL
GROUP BY `id_target_pad`' at line 10
CRITICAL - 2022-04-08 00:58:28 --> You have an error in your SQL syntax; check the manual that corresponds to your MariaDB server version for the right syntax to use near 'IS NULL
AND `tanggal` < IS NULL
GROUP BY `id_target_pad`' at line 10
#0 C:\xampp\htdocs\penerimaan-pad\system\Database\MySQLi\Connection.php(292): mysqli->query('SELECT DISTINCT...', 0)
#1 C:\xampp\htdocs\penerimaan-pad\system\Database\BaseConnection.php(670): CodeIgniter\Database\MySQLi\Connection->execute('SELECT DISTINCT...')
#2 C:\xampp\htdocs\penerimaan-pad\system\Database\BaseConnection.php(598): CodeIgniter\Database\BaseConnection->simpleQuery('SELECT DISTINCT...')
#3 C:\xampp\htdocs\penerimaan-pad\system\Database\BaseBuilder.php(1443): CodeIgniter\Database\BaseConnection->query('SELECT DISTINCT...', Array, false)
#4 C:\xampp\htdocs\penerimaan-pad\system\Model.php(183): CodeIgniter\Database\BaseBuilder->get()
#5 C:\xampp\htdocs\penerimaan-pad\system\BaseModel.php(584): CodeIgniter\Model->doFindAll(0, 0)
#6 C:\xampp\htdocs\penerimaan-pad\app\Models\LaporanFilterModel.php(56): CodeIgniter\BaseModel->findAll()
#7 C:\xampp\htdocs\penerimaan-pad\app\Controllers\LaporanPerdinas.php(904): App\Models\LaporanFilterModel->getData1(NULL, NULL)
#8 C:\xampp\htdocs\penerimaan-pad\system\CodeIgniter.php(824): App\Controllers\LaporanPerdinas->excel_filter()
#9 C:\xampp\htdocs\penerimaan-pad\system\CodeIgniter.php(410): CodeIgniter\CodeIgniter->runController(Object(App\Controllers\LaporanPerdinas))
#10 C:\xampp\htdocs\penerimaan-pad\system\CodeIgniter.php(318): CodeIgniter\CodeIgniter->handleRequest(NULL, Object(Config\Cache), false)
#11 C:\xampp\htdocs\penerimaan-pad\public\index.php(37): CodeIgniter\CodeIgniter->run()
#12 {main}
ERROR - 2022-04-08 00:58:55 --> You have an error in your SQL syntax; check the manual that corresponds to your MariaDB server version for the right syntax to use near 'IS NULL
AND `tanggal` < IS NULL
GROUP BY `id_target_pad`' at line 10
CRITICAL - 2022-04-08 00:58:55 --> You have an error in your SQL syntax; check the manual that corresponds to your MariaDB server version for the right syntax to use near 'IS NULL
AND `tanggal` < IS NULL
GROUP BY `id_target_pad`' at line 10
#0 C:\xampp\htdocs\penerimaan-pad\system\Database\MySQLi\Connection.php(292): mysqli->query('SELECT DISTINCT...', 0)
#1 C:\xampp\htdocs\penerimaan-pad\system\Database\BaseConnection.php(670): CodeIgniter\Database\MySQLi\Connection->execute('SELECT DISTINCT...')
#2 C:\xampp\htdocs\penerimaan-pad\system\Database\BaseConnection.php(598): CodeIgniter\Database\BaseConnection->simpleQuery('SELECT DISTINCT...')
#3 C:\xampp\htdocs\penerimaan-pad\system\Database\BaseBuilder.php(1443): CodeIgniter\Database\BaseConnection->query('SELECT DISTINCT...', Array, false)
#4 C:\xampp\htdocs\penerimaan-pad\system\Model.php(183): CodeIgniter\Database\BaseBuilder->get()
#5 C:\xampp\htdocs\penerimaan-pad\system\BaseModel.php(584): CodeIgniter\Model->doFindAll(0, 0)
#6 C:\xampp\htdocs\penerimaan-pad\app\Models\LaporanFilterModel.php(56): CodeIgniter\BaseModel->findAll()
#7 C:\xampp\htdocs\penerimaan-pad\app\Controllers\LaporanPerdinas.php(904): App\Models\LaporanFilterModel->getData1(NULL, NULL)
#8 C:\xampp\htdocs\penerimaan-pad\system\CodeIgniter.php(824): App\Controllers\LaporanPerdinas->excel_filter()
#9 C:\xampp\htdocs\penerimaan-pad\system\CodeIgniter.php(410): CodeIgniter\CodeIgniter->runController(Object(App\Controllers\LaporanPerdinas))
#10 C:\xampp\htdocs\penerimaan-pad\system\CodeIgniter.php(318): CodeIgniter\CodeIgniter->handleRequest(NULL, Object(Config\Cache), false)
#11 C:\xampp\htdocs\penerimaan-pad\public\index.php(37): CodeIgniter\CodeIgniter->run()
#12 {main}
ERROR - 2022-04-08 01:00:35 --> You have an error in your SQL syntax; check the manual that corresponds to your MariaDB server version for the right syntax to use near 'IS NULL
AND `tanggal` < IS NULL
GROUP BY `id_target_pad`' at line 10
CRITICAL - 2022-04-08 01:00:35 --> You have an error in your SQL syntax; check the manual that corresponds to your MariaDB server version for the right syntax to use near 'IS NULL
AND `tanggal` < IS NULL
GROUP BY `id_target_pad`' at line 10
#0 C:\xampp\htdocs\penerimaan-pad\system\Database\MySQLi\Connection.php(292): mysqli->query('SELECT DISTINCT...', 0)
#1 C:\xampp\htdocs\penerimaan-pad\system\Database\BaseConnection.php(670): CodeIgniter\Database\MySQLi\Connection->execute('SELECT DISTINCT...')
#2 C:\xampp\htdocs\penerimaan-pad\system\Database\BaseConnection.php(598): CodeIgniter\Database\BaseConnection->simpleQuery('SELECT DISTINCT...')
#3 C:\xampp\htdocs\penerimaan-pad\system\Database\BaseBuilder.php(1443): CodeIgniter\Database\BaseConnection->query('SELECT DISTINCT...', Array, false)
#4 C:\xampp\htdocs\penerimaan-pad\system\Model.php(183): CodeIgniter\Database\BaseBuilder->get()
#5 C:\xampp\htdocs\penerimaan-pad\system\BaseModel.php(584): CodeIgniter\Model->doFindAll(0, 0)
#6 C:\xampp\htdocs\penerimaan-pad\app\Models\LaporanFilterModel.php(56): CodeIgniter\BaseModel->findAll()
#7 C:\xampp\htdocs\penerimaan-pad\app\Controllers\LaporanPerdinas.php(904): App\Models\LaporanFilterModel->getData1(NULL, NULL)
#8 C:\xampp\htdocs\penerimaan-pad\system\CodeIgniter.php(824): App\Controllers\LaporanPerdinas->excel_filter()
#9 C:\xampp\htdocs\penerimaan-pad\system\CodeIgniter.php(410): CodeIgniter\CodeIgniter->runController(Object(App\Controllers\LaporanPerdinas))
#10 C:\xampp\htdocs\penerimaan-pad\system\CodeIgniter.php(318): CodeIgniter\CodeIgniter->handleRequest(NULL, Object(Config\Cache), false)
#11 C:\xampp\htdocs\penerimaan-pad\public\index.php(37): CodeIgniter\CodeIgniter->run()
#12 {main}
ERROR - 2022-04-08 01:00:53 --> You have an error in your SQL syntax; check the manual that corresponds to your MariaDB server version for the right syntax to use near 'IS NULL
AND `tanggal` < IS NULL
GROUP BY `id_target_pad`' at line 10
CRITICAL - 2022-04-08 01:00:53 --> You have an error in your SQL syntax; check the manual that corresponds to your MariaDB server version for the right syntax to use near 'IS NULL
AND `tanggal` < IS NULL
GROUP BY `id_target_pad`' at line 10
#0 C:\xampp\htdocs\penerimaan-pad\system\Database\MySQLi\Connection.php(292): mysqli->query('SELECT DISTINCT...', 0)
#1 C:\xampp\htdocs\penerimaan-pad\system\Database\BaseConnection.php(670): CodeIgniter\Database\MySQLi\Connection->execute('SELECT DISTINCT...')
#2 C:\xampp\htdocs\penerimaan-pad\system\Database\BaseConnection.php(598): CodeIgniter\Database\BaseConnection->simpleQuery('SELECT DISTINCT...')
#3 C:\xampp\htdocs\penerimaan-pad\system\Database\BaseBuilder.php(1443): CodeIgniter\Database\BaseConnection->query('SELECT DISTINCT...', Array, false)
#4 C:\xampp\htdocs\penerimaan-pad\system\Model.php(183): CodeIgniter\Database\BaseBuilder->get()
#5 C:\xampp\htdocs\penerimaan-pad\system\BaseModel.php(584): CodeIgniter\Model->doFindAll(0, 0)
#6 C:\xampp\htdocs\penerimaan-pad\app\Models\LaporanFilterModel.php(56): CodeIgniter\BaseModel->findAll()
#7 C:\xampp\htdocs\penerimaan-pad\app\Controllers\LaporanPerdinas.php(904): App\Models\LaporanFilterModel->getData1(NULL, NULL)
#8 C:\xampp\htdocs\penerimaan-pad\system\CodeIgniter.php(824): App\Controllers\LaporanPerdinas->excel_filter()
#9 C:\xampp\htdocs\penerimaan-pad\system\CodeIgniter.php(410): CodeIgniter\CodeIgniter->runController(Object(App\Controllers\LaporanPerdinas))
#10 C:\xampp\htdocs\penerimaan-pad\system\CodeIgniter.php(318): CodeIgniter\CodeIgniter->handleRequest(NULL, Object(Config\Cache), false)
#11 C:\xampp\htdocs\penerimaan-pad\public\index.php(37): CodeIgniter\CodeIgniter->run()
#12 {main}
ERROR - 2022-04-08 01:01:24 --> You have an error in your SQL syntax; check the manual that corresponds to your MariaDB server version for the right syntax to use near 'IS NULL
AND `tanggal` < IS NULL
GROUP BY `id_target_pad`' at line 10
CRITICAL - 2022-04-08 01:01:24 --> You have an error in your SQL syntax; check the manual that corresponds to your MariaDB server version for the right syntax to use near 'IS NULL
AND `tanggal` < IS NULL
GROUP BY `id_target_pad`' at line 10
#0 C:\xampp\htdocs\penerimaan-pad\system\Database\MySQLi\Connection.php(292): mysqli->query('SELECT DISTINCT...', 0)
#1 C:\xampp\htdocs\penerimaan-pad\system\Database\BaseConnection.php(670): CodeIgniter\Database\MySQLi\Connection->execute('SELECT DISTINCT...')
#2 C:\xampp\htdocs\penerimaan-pad\system\Database\BaseConnection.php(598): CodeIgniter\Database\BaseConnection->simpleQuery('SELECT DISTINCT...')
#3 C:\xampp\htdocs\penerimaan-pad\system\Database\BaseBuilder.php(1443): CodeIgniter\Database\BaseConnection->query('SELECT DISTINCT...', Array, false)
#4 C:\xampp\htdocs\penerimaan-pad\system\Model.php(183): CodeIgniter\Database\BaseBuilder->get()
#5 C:\xampp\htdocs\penerimaan-pad\system\BaseModel.php(584): CodeIgniter\Model->doFindAll(0, 0)
#6 C:\xampp\htdocs\penerimaan-pad\app\Models\LaporanFilterModel.php(56): CodeIgniter\BaseModel->findAll()
#7 C:\xampp\htdocs\penerimaan-pad\app\Controllers\LaporanPerdinas.php(904): App\Models\LaporanFilterModel->getData1(NULL, NULL)
#8 C:\xampp\htdocs\penerimaan-pad\system\CodeIgniter.php(824): App\Controllers\LaporanPerdinas->excel_filter()
#9 C:\xampp\htdocs\penerimaan-pad\system\CodeIgniter.php(410): CodeIgniter\CodeIgniter->runController(Object(App\Controllers\LaporanPerdinas))
#10 C:\xampp\htdocs\penerimaan-pad\system\CodeIgniter.php(318): CodeIgniter\CodeIgniter->handleRequest(NULL, Object(Config\Cache), false)
#11 C:\xampp\htdocs\penerimaan-pad\public\index.php(37): CodeIgniter\CodeIgniter->run()
#12 {main}
ERROR - 2022-04-08 01:06:31 --> You have an error in your SQL syntax; check the manual that corresponds to your MariaDB server version for the right syntax to use near 'IS NULL
AND `tanggal` < IS NULL
GROUP BY `id_target_pad`' at line 10
CRITICAL - 2022-04-08 01:06:31 --> You have an error in your SQL syntax; check the manual that corresponds to your MariaDB server version for the right syntax to use near 'IS NULL
AND `tanggal` < IS NULL
GROUP BY `id_target_pad`' at line 10
#0 C:\xampp\htdocs\penerimaan-pad\system\Database\MySQLi\Connection.php(292): mysqli->query('SELECT DISTINCT...', 0)
#1 C:\xampp\htdocs\penerimaan-pad\system\Database\BaseConnection.php(670): CodeIgniter\Database\MySQLi\Connection->execute('SELECT DISTINCT...')
#2 C:\xampp\htdocs\penerimaan-pad\system\Database\BaseConnection.php(598): CodeIgniter\Database\BaseConnection->simpleQuery('SELECT DISTINCT...')
#3 C:\xampp\htdocs\penerimaan-pad\system\Database\BaseBuilder.php(1443): CodeIgniter\Database\BaseConnection->query('SELECT DISTINCT...', Array, false)
#4 C:\xampp\htdocs\penerimaan-pad\system\Model.php(183): CodeIgniter\Database\BaseBuilder->get()
#5 C:\xampp\htdocs\penerimaan-pad\system\BaseModel.php(584): CodeIgniter\Model->doFindAll(0, 0)
#6 C:\xampp\htdocs\penerimaan-pad\app\Models\LaporanFilterModel.php(56): CodeIgniter\BaseModel->findAll()
#7 C:\xampp\htdocs\penerimaan-pad\app\Controllers\LaporanPerdinas.php(606): App\Models\LaporanFilterModel->getData1(NULL, NULL)
#8 C:\xampp\htdocs\penerimaan-pad\system\CodeIgniter.php(824): App\Controllers\LaporanPerdinas->filter()
#9 C:\xampp\htdocs\penerimaan-pad\system\CodeIgniter.php(410): CodeIgniter\CodeIgniter->runController(Object(App\Controllers\LaporanPerdinas))
#10 C:\xampp\htdocs\penerimaan-pad\system\CodeIgniter.php(318): CodeIgniter\CodeIgniter->handleRequest(NULL, Object(Config\Cache), false)
#11 C:\xampp\htdocs\penerimaan-pad\public\index.php(37): CodeIgniter\CodeIgniter->run()
#12 {main}
ERROR - 2022-04-08 01:07:26 --> You have an error in your SQL syntax; check the manual that corresponds to your MariaDB server version for the right syntax to use near 'IS NULL
AND `tanggal` < IS NULL
GROUP BY `id_target_pad`' at line 10
CRITICAL - 2022-04-08 01:07:26 --> You have an error in your SQL syntax; check the manual that corresponds to your MariaDB server version for the right syntax to use near 'IS NULL
AND `tanggal` < IS NULL
GROUP BY `id_target_pad`' at line 10
#0 C:\xampp\htdocs\penerimaan-pad\system\Database\MySQLi\Connection.php(292): mysqli->query('SELECT DISTINCT...', 0)
#1 C:\xampp\htdocs\penerimaan-pad\system\Database\BaseConnection.php(670): CodeIgniter\Database\MySQLi\Connection->execute('SELECT DISTINCT...')
#2 C:\xampp\htdocs\penerimaan-pad\system\Database\BaseConnection.php(598): CodeIgniter\Database\BaseConnection->simpleQuery('SELECT DISTINCT...')
#3 C:\xampp\htdocs\penerimaan-pad\system\Database\BaseBuilder.php(1443): CodeIgniter\Database\BaseConnection->query('SELECT DISTINCT...', Array, false)
#4 C:\xampp\htdocs\penerimaan-pad\system\Model.php(183): CodeIgniter\Database\BaseBuilder->get()
#5 C:\xampp\htdocs\penerimaan-pad\system\BaseModel.php(584): CodeIgniter\Model->doFindAll(0, 0)
#6 C:\xampp\htdocs\penerimaan-pad\app\Models\LaporanFilterModel.php(56): CodeIgniter\BaseModel->findAll()
#7 C:\xampp\htdocs\penerimaan-pad\app\Controllers\LaporanPerdinas.php(606): App\Models\LaporanFilterModel->getData1(NULL, NULL)
#8 C:\xampp\htdocs\penerimaan-pad\system\CodeIgniter.php(824): App\Controllers\LaporanPerdinas->filter()
#9 C:\xampp\htdocs\penerimaan-pad\system\CodeIgniter.php(410): CodeIgniter\CodeIgniter->runController(Object(App\Controllers\LaporanPerdinas))
#10 C:\xampp\htdocs\penerimaan-pad\system\CodeIgniter.php(318): CodeIgniter\CodeIgniter->handleRequest(NULL, Object(Config\Cache), false)
#11 C:\xampp\htdocs\penerimaan-pad\public\index.php(37): CodeIgniter\CodeIgniter->run()
#12 {main}
ERROR - 2022-04-08 01:07:36 --> You have an error in your SQL syntax; check the manual that corresponds to your MariaDB server version for the right syntax to use near 'IS NULL
AND `tanggal` < IS NULL
GROUP BY `id_target_pad`' at line 10
CRITICAL - 2022-04-08 01:07:36 --> You have an error in your SQL syntax; check the manual that corresponds to your MariaDB server version for the right syntax to use near 'IS NULL
AND `tanggal` < IS NULL
GROUP BY `id_target_pad`' at line 10
#0 C:\xampp\htdocs\penerimaan-pad\system\Database\MySQLi\Connection.php(292): mysqli->query('SELECT DISTINCT...', 0)
#1 C:\xampp\htdocs\penerimaan-pad\system\Database\BaseConnection.php(670): CodeIgniter\Database\MySQLi\Connection->execute('SELECT DISTINCT...')
#2 C:\xampp\htdocs\penerimaan-pad\system\Database\BaseConnection.php(598): CodeIgniter\Database\BaseConnection->simpleQuery('SELECT DISTINCT...')
#3 C:\xampp\htdocs\penerimaan-pad\system\Database\BaseBuilder.php(1443): CodeIgniter\Database\BaseConnection->query('SELECT DISTINCT...', Array, false)
#4 C:\xampp\htdocs\penerimaan-pad\system\Model.php(183): CodeIgniter\Database\BaseBuilder->get()
#5 C:\xampp\htdocs\penerimaan-pad\system\BaseModel.php(584): CodeIgniter\Model->doFindAll(0, 0)
#6 C:\xampp\htdocs\penerimaan-pad\app\Models\LaporanFilterModel.php(56): CodeIgniter\BaseModel->findAll()
#7 C:\xampp\htdocs\penerimaan-pad\app\Controllers\LaporanPerdinas.php(606): App\Models\LaporanFilterModel->getData1(NULL, NULL)
#8 C:\xampp\htdocs\penerimaan-pad\system\CodeIgniter.php(824): App\Controllers\LaporanPerdinas->filter()
#9 C:\xampp\htdocs\penerimaan-pad\system\CodeIgniter.php(410): CodeIgniter\CodeIgniter->runController(Object(App\Controllers\LaporanPerdinas))
#10 C:\xampp\htdocs\penerimaan-pad\system\CodeIgniter.php(318): CodeIgniter\CodeIgniter->handleRequest(NULL, Object(Config\Cache), false)
#11 C:\xampp\htdocs\penerimaan-pad\public\index.php(37): CodeIgniter\CodeIgniter->run()
#12 {main}
ERROR - 2022-04-08 01:07:44 --> You have an error in your SQL syntax; check the manual that corresponds to your MariaDB server version for the right syntax to use near 'IS NULL
AND `tanggal` < IS NULL
GROUP BY `id_target_pad`' at line 10
CRITICAL - 2022-04-08 01:07:44 --> You have an error in your SQL syntax; check the manual that corresponds to your MariaDB server version for the right syntax to use near 'IS NULL
AND `tanggal` < IS NULL
GROUP BY `id_target_pad`' at line 10
#0 C:\xampp\htdocs\penerimaan-pad\system\Database\MySQLi\Connection.php(292): mysqli->query('SELECT DISTINCT...', 0)
#1 C:\xampp\htdocs\penerimaan-pad\system\Database\BaseConnection.php(670): CodeIgniter\Database\MySQLi\Connection->execute('SELECT DISTINCT...')
#2 C:\xampp\htdocs\penerimaan-pad\system\Database\BaseConnection.php(598): CodeIgniter\Database\BaseConnection->simpleQuery('SELECT DISTINCT...')
#3 C:\xampp\htdocs\penerimaan-pad\system\Database\BaseBuilder.php(1443): CodeIgniter\Database\BaseConnection->query('SELECT DISTINCT...', Array, false)
#4 C:\xampp\htdocs\penerimaan-pad\system\Model.php(183): CodeIgniter\Database\BaseBuilder->get()
#5 C:\xampp\htdocs\penerimaan-pad\system\BaseModel.php(584): CodeIgniter\Model->doFindAll(0, 0)
#6 C:\xampp\htdocs\penerimaan-pad\app\Models\LaporanFilterModel.php(56): CodeIgniter\BaseModel->findAll()
#7 C:\xampp\htdocs\penerimaan-pad\app\Controllers\LaporanPerdinas.php(606): App\Models\LaporanFilterModel->getData1(NULL, NULL)
#8 C:\xampp\htdocs\penerimaan-pad\system\CodeIgniter.php(824): App\Controllers\LaporanPerdinas->filter()
#9 C:\xampp\htdocs\penerimaan-pad\system\CodeIgniter.php(410): CodeIgniter\CodeIgniter->runController(Object(App\Controllers\LaporanPerdinas))
#10 C:\xampp\htdocs\penerimaan-pad\system\CodeIgniter.php(318): CodeIgniter\CodeIgniter->handleRequest(NULL, Object(Config\Cache), false)
#11 C:\xampp\htdocs\penerimaan-pad\public\index.php(37): CodeIgniter\CodeIgniter->run()
#12 {main}
ERROR - 2022-04-08 01:07:56 --> You have an error in your SQL syntax; check the manual that corresponds to your MariaDB server version for the right syntax to use near 'IS NULL
AND `tanggal` < IS NULL
GROUP BY `id_target_pad`' at line 10
CRITICAL - 2022-04-08 01:07:56 --> You have an error in your SQL syntax; check the manual that corresponds to your MariaDB server version for the right syntax to use near 'IS NULL
AND `tanggal` < IS NULL
GROUP BY `id_target_pad`' at line 10
#0 C:\xampp\htdocs\penerimaan-pad\system\Database\MySQLi\Connection.php(292): mysqli->query('SELECT DISTINCT...', 0)
#1 C:\xampp\htdocs\penerimaan-pad\system\Database\BaseConnection.php(670): CodeIgniter\Database\MySQLi\Connection->execute('SELECT DISTINCT...')
#2 C:\xampp\htdocs\penerimaan-pad\system\Database\BaseConnection.php(598): CodeIgniter\Database\BaseConnection->simpleQuery('SELECT DISTINCT...')
#3 C:\xampp\htdocs\penerimaan-pad\system\Database\BaseBuilder.php(1443): CodeIgniter\Database\BaseConnection->query('SELECT DISTINCT...', Array, false)
#4 C:\xampp\htdocs\penerimaan-pad\system\Model.php(183): CodeIgniter\Database\BaseBuilder->get()
#5 C:\xampp\htdocs\penerimaan-pad\system\BaseModel.php(584): CodeIgniter\Model->doFindAll(0, 0)
#6 C:\xampp\htdocs\penerimaan-pad\app\Models\LaporanFilterModel.php(56): CodeIgniter\BaseModel->findAll()
#7 C:\xampp\htdocs\penerimaan-pad\app\Controllers\LaporanPerdinas.php(606): App\Models\LaporanFilterModel->getData1(NULL, NULL)
#8 C:\xampp\htdocs\penerimaan-pad\system\CodeIgniter.php(824): App\Controllers\LaporanPerdinas->filter()
#9 C:\xampp\htdocs\penerimaan-pad\system\CodeIgniter.php(410): CodeIgniter\CodeIgniter->runController(Object(App\Controllers\LaporanPerdinas))
#10 C:\xampp\htdocs\penerimaan-pad\system\CodeIgniter.php(318): CodeIgniter\CodeIgniter->handleRequest(NULL, Object(Config\Cache), false)
#11 C:\xampp\htdocs\penerimaan-pad\public\index.php(37): CodeIgniter\CodeIgniter->run()
#12 {main}
ERROR - 2022-04-08 01:07:59 --> You have an error in your SQL syntax; check the manual that corresponds to your MariaDB server version for the right syntax to use near 'IS NULL
AND `tanggal` < IS NULL
GROUP BY `id_target_pad`' at line 10
CRITICAL - 2022-04-08 01:07:59 --> You have an error in your SQL syntax; check the manual that corresponds to your MariaDB server version for the right syntax to use near 'IS NULL
AND `tanggal` < IS NULL
GROUP BY `id_target_pad`' at line 10
#0 C:\xampp\htdocs\penerimaan-pad\system\Database\MySQLi\Connection.php(292): mysqli->query('SELECT DISTINCT...', 0)
#1 C:\xampp\htdocs\penerimaan-pad\system\Database\BaseConnection.php(670): CodeIgniter\Database\MySQLi\Connection->execute('SELECT DISTINCT...')
#2 C:\xampp\htdocs\penerimaan-pad\system\Database\BaseConnection.php(598): CodeIgniter\Database\BaseConnection->simpleQuery('SELECT DISTINCT...')
#3 C:\xampp\htdocs\penerimaan-pad\system\Database\BaseBuilder.php(1443): CodeIgniter\Database\BaseConnection->query('SELECT DISTINCT...', Array, false)
#4 C:\xampp\htdocs\penerimaan-pad\system\Model.php(183): CodeIgniter\Database\BaseBuilder->get()
#5 C:\xampp\htdocs\penerimaan-pad\system\BaseModel.php(584): CodeIgniter\Model->doFindAll(0, 0)
#6 C:\xampp\htdocs\penerimaan-pad\app\Models\LaporanFilterModel.php(56): CodeIgniter\BaseModel->findAll()
#7 C:\xampp\htdocs\penerimaan-pad\app\Controllers\LaporanPerdinas.php(606): App\Models\LaporanFilterModel->getData1(NULL, NULL)
#8 C:\xampp\htdocs\penerimaan-pad\system\CodeIgniter.php(824): App\Controllers\LaporanPerdinas->filter()
#9 C:\xampp\htdocs\penerimaan-pad\system\CodeIgniter.php(410): CodeIgniter\CodeIgniter->runController(Object(App\Controllers\LaporanPerdinas))
#10 C:\xampp\htdocs\penerimaan-pad\system\CodeIgniter.php(318): CodeIgniter\CodeIgniter->handleRequest(NULL, Object(Config\Cache), false)
#11 C:\xampp\htdocs\penerimaan-pad\public\index.php(37): CodeIgniter\CodeIgniter->run()
#12 {main}
ERROR - 2022-04-08 01:08:01 --> You have an error in your SQL syntax; check the manual that corresponds to your MariaDB server version for the right syntax to use near 'IS NULL
AND `tanggal` < IS NULL
GROUP BY `id_target_pad`' at line 10
CRITICAL - 2022-04-08 01:08:01 --> You have an error in your SQL syntax; check the manual that corresponds to your MariaDB server version for the right syntax to use near 'IS NULL
AND `tanggal` < IS NULL
GROUP BY `id_target_pad`' at line 10
#0 C:\xampp\htdocs\penerimaan-pad\system\Database\MySQLi\Connection.php(292): mysqli->query('SELECT DISTINCT...', 0)
#1 C:\xampp\htdocs\penerimaan-pad\system\Database\BaseConnection.php(670): CodeIgniter\Database\MySQLi\Connection->execute('SELECT DISTINCT...')
#2 C:\xampp\htdocs\penerimaan-pad\system\Database\BaseConnection.php(598): CodeIgniter\Database\BaseConnection->simpleQuery('SELECT DISTINCT...')
#3 C:\xampp\htdocs\penerimaan-pad\system\Database\BaseBuilder.php(1443): CodeIgniter\Database\BaseConnection->query('SELECT DISTINCT...', Array, false)
#4 C:\xampp\htdocs\penerimaan-pad\system\Model.php(183): CodeIgniter\Database\BaseBuilder->get()
#5 C:\xampp\htdocs\penerimaan-pad\system\BaseModel.php(584): CodeIgniter\Model->doFindAll(0, 0)
#6 C:\xampp\htdocs\penerimaan-pad\app\Models\LaporanFilterModel.php(56): CodeIgniter\BaseModel->findAll()
#7 C:\xampp\htdocs\penerimaan-pad\app\Controllers\LaporanPerdinas.php(606): App\Models\LaporanFilterModel->getData1(NULL, NULL)
#8 C:\xampp\htdocs\penerimaan-pad\system\CodeIgniter.php(824): App\Controllers\LaporanPerdinas->filter()
#9 C:\xampp\htdocs\penerimaan-pad\system\CodeIgniter.php(410): CodeIgniter\CodeIgniter->runController(Object(App\Controllers\LaporanPerdinas))
#10 C:\xampp\htdocs\penerimaan-pad\system\CodeIgniter.php(318): CodeIgniter\CodeIgniter->handleRequest(NULL, Object(Config\Cache), false)
#11 C:\xampp\htdocs\penerimaan-pad\public\index.php(37): CodeIgniter\CodeIgniter->run()
#12 {main}
ERROR - 2022-04-08 01:08:03 --> You have an error in your SQL syntax; check the manual that corresponds to your MariaDB server version for the right syntax to use near 'IS NULL
AND `tanggal` < IS NULL
GROUP BY `id_target_pad`' at line 10
CRITICAL - 2022-04-08 01:08:03 --> You have an error in your SQL syntax; check the manual that corresponds to your MariaDB server version for the right syntax to use near 'IS NULL
AND `tanggal` < IS NULL
GROUP BY `id_target_pad`' at line 10
#0 C:\xampp\htdocs\penerimaan-pad\system\Database\MySQLi\Connection.php(292): mysqli->query('SELECT DISTINCT...', 0)
#1 C:\xampp\htdocs\penerimaan-pad\system\Database\BaseConnection.php(670): CodeIgniter\Database\MySQLi\Connection->execute('SELECT DISTINCT...')
#2 C:\xampp\htdocs\penerimaan-pad\system\Database\BaseConnection.php(598): CodeIgniter\Database\BaseConnection->simpleQuery('SELECT DISTINCT...')
#3 C:\xampp\htdocs\penerimaan-pad\system\Database\BaseBuilder.php(1443): CodeIgniter\Database\BaseConnection->query('SELECT DISTINCT...', Array, false)
#4 C:\xampp\htdocs\penerimaan-pad\system\Model.php(183): CodeIgniter\Database\BaseBuilder->get()
#5 C:\xampp\htdocs\penerimaan-pad\system\BaseModel.php(584): CodeIgniter\Model->doFindAll(0, 0)
#6 C:\xampp\htdocs\penerimaan-pad\app\Models\LaporanFilterModel.php(56): CodeIgniter\BaseModel->findAll()
#7 C:\xampp\htdocs\penerimaan-pad\app\Controllers\LaporanPerdinas.php(606): App\Models\LaporanFilterModel->getData1(NULL, NULL)
#8 C:\xampp\htdocs\penerimaan-pad\system\CodeIgniter.php(824): App\Controllers\LaporanPerdinas->filter()
#9 C:\xampp\htdocs\penerimaan-pad\system\CodeIgniter.php(410): CodeIgniter\CodeIgniter->runController(Object(App\Controllers\LaporanPerdinas))
#10 C:\xampp\htdocs\penerimaan-pad\system\CodeIgniter.php(318): CodeIgniter\CodeIgniter->handleRequest(NULL, Object(Config\Cache), false)
#11 C:\xampp\htdocs\penerimaan-pad\public\index.php(37): CodeIgniter\CodeIgniter->run()
#12 {main}
ERROR - 2022-04-08 01:08:04 --> You have an error in your SQL syntax; check the manual that corresponds to your MariaDB server version for the right syntax to use near 'IS NULL
AND `tanggal` < IS NULL
GROUP BY `id_target_pad`' at line 10
CRITICAL - 2022-04-08 01:08:04 --> You have an error in your SQL syntax; check the manual that corresponds to your MariaDB server version for the right syntax to use near 'IS NULL
AND `tanggal` < IS NULL
GROUP BY `id_target_pad`' at line 10
#0 C:\xampp\htdocs\penerimaan-pad\system\Database\MySQLi\Connection.php(292): mysqli->query('SELECT DISTINCT...', 0)
#1 C:\xampp\htdocs\penerimaan-pad\system\Database\BaseConnection.php(670): CodeIgniter\Database\MySQLi\Connection->execute('SELECT DISTINCT...')
#2 C:\xampp\htdocs\penerimaan-pad\system\Database\BaseConnection.php(598): CodeIgniter\Database\BaseConnection->simpleQuery('SELECT DISTINCT...')
#3 C:\xampp\htdocs\penerimaan-pad\system\Database\BaseBuilder.php(1443): CodeIgniter\Database\BaseConnection->query('SELECT DISTINCT...', Array, false)
#4 C:\xampp\htdocs\penerimaan-pad\system\Model.php(183): CodeIgniter\Database\BaseBuilder->get()
#5 C:\xampp\htdocs\penerimaan-pad\system\BaseModel.php(584): CodeIgniter\Model->doFindAll(0, 0)
#6 C:\xampp\htdocs\penerimaan-pad\app\Models\LaporanFilterModel.php(56): CodeIgniter\BaseModel->findAll()
#7 C:\xampp\htdocs\penerimaan-pad\app\Controllers\LaporanPerdinas.php(606): App\Models\LaporanFilterModel->getData1(NULL, NULL)
#8 C:\xampp\htdocs\penerimaan-pad\system\CodeIgniter.php(824): App\Controllers\LaporanPerdinas->filter()
#9 C:\xampp\htdocs\penerimaan-pad\system\CodeIgniter.php(410): CodeIgniter\CodeIgniter->runController(Object(App\Controllers\LaporanPerdinas))
#10 C:\xampp\htdocs\penerimaan-pad\system\CodeIgniter.php(318): CodeIgniter\CodeIgniter->handleRequest(NULL, Object(Config\Cache), false)
#11 C:\xampp\htdocs\penerimaan-pad\public\index.php(37): CodeIgniter\CodeIgniter->run()
#12 {main}
ERROR - 2022-04-08 01:10:20 --> You have an error in your SQL syntax; check the manual that corresponds to your MariaDB server version for the right syntax to use near 'IS NULL
AND `tanggal` < IS NULL
GROUP BY `id_target_pad`' at line 10
CRITICAL - 2022-04-08 01:10:20 --> You have an error in your SQL syntax; check the manual that corresponds to your MariaDB server version for the right syntax to use near 'IS NULL
AND `tanggal` < IS NULL
GROUP BY `id_target_pad`' at line 10
#0 C:\xampp\htdocs\penerimaan-pad\system\Database\MySQLi\Connection.php(292): mysqli->query('SELECT DISTINCT...', 0)
#1 C:\xampp\htdocs\penerimaan-pad\system\Database\BaseConnection.php(670): CodeIgniter\Database\MySQLi\Connection->execute('SELECT DISTINCT...')
#2 C:\xampp\htdocs\penerimaan-pad\system\Database\BaseConnection.php(598): CodeIgniter\Database\BaseConnection->simpleQuery('SELECT DISTINCT...')
#3 C:\xampp\htdocs\penerimaan-pad\system\Database\BaseBuilder.php(1443): CodeIgniter\Database\BaseConnection->query('SELECT DISTINCT...', Array, false)
#4 C:\xampp\htdocs\penerimaan-pad\system\Model.php(183): CodeIgniter\Database\BaseBuilder->get()
#5 C:\xampp\htdocs\penerimaan-pad\system\BaseModel.php(584): CodeIgniter\Model->doFindAll(0, 0)
#6 C:\xampp\htdocs\penerimaan-pad\app\Models\LaporanFilterModel.php(56): CodeIgniter\BaseModel->findAll()
#7 C:\xampp\htdocs\penerimaan-pad\app\Controllers\LaporanPerdinas.php(903): App\Models\LaporanFilterModel->getData1(NULL, NULL)
#8 C:\xampp\htdocs\penerimaan-pad\system\CodeIgniter.php(824): App\Controllers\LaporanPerdinas->excel_filter()
#9 C:\xampp\htdocs\penerimaan-pad\system\CodeIgniter.php(410): CodeIgniter\CodeIgniter->runController(Object(App\Controllers\LaporanPerdinas))
#10 C:\xampp\htdocs\penerimaan-pad\system\CodeIgniter.php(318): CodeIgniter\CodeIgniter->handleRequest(NULL, Object(Config\Cache), false)
#11 C:\xampp\htdocs\penerimaan-pad\public\index.php(37): CodeIgniter\CodeIgniter->run()
#12 {main}
CRITICAL - 2022-04-08 01:16:46 --> Undefined offset: 2
#0 C:\xampp\htdocs\penerimaan-pad\app\Views\laporan\excel_filter.php(23): CodeIgniter\Debug\Exceptions->errorHandler(8, 'Undefined offse...', 'C:\\xampp\\htdocs...', 23, Array)
#1 C:\xampp\htdocs\penerimaan-pad\app\Views\laporan\excel_filter.php(284): tgl_indo('2022-04')
#2 C:\xampp\htdocs\penerimaan-pad\system\View\View.php(214): include('C:\\xampp\\htdocs...')
#3 C:\xampp\htdocs\penerimaan-pad\system\View\View.php(217): CodeIgniter\View\View->CodeIgniter\View\{closure}()
#4 C:\xampp\htdocs\penerimaan-pad\system\Common.php(1097): CodeIgniter\View\View->render('laporan/excel_f...', Array, true)
#5 C:\xampp\htdocs\penerimaan-pad\app\Controllers\LaporanPerdinas.php(1177): view('laporan/excel_f...', Array)
#6 C:\xampp\htdocs\penerimaan-pad\system\CodeIgniter.php(824): App\Controllers\LaporanPerdinas->excel_filter()
#7 C:\xampp\htdocs\penerimaan-pad\system\CodeIgniter.php(410): CodeIgniter\CodeIgniter->runController(Object(App\Controllers\LaporanPerdinas))
#8 C:\xampp\htdocs\penerimaan-pad\system\CodeIgniter.php(318): CodeIgniter\CodeIgniter->handleRequest(NULL, Object(Config\Cache), false)
#9 C:\xampp\htdocs\penerimaan-pad\public\index.php(37): CodeIgniter\CodeIgniter->run()
#10 {main}
CRITICAL - 2022-04-08 01:19:06 --> Undefined offset: 2
#0 C:\xampp\htdocs\penerimaan-pad\app\Views\laporan\excel_filter.php(23): CodeIgniter\Debug\Exceptions->errorHandler(8, 'Undefined offse...', 'C:\\xampp\\htdocs...', 23, Array)
#1 C:\xampp\htdocs\penerimaan-pad\app\Views\laporan\excel_filter.php(284): tgl_indo('2022-04')
#2 C:\xampp\htdocs\penerimaan-pad\system\View\View.php(214): include('C:\\xampp\\htdocs...')
#3 C:\xampp\htdocs\penerimaan-pad\system\View\View.php(217): CodeIgniter\View\View->CodeIgniter\View\{closure}()
#4 C:\xampp\htdocs\penerimaan-pad\system\Common.php(1097): CodeIgniter\View\View->render('laporan/excel_f...', Array, true)
#5 C:\xampp\htdocs\penerimaan-pad\app\Controllers\LaporanPerdinas.php(1177): view('laporan/excel_f...', Array)
#6 C:\xampp\htdocs\penerimaan-pad\system\CodeIgniter.php(824): App\Controllers\LaporanPerdinas->excel_filter()
#7 C:\xampp\htdocs\penerimaan-pad\system\CodeIgniter.php(410): CodeIgniter\CodeIgniter->runController(Object(App\Controllers\LaporanPerdinas))
#8 C:\xampp\htdocs\penerimaan-pad\system\CodeIgniter.php(318): CodeIgniter\CodeIgniter->handleRequest(NULL, Object(Config\Cache), false)
#9 C:\xampp\htdocs\penerimaan-pad\public\index.php(37): CodeIgniter\CodeIgniter->run()
#10 {main}
CRITICAL - 2022-04-08 01:20:19 --> Undefined offset: 2
#0 C:\xampp\htdocs\penerimaan-pad\app\Views\laporan\excel_filter.php(23): CodeIgniter\Debug\Exceptions->errorHandler(8, 'Undefined offse...', 'C:\\xampp\\htdocs...', 23, Array)
#1 C:\xampp\htdocs\penerimaan-pad\app\Views\laporan\excel_filter.php(284): tgl_indo('2022-04')
#2 C:\xampp\htdocs\penerimaan-pad\system\View\View.php(214): include('C:\\xampp\\htdocs...')
#3 C:\xampp\htdocs\penerimaan-pad\system\View\View.php(217): CodeIgniter\View\View->CodeIgniter\View\{closure}()
#4 C:\xampp\htdocs\penerimaan-pad\system\Common.php(1097): CodeIgniter\View\View->render('laporan/excel_f...', Array, true)
#5 C:\xampp\htdocs\penerimaan-pad\app\Controllers\LaporanPerdinas.php(1177): view('laporan/excel_f...', Array)
#6 C:\xampp\htdocs\penerimaan-pad\system\CodeIgniter.php(824): App\Controllers\LaporanPerdinas->excel_filter()
#7 C:\xampp\htdocs\penerimaan-pad\system\CodeIgniter.php(410): CodeIgniter\CodeIgniter->runController(Object(App\Controllers\LaporanPerdinas))
#8 C:\xampp\htdocs\penerimaan-pad\system\CodeIgniter.php(318): CodeIgniter\CodeIgniter->handleRequest(NULL, Object(Config\Cache), false)
#9 C:\xampp\htdocs\penerimaan-pad\public\index.php(37): CodeIgniter\CodeIgniter->run()
#10 {main}
CRITICAL - 2022-04-08 01:28:56 --> Undefined variable: tanggal_akhir
#0 C:\xampp\htdocs\penerimaan-pad\app\Controllers\LaporanPerdinas.php(901): CodeIgniter\Debug\Exceptions->errorHandler(8, 'Undefined varia...', 'C:\\xampp\\htdocs...', 901, Array)
#1 C:\xampp\htdocs\penerimaan-pad\system\CodeIgniter.php(824): App\Controllers\LaporanPerdinas->excel_filter('2022-01-01')
#2 C:\xampp\htdocs\penerimaan-pad\system\CodeIgniter.php(410): CodeIgniter\CodeIgniter->runController(Object(App\Controllers\LaporanPerdinas))
#3 C:\xampp\htdocs\penerimaan-pad\system\CodeIgniter.php(318): CodeIgniter\CodeIgniter->handleRequest(NULL, Object(Config\Cache), false)
#4 C:\xampp\htdocs\penerimaan-pad\public\index.php(37): CodeIgniter\CodeIgniter->run()
#5 {main}
CRITICAL - 2022-04-08 01:30:07 --> Undefined offset: 2
#0 C:\xampp\htdocs\penerimaan-pad\app\Views\laporan\excel_filter.php(23): CodeIgniter\Debug\Exceptions->errorHandler(8, 'Undefined offse...', 'C:\\xampp\\htdocs...', 23, Array)
#1 C:\xampp\htdocs\penerimaan-pad\app\Views\laporan\excel_filter.php(284): tgl_indo('2022-04')
#2 C:\xampp\htdocs\penerimaan-pad\system\View\View.php(214): include('C:\\xampp\\htdocs...')
#3 C:\xampp\htdocs\penerimaan-pad\system\View\View.php(217): CodeIgniter\View\View->CodeIgniter\View\{closure}()
#4 C:\xampp\htdocs\penerimaan-pad\system\Common.php(1097): CodeIgniter\View\View->render('laporan/excel_f...', Array, true)
#5 C:\xampp\htdocs\penerimaan-pad\app\Controllers\LaporanPerdinas.php(1177): view('laporan/excel_f...', Array)
#6 C:\xampp\htdocs\penerimaan-pad\system\CodeIgniter.php(824): App\Controllers\LaporanPerdinas->excel_filter('2022-01-01', '2022-01-31')
#7 C:\xampp\htdocs\penerimaan-pad\system\CodeIgniter.php(410): CodeIgniter\CodeIgniter->runController(Object(App\Controllers\LaporanPerdinas))
#8 C:\xampp\htdocs\penerimaan-pad\system\CodeIgniter.php(318): CodeIgniter\CodeIgniter->handleRequest(NULL, Object(Config\Cache), false)
#9 C:\xampp\htdocs\penerimaan-pad\public\index.php(37): CodeIgniter\CodeIgniter->run()
#10 {main}
CRITICAL - 2022-04-08 01:30:09 --> Undefined offset: 2
#0 C:\xampp\htdocs\penerimaan-pad\app\Views\laporan\excel_filter.php(23): CodeIgniter\Debug\Exceptions->errorHandler(8, 'Undefined offse...', 'C:\\xampp\\htdocs...', 23, Array)
#1 C:\xampp\htdocs\penerimaan-pad\app\Views\laporan\excel_filter.php(284): tgl_indo('2022-04')
#2 C:\xampp\htdocs\penerimaan-pad\system\View\View.php(214): include('C:\\xampp\\htdocs...')
#3 C:\xampp\htdocs\penerimaan-pad\system\View\View.php(217): CodeIgniter\View\View->CodeIgniter\View\{closure}()
#4 C:\xampp\htdocs\penerimaan-pad\system\Common.php(1097): CodeIgniter\View\View->render('laporan/excel_f...', Array, true)
#5 C:\xampp\htdocs\penerimaan-pad\app\Controllers\LaporanPerdinas.php(1177): view('laporan/excel_f...', Array)
#6 C:\xampp\htdocs\penerimaan-pad\system\CodeIgniter.php(824): App\Controllers\LaporanPerdinas->excel_filter('2022-01-01', '2022-01-31')
#7 C:\xampp\htdocs\penerimaan-pad\system\CodeIgniter.php(410): CodeIgniter\CodeIgniter->runController(Object(App\Controllers\LaporanPerdinas))
#8 C:\xampp\htdocs\penerimaan-pad\system\CodeIgniter.php(318): CodeIgniter\CodeIgniter->handleRequest(NULL, Object(Config\Cache), false)
#9 C:\xampp\htdocs\penerimaan-pad\public\index.php(37): CodeIgniter\CodeIgniter->run()
#10 {main}
CRITICAL - 2022-04-08 01:30:15 --> Undefined offset: 2
#0 C:\xampp\htdocs\penerimaan-pad\app\Views\laporan\excel_filter.php(23): CodeIgniter\Debug\Exceptions->errorHandler(8, 'Undefined offse...', 'C:\\xampp\\htdocs...', 23, Array)
#1 C:\xampp\htdocs\penerimaan-pad\app\Views\laporan\excel_filter.php(284): tgl_indo('2022-04')
#2 C:\xampp\htdocs\penerimaan-pad\system\View\View.php(214): include('C:\\xampp\\htdocs...')
#3 C:\xampp\htdocs\penerimaan-pad\system\View\View.php(217): CodeIgniter\View\View->CodeIgniter\View\{closure}()
#4 C:\xampp\htdocs\penerimaan-pad\system\Common.php(1097): CodeIgniter\View\View->render('laporan/excel_f...', Array, true)
#5 C:\xampp\htdocs\penerimaan-pad\app\Controllers\LaporanPerdinas.php(1177): view('laporan/excel_f...', Array)
#6 C:\xampp\htdocs\penerimaan-pad\system\CodeIgniter.php(824): App\Controllers\LaporanPerdinas->excel_filter('2022-01-01', '2022-01-31')
#7 C:\xampp\htdocs\penerimaan-pad\system\CodeIgniter.php(410): CodeIgniter\CodeIgniter->runController(Object(App\Controllers\LaporanPerdinas))
#8 C:\xampp\htdocs\penerimaan-pad\system\CodeIgniter.php(318): CodeIgniter\CodeIgniter->handleRequest(NULL, Object(Config\Cache), false)
#9 C:\xampp\htdocs\penerimaan-pad\public\index.php(37): CodeIgniter\CodeIgniter->run()
#10 {main}
ERROR - 2022-04-08 01:34:17 --> You have an error in your SQL syntax; check the manual that corresponds to your MariaDB server version for the right syntax to use near 'IS NULL
AND `tanggal` < IS NULL
GROUP BY `id_target_pad`' at line 10
CRITICAL - 2022-04-08 01:34:17 --> You have an error in your SQL syntax; check the manual that corresponds to your MariaDB server version for the right syntax to use near 'IS NULL
AND `tanggal` < IS NULL
GROUP BY `id_target_pad`' at line 10
#0 C:\xampp\htdocs\penerimaan-pad\system\Database\MySQLi\Connection.php(292): mysqli->query('SELECT DISTINCT...', 0)
#1 C:\xampp\htdocs\penerimaan-pad\system\Database\BaseConnection.php(670): CodeIgniter\Database\MySQLi\Connection->execute('SELECT DISTINCT...')
#2 C:\xampp\htdocs\penerimaan-pad\system\Database\BaseConnection.php(598): CodeIgniter\Database\BaseConnection->simpleQuery('SELECT DISTINCT...')
#3 C:\xampp\htdocs\penerimaan-pad\system\Database\BaseBuilder.php(1443): CodeIgniter\Database\BaseConnection->query('SELECT DISTINCT...', Array, false)
#4 C:\xampp\htdocs\penerimaan-pad\system\Model.php(183): CodeIgniter\Database\BaseBuilder->get()
#5 C:\xampp\htdocs\penerimaan-pad\system\BaseModel.php(584): CodeIgniter\Model->doFindAll(0, 0)
#6 C:\xampp\htdocs\penerimaan-pad\app\Models\LaporanFilterModel.php(56): CodeIgniter\BaseModel->findAll()
#7 C:\xampp\htdocs\penerimaan-pad\app\Controllers\LaporanPerdinas.php(606): App\Models\LaporanFilterModel->getData1(NULL, NULL)
#8 C:\xampp\htdocs\penerimaan-pad\system\CodeIgniter.php(824): App\Controllers\LaporanPerdinas->filter()
#9 C:\xampp\htdocs\penerimaan-pad\system\CodeIgniter.php(410): CodeIgniter\CodeIgniter->runController(Object(App\Controllers\LaporanPerdinas))
#10 C:\xampp\htdocs\penerimaan-pad\system\CodeIgniter.php(318): CodeIgniter\CodeIgniter->handleRequest(NULL, Object(Config\Cache), false)
#11 C:\xampp\htdocs\penerimaan-pad\public\index.php(37): CodeIgniter\CodeIgniter->run()
#12 {main}
ERROR - 2022-04-08 01:41:33 --> You have an error in your SQL syntax; check the manual that corresponds to your MariaDB server version for the right syntax to use near 'IS NULL
AND `tanggal` < IS NULL
GROUP BY `id_target_pad`' at line 10
CRITICAL - 2022-04-08 01:41:33 --> You have an error in your SQL syntax; check the manual that corresponds to your MariaDB server version for the right syntax to use near 'IS NULL
AND `tanggal` < IS NULL
GROUP BY `id_target_pad`' at line 10
#0 C:\xampp\htdocs\penerimaan-pad\system\Database\MySQLi\Connection.php(292): mysqli->query('SELECT DISTINCT...', 0)
#1 C:\xampp\htdocs\penerimaan-pad\system\Database\BaseConnection.php(670): CodeIgniter\Database\MySQLi\Connection->execute('SELECT DISTINCT...')
#2 C:\xampp\htdocs\penerimaan-pad\system\Database\BaseConnection.php(598): CodeIgniter\Database\BaseConnection->simpleQuery('SELECT DISTINCT...')
#3 C:\xampp\htdocs\penerimaan-pad\system\Database\BaseBuilder.php(1443): CodeIgniter\Database\BaseConnection->query('SELECT DISTINCT...', Array, false)
#4 C:\xampp\htdocs\penerimaan-pad\system\Model.php(183): CodeIgniter\Database\BaseBuilder->get()
#5 C:\xampp\htdocs\penerimaan-pad\system\BaseModel.php(584): CodeIgniter\Model->doFindAll(0, 0)
#6 C:\xampp\htdocs\penerimaan-pad\app\Models\LaporanFilterModel.php(56): CodeIgniter\BaseModel->findAll()
#7 C:\xampp\htdocs\penerimaan-pad\app\Controllers\LaporanPerdinas.php(606): App\Models\LaporanFilterModel->getData1(NULL, NULL)
#8 C:\xampp\htdocs\penerimaan-pad\system\CodeIgniter.php(824): App\Controllers\LaporanPerdinas->filter()
#9 C:\xampp\htdocs\penerimaan-pad\system\CodeIgniter.php(410): CodeIgniter\CodeIgniter->runController(Object(App\Controllers\LaporanPerdinas))
#10 C:\xampp\htdocs\penerimaan-pad\system\CodeIgniter.php(318): CodeIgniter\CodeIgniter->handleRequest(NULL, Object(Config\Cache), false)
#11 C:\xampp\htdocs\penerimaan-pad\public\index.php(37): CodeIgniter\CodeIgniter->run()
#12 {main}
CRITICAL - 2022-04-08 01:41:55 --> Too few arguments to function App\Controllers\LaporanPerdinas::excel_filter(), 0 passed in C:\xampp\htdocs\penerimaan-pad\system\CodeIgniter.php on line 824 and exactly 2 expected
#0 C:\xampp\htdocs\penerimaan-pad\system\CodeIgniter.php(824): App\Controllers\LaporanPerdinas->excel_filter()
#1 C:\xampp\htdocs\penerimaan-pad\system\CodeIgniter.php(410): CodeIgniter\CodeIgniter->runController(Object(App\Controllers\LaporanPerdinas))
#2 C:\xampp\htdocs\penerimaan-pad\system\CodeIgniter.php(318): CodeIgniter\CodeIgniter->handleRequest(NULL, Object(Config\Cache), false)
#3 C:\xampp\htdocs\penerimaan-pad\public\index.php(37): CodeIgniter\CodeIgniter->run()
#4 {main}
CRITICAL - 2022-04-08 01:41:59 --> Too few arguments to function App\Controllers\LaporanPerdinas::excel_filter(), 0 passed in C:\xampp\htdocs\penerimaan-pad\system\CodeIgniter.php on line 824 and exactly 2 expected
#0 C:\xampp\htdocs\penerimaan-pad\system\CodeIgniter.php(824): App\Controllers\LaporanPerdinas->excel_filter()
#1 C:\xampp\htdocs\penerimaan-pad\system\CodeIgniter.php(410): CodeIgniter\CodeIgniter->runController(Object(App\Controllers\LaporanPerdinas))
#2 C:\xampp\htdocs\penerimaan-pad\system\CodeIgniter.php(318): CodeIgniter\CodeIgniter->handleRequest(NULL, Object(Config\Cache), false)
#3 C:\xampp\htdocs\penerimaan-pad\public\index.php(37): CodeIgniter\CodeIgniter->run()
#4 {main}
CRITICAL - 2022-04-08 01:54:54 --> Undefined offset: 2
#0 C:\xampp\htdocs\penerimaan-pad\app\Views\laporan\excel_filter.php(23): CodeIgniter\Debug\Exceptions->errorHandler(8, 'Undefined offse...', 'C:\\xampp\\htdocs...', 23, Array)
#1 C:\xampp\htdocs\penerimaan-pad\app\Views\laporan\excel_filter.php(284): tgl_indo('2022-04')
#2 C:\xampp\htdocs\penerimaan-pad\system\View\View.php(214): include('C:\\xampp\\htdocs...')
#3 C:\xampp\htdocs\penerimaan-pad\system\View\View.php(217): CodeIgniter\View\View->CodeIgniter\View\{closure}()
#4 C:\xampp\htdocs\penerimaan-pad\system\Common.php(1097): CodeIgniter\View\View->render('laporan/excel_f...', Array, true)
#5 C:\xampp\htdocs\penerimaan-pad\app\Controllers\LaporanPerdinas.php(1177): view('laporan/excel_f...', Array)
#6 C:\xampp\htdocs\penerimaan-pad\system\CodeIgniter.php(824): App\Controllers\LaporanPerdinas->excel_filter()
#7 C:\xampp\htdocs\penerimaan-pad\system\CodeIgniter.php(410): CodeIgniter\CodeIgniter->runController(Object(App\Controllers\LaporanPerdinas))
#8 C:\xampp\htdocs\penerimaan-pad\system\CodeIgniter.php(318): CodeIgniter\CodeIgniter->handleRequest(NULL, Object(Config\Cache), false)
#9 C:\xampp\htdocs\penerimaan-pad\public\index.php(37): CodeIgniter\CodeIgniter->run()
#10 {main}
CRITICAL - 2022-04-08 01:55:10 --> Undefined offset: 2
#0 C:\xampp\htdocs\penerimaan-pad\app\Views\laporan\excel_filter.php(23): CodeIgniter\Debug\Exceptions->errorHandler(8, 'Undefined offse...', 'C:\\xampp\\htdocs...', 23, Array)
#1 C:\xampp\htdocs\penerimaan-pad\app\Views\laporan\excel_filter.php(284): tgl_indo('2022-04')
#2 C:\xampp\htdocs\penerimaan-pad\system\View\View.php(214): include('C:\\xampp\\htdocs...')
#3 C:\xampp\htdocs\penerimaan-pad\system\View\View.php(217): CodeIgniter\View\View->CodeIgniter\View\{closure}()
#4 C:\xampp\htdocs\penerimaan-pad\system\Common.php(1097): CodeIgniter\View\View->render('laporan/excel_f...', Array, true)
#5 C:\xampp\htdocs\penerimaan-pad\app\Controllers\LaporanPerdinas.php(1177): view('laporan/excel_f...', Array)
#6 C:\xampp\htdocs\penerimaan-pad\system\CodeIgniter.php(824): App\Controllers\LaporanPerdinas->excel_filter()
#7 C:\xampp\htdocs\penerimaan-pad\system\CodeIgniter.php(410): CodeIgniter\CodeIgniter->runController(Object(App\Controllers\LaporanPerdinas))
#8 C:\xampp\htdocs\penerimaan-pad\system\CodeIgniter.php(318): CodeIgniter\CodeIgniter->handleRequest(NULL, Object(Config\Cache), false)
#9 C:\xampp\htdocs\penerimaan-pad\public\index.php(37): CodeIgniter\CodeIgniter->run()
#10 {main}
CRITICAL - 2022-04-08 01:56:01 --> Undefined offset: 2
#0 C:\xampp\htdocs\penerimaan-pad\app\Views\laporan\excel_filter.php(23): CodeIgniter\Debug\Exceptions->errorHandler(8, 'Undefined offse...', 'C:\\xampp\\htdocs...', 23, Array)
#1 C:\xampp\htdocs\penerimaan-pad\app\Views\laporan\excel_filter.php(284): tgl_indo('2022-04')
#2 C:\xampp\htdocs\penerimaan-pad\system\View\View.php(214): include('C:\\xampp\\htdocs...')
#3 C:\xampp\htdocs\penerimaan-pad\system\View\View.php(217): CodeIgniter\View\View->CodeIgniter\View\{closure}()
#4 C:\xampp\htdocs\penerimaan-pad\system\Common.php(1097): CodeIgniter\View\View->render('laporan/excel_f...', Array, true)
#5 C:\xampp\htdocs\penerimaan-pad\app\Controllers\LaporanPerdinas.php(1177): view('laporan/excel_f...', Array)
#6 C:\xampp\htdocs\penerimaan-pad\system\CodeIgniter.php(824): App\Controllers\LaporanPerdinas->excel_filter()
#7 C:\xampp\htdocs\penerimaan-pad\system\CodeIgniter.php(410): CodeIgniter\CodeIgniter->runController(Object(App\Controllers\LaporanPerdinas))
#8 C:\xampp\htdocs\penerimaan-pad\system\CodeIgniter.php(318): CodeIgniter\CodeIgniter->handleRequest(NULL, Object(Config\Cache), false)
#9 C:\xampp\htdocs\penerimaan-pad\public\index.php(37): CodeIgniter\CodeIgniter->run()
#10 {main}
