CRITICAL - 2022-04-04 09:24:12 --> Undefined variable: totalTime
#0 C:\xampp\htdocs\penerimaan-pad\system\Debug\Toolbar\Views\toolbar.tpl.php(40): CodeIgniter\Debug\Exceptions->errorHandler(8, 'Undefined varia...', 'C:\\xampp\\htdocs...', 40, Array)
#1 C:\xampp\htdocs\penerimaan-pad\system\Debug\Toolbar.php(497): include('C:\\xampp\\htdocs...')
#2 C:\xampp\htdocs\penerimaan-pad\system\Debug\Toolbar.php(460): CodeIgniter\Debug\Toolbar->format(Array, 'html')
#3 C:\xampp\htdocs\penerimaan-pad\app\Config\Events.php(48): CodeIgniter\Debug\Toolbar->respond()
#4 C:\xampp\htdocs\penerimaan-pad\system\Events\Events.php(149): CodeIgniter\Events\Events::Config\{closure}()
#5 C:\xampp\htdocs\penerimaan-pad\system\CodeIgniter.php(300): CodeIgniter\Events\Events::trigger('pre_system')
#6 C:\xampp\htdocs\penerimaan-pad\public\index.php(37): CodeIgniter\CodeIgniter->run()
#7 {main}
CRITICAL - 2022-04-04 18:30:25 --> syntax error, unexpected '->' (T_OBJECT_OPERATOR), expecting ';'
#0 C:\xampp\htdocs\penerimaan-pad\system\Autoloader\Autoloader.php(241): CodeIgniter\Autoloader\Autoloader->includeFile('C:\\xampp\\htdocs...')
#1 C:\xampp\htdocs\penerimaan-pad\system\Autoloader\Autoloader.php(219): CodeIgniter\Autoloader\Autoloader->loadInNamespace('App\\Models\\Lapo...')
#2 [internal function]: CodeIgniter\Autoloader\Autoloader->loadClass('App\\Models\\Lapo...')
#3 C:\xampp\htdocs\penerimaan-pad\app\Controllers\LaporanPerdinas.php(16): spl_autoload_call('App\\Models\\Lapo...')
#4 C:\xampp\htdocs\penerimaan-pad\system\CodeIgniter.php(801): App\Controllers\LaporanPerdinas->__construct()
#5 C:\xampp\htdocs\penerimaan-pad\system\CodeIgniter.php(401): CodeIgniter\CodeIgniter->createController()
#6 C:\xampp\htdocs\penerimaan-pad\system\CodeIgniter.php(318): CodeIgniter\CodeIgniter->handleRequest(NULL, Object(Config\Cache), false)
#7 C:\xampp\htdocs\penerimaan-pad\public\index.php(37): CodeIgniter\CodeIgniter->run()
#8 {main}
ERROR - 2022-04-04 18:30:44 --> Unknown column 'id_opd' in 'where clause'
CRITICAL - 2022-04-04 18:30:44 --> Unknown column 'id_opd' in 'where clause'
#0 C:\xampp\htdocs\penerimaan-pad\system\Database\MySQLi\Connection.php(292): mysqli->query('SELECT DISTINCT...', 0)
#1 C:\xampp\htdocs\penerimaan-pad\system\Database\BaseConnection.php(670): CodeIgniter\Database\MySQLi\Connection->execute('SELECT DISTINCT...')
#2 C:\xampp\htdocs\penerimaan-pad\system\Database\BaseConnection.php(598): CodeIgniter\Database\BaseConnection->simpleQuery('SELECT DISTINCT...')
#3 C:\xampp\htdocs\penerimaan-pad\system\Database\BaseBuilder.php(1443): CodeIgniter\Database\BaseConnection->query('SELECT DISTINCT...', Array, false)
#4 C:\xampp\htdocs\penerimaan-pad\system\Model.php(183): CodeIgniter\Database\BaseBuilder->get()
#5 C:\xampp\htdocs\penerimaan-pad\system\BaseModel.php(584): CodeIgniter\Model->doFindAll(0, 0)
#6 C:\xampp\htdocs\penerimaan-pad\app\Models\LaporanModel.php(29): CodeIgniter\BaseModel->findAll()
#7 C:\xampp\htdocs\penerimaan-pad\app\Controllers\LaporanPerdinas.php(53): App\Models\LaporanModel->getData1('04')
#8 C:\xampp\htdocs\penerimaan-pad\system\CodeIgniter.php(824): App\Controllers\LaporanPerdinas->index()
#9 C:\xampp\htdocs\penerimaan-pad\system\CodeIgniter.php(410): CodeIgniter\CodeIgniter->runController(Object(App\Controllers\LaporanPerdinas))
#10 C:\xampp\htdocs\penerimaan-pad\system\CodeIgniter.php(318): CodeIgniter\CodeIgniter->handleRequest(NULL, Object(Config\Cache), false)
#11 C:\xampp\htdocs\penerimaan-pad\public\index.php(37): CodeIgniter\CodeIgniter->run()
#12 {main}
