ERROR - 2022-01-06 21:25:07 --> Error connecting to the database: No connection could be made because the target machine actively refused it.

CRITICAL - 2022-01-06 21:25:07 --> Unable to connect to the database.
Main connection [MySQLi]: No connection could be made because the target machine actively refused it.

#0 C:\xampp\htdocs\crud-ci4\system\Database\BaseConnection.php(577): CodeIgniter\Database\BaseConnection->initialize()
#1 C:\xampp\htdocs\crud-ci4\system\Database\BaseBuilder.php(1443): CodeIgniter\Database\BaseConnection->query('SELECT *\nFROM `...', Array, false)
#2 C:\xampp\htdocs\crud-ci4\system\Model.php(183): CodeIgniter\Database\BaseBuilder->get()
#3 C:\xampp\htdocs\crud-ci4\system\BaseModel.php(584): CodeIgniter\Model->doFindAll(0, 0)
#4 C:\xampp\htdocs\crud-ci4\app\Models\KomikModel.php(33): CodeIgniter\BaseModel->findAll()
#5 C:\xampp\htdocs\crud-ci4\app\Controllers\Komik.php(21): App\Models\KomikModel->getKomik()
#6 C:\xampp\htdocs\crud-ci4\system\CodeIgniter.php(824): App\Controllers\Komik->index()
#7 C:\xampp\htdocs\crud-ci4\system\CodeIgniter.php(410): CodeIgniter\CodeIgniter->runController(Object(App\Controllers\Komik))
#8 C:\xampp\htdocs\crud-ci4\system\CodeIgniter.php(318): CodeIgniter\CodeIgniter->handleRequest(NULL, Object(Config\Cache), false)
#9 C:\xampp\htdocs\crud-ci4\public\index.php(37): CodeIgniter\CodeIgniter->run()
#10 C:\xampp\htdocs\crud-ci4\system\Commands\Server\rewrite.php(43): require_once('C:\\xampp\\htdocs...')
#11 {main}
ERROR - 2022-01-06 21:25:59 --> Error connecting to the database: Unknown database 'crud-ci4'
CRITICAL - 2022-01-06 21:25:59 --> Unable to connect to the database.
Main connection [MySQLi]: Unknown database 'crud-ci4'
#0 C:\xampp\htdocs\crud-ci4\system\Database\BaseConnection.php(577): CodeIgniter\Database\BaseConnection->initialize()
#1 C:\xampp\htdocs\crud-ci4\system\Database\BaseBuilder.php(1443): CodeIgniter\Database\BaseConnection->query('SELECT *\nFROM `...', Array, false)
#2 C:\xampp\htdocs\crud-ci4\system\Model.php(183): CodeIgniter\Database\BaseBuilder->get()
#3 C:\xampp\htdocs\crud-ci4\system\BaseModel.php(584): CodeIgniter\Model->doFindAll(0, 0)
#4 C:\xampp\htdocs\crud-ci4\app\Models\KomikModel.php(33): CodeIgniter\BaseModel->findAll()
#5 C:\xampp\htdocs\crud-ci4\app\Controllers\Komik.php(21): App\Models\KomikModel->getKomik()
#6 C:\xampp\htdocs\crud-ci4\system\CodeIgniter.php(824): App\Controllers\Komik->index()
#7 C:\xampp\htdocs\crud-ci4\system\CodeIgniter.php(410): CodeIgniter\CodeIgniter->runController(Object(App\Controllers\Komik))
#8 C:\xampp\htdocs\crud-ci4\system\CodeIgniter.php(318): CodeIgniter\CodeIgniter->handleRequest(NULL, Object(Config\Cache), false)
#9 C:\xampp\htdocs\crud-ci4\public\index.php(37): CodeIgniter\CodeIgniter->run()
#10 C:\xampp\htdocs\crud-ci4\system\Commands\Server\rewrite.php(43): require_once('C:\\xampp\\htdocs...')
#11 {main}
CRITICAL - 2022-01-06 22:46:01 --> Too few arguments to function App\Controllers\LaporanPerdinas::index(), 0 passed in C:\xampp\htdocs\penerimaan-pad\system\CodeIgniter.php on line 824 and exactly 1 expected
#0 C:\xampp\htdocs\penerimaan-pad\system\CodeIgniter.php(824): App\Controllers\LaporanPerdinas->index()
#1 C:\xampp\htdocs\penerimaan-pad\system\CodeIgniter.php(410): CodeIgniter\CodeIgniter->runController(Object(App\Controllers\LaporanPerdinas))
#2 C:\xampp\htdocs\penerimaan-pad\system\CodeIgniter.php(318): CodeIgniter\CodeIgniter->handleRequest(NULL, Object(Config\Cache), false)
#3 C:\xampp\htdocs\penerimaan-pad\public\index.php(37): CodeIgniter\CodeIgniter->run()
#4 C:\xampp\htdocs\penerimaan-pad\system\Commands\Server\rewrite.php(43): require_once('C:\\xampp\\htdocs...')
#5 {main}
CRITICAL - 2022-01-06 22:49:11 --> Call to undefined method App\Models\LaporanModel::andWhere
#0 C:\xampp\htdocs\penerimaan-pad\app\Models\LaporanModel.php(29): CodeIgniter\Model->__call('andWhere', Array)
#1 C:\xampp\htdocs\penerimaan-pad\app\Controllers\LaporanPerdinas.php(44): App\Models\LaporanModel->getData1()
#2 C:\xampp\htdocs\penerimaan-pad\system\CodeIgniter.php(824): App\Controllers\LaporanPerdinas->index('$bulan')
#3 C:\xampp\htdocs\penerimaan-pad\system\CodeIgniter.php(410): CodeIgniter\CodeIgniter->runController(Object(App\Controllers\LaporanPerdinas))
#4 C:\xampp\htdocs\penerimaan-pad\system\CodeIgniter.php(318): CodeIgniter\CodeIgniter->handleRequest(NULL, Object(Config\Cache), false)
#5 C:\xampp\htdocs\penerimaan-pad\public\index.php(37): CodeIgniter\CodeIgniter->run()
#6 C:\xampp\htdocs\penerimaan-pad\system\Commands\Server\rewrite.php(43): require_once('C:\\xampp\\htdocs...')
#7 {main}
CRITICAL - 2022-01-06 22:50:42 --> Too few arguments to function App\Models\LaporanModel::getData1(), 0 passed in C:\xampp\htdocs\penerimaan-pad\app\Controllers\LaporanPerdinas.php on line 44 and exactly 1 expected
#0 C:\xampp\htdocs\penerimaan-pad\app\Controllers\LaporanPerdinas.php(44): App\Models\LaporanModel->getData1()
#1 C:\xampp\htdocs\penerimaan-pad\system\CodeIgniter.php(824): App\Controllers\LaporanPerdinas->index('$bulan')
#2 C:\xampp\htdocs\penerimaan-pad\system\CodeIgniter.php(410): CodeIgniter\CodeIgniter->runController(Object(App\Controllers\LaporanPerdinas))
#3 C:\xampp\htdocs\penerimaan-pad\system\CodeIgniter.php(318): CodeIgniter\CodeIgniter->handleRequest(NULL, Object(Config\Cache), false)
#4 C:\xampp\htdocs\penerimaan-pad\public\index.php(37): CodeIgniter\CodeIgniter->run()
#5 C:\xampp\htdocs\penerimaan-pad\system\Commands\Server\rewrite.php(43): require_once('C:\\xampp\\htdocs...')
#6 {main}
CRITICAL - 2022-01-06 22:56:39 --> Undefined variable: bulan
#0 C:\xampp\htdocs\penerimaan-pad\app\Views\layout\navbar.php(70): CodeIgniter\Debug\Exceptions->errorHandler(8, 'Undefined varia...', 'C:\\xampp\\htdocs...', 70, Array)
#1 C:\xampp\htdocs\penerimaan-pad\system\View\View.php(214): include('C:\\xampp\\htdocs...')
#2 C:\xampp\htdocs\penerimaan-pad\system\View\View.php(217): CodeIgniter\View\View->CodeIgniter\View\{closure}()
#3 C:\xampp\htdocs\penerimaan-pad\system\View\View.php(432): CodeIgniter\View\View->render('layout/navbar', NULL, true)
#4 C:\xampp\htdocs\penerimaan-pad\app\Views\layout\template.php(13): CodeIgniter\View\View->include('layout/navbar')
#5 C:\xampp\htdocs\penerimaan-pad\system\View\View.php(214): include('C:\\xampp\\htdocs...')
#6 C:\xampp\htdocs\penerimaan-pad\system\View\View.php(217): CodeIgniter\View\View->CodeIgniter\View\{closure}()
#7 C:\xampp\htdocs\penerimaan-pad\system\View\View.php(230): CodeIgniter\View\View->render('layout/template', Array, true)
#8 C:\xampp\htdocs\penerimaan-pad\system\Common.php(1097): CodeIgniter\View\View->render('laporan/perdina...', Array, true)
#9 C:\xampp\htdocs\penerimaan-pad\app\Controllers\LaporanPerdinas.php(88): view('laporan/perdina...', Array)
#10 C:\xampp\htdocs\penerimaan-pad\system\CodeIgniter.php(824): App\Controllers\LaporanPerdinas->index('$bulan')
#11 C:\xampp\htdocs\penerimaan-pad\system\CodeIgniter.php(410): CodeIgniter\CodeIgniter->runController(Object(App\Controllers\LaporanPerdinas))
#12 C:\xampp\htdocs\penerimaan-pad\system\CodeIgniter.php(318): CodeIgniter\CodeIgniter->handleRequest(NULL, Object(Config\Cache), false)
#13 C:\xampp\htdocs\penerimaan-pad\public\index.php(37): CodeIgniter\CodeIgniter->run()
#14 C:\xampp\htdocs\penerimaan-pad\system\Commands\Server\rewrite.php(43): require_once('C:\\xampp\\htdocs...')
#15 {main}
CRITICAL - 2022-01-06 22:58:38 --> Undefined variable: bulan
#0 C:\xampp\htdocs\penerimaan-pad\app\Views\layout\navbar.php(70): CodeIgniter\Debug\Exceptions->errorHandler(8, 'Undefined varia...', 'C:\\xampp\\htdocs...', 70, Array)
#1 C:\xampp\htdocs\penerimaan-pad\system\View\View.php(214): include('C:\\xampp\\htdocs...')
#2 C:\xampp\htdocs\penerimaan-pad\system\View\View.php(217): CodeIgniter\View\View->CodeIgniter\View\{closure}()
#3 C:\xampp\htdocs\penerimaan-pad\system\View\View.php(432): CodeIgniter\View\View->render('layout/navbar', NULL, true)
#4 C:\xampp\htdocs\penerimaan-pad\app\Views\layout\template.php(13): CodeIgniter\View\View->include('layout/navbar')
#5 C:\xampp\htdocs\penerimaan-pad\system\View\View.php(214): include('C:\\xampp\\htdocs...')
#6 C:\xampp\htdocs\penerimaan-pad\system\View\View.php(217): CodeIgniter\View\View->CodeIgniter\View\{closure}()
#7 C:\xampp\htdocs\penerimaan-pad\system\View\View.php(230): CodeIgniter\View\View->render('layout/template', Array, true)
#8 C:\xampp\htdocs\penerimaan-pad\system\Common.php(1097): CodeIgniter\View\View->render('laporan/perdina...', Array, true)
#9 C:\xampp\htdocs\penerimaan-pad\app\Controllers\LaporanPerdinas.php(88): view('laporan/perdina...', Array)
#10 C:\xampp\htdocs\penerimaan-pad\system\CodeIgniter.php(824): App\Controllers\LaporanPerdinas->index('$bulan')
#11 C:\xampp\htdocs\penerimaan-pad\system\CodeIgniter.php(410): CodeIgniter\CodeIgniter->runController(Object(App\Controllers\LaporanPerdinas))
#12 C:\xampp\htdocs\penerimaan-pad\system\CodeIgniter.php(318): CodeIgniter\CodeIgniter->handleRequest(NULL, Object(Config\Cache), false)
#13 C:\xampp\htdocs\penerimaan-pad\public\index.php(37): CodeIgniter\CodeIgniter->run()
#14 C:\xampp\htdocs\penerimaan-pad\system\Commands\Server\rewrite.php(43): require_once('C:\\xampp\\htdocs...')
#15 {main}
