CRITICAL - 2022-01-31 01:50:08 --> Too few arguments to function App\Models\LaporanModel::getData1(), 0 passed in C:\xampp\htdocs\penerimaan-pad\app\Controllers\LaporanPerdinas.php on line 43 and exactly 1 expected
#0 C:\xampp\htdocs\penerimaan-pad\app\Controllers\LaporanPerdinas.php(43): App\Models\LaporanModel->getData1()
#1 C:\xampp\htdocs\penerimaan-pad\system\CodeIgniter.php(824): App\Controllers\LaporanPerdinas->index()
#2 C:\xampp\htdocs\penerimaan-pad\system\CodeIgniter.php(410): CodeIgniter\CodeIgniter->runController(Object(App\Controllers\LaporanPerdinas))
#3 C:\xampp\htdocs\penerimaan-pad\system\CodeIgniter.php(318): CodeIgniter\CodeIgniter->handleRequest(NULL, Object(Config\Cache), false)
#4 C:\xampp\htdocs\penerimaan-pad\public\index.php(37): CodeIgniter\CodeIgniter->run()
#5 C:\xampp\htdocs\penerimaan-pad\system\Commands\Server\rewrite.php(43): require_once('C:\\xampp\\htdocs...')
#6 {main}
CRITICAL - 2022-01-31 01:50:52 --> Too few arguments to function App\Models\LaporanModel::getData1(), 0 passed in C:\xampp\htdocs\penerimaan-pad\app\Controllers\LaporanPerdinas.php on line 43 and exactly 1 expected
#0 C:\xampp\htdocs\penerimaan-pad\app\Controllers\LaporanPerdinas.php(43): App\Models\LaporanModel->getData1()
#1 C:\xampp\htdocs\penerimaan-pad\system\CodeIgniter.php(824): App\Controllers\LaporanPerdinas->index()
#2 C:\xampp\htdocs\penerimaan-pad\system\CodeIgniter.php(410): CodeIgniter\CodeIgniter->runController(Object(App\Controllers\LaporanPerdinas))
#3 C:\xampp\htdocs\penerimaan-pad\system\CodeIgniter.php(318): CodeIgniter\CodeIgniter->handleRequest(NULL, Object(Config\Cache), false)
#4 C:\xampp\htdocs\penerimaan-pad\public\index.php(37): CodeIgniter\CodeIgniter->run()
#5 C:\xampp\htdocs\penerimaan-pad\system\Commands\Server\rewrite.php(43): require_once('C:\\xampp\\htdocs...')
#6 {main}
CRITICAL - 2022-01-31 02:22:27 --> Undefined property: CodeIgniter\View\View::$model
#0 C:\xampp\htdocs\penerimaan-pad\app\Views\laporan\perdinas.php(267): CodeIgniter\Debug\Exceptions->errorHandler(8, 'Undefined prope...', 'C:\\xampp\\htdocs...', 267, Array)
#1 C:\xampp\htdocs\penerimaan-pad\system\View\View.php(214): include('C:\\xampp\\htdocs...')
#2 C:\xampp\htdocs\penerimaan-pad\system\View\View.php(217): CodeIgniter\View\View->CodeIgniter\View\{closure}()
#3 C:\xampp\htdocs\penerimaan-pad\system\Common.php(1097): CodeIgniter\View\View->render('laporan/perdina...', Array, true)
#4 C:\xampp\htdocs\penerimaan-pad\app\Controllers\LaporanPerdinas.php(89): view('laporan/perdina...', Array)
#5 C:\xampp\htdocs\penerimaan-pad\system\CodeIgniter.php(824): App\Controllers\LaporanPerdinas->index()
#6 C:\xampp\htdocs\penerimaan-pad\system\CodeIgniter.php(410): CodeIgniter\CodeIgniter->runController(Object(App\Controllers\LaporanPerdinas))
#7 C:\xampp\htdocs\penerimaan-pad\system\CodeIgniter.php(318): CodeIgniter\CodeIgniter->handleRequest(NULL, Object(Config\Cache), false)
#8 C:\xampp\htdocs\penerimaan-pad\public\index.php(37): CodeIgniter\CodeIgniter->run()
#9 C:\xampp\htdocs\penerimaan-pad\system\Commands\Server\rewrite.php(43): require_once('C:\\xampp\\htdocs...')
#10 {main}
CRITICAL - 2022-01-31 02:22:56 --> Undefined property: CodeIgniter\View\View::$model
#0 C:\xampp\htdocs\penerimaan-pad\app\Views\laporan\perdinas.php(267): CodeIgniter\Debug\Exceptions->errorHandler(8, 'Undefined prope...', 'C:\\xampp\\htdocs...', 267, Array)
#1 C:\xampp\htdocs\penerimaan-pad\system\View\View.php(214): include('C:\\xampp\\htdocs...')
#2 C:\xampp\htdocs\penerimaan-pad\system\View\View.php(217): CodeIgniter\View\View->CodeIgniter\View\{closure}()
#3 C:\xampp\htdocs\penerimaan-pad\system\Common.php(1097): CodeIgniter\View\View->render('laporan/perdina...', Array, true)
#4 C:\xampp\htdocs\penerimaan-pad\app\Controllers\LaporanPerdinas.php(89): view('laporan/perdina...', Array)
#5 C:\xampp\htdocs\penerimaan-pad\system\CodeIgniter.php(824): App\Controllers\LaporanPerdinas->index()
#6 C:\xampp\htdocs\penerimaan-pad\system\CodeIgniter.php(410): CodeIgniter\CodeIgniter->runController(Object(App\Controllers\LaporanPerdinas))
#7 C:\xampp\htdocs\penerimaan-pad\system\CodeIgniter.php(318): CodeIgniter\CodeIgniter->handleRequest(NULL, Object(Config\Cache), false)
#8 C:\xampp\htdocs\penerimaan-pad\public\index.php(37): CodeIgniter\CodeIgniter->run()
#9 C:\xampp\htdocs\penerimaan-pad\system\Commands\Server\rewrite.php(43): require_once('C:\\xampp\\htdocs...')
#10 {main}
CRITICAL - 2022-01-31 02:22:57 --> Undefined property: CodeIgniter\View\View::$model
#0 C:\xampp\htdocs\penerimaan-pad\app\Views\laporan\perdinas.php(267): CodeIgniter\Debug\Exceptions->errorHandler(8, 'Undefined prope...', 'C:\\xampp\\htdocs...', 267, Array)
#1 C:\xampp\htdocs\penerimaan-pad\system\View\View.php(214): include('C:\\xampp\\htdocs...')
#2 C:\xampp\htdocs\penerimaan-pad\system\View\View.php(217): CodeIgniter\View\View->CodeIgniter\View\{closure}()
#3 C:\xampp\htdocs\penerimaan-pad\system\Common.php(1097): CodeIgniter\View\View->render('laporan/perdina...', Array, true)
#4 C:\xampp\htdocs\penerimaan-pad\app\Controllers\LaporanPerdinas.php(89): view('laporan/perdina...', Array)
#5 C:\xampp\htdocs\penerimaan-pad\system\CodeIgniter.php(824): App\Controllers\LaporanPerdinas->index()
#6 C:\xampp\htdocs\penerimaan-pad\system\CodeIgniter.php(410): CodeIgniter\CodeIgniter->runController(Object(App\Controllers\LaporanPerdinas))
#7 C:\xampp\htdocs\penerimaan-pad\system\CodeIgniter.php(318): CodeIgniter\CodeIgniter->handleRequest(NULL, Object(Config\Cache), false)
#8 C:\xampp\htdocs\penerimaan-pad\public\index.php(37): CodeIgniter\CodeIgniter->run()
#9 C:\xampp\htdocs\penerimaan-pad\system\Commands\Server\rewrite.php(43): require_once('C:\\xampp\\htdocs...')
#10 {main}
CRITICAL - 2022-01-31 06:00:00 --> Undefined property: CodeIgniter\View\View::$model
#0 C:\xampp\htdocs\penerimaan-pad\app\Views\laporan\perdinas.php(267): CodeIgniter\Debug\Exceptions->errorHandler(8, 'Undefined prope...', 'C:\\xampp\\htdocs...', 267, Array)
#1 C:\xampp\htdocs\penerimaan-pad\system\View\View.php(214): include('C:\\xampp\\htdocs...')
#2 C:\xampp\htdocs\penerimaan-pad\system\View\View.php(217): CodeIgniter\View\View->CodeIgniter\View\{closure}()
#3 C:\xampp\htdocs\penerimaan-pad\system\Common.php(1097): CodeIgniter\View\View->render('laporan/perdina...', Array, true)
#4 C:\xampp\htdocs\penerimaan-pad\app\Controllers\LaporanPerdinas.php(89): view('laporan/perdina...', Array)
#5 C:\xampp\htdocs\penerimaan-pad\system\CodeIgniter.php(824): App\Controllers\LaporanPerdinas->index()
#6 C:\xampp\htdocs\penerimaan-pad\system\CodeIgniter.php(410): CodeIgniter\CodeIgniter->runController(Object(App\Controllers\LaporanPerdinas))
#7 C:\xampp\htdocs\penerimaan-pad\system\CodeIgniter.php(318): CodeIgniter\CodeIgniter->handleRequest(NULL, Object(Config\Cache), false)
#8 C:\xampp\htdocs\penerimaan-pad\public\index.php(37): CodeIgniter\CodeIgniter->run()
#9 C:\xampp\htdocs\penerimaan-pad\system\Commands\Server\rewrite.php(43): require_once('C:\\xampp\\htdocs...')
#10 {main}
CRITICAL - 2022-01-31 06:01:29 --> Undefined property: CodeIgniter\View\View::$load
#0 C:\xampp\htdocs\penerimaan-pad\app\Views\laporan\perdinas.php(267): CodeIgniter\Debug\Exceptions->errorHandler(8, 'Undefined prope...', 'C:\\xampp\\htdocs...', 267, Array)
#1 C:\xampp\htdocs\penerimaan-pad\system\View\View.php(214): include('C:\\xampp\\htdocs...')
#2 C:\xampp\htdocs\penerimaan-pad\system\View\View.php(217): CodeIgniter\View\View->CodeIgniter\View\{closure}()
#3 C:\xampp\htdocs\penerimaan-pad\system\Common.php(1097): CodeIgniter\View\View->render('laporan/perdina...', Array, true)
#4 C:\xampp\htdocs\penerimaan-pad\app\Controllers\LaporanPerdinas.php(89): view('laporan/perdina...', Array)
#5 C:\xampp\htdocs\penerimaan-pad\system\CodeIgniter.php(824): App\Controllers\LaporanPerdinas->index()
#6 C:\xampp\htdocs\penerimaan-pad\system\CodeIgniter.php(410): CodeIgniter\CodeIgniter->runController(Object(App\Controllers\LaporanPerdinas))
#7 C:\xampp\htdocs\penerimaan-pad\system\CodeIgniter.php(318): CodeIgniter\CodeIgniter->handleRequest(NULL, Object(Config\Cache), false)
#8 C:\xampp\htdocs\penerimaan-pad\public\index.php(37): CodeIgniter\CodeIgniter->run()
#9 C:\xampp\htdocs\penerimaan-pad\system\Commands\Server\rewrite.php(43): require_once('C:\\xampp\\htdocs...')
#10 {main}
CRITICAL - 2022-01-31 06:04:32 --> Undefined property: CodeIgniter\View\View::$jenisPajakModel
#0 C:\xampp\htdocs\penerimaan-pad\app\Views\laporan\perdinas.php(268): CodeIgniter\Debug\Exceptions->errorHandler(8, 'Undefined prope...', 'C:\\xampp\\htdocs...', 268, Array)
#1 C:\xampp\htdocs\penerimaan-pad\system\View\View.php(214): include('C:\\xampp\\htdocs...')
#2 C:\xampp\htdocs\penerimaan-pad\system\View\View.php(217): CodeIgniter\View\View->CodeIgniter\View\{closure}()
#3 C:\xampp\htdocs\penerimaan-pad\system\Common.php(1097): CodeIgniter\View\View->render('laporan/perdina...', Array, true)
#4 C:\xampp\htdocs\penerimaan-pad\app\Controllers\LaporanPerdinas.php(89): view('laporan/perdina...', Array)
#5 C:\xampp\htdocs\penerimaan-pad\system\CodeIgniter.php(824): App\Controllers\LaporanPerdinas->index()
#6 C:\xampp\htdocs\penerimaan-pad\system\CodeIgniter.php(410): CodeIgniter\CodeIgniter->runController(Object(App\Controllers\LaporanPerdinas))
#7 C:\xampp\htdocs\penerimaan-pad\system\CodeIgniter.php(318): CodeIgniter\CodeIgniter->handleRequest(NULL, Object(Config\Cache), false)
#8 C:\xampp\htdocs\penerimaan-pad\public\index.php(37): CodeIgniter\CodeIgniter->run()
#9 C:\xampp\htdocs\penerimaan-pad\system\Commands\Server\rewrite.php(43): require_once('C:\\xampp\\htdocs...')
#10 {main}
CRITICAL - 2022-01-31 06:05:41 --> Undefined property: CodeIgniter\View\View::$jenisPajakModel
#0 C:\xampp\htdocs\penerimaan-pad\app\Views\laporan\perdinas.php(272): CodeIgniter\Debug\Exceptions->errorHandler(8, 'Undefined prope...', 'C:\\xampp\\htdocs...', 272, Array)
#1 C:\xampp\htdocs\penerimaan-pad\system\View\View.php(214): include('C:\\xampp\\htdocs...')
#2 C:\xampp\htdocs\penerimaan-pad\system\View\View.php(217): CodeIgniter\View\View->CodeIgniter\View\{closure}()
#3 C:\xampp\htdocs\penerimaan-pad\system\Common.php(1097): CodeIgniter\View\View->render('laporan/perdina...', Array, true)
#4 C:\xampp\htdocs\penerimaan-pad\app\Controllers\LaporanPerdinas.php(89): view('laporan/perdina...', Array)
#5 C:\xampp\htdocs\penerimaan-pad\system\CodeIgniter.php(824): App\Controllers\LaporanPerdinas->index()
#6 C:\xampp\htdocs\penerimaan-pad\system\CodeIgniter.php(410): CodeIgniter\CodeIgniter->runController(Object(App\Controllers\LaporanPerdinas))
#7 C:\xampp\htdocs\penerimaan-pad\system\CodeIgniter.php(318): CodeIgniter\CodeIgniter->handleRequest(NULL, Object(Config\Cache), false)
#8 C:\xampp\htdocs\penerimaan-pad\public\index.php(37): CodeIgniter\CodeIgniter->run()
#9 C:\xampp\htdocs\penerimaan-pad\system\Commands\Server\rewrite.php(43): require_once('C:\\xampp\\htdocs...')
#10 {main}
CRITICAL - 2022-01-31 06:06:03 --> Call to undefined method App\Models\LaporanModel::LaporanModel
#0 C:\xampp\htdocs\penerimaan-pad\app\Views\laporan\perdinas.php(272): CodeIgniter\Model->__call('LaporanModel', Array)
#1 C:\xampp\htdocs\penerimaan-pad\system\View\View.php(214): include('C:\\xampp\\htdocs...')
#2 C:\xampp\htdocs\penerimaan-pad\system\View\View.php(217): CodeIgniter\View\View->CodeIgniter\View\{closure}()
#3 C:\xampp\htdocs\penerimaan-pad\system\Common.php(1097): CodeIgniter\View\View->render('laporan/perdina...', Array, true)
#4 C:\xampp\htdocs\penerimaan-pad\app\Controllers\LaporanPerdinas.php(89): view('laporan/perdina...', Array)
#5 C:\xampp\htdocs\penerimaan-pad\system\CodeIgniter.php(824): App\Controllers\LaporanPerdinas->index()
#6 C:\xampp\htdocs\penerimaan-pad\system\CodeIgniter.php(410): CodeIgniter\CodeIgniter->runController(Object(App\Controllers\LaporanPerdinas))
#7 C:\xampp\htdocs\penerimaan-pad\system\CodeIgniter.php(318): CodeIgniter\CodeIgniter->handleRequest(NULL, Object(Config\Cache), false)
#8 C:\xampp\htdocs\penerimaan-pad\public\index.php(37): CodeIgniter\CodeIgniter->run()
#9 C:\xampp\htdocs\penerimaan-pad\system\Commands\Server\rewrite.php(43): require_once('C:\\xampp\\htdocs...')
#10 {main}
CRITICAL - 2022-01-31 06:06:44 --> Trying to get property 'realisasi' of non-object
#0 C:\xampp\htdocs\penerimaan-pad\app\Views\laporan\perdinas.php(272): CodeIgniter\Debug\Exceptions->errorHandler(8, 'Trying to get p...', 'C:\\xampp\\htdocs...', 272, Array)
#1 C:\xampp\htdocs\penerimaan-pad\system\View\View.php(214): include('C:\\xampp\\htdocs...')
#2 C:\xampp\htdocs\penerimaan-pad\system\View\View.php(217): CodeIgniter\View\View->CodeIgniter\View\{closure}()
#3 C:\xampp\htdocs\penerimaan-pad\system\Common.php(1097): CodeIgniter\View\View->render('laporan/perdina...', Array, true)
#4 C:\xampp\htdocs\penerimaan-pad\app\Controllers\LaporanPerdinas.php(89): view('laporan/perdina...', Array)
#5 C:\xampp\htdocs\penerimaan-pad\system\CodeIgniter.php(824): App\Controllers\LaporanPerdinas->index()
#6 C:\xampp\htdocs\penerimaan-pad\system\CodeIgniter.php(410): CodeIgniter\CodeIgniter->runController(Object(App\Controllers\LaporanPerdinas))
#7 C:\xampp\htdocs\penerimaan-pad\system\CodeIgniter.php(318): CodeIgniter\CodeIgniter->handleRequest(NULL, Object(Config\Cache), false)
#8 C:\xampp\htdocs\penerimaan-pad\public\index.php(37): CodeIgniter\CodeIgniter->run()
#9 C:\xampp\htdocs\penerimaan-pad\system\Commands\Server\rewrite.php(43): require_once('C:\\xampp\\htdocs...')
#10 {main}
CRITICAL - 2022-01-31 06:07:15 --> Trying to get property 'realisasi' of non-object
#0 C:\xampp\htdocs\penerimaan-pad\app\Views\laporan\perdinas.php(272): CodeIgniter\Debug\Exceptions->errorHandler(8, 'Trying to get p...', 'C:\\xampp\\htdocs...', 272, Array)
#1 C:\xampp\htdocs\penerimaan-pad\system\View\View.php(214): include('C:\\xampp\\htdocs...')
#2 C:\xampp\htdocs\penerimaan-pad\system\View\View.php(217): CodeIgniter\View\View->CodeIgniter\View\{closure}()
#3 C:\xampp\htdocs\penerimaan-pad\system\Common.php(1097): CodeIgniter\View\View->render('laporan/perdina...', Array, true)
#4 C:\xampp\htdocs\penerimaan-pad\app\Controllers\LaporanPerdinas.php(89): view('laporan/perdina...', Array)
#5 C:\xampp\htdocs\penerimaan-pad\system\CodeIgniter.php(824): App\Controllers\LaporanPerdinas->index()
#6 C:\xampp\htdocs\penerimaan-pad\system\CodeIgniter.php(410): CodeIgniter\CodeIgniter->runController(Object(App\Controllers\LaporanPerdinas))
#7 C:\xampp\htdocs\penerimaan-pad\system\CodeIgniter.php(318): CodeIgniter\CodeIgniter->handleRequest(NULL, Object(Config\Cache), false)
#8 C:\xampp\htdocs\penerimaan-pad\public\index.php(37): CodeIgniter\CodeIgniter->run()
#9 C:\xampp\htdocs\penerimaan-pad\system\Commands\Server\rewrite.php(43): require_once('C:\\xampp\\htdocs...')
#10 {main}
CRITICAL - 2022-01-31 06:07:53 --> Array to string conversion
#0 C:\xampp\htdocs\penerimaan-pad\app\Views\laporan\perdinas.php(272): CodeIgniter\Debug\Exceptions->errorHandler(8, 'Array to string...', 'C:\\xampp\\htdocs...', 272, Array)
#1 C:\xampp\htdocs\penerimaan-pad\system\View\View.php(214): include('C:\\xampp\\htdocs...')
#2 C:\xampp\htdocs\penerimaan-pad\system\View\View.php(217): CodeIgniter\View\View->CodeIgniter\View\{closure}()
#3 C:\xampp\htdocs\penerimaan-pad\system\Common.php(1097): CodeIgniter\View\View->render('laporan/perdina...', Array, true)
#4 C:\xampp\htdocs\penerimaan-pad\app\Controllers\LaporanPerdinas.php(89): view('laporan/perdina...', Array)
#5 C:\xampp\htdocs\penerimaan-pad\system\CodeIgniter.php(824): App\Controllers\LaporanPerdinas->index()
#6 C:\xampp\htdocs\penerimaan-pad\system\CodeIgniter.php(410): CodeIgniter\CodeIgniter->runController(Object(App\Controllers\LaporanPerdinas))
#7 C:\xampp\htdocs\penerimaan-pad\system\CodeIgniter.php(318): CodeIgniter\CodeIgniter->handleRequest(NULL, Object(Config\Cache), false)
#8 C:\xampp\htdocs\penerimaan-pad\public\index.php(37): CodeIgniter\CodeIgniter->run()
#9 C:\xampp\htdocs\penerimaan-pad\system\Commands\Server\rewrite.php(43): require_once('C:\\xampp\\htdocs...')
#10 {main}
CRITICAL - 2022-01-31 06:08:03 --> Undefined index: realisasi
#0 C:\xampp\htdocs\penerimaan-pad\app\Views\laporan\perdinas.php(272): CodeIgniter\Debug\Exceptions->errorHandler(8, 'Undefined index...', 'C:\\xampp\\htdocs...', 272, Array)
#1 C:\xampp\htdocs\penerimaan-pad\system\View\View.php(214): include('C:\\xampp\\htdocs...')
#2 C:\xampp\htdocs\penerimaan-pad\system\View\View.php(217): CodeIgniter\View\View->CodeIgniter\View\{closure}()
#3 C:\xampp\htdocs\penerimaan-pad\system\Common.php(1097): CodeIgniter\View\View->render('laporan/perdina...', Array, true)
#4 C:\xampp\htdocs\penerimaan-pad\app\Controllers\LaporanPerdinas.php(89): view('laporan/perdina...', Array)
#5 C:\xampp\htdocs\penerimaan-pad\system\CodeIgniter.php(824): App\Controllers\LaporanPerdinas->index()
#6 C:\xampp\htdocs\penerimaan-pad\system\CodeIgniter.php(410): CodeIgniter\CodeIgniter->runController(Object(App\Controllers\LaporanPerdinas))
#7 C:\xampp\htdocs\penerimaan-pad\system\CodeIgniter.php(318): CodeIgniter\CodeIgniter->handleRequest(NULL, Object(Config\Cache), false)
#8 C:\xampp\htdocs\penerimaan-pad\public\index.php(37): CodeIgniter\CodeIgniter->run()
#9 C:\xampp\htdocs\penerimaan-pad\system\Commands\Server\rewrite.php(43): require_once('C:\\xampp\\htdocs...')
#10 {main}
CRITICAL - 2022-01-31 06:08:13 --> Array to string conversion
#0 C:\xampp\htdocs\penerimaan-pad\app\Views\laporan\perdinas.php(272): CodeIgniter\Debug\Exceptions->errorHandler(8, 'Array to string...', 'C:\\xampp\\htdocs...', 272, Array)
#1 C:\xampp\htdocs\penerimaan-pad\system\View\View.php(214): include('C:\\xampp\\htdocs...')
#2 C:\xampp\htdocs\penerimaan-pad\system\View\View.php(217): CodeIgniter\View\View->CodeIgniter\View\{closure}()
#3 C:\xampp\htdocs\penerimaan-pad\system\Common.php(1097): CodeIgniter\View\View->render('laporan/perdina...', Array, true)
#4 C:\xampp\htdocs\penerimaan-pad\app\Controllers\LaporanPerdinas.php(89): view('laporan/perdina...', Array)
#5 C:\xampp\htdocs\penerimaan-pad\system\CodeIgniter.php(824): App\Controllers\LaporanPerdinas->index()
#6 C:\xampp\htdocs\penerimaan-pad\system\CodeIgniter.php(410): CodeIgniter\CodeIgniter->runController(Object(App\Controllers\LaporanPerdinas))
#7 C:\xampp\htdocs\penerimaan-pad\system\CodeIgniter.php(318): CodeIgniter\CodeIgniter->handleRequest(NULL, Object(Config\Cache), false)
#8 C:\xampp\htdocs\penerimaan-pad\public\index.php(37): CodeIgniter\CodeIgniter->run()
#9 C:\xampp\htdocs\penerimaan-pad\system\Commands\Server\rewrite.php(43): require_once('C:\\xampp\\htdocs...')
#10 {main}
CRITICAL - 2022-01-31 06:08:48 --> Trying to get property 'realisasi' of non-object
#0 C:\xampp\htdocs\penerimaan-pad\app\Views\laporan\perdinas.php(272): CodeIgniter\Debug\Exceptions->errorHandler(8, 'Trying to get p...', 'C:\\xampp\\htdocs...', 272, Array)
#1 C:\xampp\htdocs\penerimaan-pad\system\View\View.php(214): include('C:\\xampp\\htdocs...')
#2 C:\xampp\htdocs\penerimaan-pad\system\View\View.php(217): CodeIgniter\View\View->CodeIgniter\View\{closure}()
#3 C:\xampp\htdocs\penerimaan-pad\system\Common.php(1097): CodeIgniter\View\View->render('laporan/perdina...', Array, true)
#4 C:\xampp\htdocs\penerimaan-pad\app\Controllers\LaporanPerdinas.php(89): view('laporan/perdina...', Array)
#5 C:\xampp\htdocs\penerimaan-pad\system\CodeIgniter.php(824): App\Controllers\LaporanPerdinas->index()
#6 C:\xampp\htdocs\penerimaan-pad\system\CodeIgniter.php(410): CodeIgniter\CodeIgniter->runController(Object(App\Controllers\LaporanPerdinas))
#7 C:\xampp\htdocs\penerimaan-pad\system\CodeIgniter.php(318): CodeIgniter\CodeIgniter->handleRequest(NULL, Object(Config\Cache), false)
#8 C:\xampp\htdocs\penerimaan-pad\public\index.php(37): CodeIgniter\CodeIgniter->run()
#9 C:\xampp\htdocs\penerimaan-pad\system\Commands\Server\rewrite.php(43): require_once('C:\\xampp\\htdocs...')
#10 {main}
CRITICAL - 2022-01-31 06:09:26 --> Call to a member function findAll() on array
#0 C:\xampp\htdocs\penerimaan-pad\app\Controllers\LaporanPerdinas.php(44): App\Models\LaporanModel->getData1('01')
#1 C:\xampp\htdocs\penerimaan-pad\system\CodeIgniter.php(824): App\Controllers\LaporanPerdinas->index()
#2 C:\xampp\htdocs\penerimaan-pad\system\CodeIgniter.php(410): CodeIgniter\CodeIgniter->runController(Object(App\Controllers\LaporanPerdinas))
#3 C:\xampp\htdocs\penerimaan-pad\system\CodeIgniter.php(318): CodeIgniter\CodeIgniter->handleRequest(NULL, Object(Config\Cache), false)
#4 C:\xampp\htdocs\penerimaan-pad\public\index.php(37): CodeIgniter\CodeIgniter->run()
#5 C:\xampp\htdocs\penerimaan-pad\system\Commands\Server\rewrite.php(43): require_once('C:\\xampp\\htdocs...')
#6 {main}
CRITICAL - 2022-01-31 06:09:36 --> Cannot use object of type stdClass as array
#0 C:\xampp\htdocs\penerimaan-pad\system\View\View.php(214): include()
#1 C:\xampp\htdocs\penerimaan-pad\system\View\View.php(217): CodeIgniter\View\View->CodeIgniter\View\{closure}()
#2 C:\xampp\htdocs\penerimaan-pad\system\Common.php(1097): CodeIgniter\View\View->render('laporan/perdina...', Array, true)
#3 C:\xampp\htdocs\penerimaan-pad\app\Controllers\LaporanPerdinas.php(89): view('laporan/perdina...', Array)
#4 C:\xampp\htdocs\penerimaan-pad\system\CodeIgniter.php(824): App\Controllers\LaporanPerdinas->index()
#5 C:\xampp\htdocs\penerimaan-pad\system\CodeIgniter.php(410): CodeIgniter\CodeIgniter->runController(Object(App\Controllers\LaporanPerdinas))
#6 C:\xampp\htdocs\penerimaan-pad\system\CodeIgniter.php(318): CodeIgniter\CodeIgniter->handleRequest(NULL, Object(Config\Cache), false)
#7 C:\xampp\htdocs\penerimaan-pad\public\index.php(37): CodeIgniter\CodeIgniter->run()
#8 C:\xampp\htdocs\penerimaan-pad\system\Commands\Server\rewrite.php(43): require_once('C:\\xampp\\htdocs...')
#9 {main}
CRITICAL - 2022-01-31 06:10:08 --> Cannot use object of type stdClass as array
#0 C:\xampp\htdocs\penerimaan-pad\system\View\View.php(214): include()
#1 C:\xampp\htdocs\penerimaan-pad\system\View\View.php(217): CodeIgniter\View\View->CodeIgniter\View\{closure}()
#2 C:\xampp\htdocs\penerimaan-pad\system\Common.php(1097): CodeIgniter\View\View->render('laporan/perdina...', Array, true)
#3 C:\xampp\htdocs\penerimaan-pad\app\Controllers\LaporanPerdinas.php(89): view('laporan/perdina...', Array)
#4 C:\xampp\htdocs\penerimaan-pad\system\CodeIgniter.php(824): App\Controllers\LaporanPerdinas->index()
#5 C:\xampp\htdocs\penerimaan-pad\system\CodeIgniter.php(410): CodeIgniter\CodeIgniter->runController(Object(App\Controllers\LaporanPerdinas))
#6 C:\xampp\htdocs\penerimaan-pad\system\CodeIgniter.php(318): CodeIgniter\CodeIgniter->handleRequest(NULL, Object(Config\Cache), false)
#7 C:\xampp\htdocs\penerimaan-pad\public\index.php(37): CodeIgniter\CodeIgniter->run()
#8 C:\xampp\htdocs\penerimaan-pad\system\Commands\Server\rewrite.php(43): require_once('C:\\xampp\\htdocs...')
#9 {main}
CRITICAL - 2022-01-31 06:11:23 --> Cannot use object of type stdClass as array
#0 C:\xampp\htdocs\penerimaan-pad\system\View\View.php(214): include()
#1 C:\xampp\htdocs\penerimaan-pad\system\View\View.php(217): CodeIgniter\View\View->CodeIgniter\View\{closure}()
#2 C:\xampp\htdocs\penerimaan-pad\system\Common.php(1097): CodeIgniter\View\View->render('laporan/perdina...', Array, true)
#3 C:\xampp\htdocs\penerimaan-pad\app\Controllers\LaporanPerdinas.php(89): view('laporan/perdina...', Array)
#4 C:\xampp\htdocs\penerimaan-pad\system\CodeIgniter.php(824): App\Controllers\LaporanPerdinas->index()
#5 C:\xampp\htdocs\penerimaan-pad\system\CodeIgniter.php(410): CodeIgniter\CodeIgniter->runController(Object(App\Controllers\LaporanPerdinas))
#6 C:\xampp\htdocs\penerimaan-pad\system\CodeIgniter.php(318): CodeIgniter\CodeIgniter->handleRequest(NULL, Object(Config\Cache), false)
#7 C:\xampp\htdocs\penerimaan-pad\public\index.php(37): CodeIgniter\CodeIgniter->run()
#8 C:\xampp\htdocs\penerimaan-pad\system\Commands\Server\rewrite.php(43): require_once('C:\\xampp\\htdocs...')
#9 {main}
CRITICAL - 2022-01-31 06:11:35 --> Trying to get property 'realisasi' of non-object
#0 C:\xampp\htdocs\penerimaan-pad\app\Views\laporan\perdinas.php(239): CodeIgniter\Debug\Exceptions->errorHandler(8, 'Trying to get p...', 'C:\\xampp\\htdocs...', 239, Array)
#1 C:\xampp\htdocs\penerimaan-pad\system\View\View.php(214): include('C:\\xampp\\htdocs...')
#2 C:\xampp\htdocs\penerimaan-pad\system\View\View.php(217): CodeIgniter\View\View->CodeIgniter\View\{closure}()
#3 C:\xampp\htdocs\penerimaan-pad\system\Common.php(1097): CodeIgniter\View\View->render('laporan/perdina...', Array, true)
#4 C:\xampp\htdocs\penerimaan-pad\app\Controllers\LaporanPerdinas.php(89): view('laporan/perdina...', Array)
#5 C:\xampp\htdocs\penerimaan-pad\system\CodeIgniter.php(824): App\Controllers\LaporanPerdinas->index()
#6 C:\xampp\htdocs\penerimaan-pad\system\CodeIgniter.php(410): CodeIgniter\CodeIgniter->runController(Object(App\Controllers\LaporanPerdinas))
#7 C:\xampp\htdocs\penerimaan-pad\system\CodeIgniter.php(318): CodeIgniter\CodeIgniter->handleRequest(NULL, Object(Config\Cache), false)
#8 C:\xampp\htdocs\penerimaan-pad\public\index.php(37): CodeIgniter\CodeIgniter->run()
#9 C:\xampp\htdocs\penerimaan-pad\system\Commands\Server\rewrite.php(43): require_once('C:\\xampp\\htdocs...')
#10 {main}
CRITICAL - 2022-01-31 06:11:57 --> number_format() expects parameter 1 to be float, array given
#0 [internal function]: CodeIgniter\Debug\Exceptions->errorHandler(2, 'number_format()...', 'C:\\xampp\\htdocs...', 239, Array)
#1 C:\xampp\htdocs\penerimaan-pad\app\Views\laporan\perdinas.php(239): number_format(Array)
#2 C:\xampp\htdocs\penerimaan-pad\system\View\View.php(214): include('C:\\xampp\\htdocs...')
#3 C:\xampp\htdocs\penerimaan-pad\system\View\View.php(217): CodeIgniter\View\View->CodeIgniter\View\{closure}()
#4 C:\xampp\htdocs\penerimaan-pad\system\Common.php(1097): CodeIgniter\View\View->render('laporan/perdina...', Array, true)
#5 C:\xampp\htdocs\penerimaan-pad\app\Controllers\LaporanPerdinas.php(89): view('laporan/perdina...', Array)
#6 C:\xampp\htdocs\penerimaan-pad\system\CodeIgniter.php(824): App\Controllers\LaporanPerdinas->index()
#7 C:\xampp\htdocs\penerimaan-pad\system\CodeIgniter.php(410): CodeIgniter\CodeIgniter->runController(Object(App\Controllers\LaporanPerdinas))
#8 C:\xampp\htdocs\penerimaan-pad\system\CodeIgniter.php(318): CodeIgniter\CodeIgniter->handleRequest(NULL, Object(Config\Cache), false)
#9 C:\xampp\htdocs\penerimaan-pad\public\index.php(37): CodeIgniter\CodeIgniter->run()
#10 C:\xampp\htdocs\penerimaan-pad\system\Commands\Server\rewrite.php(43): require_once('C:\\xampp\\htdocs...')
#11 {main}
CRITICAL - 2022-01-31 06:12:17 --> Object of class stdClass could not be converted to string
#0 C:\xampp\htdocs\penerimaan-pad\system\View\View.php(214): include()
#1 C:\xampp\htdocs\penerimaan-pad\system\View\View.php(217): CodeIgniter\View\View->CodeIgniter\View\{closure}()
#2 C:\xampp\htdocs\penerimaan-pad\system\Common.php(1097): CodeIgniter\View\View->render('laporan/perdina...', Array, true)
#3 C:\xampp\htdocs\penerimaan-pad\app\Controllers\LaporanPerdinas.php(89): view('laporan/perdina...', Array)
#4 C:\xampp\htdocs\penerimaan-pad\system\CodeIgniter.php(824): App\Controllers\LaporanPerdinas->index()
#5 C:\xampp\htdocs\penerimaan-pad\system\CodeIgniter.php(410): CodeIgniter\CodeIgniter->runController(Object(App\Controllers\LaporanPerdinas))
#6 C:\xampp\htdocs\penerimaan-pad\system\CodeIgniter.php(318): CodeIgniter\CodeIgniter->handleRequest(NULL, Object(Config\Cache), false)
#7 C:\xampp\htdocs\penerimaan-pad\public\index.php(37): CodeIgniter\CodeIgniter->run()
#8 C:\xampp\htdocs\penerimaan-pad\system\Commands\Server\rewrite.php(43): require_once('C:\\xampp\\htdocs...')
#9 {main}
CRITICAL - 2022-01-31 06:12:31 --> Array to string conversion
#0 C:\xampp\htdocs\penerimaan-pad\app\Views\laporan\perdinas.php(239): CodeIgniter\Debug\Exceptions->errorHandler(8, 'Array to string...', 'C:\\xampp\\htdocs...', 239, Array)
#1 C:\xampp\htdocs\penerimaan-pad\system\View\View.php(214): include('C:\\xampp\\htdocs...')
#2 C:\xampp\htdocs\penerimaan-pad\system\View\View.php(217): CodeIgniter\View\View->CodeIgniter\View\{closure}()
#3 C:\xampp\htdocs\penerimaan-pad\system\Common.php(1097): CodeIgniter\View\View->render('laporan/perdina...', Array, true)
#4 C:\xampp\htdocs\penerimaan-pad\app\Controllers\LaporanPerdinas.php(89): view('laporan/perdina...', Array)
#5 C:\xampp\htdocs\penerimaan-pad\system\CodeIgniter.php(824): App\Controllers\LaporanPerdinas->index()
#6 C:\xampp\htdocs\penerimaan-pad\system\CodeIgniter.php(410): CodeIgniter\CodeIgniter->runController(Object(App\Controllers\LaporanPerdinas))
#7 C:\xampp\htdocs\penerimaan-pad\system\CodeIgniter.php(318): CodeIgniter\CodeIgniter->handleRequest(NULL, Object(Config\Cache), false)
#8 C:\xampp\htdocs\penerimaan-pad\public\index.php(37): CodeIgniter\CodeIgniter->run()
#9 C:\xampp\htdocs\penerimaan-pad\system\Commands\Server\rewrite.php(43): require_once('C:\\xampp\\htdocs...')
#10 {main}
CRITICAL - 2022-01-31 06:48:08 --> Array to string conversion
#0 C:\xampp\htdocs\penerimaan-pad\app\Views\laporan\perdinas.php(272): CodeIgniter\Debug\Exceptions->errorHandler(8, 'Array to string...', 'C:\\xampp\\htdocs...', 272, Array)
#1 C:\xampp\htdocs\penerimaan-pad\system\View\View.php(214): include('C:\\xampp\\htdocs...')
#2 C:\xampp\htdocs\penerimaan-pad\system\View\View.php(217): CodeIgniter\View\View->CodeIgniter\View\{closure}()
#3 C:\xampp\htdocs\penerimaan-pad\system\Common.php(1097): CodeIgniter\View\View->render('laporan/perdina...', Array, true)
#4 C:\xampp\htdocs\penerimaan-pad\app\Controllers\LaporanPerdinas.php(89): view('laporan/perdina...', Array)
#5 C:\xampp\htdocs\penerimaan-pad\system\CodeIgniter.php(824): App\Controllers\LaporanPerdinas->index()
#6 C:\xampp\htdocs\penerimaan-pad\system\CodeIgniter.php(410): CodeIgniter\CodeIgniter->runController(Object(App\Controllers\LaporanPerdinas))
#7 C:\xampp\htdocs\penerimaan-pad\system\CodeIgniter.php(318): CodeIgniter\CodeIgniter->handleRequest(NULL, Object(Config\Cache), false)
#8 C:\xampp\htdocs\penerimaan-pad\public\index.php(37): CodeIgniter\CodeIgniter->run()
#9 C:\xampp\htdocs\penerimaan-pad\system\Commands\Server\rewrite.php(43): require_once('C:\\xampp\\htdocs...')
#10 {main}
CRITICAL - 2022-01-31 06:50:54 --> Undefined index: realisasi
#0 C:\xampp\htdocs\penerimaan-pad\app\Views\laporan\perdinas.php(266): CodeIgniter\Debug\Exceptions->errorHandler(8, 'Undefined index...', 'C:\\xampp\\htdocs...', 266, Array)
#1 C:\xampp\htdocs\penerimaan-pad\system\View\View.php(214): include('C:\\xampp\\htdocs...')
#2 C:\xampp\htdocs\penerimaan-pad\system\View\View.php(217): CodeIgniter\View\View->CodeIgniter\View\{closure}()
#3 C:\xampp\htdocs\penerimaan-pad\system\Common.php(1097): CodeIgniter\View\View->render('laporan/perdina...', Array, true)
#4 C:\xampp\htdocs\penerimaan-pad\app\Controllers\LaporanPerdinas.php(89): view('laporan/perdina...', Array)
#5 C:\xampp\htdocs\penerimaan-pad\system\CodeIgniter.php(824): App\Controllers\LaporanPerdinas->index()
#6 C:\xampp\htdocs\penerimaan-pad\system\CodeIgniter.php(410): CodeIgniter\CodeIgniter->runController(Object(App\Controllers\LaporanPerdinas))
#7 C:\xampp\htdocs\penerimaan-pad\system\CodeIgniter.php(318): CodeIgniter\CodeIgniter->handleRequest(NULL, Object(Config\Cache), false)
#8 C:\xampp\htdocs\penerimaan-pad\public\index.php(37): CodeIgniter\CodeIgniter->run()
#9 C:\xampp\htdocs\penerimaan-pad\system\Commands\Server\rewrite.php(43): require_once('C:\\xampp\\htdocs...')
#10 {main}
CRITICAL - 2022-01-31 06:51:09 --> Trying to get property 'realisasi' of non-object
#0 C:\xampp\htdocs\penerimaan-pad\app\Views\laporan\perdinas.php(266): CodeIgniter\Debug\Exceptions->errorHandler(8, 'Trying to get p...', 'C:\\xampp\\htdocs...', 266, Array)
#1 C:\xampp\htdocs\penerimaan-pad\system\View\View.php(214): include('C:\\xampp\\htdocs...')
#2 C:\xampp\htdocs\penerimaan-pad\system\View\View.php(217): CodeIgniter\View\View->CodeIgniter\View\{closure}()
#3 C:\xampp\htdocs\penerimaan-pad\system\Common.php(1097): CodeIgniter\View\View->render('laporan/perdina...', Array, true)
#4 C:\xampp\htdocs\penerimaan-pad\app\Controllers\LaporanPerdinas.php(89): view('laporan/perdina...', Array)
#5 C:\xampp\htdocs\penerimaan-pad\system\CodeIgniter.php(824): App\Controllers\LaporanPerdinas->index()
#6 C:\xampp\htdocs\penerimaan-pad\system\CodeIgniter.php(410): CodeIgniter\CodeIgniter->runController(Object(App\Controllers\LaporanPerdinas))
#7 C:\xampp\htdocs\penerimaan-pad\system\CodeIgniter.php(318): CodeIgniter\CodeIgniter->handleRequest(NULL, Object(Config\Cache), false)
#8 C:\xampp\htdocs\penerimaan-pad\public\index.php(37): CodeIgniter\CodeIgniter->run()
#9 C:\xampp\htdocs\penerimaan-pad\system\Commands\Server\rewrite.php(43): require_once('C:\\xampp\\htdocs...')
#10 {main}
CRITICAL - 2022-01-31 06:51:43 --> Array to string conversion
#0 C:\xampp\htdocs\penerimaan-pad\app\Views\laporan\perdinas.php(274): CodeIgniter\Debug\Exceptions->errorHandler(8, 'Array to string...', 'C:\\xampp\\htdocs...', 274, Array)
#1 C:\xampp\htdocs\penerimaan-pad\system\View\View.php(214): include('C:\\xampp\\htdocs...')
#2 C:\xampp\htdocs\penerimaan-pad\system\View\View.php(217): CodeIgniter\View\View->CodeIgniter\View\{closure}()
#3 C:\xampp\htdocs\penerimaan-pad\system\Common.php(1097): CodeIgniter\View\View->render('laporan/perdina...', Array, true)
#4 C:\xampp\htdocs\penerimaan-pad\app\Controllers\LaporanPerdinas.php(89): view('laporan/perdina...', Array)
#5 C:\xampp\htdocs\penerimaan-pad\system\CodeIgniter.php(824): App\Controllers\LaporanPerdinas->index()
#6 C:\xampp\htdocs\penerimaan-pad\system\CodeIgniter.php(410): CodeIgniter\CodeIgniter->runController(Object(App\Controllers\LaporanPerdinas))
#7 C:\xampp\htdocs\penerimaan-pad\system\CodeIgniter.php(318): CodeIgniter\CodeIgniter->handleRequest(NULL, Object(Config\Cache), false)
#8 C:\xampp\htdocs\penerimaan-pad\public\index.php(37): CodeIgniter\CodeIgniter->run()
#9 C:\xampp\htdocs\penerimaan-pad\system\Commands\Server\rewrite.php(43): require_once('C:\\xampp\\htdocs...')
#10 {main}
CRITICAL - 2022-01-31 06:52:07 --> Trying to get property 'realisasi' of non-object
#0 C:\xampp\htdocs\penerimaan-pad\app\Views\laporan\perdinas.php(274): CodeIgniter\Debug\Exceptions->errorHandler(8, 'Trying to get p...', 'C:\\xampp\\htdocs...', 274, Array)
#1 C:\xampp\htdocs\penerimaan-pad\system\View\View.php(214): include('C:\\xampp\\htdocs...')
#2 C:\xampp\htdocs\penerimaan-pad\system\View\View.php(217): CodeIgniter\View\View->CodeIgniter\View\{closure}()
#3 C:\xampp\htdocs\penerimaan-pad\system\Common.php(1097): CodeIgniter\View\View->render('laporan/perdina...', Array, true)
#4 C:\xampp\htdocs\penerimaan-pad\app\Controllers\LaporanPerdinas.php(89): view('laporan/perdina...', Array)
#5 C:\xampp\htdocs\penerimaan-pad\system\CodeIgniter.php(824): App\Controllers\LaporanPerdinas->index()
#6 C:\xampp\htdocs\penerimaan-pad\system\CodeIgniter.php(410): CodeIgniter\CodeIgniter->runController(Object(App\Controllers\LaporanPerdinas))
#7 C:\xampp\htdocs\penerimaan-pad\system\CodeIgniter.php(318): CodeIgniter\CodeIgniter->handleRequest(NULL, Object(Config\Cache), false)
#8 C:\xampp\htdocs\penerimaan-pad\public\index.php(37): CodeIgniter\CodeIgniter->run()
#9 C:\xampp\htdocs\penerimaan-pad\system\Commands\Server\rewrite.php(43): require_once('C:\\xampp\\htdocs...')
#10 {main}
CRITICAL - 2022-01-31 06:52:27 --> Undefined index: realisasi
#0 C:\xampp\htdocs\penerimaan-pad\app\Views\laporan\perdinas.php(274): CodeIgniter\Debug\Exceptions->errorHandler(8, 'Undefined index...', 'C:\\xampp\\htdocs...', 274, Array)
#1 C:\xampp\htdocs\penerimaan-pad\system\View\View.php(214): include('C:\\xampp\\htdocs...')
#2 C:\xampp\htdocs\penerimaan-pad\system\View\View.php(217): CodeIgniter\View\View->CodeIgniter\View\{closure}()
#3 C:\xampp\htdocs\penerimaan-pad\system\Common.php(1097): CodeIgniter\View\View->render('laporan/perdina...', Array, true)
#4 C:\xampp\htdocs\penerimaan-pad\app\Controllers\LaporanPerdinas.php(89): view('laporan/perdina...', Array)
#5 C:\xampp\htdocs\penerimaan-pad\system\CodeIgniter.php(824): App\Controllers\LaporanPerdinas->index()
#6 C:\xampp\htdocs\penerimaan-pad\system\CodeIgniter.php(410): CodeIgniter\CodeIgniter->runController(Object(App\Controllers\LaporanPerdinas))
#7 C:\xampp\htdocs\penerimaan-pad\system\CodeIgniter.php(318): CodeIgniter\CodeIgniter->handleRequest(NULL, Object(Config\Cache), false)
#8 C:\xampp\htdocs\penerimaan-pad\public\index.php(37): CodeIgniter\CodeIgniter->run()
#9 C:\xampp\htdocs\penerimaan-pad\system\Commands\Server\rewrite.php(43): require_once('C:\\xampp\\htdocs...')
#10 {main}
CRITICAL - 2022-01-31 07:02:35 --> syntax error, unexpected end of file
#0 C:\xampp\htdocs\penerimaan-pad\system\View\View.php(217): CodeIgniter\View\View->CodeIgniter\View\{closure}()
#1 C:\xampp\htdocs\penerimaan-pad\system\Common.php(1097): CodeIgniter\View\View->render('laporan/perdina...', Array, true)
#2 C:\xampp\htdocs\penerimaan-pad\app\Controllers\LaporanPerdinas.php(89): view('laporan/perdina...', Array)
#3 C:\xampp\htdocs\penerimaan-pad\system\CodeIgniter.php(824): App\Controllers\LaporanPerdinas->index()
#4 C:\xampp\htdocs\penerimaan-pad\system\CodeIgniter.php(410): CodeIgniter\CodeIgniter->runController(Object(App\Controllers\LaporanPerdinas))
#5 C:\xampp\htdocs\penerimaan-pad\system\CodeIgniter.php(318): CodeIgniter\CodeIgniter->handleRequest(NULL, Object(Config\Cache), false)
#6 C:\xampp\htdocs\penerimaan-pad\public\index.php(37): CodeIgniter\CodeIgniter->run()
#7 C:\xampp\htdocs\penerimaan-pad\system\Commands\Server\rewrite.php(43): require_once('C:\\xampp\\htdocs...')
#8 {main}
