ERROR - 2022-02-08 19:23:40 --> Error connecting to the database: No connection could be made because the target machine actively refused it.

CRITICAL - 2022-02-08 19:23:40 --> Unable to connect to the database.
Main connection [MySQLi]: No connection could be made because the target machine actively refused it.

#0 C:\xampp\htdocs\penerimaan-pad\system\Database\BaseConnection.php(577): CodeIgniter\Database\BaseConnection->initialize()
#1 C:\xampp\htdocs\penerimaan-pad\system\Database\BaseBuilder.php(1443): CodeIgniter\Database\BaseConnection->query('SELECT *\nFROM `...', Array, false)
#2 C:\xampp\htdocs\penerimaan-pad\system\Model.php(183): CodeIgniter\Database\BaseBuilder->get()
#3 C:\xampp\htdocs\penerimaan-pad\system\BaseModel.php(584): CodeIgniter\Model->doFindAll(0, 0)
#4 C:\xampp\htdocs\penerimaan-pad\app\Models\LainPadModel.php(38): CodeIgniter\BaseModel->findAll()
#5 C:\xampp\htdocs\penerimaan-pad\app\Controllers\LainPAD.php(25): App\Models\LainPadModel->getData()
#6 C:\xampp\htdocs\penerimaan-pad\system\CodeIgniter.php(824): App\Controllers\LainPAD->index()
#7 C:\xampp\htdocs\penerimaan-pad\system\CodeIgniter.php(410): CodeIgniter\CodeIgniter->runController(Object(App\Controllers\LainPAD))
#8 C:\xampp\htdocs\penerimaan-pad\system\CodeIgniter.php(318): CodeIgniter\CodeIgniter->handleRequest(NULL, Object(Config\Cache), false)
#9 C:\xampp\htdocs\penerimaan-pad\public\index.php(37): CodeIgniter\CodeIgniter->run()
#10 C:\xampp\htdocs\penerimaan-pad\system\Commands\Server\rewrite.php(43): require_once('C:\\xampp\\htdocs...')
#11 {main}
ERROR - 2022-02-08 19:23:45 --> Error connecting to the database: No connection could be made because the target machine actively refused it.

CRITICAL - 2022-02-08 19:23:45 --> Unable to connect to the database.
Main connection [MySQLi]: No connection could be made because the target machine actively refused it.

#0 C:\xampp\htdocs\penerimaan-pad\system\Database\BaseConnection.php(577): CodeIgniter\Database\BaseConnection->initialize()
#1 C:\xampp\htdocs\penerimaan-pad\system\Database\BaseBuilder.php(1443): CodeIgniter\Database\BaseConnection->query('SELECT *\nFROM `...', Array, false)
#2 C:\xampp\htdocs\penerimaan-pad\system\Model.php(183): CodeIgniter\Database\BaseBuilder->get()
#3 C:\xampp\htdocs\penerimaan-pad\system\BaseModel.php(584): CodeIgniter\Model->doFindAll(0, 0)
#4 C:\xampp\htdocs\penerimaan-pad\app\Models\LainPadModel.php(38): CodeIgniter\BaseModel->findAll()
#5 C:\xampp\htdocs\penerimaan-pad\app\Controllers\LainPAD.php(25): App\Models\LainPadModel->getData()
#6 C:\xampp\htdocs\penerimaan-pad\system\CodeIgniter.php(824): App\Controllers\LainPAD->index()
#7 C:\xampp\htdocs\penerimaan-pad\system\CodeIgniter.php(410): CodeIgniter\CodeIgniter->runController(Object(App\Controllers\LainPAD))
#8 C:\xampp\htdocs\penerimaan-pad\system\CodeIgniter.php(318): CodeIgniter\CodeIgniter->handleRequest(NULL, Object(Config\Cache), false)
#9 C:\xampp\htdocs\penerimaan-pad\public\index.php(37): CodeIgniter\CodeIgniter->run()
#10 C:\xampp\htdocs\penerimaan-pad\system\Commands\Server\rewrite.php(43): require_once('C:\\xampp\\htdocs...')
#11 {main}
CRITICAL - 2022-02-08 20:12:42 --> Undefined variable: pendapatan_daerah
#0 C:\xampp\htdocs\penerimaan-pad\app\Views\laporan\excel_perdinas.php(27): CodeIgniter\Debug\Exceptions->errorHandler(8, 'Undefined varia...', 'C:\\xampp\\htdocs...', 27, Array)
#1 C:\xampp\htdocs\penerimaan-pad\system\View\View.php(214): include('C:\\xampp\\htdocs...')
#2 C:\xampp\htdocs\penerimaan-pad\system\View\View.php(217): CodeIgniter\View\View->CodeIgniter\View\{closure}()
#3 C:\xampp\htdocs\penerimaan-pad\system\Common.php(1097): CodeIgniter\View\View->render('laporan/excel_p...', Array, true)
#4 C:\xampp\htdocs\penerimaan-pad\app\Controllers\LaporanPerdinas.php(260): view('laporan/excel_p...', Array)
#5 C:\xampp\htdocs\penerimaan-pad\system\CodeIgniter.php(824): App\Controllers\LaporanPerdinas->excel()
#6 C:\xampp\htdocs\penerimaan-pad\system\CodeIgniter.php(410): CodeIgniter\CodeIgniter->runController(Object(App\Controllers\LaporanPerdinas))
#7 C:\xampp\htdocs\penerimaan-pad\system\CodeIgniter.php(318): CodeIgniter\CodeIgniter->handleRequest(NULL, Object(Config\Cache), false)
#8 C:\xampp\htdocs\penerimaan-pad\public\index.php(37): CodeIgniter\CodeIgniter->run()
#9 C:\xampp\htdocs\penerimaan-pad\system\Commands\Server\rewrite.php(43): require_once('C:\\xampp\\htdocs...')
#10 {main}
CRITICAL - 2022-02-08 20:12:44 --> Undefined variable: pendapatan_daerah
#0 C:\xampp\htdocs\penerimaan-pad\app\Views\laporan\excel_perdinas.php(27): CodeIgniter\Debug\Exceptions->errorHandler(8, 'Undefined varia...', 'C:\\xampp\\htdocs...', 27, Array)
#1 C:\xampp\htdocs\penerimaan-pad\system\View\View.php(214): include('C:\\xampp\\htdocs...')
#2 C:\xampp\htdocs\penerimaan-pad\system\View\View.php(217): CodeIgniter\View\View->CodeIgniter\View\{closure}()
#3 C:\xampp\htdocs\penerimaan-pad\system\Common.php(1097): CodeIgniter\View\View->render('laporan/excel_p...', Array, true)
#4 C:\xampp\htdocs\penerimaan-pad\app\Controllers\LaporanPerdinas.php(260): view('laporan/excel_p...', Array)
#5 C:\xampp\htdocs\penerimaan-pad\system\CodeIgniter.php(824): App\Controllers\LaporanPerdinas->excel()
#6 C:\xampp\htdocs\penerimaan-pad\system\CodeIgniter.php(410): CodeIgniter\CodeIgniter->runController(Object(App\Controllers\LaporanPerdinas))
#7 C:\xampp\htdocs\penerimaan-pad\system\CodeIgniter.php(318): CodeIgniter\CodeIgniter->handleRequest(NULL, Object(Config\Cache), false)
#8 C:\xampp\htdocs\penerimaan-pad\public\index.php(37): CodeIgniter\CodeIgniter->run()
#9 C:\xampp\htdocs\penerimaan-pad\system\Commands\Server\rewrite.php(43): require_once('C:\\xampp\\htdocs...')
#10 {main}
CRITICAL - 2022-02-08 20:12:49 --> Undefined variable: pendapatan_daerah
#0 C:\xampp\htdocs\penerimaan-pad\app\Views\laporan\excel_perdinas.php(27): CodeIgniter\Debug\Exceptions->errorHandler(8, 'Undefined varia...', 'C:\\xampp\\htdocs...', 27, Array)
#1 C:\xampp\htdocs\penerimaan-pad\system\View\View.php(214): include('C:\\xampp\\htdocs...')
#2 C:\xampp\htdocs\penerimaan-pad\system\View\View.php(217): CodeIgniter\View\View->CodeIgniter\View\{closure}()
#3 C:\xampp\htdocs\penerimaan-pad\system\Common.php(1097): CodeIgniter\View\View->render('laporan/excel_p...', Array, true)
#4 C:\xampp\htdocs\penerimaan-pad\app\Controllers\LaporanPerdinas.php(260): view('laporan/excel_p...', Array)
#5 C:\xampp\htdocs\penerimaan-pad\system\CodeIgniter.php(824): App\Controllers\LaporanPerdinas->excel()
#6 C:\xampp\htdocs\penerimaan-pad\system\CodeIgniter.php(410): CodeIgniter\CodeIgniter->runController(Object(App\Controllers\LaporanPerdinas))
#7 C:\xampp\htdocs\penerimaan-pad\system\CodeIgniter.php(318): CodeIgniter\CodeIgniter->handleRequest(NULL, Object(Config\Cache), false)
#8 C:\xampp\htdocs\penerimaan-pad\public\index.php(37): CodeIgniter\CodeIgniter->run()
#9 C:\xampp\htdocs\penerimaan-pad\system\Commands\Server\rewrite.php(43): require_once('C:\\xampp\\htdocs...')
#10 {main}
CRITICAL - 2022-02-08 20:14:01 --> Undefined variable: pendapatan_daerah
#0 C:\xampp\htdocs\penerimaan-pad\app\Views\laporan\excel_perdinas.php(27): CodeIgniter\Debug\Exceptions->errorHandler(8, 'Undefined varia...', 'C:\\xampp\\htdocs...', 27, Array)
#1 C:\xampp\htdocs\penerimaan-pad\system\View\View.php(214): include('C:\\xampp\\htdocs...')
#2 C:\xampp\htdocs\penerimaan-pad\system\View\View.php(217): CodeIgniter\View\View->CodeIgniter\View\{closure}()
#3 C:\xampp\htdocs\penerimaan-pad\system\Common.php(1097): CodeIgniter\View\View->render('laporan/excel_p...', Array, true)
#4 C:\xampp\htdocs\penerimaan-pad\app\Controllers\LaporanPerdinas.php(260): view('laporan/excel_p...', Array)
#5 C:\xampp\htdocs\penerimaan-pad\system\CodeIgniter.php(824): App\Controllers\LaporanPerdinas->excel()
#6 C:\xampp\htdocs\penerimaan-pad\system\CodeIgniter.php(410): CodeIgniter\CodeIgniter->runController(Object(App\Controllers\LaporanPerdinas))
#7 C:\xampp\htdocs\penerimaan-pad\system\CodeIgniter.php(318): CodeIgniter\CodeIgniter->handleRequest(NULL, Object(Config\Cache), false)
#8 C:\xampp\htdocs\penerimaan-pad\public\index.php(37): CodeIgniter\CodeIgniter->run()
#9 C:\xampp\htdocs\penerimaan-pad\system\Commands\Server\rewrite.php(43): require_once('C:\\xampp\\htdocs...')
#10 {main}
CRITICAL - 2022-02-08 20:14:03 --> Undefined variable: pendapatan_daerah
#0 C:\xampp\htdocs\penerimaan-pad\app\Views\laporan\excel_perdinas.php(27): CodeIgniter\Debug\Exceptions->errorHandler(8, 'Undefined varia...', 'C:\\xampp\\htdocs...', 27, Array)
#1 C:\xampp\htdocs\penerimaan-pad\system\View\View.php(214): include('C:\\xampp\\htdocs...')
#2 C:\xampp\htdocs\penerimaan-pad\system\View\View.php(217): CodeIgniter\View\View->CodeIgniter\View\{closure}()
#3 C:\xampp\htdocs\penerimaan-pad\system\Common.php(1097): CodeIgniter\View\View->render('laporan/excel_p...', Array, true)
#4 C:\xampp\htdocs\penerimaan-pad\app\Controllers\LaporanPerdinas.php(260): view('laporan/excel_p...', Array)
#5 C:\xampp\htdocs\penerimaan-pad\system\CodeIgniter.php(824): App\Controllers\LaporanPerdinas->excel()
#6 C:\xampp\htdocs\penerimaan-pad\system\CodeIgniter.php(410): CodeIgniter\CodeIgniter->runController(Object(App\Controllers\LaporanPerdinas))
#7 C:\xampp\htdocs\penerimaan-pad\system\CodeIgniter.php(318): CodeIgniter\CodeIgniter->handleRequest(NULL, Object(Config\Cache), false)
#8 C:\xampp\htdocs\penerimaan-pad\public\index.php(37): CodeIgniter\CodeIgniter->run()
#9 C:\xampp\htdocs\penerimaan-pad\system\Commands\Server\rewrite.php(43): require_once('C:\\xampp\\htdocs...')
#10 {main}
CRITICAL - 2022-02-08 20:14:33 --> Undefined variable: pendapatan_daerah
#0 C:\xampp\htdocs\penerimaan-pad\app\Views\laporan\excel_perdinas.php(27): CodeIgniter\Debug\Exceptions->errorHandler(8, 'Undefined varia...', 'C:\\xampp\\htdocs...', 27, Array)
#1 C:\xampp\htdocs\penerimaan-pad\system\View\View.php(214): include('C:\\xampp\\htdocs...')
#2 C:\xampp\htdocs\penerimaan-pad\system\View\View.php(217): CodeIgniter\View\View->CodeIgniter\View\{closure}()
#3 C:\xampp\htdocs\penerimaan-pad\system\Common.php(1097): CodeIgniter\View\View->render('laporan/excel_p...', Array, true)
#4 C:\xampp\htdocs\penerimaan-pad\app\Controllers\LaporanPerdinas.php(260): view('laporan/excel_p...', Array)
#5 C:\xampp\htdocs\penerimaan-pad\system\CodeIgniter.php(824): App\Controllers\LaporanPerdinas->excel()
#6 C:\xampp\htdocs\penerimaan-pad\system\CodeIgniter.php(410): CodeIgniter\CodeIgniter->runController(Object(App\Controllers\LaporanPerdinas))
#7 C:\xampp\htdocs\penerimaan-pad\system\CodeIgniter.php(318): CodeIgniter\CodeIgniter->handleRequest(NULL, Object(Config\Cache), false)
#8 C:\xampp\htdocs\penerimaan-pad\public\index.php(37): CodeIgniter\CodeIgniter->run()
#9 C:\xampp\htdocs\penerimaan-pad\system\Commands\Server\rewrite.php(43): require_once('C:\\xampp\\htdocs...')
#10 {main}
CRITICAL - 2022-02-08 20:15:34 --> Undefined variable: pendapatan_daerah
#0 C:\xampp\htdocs\penerimaan-pad\app\Views\laporan\excel_perdinas.php(27): CodeIgniter\Debug\Exceptions->errorHandler(8, 'Undefined varia...', 'C:\\xampp\\htdocs...', 27, Array)
#1 C:\xampp\htdocs\penerimaan-pad\system\View\View.php(214): include('C:\\xampp\\htdocs...')
#2 C:\xampp\htdocs\penerimaan-pad\system\View\View.php(217): CodeIgniter\View\View->CodeIgniter\View\{closure}()
#3 C:\xampp\htdocs\penerimaan-pad\system\Common.php(1097): CodeIgniter\View\View->render('laporan/excel_p...', Array, true)
#4 C:\xampp\htdocs\penerimaan-pad\app\Controllers\LaporanPerdinas.php(260): view('laporan/excel_p...', Array)
#5 C:\xampp\htdocs\penerimaan-pad\system\CodeIgniter.php(824): App\Controllers\LaporanPerdinas->excel()
#6 C:\xampp\htdocs\penerimaan-pad\system\CodeIgniter.php(410): CodeIgniter\CodeIgniter->runController(Object(App\Controllers\LaporanPerdinas))
#7 C:\xampp\htdocs\penerimaan-pad\system\CodeIgniter.php(318): CodeIgniter\CodeIgniter->handleRequest(NULL, Object(Config\Cache), false)
#8 C:\xampp\htdocs\penerimaan-pad\public\index.php(37): CodeIgniter\CodeIgniter->run()
#9 C:\xampp\htdocs\penerimaan-pad\system\Commands\Server\rewrite.php(43): require_once('C:\\xampp\\htdocs...')
#10 {main}
CRITICAL - 2022-02-08 20:16:28 --> Undefined variable: pendapatan_daerah
#0 C:\xampp\htdocs\penerimaan-pad\app\Views\laporan\excel_perdinas.php(27): CodeIgniter\Debug\Exceptions->errorHandler(8, 'Undefined varia...', 'C:\\xampp\\htdocs...', 27, Array)
#1 C:\xampp\htdocs\penerimaan-pad\system\View\View.php(214): include('C:\\xampp\\htdocs...')
#2 C:\xampp\htdocs\penerimaan-pad\system\View\View.php(217): CodeIgniter\View\View->CodeIgniter\View\{closure}()
#3 C:\xampp\htdocs\penerimaan-pad\system\Common.php(1097): CodeIgniter\View\View->render('laporan/excel_p...', Array, true)
#4 C:\xampp\htdocs\penerimaan-pad\app\Controllers\LaporanPerdinas.php(262): view('laporan/excel_p...', Array)
#5 C:\xampp\htdocs\penerimaan-pad\system\CodeIgniter.php(824): App\Controllers\LaporanPerdinas->excel()
#6 C:\xampp\htdocs\penerimaan-pad\system\CodeIgniter.php(410): CodeIgniter\CodeIgniter->runController(Object(App\Controllers\LaporanPerdinas))
#7 C:\xampp\htdocs\penerimaan-pad\system\CodeIgniter.php(318): CodeIgniter\CodeIgniter->handleRequest(NULL, Object(Config\Cache), false)
#8 C:\xampp\htdocs\penerimaan-pad\public\index.php(37): CodeIgniter\CodeIgniter->run()
#9 C:\xampp\htdocs\penerimaan-pad\system\Commands\Server\rewrite.php(43): require_once('C:\\xampp\\htdocs...')
#10 {main}
CRITICAL - 2022-02-08 20:17:35 --> Undefined variable: pendapatan_daerah
#0 C:\xampp\htdocs\penerimaan-pad\app\Views\laporan\excel_perdinas.php(27): CodeIgniter\Debug\Exceptions->errorHandler(8, 'Undefined varia...', 'C:\\xampp\\htdocs...', 27, Array)
#1 C:\xampp\htdocs\penerimaan-pad\system\View\View.php(214): include('C:\\xampp\\htdocs...')
#2 C:\xampp\htdocs\penerimaan-pad\system\View\View.php(217): CodeIgniter\View\View->CodeIgniter\View\{closure}()
#3 C:\xampp\htdocs\penerimaan-pad\system\Common.php(1097): CodeIgniter\View\View->render('laporan/excel_p...', Array, true)
#4 C:\xampp\htdocs\penerimaan-pad\app\Controllers\LaporanPerdinas.php(262): view('laporan/excel_p...', Array)
#5 C:\xampp\htdocs\penerimaan-pad\system\CodeIgniter.php(824): App\Controllers\LaporanPerdinas->excel()
#6 C:\xampp\htdocs\penerimaan-pad\system\CodeIgniter.php(410): CodeIgniter\CodeIgniter->runController(Object(App\Controllers\LaporanPerdinas))
#7 C:\xampp\htdocs\penerimaan-pad\system\CodeIgniter.php(318): CodeIgniter\CodeIgniter->handleRequest(NULL, Object(Config\Cache), false)
#8 C:\xampp\htdocs\penerimaan-pad\public\index.php(37): CodeIgniter\CodeIgniter->run()
#9 C:\xampp\htdocs\penerimaan-pad\system\Commands\Server\rewrite.php(43): require_once('C:\\xampp\\htdocs...')
#10 {main}
CRITICAL - 2022-02-08 20:17:54 --> Undefined variable: pendapatan_daerah
#0 C:\xampp\htdocs\penerimaan-pad\app\Views\laporan\excel_perdinas.php(27): CodeIgniter\Debug\Exceptions->errorHandler(8, 'Undefined varia...', 'C:\\xampp\\htdocs...', 27, Array)
#1 C:\xampp\htdocs\penerimaan-pad\system\View\View.php(214): include('C:\\xampp\\htdocs...')
#2 C:\xampp\htdocs\penerimaan-pad\system\View\View.php(217): CodeIgniter\View\View->CodeIgniter\View\{closure}()
#3 C:\xampp\htdocs\penerimaan-pad\system\Common.php(1097): CodeIgniter\View\View->render('laporan/excel_p...', Array, true)
#4 C:\xampp\htdocs\penerimaan-pad\app\Controllers\LaporanPerdinas.php(262): view('laporan/excel_p...', Array)
#5 C:\xampp\htdocs\penerimaan-pad\system\CodeIgniter.php(824): App\Controllers\LaporanPerdinas->excel()
#6 C:\xampp\htdocs\penerimaan-pad\system\CodeIgniter.php(410): CodeIgniter\CodeIgniter->runController(Object(App\Controllers\LaporanPerdinas))
#7 C:\xampp\htdocs\penerimaan-pad\system\CodeIgniter.php(318): CodeIgniter\CodeIgniter->handleRequest(NULL, Object(Config\Cache), false)
#8 C:\xampp\htdocs\penerimaan-pad\public\index.php(37): CodeIgniter\CodeIgniter->run()
#9 C:\xampp\htdocs\penerimaan-pad\system\Commands\Server\rewrite.php(43): require_once('C:\\xampp\\htdocs...')
#10 {main}
CRITICAL - 2022-02-08 20:18:15 --> Undefined variable: pendapatan_daerah
#0 C:\xampp\htdocs\penerimaan-pad\app\Views\laporan\excel_perdinas.php(27): CodeIgniter\Debug\Exceptions->errorHandler(8, 'Undefined varia...', 'C:\\xampp\\htdocs...', 27, Array)
#1 C:\xampp\htdocs\penerimaan-pad\system\View\View.php(214): include('C:\\xampp\\htdocs...')
#2 C:\xampp\htdocs\penerimaan-pad\system\View\View.php(217): CodeIgniter\View\View->CodeIgniter\View\{closure}()
#3 C:\xampp\htdocs\penerimaan-pad\system\Common.php(1097): CodeIgniter\View\View->render('laporan/excel_p...', Array, true)
#4 C:\xampp\htdocs\penerimaan-pad\app\Controllers\LaporanPerdinas.php(262): view('laporan/excel_p...', Array)
#5 C:\xampp\htdocs\penerimaan-pad\system\CodeIgniter.php(824): App\Controllers\LaporanPerdinas->excel()
#6 C:\xampp\htdocs\penerimaan-pad\system\CodeIgniter.php(410): CodeIgniter\CodeIgniter->runController(Object(App\Controllers\LaporanPerdinas))
#7 C:\xampp\htdocs\penerimaan-pad\system\CodeIgniter.php(318): CodeIgniter\CodeIgniter->handleRequest(NULL, Object(Config\Cache), false)
#8 C:\xampp\htdocs\penerimaan-pad\public\index.php(37): CodeIgniter\CodeIgniter->run()
#9 C:\xampp\htdocs\penerimaan-pad\system\Commands\Server\rewrite.php(43): require_once('C:\\xampp\\htdocs...')
#10 {main}
CRITICAL - 2022-02-08 20:18:17 --> Undefined variable: pendapatan_daerah
#0 C:\xampp\htdocs\penerimaan-pad\app\Views\laporan\excel_perdinas.php(27): CodeIgniter\Debug\Exceptions->errorHandler(8, 'Undefined varia...', 'C:\\xampp\\htdocs...', 27, Array)
#1 C:\xampp\htdocs\penerimaan-pad\system\View\View.php(214): include('C:\\xampp\\htdocs...')
#2 C:\xampp\htdocs\penerimaan-pad\system\View\View.php(217): CodeIgniter\View\View->CodeIgniter\View\{closure}()
#3 C:\xampp\htdocs\penerimaan-pad\system\Common.php(1097): CodeIgniter\View\View->render('laporan/excel_p...', Array, true)
#4 C:\xampp\htdocs\penerimaan-pad\app\Controllers\LaporanPerdinas.php(262): view('laporan/excel_p...', Array)
#5 C:\xampp\htdocs\penerimaan-pad\system\CodeIgniter.php(824): App\Controllers\LaporanPerdinas->excel()
#6 C:\xampp\htdocs\penerimaan-pad\system\CodeIgniter.php(410): CodeIgniter\CodeIgniter->runController(Object(App\Controllers\LaporanPerdinas))
#7 C:\xampp\htdocs\penerimaan-pad\system\CodeIgniter.php(318): CodeIgniter\CodeIgniter->handleRequest(NULL, Object(Config\Cache), false)
#8 C:\xampp\htdocs\penerimaan-pad\public\index.php(37): CodeIgniter\CodeIgniter->run()
#9 C:\xampp\htdocs\penerimaan-pad\system\Commands\Server\rewrite.php(43): require_once('C:\\xampp\\htdocs...')
#10 {main}
CRITICAL - 2022-02-08 20:18:22 --> Undefined variable: pendapatan_daerah
#0 C:\xampp\htdocs\penerimaan-pad\app\Views\laporan\excel_perdinas.php(27): CodeIgniter\Debug\Exceptions->errorHandler(8, 'Undefined varia...', 'C:\\xampp\\htdocs...', 27, Array)
#1 C:\xampp\htdocs\penerimaan-pad\system\View\View.php(214): include('C:\\xampp\\htdocs...')
#2 C:\xampp\htdocs\penerimaan-pad\system\View\View.php(217): CodeIgniter\View\View->CodeIgniter\View\{closure}()
#3 C:\xampp\htdocs\penerimaan-pad\system\Common.php(1097): CodeIgniter\View\View->render('laporan/excel_p...', Array, true)
#4 C:\xampp\htdocs\penerimaan-pad\app\Controllers\LaporanPerdinas.php(262): view('laporan/excel_p...', Array)
#5 C:\xampp\htdocs\penerimaan-pad\system\CodeIgniter.php(824): App\Controllers\LaporanPerdinas->excel()
#6 C:\xampp\htdocs\penerimaan-pad\system\CodeIgniter.php(410): CodeIgniter\CodeIgniter->runController(Object(App\Controllers\LaporanPerdinas))
#7 C:\xampp\htdocs\penerimaan-pad\system\CodeIgniter.php(318): CodeIgniter\CodeIgniter->handleRequest(NULL, Object(Config\Cache), false)
#8 C:\xampp\htdocs\penerimaan-pad\public\index.php(37): CodeIgniter\CodeIgniter->run()
#9 C:\xampp\htdocs\penerimaan-pad\system\Commands\Server\rewrite.php(43): require_once('C:\\xampp\\htdocs...')
#10 {main}
CRITICAL - 2022-02-08 20:18:53 --> Undefined variable: pendapatan_daerah
#0 C:\xampp\htdocs\penerimaan-pad\app\Views\laporan\excel_perdinas.php(27): CodeIgniter\Debug\Exceptions->errorHandler(8, 'Undefined varia...', 'C:\\xampp\\htdocs...', 27, Array)
#1 C:\xampp\htdocs\penerimaan-pad\system\View\View.php(214): include('C:\\xampp\\htdocs...')
#2 C:\xampp\htdocs\penerimaan-pad\system\View\View.php(217): CodeIgniter\View\View->CodeIgniter\View\{closure}()
#3 C:\xampp\htdocs\penerimaan-pad\system\Common.php(1097): CodeIgniter\View\View->render('laporan/excel_p...', Array, true)
#4 C:\xampp\htdocs\penerimaan-pad\app\Controllers\LaporanPerdinas.php(262): view('laporan/excel_p...', Array)
#5 C:\xampp\htdocs\penerimaan-pad\system\CodeIgniter.php(824): App\Controllers\LaporanPerdinas->excel()
#6 C:\xampp\htdocs\penerimaan-pad\system\CodeIgniter.php(410): CodeIgniter\CodeIgniter->runController(Object(App\Controllers\LaporanPerdinas))
#7 C:\xampp\htdocs\penerimaan-pad\system\CodeIgniter.php(318): CodeIgniter\CodeIgniter->handleRequest(NULL, Object(Config\Cache), false)
#8 C:\xampp\htdocs\penerimaan-pad\public\index.php(37): CodeIgniter\CodeIgniter->run()
#9 C:\xampp\htdocs\penerimaan-pad\system\Commands\Server\rewrite.php(43): require_once('C:\\xampp\\htdocs...')
#10 {main}
CRITICAL - 2022-02-08 20:19:11 --> Too few arguments to function App\Controllers\LaporanPerdinas::excel(), 0 passed in C:\xampp\htdocs\penerimaan-pad\system\CodeIgniter.php on line 824 and exactly 2 expected
#0 C:\xampp\htdocs\penerimaan-pad\system\CodeIgniter.php(824): App\Controllers\LaporanPerdinas->excel()
#1 C:\xampp\htdocs\penerimaan-pad\system\CodeIgniter.php(410): CodeIgniter\CodeIgniter->runController(Object(App\Controllers\LaporanPerdinas))
#2 C:\xampp\htdocs\penerimaan-pad\system\CodeIgniter.php(318): CodeIgniter\CodeIgniter->handleRequest(NULL, Object(Config\Cache), false)
#3 C:\xampp\htdocs\penerimaan-pad\public\index.php(37): CodeIgniter\CodeIgniter->run()
#4 C:\xampp\htdocs\penerimaan-pad\system\Commands\Server\rewrite.php(43): require_once('C:\\xampp\\htdocs...')
#5 {main}
CRITICAL - 2022-02-08 20:19:23 --> Undefined variable: pendapatan_daerah
#0 C:\xampp\htdocs\penerimaan-pad\app\Views\laporan\excel_perdinas.php(27): CodeIgniter\Debug\Exceptions->errorHandler(8, 'Undefined varia...', 'C:\\xampp\\htdocs...', 27, Array)
#1 C:\xampp\htdocs\penerimaan-pad\system\View\View.php(214): include('C:\\xampp\\htdocs...')
#2 C:\xampp\htdocs\penerimaan-pad\system\View\View.php(217): CodeIgniter\View\View->CodeIgniter\View\{closure}()
#3 C:\xampp\htdocs\penerimaan-pad\system\Common.php(1097): CodeIgniter\View\View->render('laporan/excel_p...', Array, true)
#4 C:\xampp\htdocs\penerimaan-pad\app\Controllers\LaporanPerdinas.php(150): view('laporan/excel_p...', Array)
#5 C:\xampp\htdocs\penerimaan-pad\system\CodeIgniter.php(824): App\Controllers\LaporanPerdinas->excel()
#6 C:\xampp\htdocs\penerimaan-pad\system\CodeIgniter.php(410): CodeIgniter\CodeIgniter->runController(Object(App\Controllers\LaporanPerdinas))
#7 C:\xampp\htdocs\penerimaan-pad\system\CodeIgniter.php(318): CodeIgniter\CodeIgniter->handleRequest(NULL, Object(Config\Cache), false)
#8 C:\xampp\htdocs\penerimaan-pad\public\index.php(37): CodeIgniter\CodeIgniter->run()
#9 C:\xampp\htdocs\penerimaan-pad\system\Commands\Server\rewrite.php(43): require_once('C:\\xampp\\htdocs...')
#10 {main}
CRITICAL - 2022-02-08 20:19:24 --> Undefined variable: pendapatan_daerah
#0 C:\xampp\htdocs\penerimaan-pad\app\Views\laporan\excel_perdinas.php(27): CodeIgniter\Debug\Exceptions->errorHandler(8, 'Undefined varia...', 'C:\\xampp\\htdocs...', 27, Array)
#1 C:\xampp\htdocs\penerimaan-pad\system\View\View.php(214): include('C:\\xampp\\htdocs...')
#2 C:\xampp\htdocs\penerimaan-pad\system\View\View.php(217): CodeIgniter\View\View->CodeIgniter\View\{closure}()
#3 C:\xampp\htdocs\penerimaan-pad\system\Common.php(1097): CodeIgniter\View\View->render('laporan/excel_p...', Array, true)
#4 C:\xampp\htdocs\penerimaan-pad\app\Controllers\LaporanPerdinas.php(150): view('laporan/excel_p...', Array)
#5 C:\xampp\htdocs\penerimaan-pad\system\CodeIgniter.php(824): App\Controllers\LaporanPerdinas->excel()
#6 C:\xampp\htdocs\penerimaan-pad\system\CodeIgniter.php(410): CodeIgniter\CodeIgniter->runController(Object(App\Controllers\LaporanPerdinas))
#7 C:\xampp\htdocs\penerimaan-pad\system\CodeIgniter.php(318): CodeIgniter\CodeIgniter->handleRequest(NULL, Object(Config\Cache), false)
#8 C:\xampp\htdocs\penerimaan-pad\public\index.php(37): CodeIgniter\CodeIgniter->run()
#9 C:\xampp\htdocs\penerimaan-pad\system\Commands\Server\rewrite.php(43): require_once('C:\\xampp\\htdocs...')
#10 {main}
CRITICAL - 2022-02-08 20:19:30 --> Undefined variable: pendapatan_daerah
#0 C:\xampp\htdocs\penerimaan-pad\app\Views\laporan\excel_perdinas.php(27): CodeIgniter\Debug\Exceptions->errorHandler(8, 'Undefined varia...', 'C:\\xampp\\htdocs...', 27, Array)
#1 C:\xampp\htdocs\penerimaan-pad\system\View\View.php(214): include('C:\\xampp\\htdocs...')
#2 C:\xampp\htdocs\penerimaan-pad\system\View\View.php(217): CodeIgniter\View\View->CodeIgniter\View\{closure}()
#3 C:\xampp\htdocs\penerimaan-pad\system\Common.php(1097): CodeIgniter\View\View->render('laporan/excel_p...', Array, true)
#4 C:\xampp\htdocs\penerimaan-pad\app\Controllers\LaporanPerdinas.php(150): view('laporan/excel_p...', Array)
#5 C:\xampp\htdocs\penerimaan-pad\system\CodeIgniter.php(824): App\Controllers\LaporanPerdinas->excel()
#6 C:\xampp\htdocs\penerimaan-pad\system\CodeIgniter.php(410): CodeIgniter\CodeIgniter->runController(Object(App\Controllers\LaporanPerdinas))
#7 C:\xampp\htdocs\penerimaan-pad\system\CodeIgniter.php(318): CodeIgniter\CodeIgniter->handleRequest(NULL, Object(Config\Cache), false)
#8 C:\xampp\htdocs\penerimaan-pad\public\index.php(37): CodeIgniter\CodeIgniter->run()
#9 C:\xampp\htdocs\penerimaan-pad\system\Commands\Server\rewrite.php(43): require_once('C:\\xampp\\htdocs...')
#10 {main}
CRITICAL - 2022-02-08 20:20:00 --> syntax error, unexpected '}', expecting end of file
#0 C:\xampp\htdocs\penerimaan-pad\system\Router\Router.php(176): CodeIgniter\Router\Router->autoRoute('laporanPerdinas...')
#1 C:\xampp\htdocs\penerimaan-pad\system\CodeIgniter.php(718): CodeIgniter\Router\Router->handle('laporanPerdinas...')
#2 C:\xampp\htdocs\penerimaan-pad\system\CodeIgniter.php(359): CodeIgniter\CodeIgniter->tryToRouteIt(Object(CodeIgniter\Router\RouteCollection))
#3 C:\xampp\htdocs\penerimaan-pad\system\CodeIgniter.php(318): CodeIgniter\CodeIgniter->handleRequest(NULL, Object(Config\Cache), false)
#4 C:\xampp\htdocs\penerimaan-pad\public\index.php(37): CodeIgniter\CodeIgniter->run()
#5 C:\xampp\htdocs\penerimaan-pad\system\Commands\Server\rewrite.php(43): require_once('C:\\xampp\\htdocs...')
#6 {main}
CRITICAL - 2022-02-08 20:20:16 --> Undefined variable: pendapatan_daerah
#0 C:\xampp\htdocs\penerimaan-pad\app\Views\laporan\excel_perdinas.php(27): CodeIgniter\Debug\Exceptions->errorHandler(8, 'Undefined varia...', 'C:\\xampp\\htdocs...', 27, Array)
#1 C:\xampp\htdocs\penerimaan-pad\system\View\View.php(214): include('C:\\xampp\\htdocs...')
#2 C:\xampp\htdocs\penerimaan-pad\system\View\View.php(217): CodeIgniter\View\View->CodeIgniter\View\{closure}()
#3 C:\xampp\htdocs\penerimaan-pad\system\Common.php(1097): CodeIgniter\View\View->render('laporan/excel_p...', Array, true)
#4 C:\xampp\htdocs\penerimaan-pad\app\Controllers\LaporanPerdinas.php(262): view('laporan/excel_p...', Array)
#5 C:\xampp\htdocs\penerimaan-pad\system\CodeIgniter.php(824): App\Controllers\LaporanPerdinas->excel()
#6 C:\xampp\htdocs\penerimaan-pad\system\CodeIgniter.php(410): CodeIgniter\CodeIgniter->runController(Object(App\Controllers\LaporanPerdinas))
#7 C:\xampp\htdocs\penerimaan-pad\system\CodeIgniter.php(318): CodeIgniter\CodeIgniter->handleRequest(NULL, Object(Config\Cache), false)
#8 C:\xampp\htdocs\penerimaan-pad\public\index.php(37): CodeIgniter\CodeIgniter->run()
#9 C:\xampp\htdocs\penerimaan-pad\system\Commands\Server\rewrite.php(43): require_once('C:\\xampp\\htdocs...')
#10 {main}
CRITICAL - 2022-02-08 20:20:18 --> Undefined variable: pendapatan_daerah
#0 C:\xampp\htdocs\penerimaan-pad\app\Views\laporan\excel_perdinas.php(27): CodeIgniter\Debug\Exceptions->errorHandler(8, 'Undefined varia...', 'C:\\xampp\\htdocs...', 27, Array)
#1 C:\xampp\htdocs\penerimaan-pad\system\View\View.php(214): include('C:\\xampp\\htdocs...')
#2 C:\xampp\htdocs\penerimaan-pad\system\View\View.php(217): CodeIgniter\View\View->CodeIgniter\View\{closure}()
#3 C:\xampp\htdocs\penerimaan-pad\system\Common.php(1097): CodeIgniter\View\View->render('laporan/excel_p...', Array, true)
#4 C:\xampp\htdocs\penerimaan-pad\app\Controllers\LaporanPerdinas.php(262): view('laporan/excel_p...', Array)
#5 C:\xampp\htdocs\penerimaan-pad\system\CodeIgniter.php(824): App\Controllers\LaporanPerdinas->excel()
#6 C:\xampp\htdocs\penerimaan-pad\system\CodeIgniter.php(410): CodeIgniter\CodeIgniter->runController(Object(App\Controllers\LaporanPerdinas))
#7 C:\xampp\htdocs\penerimaan-pad\system\CodeIgniter.php(318): CodeIgniter\CodeIgniter->handleRequest(NULL, Object(Config\Cache), false)
#8 C:\xampp\htdocs\penerimaan-pad\public\index.php(37): CodeIgniter\CodeIgniter->run()
#9 C:\xampp\htdocs\penerimaan-pad\system\Commands\Server\rewrite.php(43): require_once('C:\\xampp\\htdocs...')
#10 {main}
CRITICAL - 2022-02-08 20:21:42 --> Undefined variable: pendapatan_daerah
#0 C:\xampp\htdocs\penerimaan-pad\app\Views\laporan\excel_perdinas.php(27): CodeIgniter\Debug\Exceptions->errorHandler(8, 'Undefined varia...', 'C:\\xampp\\htdocs...', 27, Array)
#1 C:\xampp\htdocs\penerimaan-pad\system\View\View.php(214): include('C:\\xampp\\htdocs...')
#2 C:\xampp\htdocs\penerimaan-pad\system\View\View.php(217): CodeIgniter\View\View->CodeIgniter\View\{closure}()
#3 C:\xampp\htdocs\penerimaan-pad\system\Common.php(1097): CodeIgniter\View\View->render('laporan/excel_p...', Array, true)
#4 C:\xampp\htdocs\penerimaan-pad\app\Controllers\LaporanPerdinas.php(262): view('laporan/excel_p...', Array)
#5 C:\xampp\htdocs\penerimaan-pad\system\CodeIgniter.php(824): App\Controllers\LaporanPerdinas->excel()
#6 C:\xampp\htdocs\penerimaan-pad\system\CodeIgniter.php(410): CodeIgniter\CodeIgniter->runController(Object(App\Controllers\LaporanPerdinas))
#7 C:\xampp\htdocs\penerimaan-pad\system\CodeIgniter.php(318): CodeIgniter\CodeIgniter->handleRequest(NULL, Object(Config\Cache), false)
#8 C:\xampp\htdocs\penerimaan-pad\public\index.php(37): CodeIgniter\CodeIgniter->run()
#9 C:\xampp\htdocs\penerimaan-pad\system\Commands\Server\rewrite.php(43): require_once('C:\\xampp\\htdocs...')
#10 {main}
CRITICAL - 2022-02-08 20:21:48 --> Undefined variable: pendapatan_daerah
#0 C:\xampp\htdocs\penerimaan-pad\app\Views\laporan\excel_perdinas.php(27): CodeIgniter\Debug\Exceptions->errorHandler(8, 'Undefined varia...', 'C:\\xampp\\htdocs...', 27, Array)
#1 C:\xampp\htdocs\penerimaan-pad\system\View\View.php(214): include('C:\\xampp\\htdocs...')
#2 C:\xampp\htdocs\penerimaan-pad\system\View\View.php(217): CodeIgniter\View\View->CodeIgniter\View\{closure}()
#3 C:\xampp\htdocs\penerimaan-pad\system\Common.php(1097): CodeIgniter\View\View->render('laporan/excel_p...', Array, true)
#4 C:\xampp\htdocs\penerimaan-pad\app\Controllers\LaporanPerdinas.php(262): view('laporan/excel_p...', Array)
#5 C:\xampp\htdocs\penerimaan-pad\system\CodeIgniter.php(824): App\Controllers\LaporanPerdinas->excel()
#6 C:\xampp\htdocs\penerimaan-pad\system\CodeIgniter.php(410): CodeIgniter\CodeIgniter->runController(Object(App\Controllers\LaporanPerdinas))
#7 C:\xampp\htdocs\penerimaan-pad\system\CodeIgniter.php(318): CodeIgniter\CodeIgniter->handleRequest(NULL, Object(Config\Cache), false)
#8 C:\xampp\htdocs\penerimaan-pad\public\index.php(37): CodeIgniter\CodeIgniter->run()
#9 C:\xampp\htdocs\penerimaan-pad\system\Commands\Server\rewrite.php(43): require_once('C:\\xampp\\htdocs...')
#10 {main}
CRITICAL - 2022-02-08 20:28:59 --> Undefined variable: pendapatan_daerah
#0 C:\xampp\htdocs\penerimaan-pad\app\Views\laporan\excel_perdinas.php(27): CodeIgniter\Debug\Exceptions->errorHandler(8, 'Undefined varia...', 'C:\\xampp\\htdocs...', 27, Array)
#1 C:\xampp\htdocs\penerimaan-pad\system\View\View.php(214): include('C:\\xampp\\htdocs...')
#2 C:\xampp\htdocs\penerimaan-pad\system\View\View.php(217): CodeIgniter\View\View->CodeIgniter\View\{closure}()
#3 C:\xampp\htdocs\penerimaan-pad\system\Common.php(1097): CodeIgniter\View\View->render('laporan/excel_p...', Array, true)
#4 C:\xampp\htdocs\penerimaan-pad\app\Controllers\LaporanPerdinas.php(262): view('laporan/excel_p...', Array)
#5 C:\xampp\htdocs\penerimaan-pad\system\CodeIgniter.php(824): App\Controllers\LaporanPerdinas->excel()
#6 C:\xampp\htdocs\penerimaan-pad\system\CodeIgniter.php(410): CodeIgniter\CodeIgniter->runController(Object(App\Controllers\LaporanPerdinas))
#7 C:\xampp\htdocs\penerimaan-pad\system\CodeIgniter.php(318): CodeIgniter\CodeIgniter->handleRequest(NULL, Object(Config\Cache), false)
#8 C:\xampp\htdocs\penerimaan-pad\public\index.php(37): CodeIgniter\CodeIgniter->run()
#9 C:\xampp\htdocs\penerimaan-pad\system\Commands\Server\rewrite.php(43): require_once('C:\\xampp\\htdocs...')
#10 {main}
CRITICAL - 2022-02-08 20:32:45 --> Undefined variable: pendapatan_daerah
#0 C:\xampp\htdocs\penerimaan-pad\app\Views\laporan\excel_perdinas.php(27): CodeIgniter\Debug\Exceptions->errorHandler(8, 'Undefined varia...', 'C:\\xampp\\htdocs...', 27, Array)
#1 C:\xampp\htdocs\penerimaan-pad\system\View\View.php(214): include('C:\\xampp\\htdocs...')
#2 C:\xampp\htdocs\penerimaan-pad\system\View\View.php(217): CodeIgniter\View\View->CodeIgniter\View\{closure}()
#3 C:\xampp\htdocs\penerimaan-pad\system\Common.php(1097): CodeIgniter\View\View->render('laporan/excel_p...', Array, true)
#4 C:\xampp\htdocs\penerimaan-pad\app\Controllers\LaporanPerdinas.php(259): view('laporan/excel_p...', Array)
#5 C:\xampp\htdocs\penerimaan-pad\system\CodeIgniter.php(824): App\Controllers\LaporanPerdinas->excel()
#6 C:\xampp\htdocs\penerimaan-pad\system\CodeIgniter.php(410): CodeIgniter\CodeIgniter->runController(Object(App\Controllers\LaporanPerdinas))
#7 C:\xampp\htdocs\penerimaan-pad\system\CodeIgniter.php(318): CodeIgniter\CodeIgniter->handleRequest(NULL, Object(Config\Cache), false)
#8 C:\xampp\htdocs\penerimaan-pad\public\index.php(37): CodeIgniter\CodeIgniter->run()
#9 C:\xampp\htdocs\penerimaan-pad\system\Commands\Server\rewrite.php(43): require_once('C:\\xampp\\htdocs...')
#10 {main}
CRITICAL - 2022-02-08 20:35:37 --> Undefined variable: pendapatan_daerah
#0 C:\xampp\htdocs\penerimaan-pad\app\Views\laporan\excel_perdinas.php(27): CodeIgniter\Debug\Exceptions->errorHandler(8, 'Undefined varia...', 'C:\\xampp\\htdocs...', 27, Array)
#1 C:\xampp\htdocs\penerimaan-pad\system\View\View.php(214): include('C:\\xampp\\htdocs...')
#2 C:\xampp\htdocs\penerimaan-pad\system\View\View.php(217): CodeIgniter\View\View->CodeIgniter\View\{closure}()
#3 C:\xampp\htdocs\penerimaan-pad\system\Common.php(1097): CodeIgniter\View\View->render('laporan/excel_p...', Array, true)
#4 C:\xampp\htdocs\penerimaan-pad\app\Controllers\LaporanPerdinas.php(259): view('laporan/excel_p...', Array)
#5 C:\xampp\htdocs\penerimaan-pad\system\CodeIgniter.php(824): App\Controllers\LaporanPerdinas->excel()
#6 C:\xampp\htdocs\penerimaan-pad\system\CodeIgniter.php(410): CodeIgniter\CodeIgniter->runController(Object(App\Controllers\LaporanPerdinas))
#7 C:\xampp\htdocs\penerimaan-pad\system\CodeIgniter.php(318): CodeIgniter\CodeIgniter->handleRequest(NULL, Object(Config\Cache), false)
#8 C:\xampp\htdocs\penerimaan-pad\public\index.php(37): CodeIgniter\CodeIgniter->run()
#9 C:\xampp\htdocs\penerimaan-pad\system\Commands\Server\rewrite.php(43): require_once('C:\\xampp\\htdocs...')
#10 {main}
CRITICAL - 2022-02-08 20:39:05 --> Undefined variable: pendapatan_daerah
#0 C:\xampp\htdocs\penerimaan-pad\app\Views\laporan\excel_perdinas.php(29): CodeIgniter\Debug\Exceptions->errorHandler(8, 'Undefined varia...', 'C:\\xampp\\htdocs...', 29, Array)
#1 C:\xampp\htdocs\penerimaan-pad\system\View\View.php(214): include('C:\\xampp\\htdocs...')
#2 C:\xampp\htdocs\penerimaan-pad\system\View\View.php(217): CodeIgniter\View\View->CodeIgniter\View\{closure}()
#3 C:\xampp\htdocs\penerimaan-pad\system\Common.php(1097): CodeIgniter\View\View->render('laporan/excel_p...', Array, true)
#4 C:\xampp\htdocs\penerimaan-pad\app\Controllers\LaporanPerdinas.php(259): view('laporan/excel_p...', Array)
#5 C:\xampp\htdocs\penerimaan-pad\system\CodeIgniter.php(824): App\Controllers\LaporanPerdinas->excel()
#6 C:\xampp\htdocs\penerimaan-pad\system\CodeIgniter.php(410): CodeIgniter\CodeIgniter->runController(Object(App\Controllers\LaporanPerdinas))
#7 C:\xampp\htdocs\penerimaan-pad\system\CodeIgniter.php(318): CodeIgniter\CodeIgniter->handleRequest(NULL, Object(Config\Cache), false)
#8 C:\xampp\htdocs\penerimaan-pad\public\index.php(37): CodeIgniter\CodeIgniter->run()
#9 C:\xampp\htdocs\penerimaan-pad\system\Commands\Server\rewrite.php(43): require_once('C:\\xampp\\htdocs...')
#10 {main}
CRITICAL - 2022-02-08 20:39:07 --> Undefined variable: pendapatan_daerah
#0 C:\xampp\htdocs\penerimaan-pad\app\Views\laporan\excel_perdinas.php(29): CodeIgniter\Debug\Exceptions->errorHandler(8, 'Undefined varia...', 'C:\\xampp\\htdocs...', 29, Array)
#1 C:\xampp\htdocs\penerimaan-pad\system\View\View.php(214): include('C:\\xampp\\htdocs...')
#2 C:\xampp\htdocs\penerimaan-pad\system\View\View.php(217): CodeIgniter\View\View->CodeIgniter\View\{closure}()
#3 C:\xampp\htdocs\penerimaan-pad\system\Common.php(1097): CodeIgniter\View\View->render('laporan/excel_p...', Array, true)
#4 C:\xampp\htdocs\penerimaan-pad\app\Controllers\LaporanPerdinas.php(259): view('laporan/excel_p...', Array)
#5 C:\xampp\htdocs\penerimaan-pad\system\CodeIgniter.php(824): App\Controllers\LaporanPerdinas->excel()
#6 C:\xampp\htdocs\penerimaan-pad\system\CodeIgniter.php(410): CodeIgniter\CodeIgniter->runController(Object(App\Controllers\LaporanPerdinas))
#7 C:\xampp\htdocs\penerimaan-pad\system\CodeIgniter.php(318): CodeIgniter\CodeIgniter->handleRequest(NULL, Object(Config\Cache), false)
#8 C:\xampp\htdocs\penerimaan-pad\public\index.php(37): CodeIgniter\CodeIgniter->run()
#9 C:\xampp\htdocs\penerimaan-pad\system\Commands\Server\rewrite.php(43): require_once('C:\\xampp\\htdocs...')
#10 {main}
CRITICAL - 2022-02-08 20:39:13 --> Undefined variable: pendapatan_daerah
#0 C:\xampp\htdocs\penerimaan-pad\app\Views\laporan\excel_perdinas.php(29): CodeIgniter\Debug\Exceptions->errorHandler(8, 'Undefined varia...', 'C:\\xampp\\htdocs...', 29, Array)
#1 C:\xampp\htdocs\penerimaan-pad\system\View\View.php(214): include('C:\\xampp\\htdocs...')
#2 C:\xampp\htdocs\penerimaan-pad\system\View\View.php(217): CodeIgniter\View\View->CodeIgniter\View\{closure}()
#3 C:\xampp\htdocs\penerimaan-pad\system\Common.php(1097): CodeIgniter\View\View->render('laporan/excel_p...', Array, true)
#4 C:\xampp\htdocs\penerimaan-pad\app\Controllers\LaporanPerdinas.php(259): view('laporan/excel_p...', Array)
#5 C:\xampp\htdocs\penerimaan-pad\system\CodeIgniter.php(824): App\Controllers\LaporanPerdinas->excel()
#6 C:\xampp\htdocs\penerimaan-pad\system\CodeIgniter.php(410): CodeIgniter\CodeIgniter->runController(Object(App\Controllers\LaporanPerdinas))
#7 C:\xampp\htdocs\penerimaan-pad\system\CodeIgniter.php(318): CodeIgniter\CodeIgniter->handleRequest(NULL, Object(Config\Cache), false)
#8 C:\xampp\htdocs\penerimaan-pad\public\index.php(37): CodeIgniter\CodeIgniter->run()
#9 C:\xampp\htdocs\penerimaan-pad\system\Commands\Server\rewrite.php(43): require_once('C:\\xampp\\htdocs...')
#10 {main}
CRITICAL - 2022-02-08 20:43:13 --> Undefined variable: pendapatan_daerah
#0 C:\xampp\htdocs\penerimaan-pad\app\Views\laporan\excel_perdinas.php(29): CodeIgniter\Debug\Exceptions->errorHandler(8, 'Undefined varia...', 'C:\\xampp\\htdocs...', 29, Array)
#1 C:\xampp\htdocs\penerimaan-pad\system\View\View.php(214): include('C:\\xampp\\htdocs...')
#2 C:\xampp\htdocs\penerimaan-pad\system\View\View.php(217): CodeIgniter\View\View->CodeIgniter\View\{closure}()
#3 C:\xampp\htdocs\penerimaan-pad\system\Common.php(1097): CodeIgniter\View\View->render('laporan/excel_p...', Array, true)
#4 C:\xampp\htdocs\penerimaan-pad\app\Controllers\LaporanPerdinas.php(259): view('laporan/excel_p...', Array)
#5 C:\xampp\htdocs\penerimaan-pad\system\CodeIgniter.php(824): App\Controllers\LaporanPerdinas->excel()
#6 C:\xampp\htdocs\penerimaan-pad\system\CodeIgniter.php(410): CodeIgniter\CodeIgniter->runController(Object(App\Controllers\LaporanPerdinas))
#7 C:\xampp\htdocs\penerimaan-pad\system\CodeIgniter.php(318): CodeIgniter\CodeIgniter->handleRequest(NULL, Object(Config\Cache), false)
#8 C:\xampp\htdocs\penerimaan-pad\public\index.php(37): CodeIgniter\CodeIgniter->run()
#9 C:\xampp\htdocs\penerimaan-pad\system\Commands\Server\rewrite.php(43): require_once('C:\\xampp\\htdocs...')
#10 {main}
CRITICAL - 2022-02-08 20:43:15 --> Undefined variable: pendapatan_daerah
#0 C:\xampp\htdocs\penerimaan-pad\app\Views\laporan\excel_perdinas.php(29): CodeIgniter\Debug\Exceptions->errorHandler(8, 'Undefined varia...', 'C:\\xampp\\htdocs...', 29, Array)
#1 C:\xampp\htdocs\penerimaan-pad\system\View\View.php(214): include('C:\\xampp\\htdocs...')
#2 C:\xampp\htdocs\penerimaan-pad\system\View\View.php(217): CodeIgniter\View\View->CodeIgniter\View\{closure}()
#3 C:\xampp\htdocs\penerimaan-pad\system\Common.php(1097): CodeIgniter\View\View->render('laporan/excel_p...', Array, true)
#4 C:\xampp\htdocs\penerimaan-pad\app\Controllers\LaporanPerdinas.php(259): view('laporan/excel_p...', Array)
#5 C:\xampp\htdocs\penerimaan-pad\system\CodeIgniter.php(824): App\Controllers\LaporanPerdinas->excel()
#6 C:\xampp\htdocs\penerimaan-pad\system\CodeIgniter.php(410): CodeIgniter\CodeIgniter->runController(Object(App\Controllers\LaporanPerdinas))
#7 C:\xampp\htdocs\penerimaan-pad\system\CodeIgniter.php(318): CodeIgniter\CodeIgniter->handleRequest(NULL, Object(Config\Cache), false)
#8 C:\xampp\htdocs\penerimaan-pad\public\index.php(37): CodeIgniter\CodeIgniter->run()
#9 C:\xampp\htdocs\penerimaan-pad\system\Commands\Server\rewrite.php(43): require_once('C:\\xampp\\htdocs...')
#10 {main}
CRITICAL - 2022-02-08 20:43:19 --> Undefined variable: pendapatan_daerah
#0 C:\xampp\htdocs\penerimaan-pad\app\Views\laporan\excel_perdinas.php(29): CodeIgniter\Debug\Exceptions->errorHandler(8, 'Undefined varia...', 'C:\\xampp\\htdocs...', 29, Array)
#1 C:\xampp\htdocs\penerimaan-pad\system\View\View.php(214): include('C:\\xampp\\htdocs...')
#2 C:\xampp\htdocs\penerimaan-pad\system\View\View.php(217): CodeIgniter\View\View->CodeIgniter\View\{closure}()
#3 C:\xampp\htdocs\penerimaan-pad\system\Common.php(1097): CodeIgniter\View\View->render('laporan/excel_p...', Array, true)
#4 C:\xampp\htdocs\penerimaan-pad\app\Controllers\LaporanPerdinas.php(259): view('laporan/excel_p...', Array)
#5 C:\xampp\htdocs\penerimaan-pad\system\CodeIgniter.php(824): App\Controllers\LaporanPerdinas->excel()
#6 C:\xampp\htdocs\penerimaan-pad\system\CodeIgniter.php(410): CodeIgniter\CodeIgniter->runController(Object(App\Controllers\LaporanPerdinas))
#7 C:\xampp\htdocs\penerimaan-pad\system\CodeIgniter.php(318): CodeIgniter\CodeIgniter->handleRequest(NULL, Object(Config\Cache), false)
#8 C:\xampp\htdocs\penerimaan-pad\public\index.php(37): CodeIgniter\CodeIgniter->run()
#9 C:\xampp\htdocs\penerimaan-pad\system\Commands\Server\rewrite.php(43): require_once('C:\\xampp\\htdocs...')
#10 {main}
CRITICAL - 2022-02-08 20:43:21 --> Undefined variable: pendapatan_daerah
#0 C:\xampp\htdocs\penerimaan-pad\app\Views\laporan\excel_perdinas.php(29): CodeIgniter\Debug\Exceptions->errorHandler(8, 'Undefined varia...', 'C:\\xampp\\htdocs...', 29, Array)
#1 C:\xampp\htdocs\penerimaan-pad\system\View\View.php(214): include('C:\\xampp\\htdocs...')
#2 C:\xampp\htdocs\penerimaan-pad\system\View\View.php(217): CodeIgniter\View\View->CodeIgniter\View\{closure}()
#3 C:\xampp\htdocs\penerimaan-pad\system\Common.php(1097): CodeIgniter\View\View->render('laporan/excel_p...', Array, true)
#4 C:\xampp\htdocs\penerimaan-pad\app\Controllers\LaporanPerdinas.php(259): view('laporan/excel_p...', Array)
#5 C:\xampp\htdocs\penerimaan-pad\system\CodeIgniter.php(824): App\Controllers\LaporanPerdinas->excel()
#6 C:\xampp\htdocs\penerimaan-pad\system\CodeIgniter.php(410): CodeIgniter\CodeIgniter->runController(Object(App\Controllers\LaporanPerdinas))
#7 C:\xampp\htdocs\penerimaan-pad\system\CodeIgniter.php(318): CodeIgniter\CodeIgniter->handleRequest(NULL, Object(Config\Cache), false)
#8 C:\xampp\htdocs\penerimaan-pad\public\index.php(37): CodeIgniter\CodeIgniter->run()
#9 C:\xampp\htdocs\penerimaan-pad\system\Commands\Server\rewrite.php(43): require_once('C:\\xampp\\htdocs...')
#10 {main}
CRITICAL - 2022-02-08 20:43:26 --> Undefined variable: pendapatan_daerah
#0 C:\xampp\htdocs\penerimaan-pad\app\Views\laporan\excel_perdinas.php(29): CodeIgniter\Debug\Exceptions->errorHandler(8, 'Undefined varia...', 'C:\\xampp\\htdocs...', 29, Array)
#1 C:\xampp\htdocs\penerimaan-pad\system\View\View.php(214): include('C:\\xampp\\htdocs...')
#2 C:\xampp\htdocs\penerimaan-pad\system\View\View.php(217): CodeIgniter\View\View->CodeIgniter\View\{closure}()
#3 C:\xampp\htdocs\penerimaan-pad\system\Common.php(1097): CodeIgniter\View\View->render('laporan/excel_p...', Array, true)
#4 C:\xampp\htdocs\penerimaan-pad\app\Controllers\LaporanPerdinas.php(259): view('laporan/excel_p...', Array)
#5 C:\xampp\htdocs\penerimaan-pad\system\CodeIgniter.php(824): App\Controllers\LaporanPerdinas->excel()
#6 C:\xampp\htdocs\penerimaan-pad\system\CodeIgniter.php(410): CodeIgniter\CodeIgniter->runController(Object(App\Controllers\LaporanPerdinas))
#7 C:\xampp\htdocs\penerimaan-pad\system\CodeIgniter.php(318): CodeIgniter\CodeIgniter->handleRequest(NULL, Object(Config\Cache), false)
#8 C:\xampp\htdocs\penerimaan-pad\public\index.php(37): CodeIgniter\CodeIgniter->run()
#9 C:\xampp\htdocs\penerimaan-pad\system\Commands\Server\rewrite.php(43): require_once('C:\\xampp\\htdocs...')
#10 {main}
CRITICAL - 2022-02-08 20:43:27 --> Undefined variable: pendapatan_daerah
#0 C:\xampp\htdocs\penerimaan-pad\app\Views\laporan\excel_perdinas.php(29): CodeIgniter\Debug\Exceptions->errorHandler(8, 'Undefined varia...', 'C:\\xampp\\htdocs...', 29, Array)
#1 C:\xampp\htdocs\penerimaan-pad\system\View\View.php(214): include('C:\\xampp\\htdocs...')
#2 C:\xampp\htdocs\penerimaan-pad\system\View\View.php(217): CodeIgniter\View\View->CodeIgniter\View\{closure}()
#3 C:\xampp\htdocs\penerimaan-pad\system\Common.php(1097): CodeIgniter\View\View->render('laporan/excel_p...', Array, true)
#4 C:\xampp\htdocs\penerimaan-pad\app\Controllers\LaporanPerdinas.php(259): view('laporan/excel_p...', Array)
#5 C:\xampp\htdocs\penerimaan-pad\system\CodeIgniter.php(824): App\Controllers\LaporanPerdinas->excel()
#6 C:\xampp\htdocs\penerimaan-pad\system\CodeIgniter.php(410): CodeIgniter\CodeIgniter->runController(Object(App\Controllers\LaporanPerdinas))
#7 C:\xampp\htdocs\penerimaan-pad\system\CodeIgniter.php(318): CodeIgniter\CodeIgniter->handleRequest(NULL, Object(Config\Cache), false)
#8 C:\xampp\htdocs\penerimaan-pad\public\index.php(37): CodeIgniter\CodeIgniter->run()
#9 C:\xampp\htdocs\penerimaan-pad\system\Commands\Server\rewrite.php(43): require_once('C:\\xampp\\htdocs...')
#10 {main}
CRITICAL - 2022-02-08 20:43:29 --> Undefined variable: pendapatan_daerah
#0 C:\xampp\htdocs\penerimaan-pad\app\Views\laporan\excel_perdinas.php(29): CodeIgniter\Debug\Exceptions->errorHandler(8, 'Undefined varia...', 'C:\\xampp\\htdocs...', 29, Array)
#1 C:\xampp\htdocs\penerimaan-pad\system\View\View.php(214): include('C:\\xampp\\htdocs...')
#2 C:\xampp\htdocs\penerimaan-pad\system\View\View.php(217): CodeIgniter\View\View->CodeIgniter\View\{closure}()
#3 C:\xampp\htdocs\penerimaan-pad\system\Common.php(1097): CodeIgniter\View\View->render('laporan/excel_p...', Array, true)
#4 C:\xampp\htdocs\penerimaan-pad\app\Controllers\LaporanPerdinas.php(259): view('laporan/excel_p...', Array)
#5 C:\xampp\htdocs\penerimaan-pad\system\CodeIgniter.php(824): App\Controllers\LaporanPerdinas->excel()
#6 C:\xampp\htdocs\penerimaan-pad\system\CodeIgniter.php(410): CodeIgniter\CodeIgniter->runController(Object(App\Controllers\LaporanPerdinas))
#7 C:\xampp\htdocs\penerimaan-pad\system\CodeIgniter.php(318): CodeIgniter\CodeIgniter->handleRequest(NULL, Object(Config\Cache), false)
#8 C:\xampp\htdocs\penerimaan-pad\public\index.php(37): CodeIgniter\CodeIgniter->run()
#9 C:\xampp\htdocs\penerimaan-pad\system\Commands\Server\rewrite.php(43): require_once('C:\\xampp\\htdocs...')
#10 {main}
CRITICAL - 2022-02-08 20:43:34 --> Undefined variable: pendapatan_daerah
#0 C:\xampp\htdocs\penerimaan-pad\app\Views\laporan\excel_perdinas.php(29): CodeIgniter\Debug\Exceptions->errorHandler(8, 'Undefined varia...', 'C:\\xampp\\htdocs...', 29, Array)
#1 C:\xampp\htdocs\penerimaan-pad\system\View\View.php(214): include('C:\\xampp\\htdocs...')
#2 C:\xampp\htdocs\penerimaan-pad\system\View\View.php(217): CodeIgniter\View\View->CodeIgniter\View\{closure}()
#3 C:\xampp\htdocs\penerimaan-pad\system\Common.php(1097): CodeIgniter\View\View->render('laporan/excel_p...', Array, true)
#4 C:\xampp\htdocs\penerimaan-pad\app\Controllers\LaporanPerdinas.php(259): view('laporan/excel_p...', Array)
#5 C:\xampp\htdocs\penerimaan-pad\system\CodeIgniter.php(824): App\Controllers\LaporanPerdinas->excel()
#6 C:\xampp\htdocs\penerimaan-pad\system\CodeIgniter.php(410): CodeIgniter\CodeIgniter->runController(Object(App\Controllers\LaporanPerdinas))
#7 C:\xampp\htdocs\penerimaan-pad\system\CodeIgniter.php(318): CodeIgniter\CodeIgniter->handleRequest(NULL, Object(Config\Cache), false)
#8 C:\xampp\htdocs\penerimaan-pad\public\index.php(37): CodeIgniter\CodeIgniter->run()
#9 C:\xampp\htdocs\penerimaan-pad\system\Commands\Server\rewrite.php(43): require_once('C:\\xampp\\htdocs...')
#10 {main}
CRITICAL - 2022-02-08 20:43:36 --> Undefined variable: pendapatan_daerah
#0 C:\xampp\htdocs\penerimaan-pad\app\Views\laporan\excel_perdinas.php(29): CodeIgniter\Debug\Exceptions->errorHandler(8, 'Undefined varia...', 'C:\\xampp\\htdocs...', 29, Array)
#1 C:\xampp\htdocs\penerimaan-pad\system\View\View.php(214): include('C:\\xampp\\htdocs...')
#2 C:\xampp\htdocs\penerimaan-pad\system\View\View.php(217): CodeIgniter\View\View->CodeIgniter\View\{closure}()
#3 C:\xampp\htdocs\penerimaan-pad\system\Common.php(1097): CodeIgniter\View\View->render('laporan/excel_p...', Array, true)
#4 C:\xampp\htdocs\penerimaan-pad\app\Controllers\LaporanPerdinas.php(259): view('laporan/excel_p...', Array)
#5 C:\xampp\htdocs\penerimaan-pad\system\CodeIgniter.php(824): App\Controllers\LaporanPerdinas->excel()
#6 C:\xampp\htdocs\penerimaan-pad\system\CodeIgniter.php(410): CodeIgniter\CodeIgniter->runController(Object(App\Controllers\LaporanPerdinas))
#7 C:\xampp\htdocs\penerimaan-pad\system\CodeIgniter.php(318): CodeIgniter\CodeIgniter->handleRequest(NULL, Object(Config\Cache), false)
#8 C:\xampp\htdocs\penerimaan-pad\public\index.php(37): CodeIgniter\CodeIgniter->run()
#9 C:\xampp\htdocs\penerimaan-pad\system\Commands\Server\rewrite.php(43): require_once('C:\\xampp\\htdocs...')
#10 {main}
CRITICAL - 2022-02-08 20:43:49 --> Undefined variable: pendapatan_daerah
#0 C:\xampp\htdocs\penerimaan-pad\app\Views\laporan\excel_perdinas.php(29): CodeIgniter\Debug\Exceptions->errorHandler(8, 'Undefined varia...', 'C:\\xampp\\htdocs...', 29, Array)
#1 C:\xampp\htdocs\penerimaan-pad\system\View\View.php(214): include('C:\\xampp\\htdocs...')
#2 C:\xampp\htdocs\penerimaan-pad\system\View\View.php(217): CodeIgniter\View\View->CodeIgniter\View\{closure}()
#3 C:\xampp\htdocs\penerimaan-pad\system\Common.php(1097): CodeIgniter\View\View->render('laporan/excel_p...', Array, true)
#4 C:\xampp\htdocs\penerimaan-pad\app\Controllers\LaporanPerdinas.php(259): view('laporan/excel_p...', Array)
#5 C:\xampp\htdocs\penerimaan-pad\system\CodeIgniter.php(824): App\Controllers\LaporanPerdinas->excel()
#6 C:\xampp\htdocs\penerimaan-pad\system\CodeIgniter.php(410): CodeIgniter\CodeIgniter->runController(Object(App\Controllers\LaporanPerdinas))
#7 C:\xampp\htdocs\penerimaan-pad\system\CodeIgniter.php(318): CodeIgniter\CodeIgniter->handleRequest(NULL, Object(Config\Cache), false)
#8 C:\xampp\htdocs\penerimaan-pad\public\index.php(37): CodeIgniter\CodeIgniter->run()
#9 C:\xampp\htdocs\penerimaan-pad\system\Commands\Server\rewrite.php(43): require_once('C:\\xampp\\htdocs...')
#10 {main}
CRITICAL - 2022-02-08 20:43:51 --> Undefined variable: pendapatan_daerah
#0 C:\xampp\htdocs\penerimaan-pad\app\Views\laporan\excel_perdinas.php(29): CodeIgniter\Debug\Exceptions->errorHandler(8, 'Undefined varia...', 'C:\\xampp\\htdocs...', 29, Array)
#1 C:\xampp\htdocs\penerimaan-pad\system\View\View.php(214): include('C:\\xampp\\htdocs...')
#2 C:\xampp\htdocs\penerimaan-pad\system\View\View.php(217): CodeIgniter\View\View->CodeIgniter\View\{closure}()
#3 C:\xampp\htdocs\penerimaan-pad\system\Common.php(1097): CodeIgniter\View\View->render('laporan/excel_p...', Array, true)
#4 C:\xampp\htdocs\penerimaan-pad\app\Controllers\LaporanPerdinas.php(259): view('laporan/excel_p...', Array)
#5 C:\xampp\htdocs\penerimaan-pad\system\CodeIgniter.php(824): App\Controllers\LaporanPerdinas->excel()
#6 C:\xampp\htdocs\penerimaan-pad\system\CodeIgniter.php(410): CodeIgniter\CodeIgniter->runController(Object(App\Controllers\LaporanPerdinas))
#7 C:\xampp\htdocs\penerimaan-pad\system\CodeIgniter.php(318): CodeIgniter\CodeIgniter->handleRequest(NULL, Object(Config\Cache), false)
#8 C:\xampp\htdocs\penerimaan-pad\public\index.php(37): CodeIgniter\CodeIgniter->run()
#9 C:\xampp\htdocs\penerimaan-pad\system\Commands\Server\rewrite.php(43): require_once('C:\\xampp\\htdocs...')
#10 {main}
CRITICAL - 2022-02-08 20:43:56 --> Undefined variable: pendapatan_daerah
#0 C:\xampp\htdocs\penerimaan-pad\app\Views\laporan\excel_perdinas.php(29): CodeIgniter\Debug\Exceptions->errorHandler(8, 'Undefined varia...', 'C:\\xampp\\htdocs...', 29, Array)
#1 C:\xampp\htdocs\penerimaan-pad\system\View\View.php(214): include('C:\\xampp\\htdocs...')
#2 C:\xampp\htdocs\penerimaan-pad\system\View\View.php(217): CodeIgniter\View\View->CodeIgniter\View\{closure}()
#3 C:\xampp\htdocs\penerimaan-pad\system\Common.php(1097): CodeIgniter\View\View->render('laporan/excel_p...', Array, true)
#4 C:\xampp\htdocs\penerimaan-pad\app\Controllers\LaporanPerdinas.php(259): view('laporan/excel_p...', Array)
#5 C:\xampp\htdocs\penerimaan-pad\system\CodeIgniter.php(824): App\Controllers\LaporanPerdinas->excel()
#6 C:\xampp\htdocs\penerimaan-pad\system\CodeIgniter.php(410): CodeIgniter\CodeIgniter->runController(Object(App\Controllers\LaporanPerdinas))
#7 C:\xampp\htdocs\penerimaan-pad\system\CodeIgniter.php(318): CodeIgniter\CodeIgniter->handleRequest(NULL, Object(Config\Cache), false)
#8 C:\xampp\htdocs\penerimaan-pad\public\index.php(37): CodeIgniter\CodeIgniter->run()
#9 C:\xampp\htdocs\penerimaan-pad\system\Commands\Server\rewrite.php(43): require_once('C:\\xampp\\htdocs...')
#10 {main}
CRITICAL - 2022-02-08 20:44:00 --> Undefined variable: pendapatan_daerah
#0 C:\xampp\htdocs\penerimaan-pad\app\Views\laporan\excel_perdinas.php(29): CodeIgniter\Debug\Exceptions->errorHandler(8, 'Undefined varia...', 'C:\\xampp\\htdocs...', 29, Array)
#1 C:\xampp\htdocs\penerimaan-pad\system\View\View.php(214): include('C:\\xampp\\htdocs...')
#2 C:\xampp\htdocs\penerimaan-pad\system\View\View.php(217): CodeIgniter\View\View->CodeIgniter\View\{closure}()
#3 C:\xampp\htdocs\penerimaan-pad\system\Common.php(1097): CodeIgniter\View\View->render('laporan/excel_p...', Array, true)
#4 C:\xampp\htdocs\penerimaan-pad\app\Controllers\LaporanPerdinas.php(259): view('laporan/excel_p...', Array)
#5 C:\xampp\htdocs\penerimaan-pad\system\CodeIgniter.php(824): App\Controllers\LaporanPerdinas->excel()
#6 C:\xampp\htdocs\penerimaan-pad\system\CodeIgniter.php(410): CodeIgniter\CodeIgniter->runController(Object(App\Controllers\LaporanPerdinas))
#7 C:\xampp\htdocs\penerimaan-pad\system\CodeIgniter.php(318): CodeIgniter\CodeIgniter->handleRequest(NULL, Object(Config\Cache), false)
#8 C:\xampp\htdocs\penerimaan-pad\public\index.php(37): CodeIgniter\CodeIgniter->run()
#9 C:\xampp\htdocs\penerimaan-pad\system\Commands\Server\rewrite.php(43): require_once('C:\\xampp\\htdocs...')
#10 {main}
CRITICAL - 2022-02-08 20:44:09 --> Undefined variable: pendapatan_daerah
#0 C:\xampp\htdocs\penerimaan-pad\app\Views\laporan\excel_perdinas.php(29): CodeIgniter\Debug\Exceptions->errorHandler(8, 'Undefined varia...', 'C:\\xampp\\htdocs...', 29, Array)
#1 C:\xampp\htdocs\penerimaan-pad\system\View\View.php(214): include('C:\\xampp\\htdocs...')
#2 C:\xampp\htdocs\penerimaan-pad\system\View\View.php(217): CodeIgniter\View\View->CodeIgniter\View\{closure}()
#3 C:\xampp\htdocs\penerimaan-pad\system\Common.php(1097): CodeIgniter\View\View->render('laporan/excel_p...', Array, true)
#4 C:\xampp\htdocs\penerimaan-pad\app\Controllers\LaporanPerdinas.php(259): view('laporan/excel_p...', Array)
#5 C:\xampp\htdocs\penerimaan-pad\system\CodeIgniter.php(824): App\Controllers\LaporanPerdinas->excel()
#6 C:\xampp\htdocs\penerimaan-pad\system\CodeIgniter.php(410): CodeIgniter\CodeIgniter->runController(Object(App\Controllers\LaporanPerdinas))
#7 C:\xampp\htdocs\penerimaan-pad\system\CodeIgniter.php(318): CodeIgniter\CodeIgniter->handleRequest(NULL, Object(Config\Cache), false)
#8 C:\xampp\htdocs\penerimaan-pad\public\index.php(37): CodeIgniter\CodeIgniter->run()
#9 C:\xampp\htdocs\penerimaan-pad\system\Commands\Server\rewrite.php(43): require_once('C:\\xampp\\htdocs...')
#10 {main}
CRITICAL - 2022-02-08 20:44:25 --> Undefined variable: pendapatan_daerah
#0 C:\xampp\htdocs\penerimaan-pad\app\Views\laporan\excel_perdinas.php(29): CodeIgniter\Debug\Exceptions->errorHandler(8, 'Undefined varia...', 'C:\\xampp\\htdocs...', 29, Array)
#1 C:\xampp\htdocs\penerimaan-pad\system\View\View.php(214): include('C:\\xampp\\htdocs...')
#2 C:\xampp\htdocs\penerimaan-pad\system\View\View.php(217): CodeIgniter\View\View->CodeIgniter\View\{closure}()
#3 C:\xampp\htdocs\penerimaan-pad\system\Common.php(1097): CodeIgniter\View\View->render('laporan/excel_p...', Array, true)
#4 C:\xampp\htdocs\penerimaan-pad\app\Controllers\LaporanPerdinas.php(259): view('laporan/excel_p...', Array)
#5 C:\xampp\htdocs\penerimaan-pad\system\CodeIgniter.php(824): App\Controllers\LaporanPerdinas->excel()
#6 C:\xampp\htdocs\penerimaan-pad\system\CodeIgniter.php(410): CodeIgniter\CodeIgniter->runController(Object(App\Controllers\LaporanPerdinas))
#7 C:\xampp\htdocs\penerimaan-pad\system\CodeIgniter.php(318): CodeIgniter\CodeIgniter->handleRequest(NULL, Object(Config\Cache), false)
#8 C:\xampp\htdocs\penerimaan-pad\public\index.php(37): CodeIgniter\CodeIgniter->run()
#9 C:\xampp\htdocs\penerimaan-pad\system\Commands\Server\rewrite.php(43): require_once('C:\\xampp\\htdocs...')
#10 {main}
CRITICAL - 2022-02-08 20:44:27 --> Undefined variable: pendapatan_daerah
#0 C:\xampp\htdocs\penerimaan-pad\app\Views\laporan\excel_perdinas.php(29): CodeIgniter\Debug\Exceptions->errorHandler(8, 'Undefined varia...', 'C:\\xampp\\htdocs...', 29, Array)
#1 C:\xampp\htdocs\penerimaan-pad\system\View\View.php(214): include('C:\\xampp\\htdocs...')
#2 C:\xampp\htdocs\penerimaan-pad\system\View\View.php(217): CodeIgniter\View\View->CodeIgniter\View\{closure}()
#3 C:\xampp\htdocs\penerimaan-pad\system\Common.php(1097): CodeIgniter\View\View->render('laporan/excel_p...', Array, true)
#4 C:\xampp\htdocs\penerimaan-pad\app\Controllers\LaporanPerdinas.php(259): view('laporan/excel_p...', Array)
#5 C:\xampp\htdocs\penerimaan-pad\system\CodeIgniter.php(824): App\Controllers\LaporanPerdinas->excel()
#6 C:\xampp\htdocs\penerimaan-pad\system\CodeIgniter.php(410): CodeIgniter\CodeIgniter->runController(Object(App\Controllers\LaporanPerdinas))
#7 C:\xampp\htdocs\penerimaan-pad\system\CodeIgniter.php(318): CodeIgniter\CodeIgniter->handleRequest(NULL, Object(Config\Cache), false)
#8 C:\xampp\htdocs\penerimaan-pad\public\index.php(37): CodeIgniter\CodeIgniter->run()
#9 C:\xampp\htdocs\penerimaan-pad\system\Commands\Server\rewrite.php(43): require_once('C:\\xampp\\htdocs...')
#10 {main}
CRITICAL - 2022-02-08 20:44:57 --> Undefined variable: pendapatan_daerah
#0 C:\xampp\htdocs\penerimaan-pad\app\Views\laporan\excel_perdinas.php(29): CodeIgniter\Debug\Exceptions->errorHandler(8, 'Undefined varia...', 'C:\\xampp\\htdocs...', 29, Array)
#1 C:\xampp\htdocs\penerimaan-pad\system\View\View.php(214): include('C:\\xampp\\htdocs...')
#2 C:\xampp\htdocs\penerimaan-pad\system\View\View.php(217): CodeIgniter\View\View->CodeIgniter\View\{closure}()
#3 C:\xampp\htdocs\penerimaan-pad\system\Common.php(1097): CodeIgniter\View\View->render('laporan/excel_p...', Array, true)
#4 C:\xampp\htdocs\penerimaan-pad\app\Controllers\LaporanPerdinas.php(259): view('laporan/excel_p...', Array)
#5 C:\xampp\htdocs\penerimaan-pad\system\CodeIgniter.php(824): App\Controllers\LaporanPerdinas->excel()
#6 C:\xampp\htdocs\penerimaan-pad\system\CodeIgniter.php(410): CodeIgniter\CodeIgniter->runController(Object(App\Controllers\LaporanPerdinas))
#7 C:\xampp\htdocs\penerimaan-pad\system\CodeIgniter.php(318): CodeIgniter\CodeIgniter->handleRequest(NULL, Object(Config\Cache), false)
#8 C:\xampp\htdocs\penerimaan-pad\public\index.php(37): CodeIgniter\CodeIgniter->run()
#9 C:\xampp\htdocs\penerimaan-pad\system\Commands\Server\rewrite.php(43): require_once('C:\\xampp\\htdocs...')
#10 {main}
CRITICAL - 2022-02-08 20:46:08 --> Undefined variable: pendapatan_daerah
#0 C:\xampp\htdocs\penerimaan-pad\app\Views\laporan\excel_perdinas.php(29): CodeIgniter\Debug\Exceptions->errorHandler(8, 'Undefined varia...', 'C:\\xampp\\htdocs...', 29, Array)
#1 C:\xampp\htdocs\penerimaan-pad\system\View\View.php(214): include('C:\\xampp\\htdocs...')
#2 C:\xampp\htdocs\penerimaan-pad\system\View\View.php(217): CodeIgniter\View\View->CodeIgniter\View\{closure}()
#3 C:\xampp\htdocs\penerimaan-pad\system\Common.php(1097): CodeIgniter\View\View->render('laporan/excel_p...', Array, true)
#4 C:\xampp\htdocs\penerimaan-pad\app\Controllers\LaporanPerdinas.php(259): view('laporan/excel_p...', Array)
#5 C:\xampp\htdocs\penerimaan-pad\system\CodeIgniter.php(824): App\Controllers\LaporanPerdinas->excel()
#6 C:\xampp\htdocs\penerimaan-pad\system\CodeIgniter.php(410): CodeIgniter\CodeIgniter->runController(Object(App\Controllers\LaporanPerdinas))
#7 C:\xampp\htdocs\penerimaan-pad\system\CodeIgniter.php(318): CodeIgniter\CodeIgniter->handleRequest(NULL, Object(Config\Cache), false)
#8 C:\xampp\htdocs\penerimaan-pad\public\index.php(37): CodeIgniter\CodeIgniter->run()
#9 C:\xampp\htdocs\penerimaan-pad\system\Commands\Server\rewrite.php(43): require_once('C:\\xampp\\htdocs...')
#10 {main}
CRITICAL - 2022-02-08 20:46:10 --> Undefined variable: pendapatan_daerah
#0 C:\xampp\htdocs\penerimaan-pad\app\Views\laporan\excel_perdinas.php(29): CodeIgniter\Debug\Exceptions->errorHandler(8, 'Undefined varia...', 'C:\\xampp\\htdocs...', 29, Array)
#1 C:\xampp\htdocs\penerimaan-pad\system\View\View.php(214): include('C:\\xampp\\htdocs...')
#2 C:\xampp\htdocs\penerimaan-pad\system\View\View.php(217): CodeIgniter\View\View->CodeIgniter\View\{closure}()
#3 C:\xampp\htdocs\penerimaan-pad\system\Common.php(1097): CodeIgniter\View\View->render('laporan/excel_p...', Array, true)
#4 C:\xampp\htdocs\penerimaan-pad\app\Controllers\LaporanPerdinas.php(259): view('laporan/excel_p...', Array)
#5 C:\xampp\htdocs\penerimaan-pad\system\CodeIgniter.php(824): App\Controllers\LaporanPerdinas->excel()
#6 C:\xampp\htdocs\penerimaan-pad\system\CodeIgniter.php(410): CodeIgniter\CodeIgniter->runController(Object(App\Controllers\LaporanPerdinas))
#7 C:\xampp\htdocs\penerimaan-pad\system\CodeIgniter.php(318): CodeIgniter\CodeIgniter->handleRequest(NULL, Object(Config\Cache), false)
#8 C:\xampp\htdocs\penerimaan-pad\public\index.php(37): CodeIgniter\CodeIgniter->run()
#9 C:\xampp\htdocs\penerimaan-pad\system\Commands\Server\rewrite.php(43): require_once('C:\\xampp\\htdocs...')
#10 {main}
CRITICAL - 2022-02-08 20:46:24 --> Undefined variable: pendapatan_daerah
#0 C:\xampp\htdocs\penerimaan-pad\app\Views\laporan\excel_perdinas.php(29): CodeIgniter\Debug\Exceptions->errorHandler(8, 'Undefined varia...', 'C:\\xampp\\htdocs...', 29, Array)
#1 C:\xampp\htdocs\penerimaan-pad\system\View\View.php(214): include('C:\\xampp\\htdocs...')
#2 C:\xampp\htdocs\penerimaan-pad\system\View\View.php(217): CodeIgniter\View\View->CodeIgniter\View\{closure}()
#3 C:\xampp\htdocs\penerimaan-pad\system\Common.php(1097): CodeIgniter\View\View->render('laporan/excel_p...', Array, true)
#4 C:\xampp\htdocs\penerimaan-pad\app\Controllers\LaporanPerdinas.php(259): view('laporan/excel_p...', Array)
#5 C:\xampp\htdocs\penerimaan-pad\system\CodeIgniter.php(824): App\Controllers\LaporanPerdinas->excel()
#6 C:\xampp\htdocs\penerimaan-pad\system\CodeIgniter.php(410): CodeIgniter\CodeIgniter->runController(Object(App\Controllers\LaporanPerdinas))
#7 C:\xampp\htdocs\penerimaan-pad\system\CodeIgniter.php(318): CodeIgniter\CodeIgniter->handleRequest(NULL, Object(Config\Cache), false)
#8 C:\xampp\htdocs\penerimaan-pad\public\index.php(37): CodeIgniter\CodeIgniter->run()
#9 C:\xampp\htdocs\penerimaan-pad\system\Commands\Server\rewrite.php(43): require_once('C:\\xampp\\htdocs...')
#10 {main}
CRITICAL - 2022-02-08 20:47:10 --> Undefined variable: pendapatan_daerah
#0 C:\xampp\htdocs\penerimaan-pad\app\Views\laporan\excel_perdinas.php(29): CodeIgniter\Debug\Exceptions->errorHandler(8, 'Undefined varia...', 'C:\\xampp\\htdocs...', 29, Array)
#1 C:\xampp\htdocs\penerimaan-pad\system\View\View.php(214): include('C:\\xampp\\htdocs...')
#2 C:\xampp\htdocs\penerimaan-pad\system\View\View.php(217): CodeIgniter\View\View->CodeIgniter\View\{closure}()
#3 C:\xampp\htdocs\penerimaan-pad\system\Common.php(1097): CodeIgniter\View\View->render('laporan/excel_p...', Array, true)
#4 C:\xampp\htdocs\penerimaan-pad\app\Controllers\LaporanPerdinas.php(259): view('laporan/excel_p...', Array)
#5 C:\xampp\htdocs\penerimaan-pad\system\CodeIgniter.php(824): App\Controllers\LaporanPerdinas->excel()
#6 C:\xampp\htdocs\penerimaan-pad\system\CodeIgniter.php(410): CodeIgniter\CodeIgniter->runController(Object(App\Controllers\LaporanPerdinas))
#7 C:\xampp\htdocs\penerimaan-pad\system\CodeIgniter.php(318): CodeIgniter\CodeIgniter->handleRequest(NULL, Object(Config\Cache), false)
#8 C:\xampp\htdocs\penerimaan-pad\public\index.php(37): CodeIgniter\CodeIgniter->run()
#9 C:\xampp\htdocs\penerimaan-pad\system\Commands\Server\rewrite.php(43): require_once('C:\\xampp\\htdocs...')
#10 {main}
CRITICAL - 2022-02-08 20:47:11 --> Undefined variable: pendapatan_daerah
#0 C:\xampp\htdocs\penerimaan-pad\app\Views\laporan\excel_perdinas.php(29): CodeIgniter\Debug\Exceptions->errorHandler(8, 'Undefined varia...', 'C:\\xampp\\htdocs...', 29, Array)
#1 C:\xampp\htdocs\penerimaan-pad\system\View\View.php(214): include('C:\\xampp\\htdocs...')
#2 C:\xampp\htdocs\penerimaan-pad\system\View\View.php(217): CodeIgniter\View\View->CodeIgniter\View\{closure}()
#3 C:\xampp\htdocs\penerimaan-pad\system\Common.php(1097): CodeIgniter\View\View->render('laporan/excel_p...', Array, true)
#4 C:\xampp\htdocs\penerimaan-pad\app\Controllers\LaporanPerdinas.php(259): view('laporan/excel_p...', Array)
#5 C:\xampp\htdocs\penerimaan-pad\system\CodeIgniter.php(824): App\Controllers\LaporanPerdinas->excel()
#6 C:\xampp\htdocs\penerimaan-pad\system\CodeIgniter.php(410): CodeIgniter\CodeIgniter->runController(Object(App\Controllers\LaporanPerdinas))
#7 C:\xampp\htdocs\penerimaan-pad\system\CodeIgniter.php(318): CodeIgniter\CodeIgniter->handleRequest(NULL, Object(Config\Cache), false)
#8 C:\xampp\htdocs\penerimaan-pad\public\index.php(37): CodeIgniter\CodeIgniter->run()
#9 C:\xampp\htdocs\penerimaan-pad\system\Commands\Server\rewrite.php(43): require_once('C:\\xampp\\htdocs...')
#10 {main}
CRITICAL - 2022-02-08 20:47:17 --> Undefined variable: pendapatan_daerah
#0 C:\xampp\htdocs\penerimaan-pad\app\Views\laporan\excel_perdinas.php(29): CodeIgniter\Debug\Exceptions->errorHandler(8, 'Undefined varia...', 'C:\\xampp\\htdocs...', 29, Array)
#1 C:\xampp\htdocs\penerimaan-pad\system\View\View.php(214): include('C:\\xampp\\htdocs...')
#2 C:\xampp\htdocs\penerimaan-pad\system\View\View.php(217): CodeIgniter\View\View->CodeIgniter\View\{closure}()
#3 C:\xampp\htdocs\penerimaan-pad\system\Common.php(1097): CodeIgniter\View\View->render('laporan/excel_p...', Array, true)
#4 C:\xampp\htdocs\penerimaan-pad\app\Controllers\LaporanPerdinas.php(259): view('laporan/excel_p...', Array)
#5 C:\xampp\htdocs\penerimaan-pad\system\CodeIgniter.php(824): App\Controllers\LaporanPerdinas->excel()
#6 C:\xampp\htdocs\penerimaan-pad\system\CodeIgniter.php(410): CodeIgniter\CodeIgniter->runController(Object(App\Controllers\LaporanPerdinas))
#7 C:\xampp\htdocs\penerimaan-pad\system\CodeIgniter.php(318): CodeIgniter\CodeIgniter->handleRequest(NULL, Object(Config\Cache), false)
#8 C:\xampp\htdocs\penerimaan-pad\public\index.php(37): CodeIgniter\CodeIgniter->run()
#9 C:\xampp\htdocs\penerimaan-pad\system\Commands\Server\rewrite.php(43): require_once('C:\\xampp\\htdocs...')
#10 {main}
CRITICAL - 2022-02-08 20:50:44 --> Undefined variable: pendapatan_daerah
#0 C:\xampp\htdocs\penerimaan-pad\app\Views\laporan\excel_perdinas.php(29): CodeIgniter\Debug\Exceptions->errorHandler(8, 'Undefined varia...', 'C:\\xampp\\htdocs...', 29, Array)
#1 C:\xampp\htdocs\penerimaan-pad\system\View\View.php(214): include('C:\\xampp\\htdocs...')
#2 C:\xampp\htdocs\penerimaan-pad\system\View\View.php(217): CodeIgniter\View\View->CodeIgniter\View\{closure}()
#3 C:\xampp\htdocs\penerimaan-pad\system\Common.php(1097): CodeIgniter\View\View->render('laporan/excel_p...', Array, true)
#4 C:\xampp\htdocs\penerimaan-pad\app\Controllers\LaporanPerdinas.php(259): view('laporan/excel_p...', Array)
#5 C:\xampp\htdocs\penerimaan-pad\system\CodeIgniter.php(824): App\Controllers\LaporanPerdinas->excel()
#6 C:\xampp\htdocs\penerimaan-pad\system\CodeIgniter.php(410): CodeIgniter\CodeIgniter->runController(Object(App\Controllers\LaporanPerdinas))
#7 C:\xampp\htdocs\penerimaan-pad\system\CodeIgniter.php(318): CodeIgniter\CodeIgniter->handleRequest(NULL, Object(Config\Cache), false)
#8 C:\xampp\htdocs\penerimaan-pad\public\index.php(37): CodeIgniter\CodeIgniter->run()
#9 C:\xampp\htdocs\penerimaan-pad\system\Commands\Server\rewrite.php(43): require_once('C:\\xampp\\htdocs...')
#10 {main}
CRITICAL - 2022-02-08 20:50:46 --> Undefined variable: pendapatan_daerah
#0 C:\xampp\htdocs\penerimaan-pad\app\Views\laporan\excel_perdinas.php(29): CodeIgniter\Debug\Exceptions->errorHandler(8, 'Undefined varia...', 'C:\\xampp\\htdocs...', 29, Array)
#1 C:\xampp\htdocs\penerimaan-pad\system\View\View.php(214): include('C:\\xampp\\htdocs...')
#2 C:\xampp\htdocs\penerimaan-pad\system\View\View.php(217): CodeIgniter\View\View->CodeIgniter\View\{closure}()
#3 C:\xampp\htdocs\penerimaan-pad\system\Common.php(1097): CodeIgniter\View\View->render('laporan/excel_p...', Array, true)
#4 C:\xampp\htdocs\penerimaan-pad\app\Controllers\LaporanPerdinas.php(259): view('laporan/excel_p...', Array)
#5 C:\xampp\htdocs\penerimaan-pad\system\CodeIgniter.php(824): App\Controllers\LaporanPerdinas->excel()
#6 C:\xampp\htdocs\penerimaan-pad\system\CodeIgniter.php(410): CodeIgniter\CodeIgniter->runController(Object(App\Controllers\LaporanPerdinas))
#7 C:\xampp\htdocs\penerimaan-pad\system\CodeIgniter.php(318): CodeIgniter\CodeIgniter->handleRequest(NULL, Object(Config\Cache), false)
#8 C:\xampp\htdocs\penerimaan-pad\public\index.php(37): CodeIgniter\CodeIgniter->run()
#9 C:\xampp\htdocs\penerimaan-pad\system\Commands\Server\rewrite.php(43): require_once('C:\\xampp\\htdocs...')
#10 {main}
CRITICAL - 2022-02-08 20:50:52 --> Undefined variable: pendapatan_daerah
#0 C:\xampp\htdocs\penerimaan-pad\app\Views\laporan\excel_perdinas.php(29): CodeIgniter\Debug\Exceptions->errorHandler(8, 'Undefined varia...', 'C:\\xampp\\htdocs...', 29, Array)
#1 C:\xampp\htdocs\penerimaan-pad\system\View\View.php(214): include('C:\\xampp\\htdocs...')
#2 C:\xampp\htdocs\penerimaan-pad\system\View\View.php(217): CodeIgniter\View\View->CodeIgniter\View\{closure}()
#3 C:\xampp\htdocs\penerimaan-pad\system\Common.php(1097): CodeIgniter\View\View->render('laporan/excel_p...', Array, true)
#4 C:\xampp\htdocs\penerimaan-pad\app\Controllers\LaporanPerdinas.php(259): view('laporan/excel_p...', Array)
#5 C:\xampp\htdocs\penerimaan-pad\system\CodeIgniter.php(824): App\Controllers\LaporanPerdinas->excel()
#6 C:\xampp\htdocs\penerimaan-pad\system\CodeIgniter.php(410): CodeIgniter\CodeIgniter->runController(Object(App\Controllers\LaporanPerdinas))
#7 C:\xampp\htdocs\penerimaan-pad\system\CodeIgniter.php(318): CodeIgniter\CodeIgniter->handleRequest(NULL, Object(Config\Cache), false)
#8 C:\xampp\htdocs\penerimaan-pad\public\index.php(37): CodeIgniter\CodeIgniter->run()
#9 C:\xampp\htdocs\penerimaan-pad\system\Commands\Server\rewrite.php(43): require_once('C:\\xampp\\htdocs...')
#10 {main}
CRITICAL - 2022-02-08 21:11:42 --> Undefined property: App\Controllers\LainPAD::$LainPadModel
#0 C:\xampp\htdocs\penerimaan-pad\app\Controllers\LainPAD.php(60): CodeIgniter\Debug\Exceptions->errorHandler(8, 'Undefined prope...', 'C:\\xampp\\htdocs...', 60, Array)
#1 C:\xampp\htdocs\penerimaan-pad\system\CodeIgniter.php(824): App\Controllers\LainPAD->save()
#2 C:\xampp\htdocs\penerimaan-pad\system\CodeIgniter.php(410): CodeIgniter\CodeIgniter->runController(Object(App\Controllers\LainPAD))
#3 C:\xampp\htdocs\penerimaan-pad\system\CodeIgniter.php(318): CodeIgniter\CodeIgniter->handleRequest(NULL, Object(Config\Cache), false)
#4 C:\xampp\htdocs\penerimaan-pad\public\index.php(37): CodeIgniter\CodeIgniter->run()
#5 C:\xampp\htdocs\penerimaan-pad\system\Commands\Server\rewrite.php(43): require_once('C:\\xampp\\htdocs...')
#6 {main}
CRITICAL - 2022-02-08 21:13:55 --> Undefined index: id_realisasi
#0 C:\xampp\htdocs\penerimaan-pad\app\Views\lain_pad\index.php(169): CodeIgniter\Debug\Exceptions->errorHandler(8, 'Undefined index...', 'C:\\xampp\\htdocs...', 169, Array)
#1 C:\xampp\htdocs\penerimaan-pad\system\View\View.php(214): include('C:\\xampp\\htdocs...')
#2 C:\xampp\htdocs\penerimaan-pad\system\View\View.php(217): CodeIgniter\View\View->CodeIgniter\View\{closure}()
#3 C:\xampp\htdocs\penerimaan-pad\system\Common.php(1097): CodeIgniter\View\View->render('lain_pad/index', Array, true)
#4 C:\xampp\htdocs\penerimaan-pad\app\Controllers\LainPAD.php(29): view('lain_pad/index', Array)
#5 C:\xampp\htdocs\penerimaan-pad\system\CodeIgniter.php(824): App\Controllers\LainPAD->index()
#6 C:\xampp\htdocs\penerimaan-pad\system\CodeIgniter.php(410): CodeIgniter\CodeIgniter->runController(Object(App\Controllers\LainPAD))
#7 C:\xampp\htdocs\penerimaan-pad\system\CodeIgniter.php(318): CodeIgniter\CodeIgniter->handleRequest(NULL, Object(Config\Cache), false)
#8 C:\xampp\htdocs\penerimaan-pad\public\index.php(37): CodeIgniter\CodeIgniter->run()
#9 C:\xampp\htdocs\penerimaan-pad\system\Commands\Server\rewrite.php(43): require_once('C:\\xampp\\htdocs...')
#10 {main}
CRITICAL - 2022-02-08 21:14:33 --> Undefined index: id_realisasi
#0 C:\xampp\htdocs\penerimaan-pad\app\Views\lain_pad\index.php(169): CodeIgniter\Debug\Exceptions->errorHandler(8, 'Undefined index...', 'C:\\xampp\\htdocs...', 169, Array)
#1 C:\xampp\htdocs\penerimaan-pad\system\View\View.php(214): include('C:\\xampp\\htdocs...')
#2 C:\xampp\htdocs\penerimaan-pad\system\View\View.php(217): CodeIgniter\View\View->CodeIgniter\View\{closure}()
#3 C:\xampp\htdocs\penerimaan-pad\system\Common.php(1097): CodeIgniter\View\View->render('lain_pad/index', Array, true)
#4 C:\xampp\htdocs\penerimaan-pad\app\Controllers\LainPAD.php(29): view('lain_pad/index', Array)
#5 C:\xampp\htdocs\penerimaan-pad\system\CodeIgniter.php(824): App\Controllers\LainPAD->index()
#6 C:\xampp\htdocs\penerimaan-pad\system\CodeIgniter.php(410): CodeIgniter\CodeIgniter->runController(Object(App\Controllers\LainPAD))
#7 C:\xampp\htdocs\penerimaan-pad\system\CodeIgniter.php(318): CodeIgniter\CodeIgniter->handleRequest(NULL, Object(Config\Cache), false)
#8 C:\xampp\htdocs\penerimaan-pad\public\index.php(37): CodeIgniter\CodeIgniter->run()
#9 C:\xampp\htdocs\penerimaan-pad\system\Commands\Server\rewrite.php(43): require_once('C:\\xampp\\htdocs...')
#10 {main}
ERROR - 2022-02-08 21:17:49 --> Duplicate entry '0' for key 'PRIMARY'
CRITICAL - 2022-02-08 21:17:49 --> Duplicate entry '0' for key 'PRIMARY'
#0 C:\xampp\htdocs\penerimaan-pad\system\Database\MySQLi\Connection.php(292): mysqli->query('INSERT INTO `la...', 0)
#1 C:\xampp\htdocs\penerimaan-pad\system\Database\BaseConnection.php(670): CodeIgniter\Database\MySQLi\Connection->execute('INSERT INTO `la...')
#2 C:\xampp\htdocs\penerimaan-pad\system\Database\BaseConnection.php(598): CodeIgniter\Database\BaseConnection->simpleQuery('INSERT INTO `la...')
#3 C:\xampp\htdocs\penerimaan-pad\system\Database\BaseBuilder.php(1759): CodeIgniter\Database\BaseConnection->query('INSERT INTO `la...', Array, false)
#4 C:\xampp\htdocs\penerimaan-pad\system\Model.php(239): CodeIgniter\Database\BaseBuilder->insert()
#5 C:\xampp\htdocs\penerimaan-pad\system\BaseModel.php(738): CodeIgniter\Model->doInsert(Array)
#6 C:\xampp\htdocs\penerimaan-pad\system\Model.php(620): CodeIgniter\BaseModel->insert(Array, false)
#7 C:\xampp\htdocs\penerimaan-pad\system\BaseModel.php(658): CodeIgniter\Model->insert(Array, false)
#8 C:\xampp\htdocs\penerimaan-pad\app\Controllers\LainPAD.php(63): CodeIgniter\BaseModel->save(Array)
#9 C:\xampp\htdocs\penerimaan-pad\system\CodeIgniter.php(824): App\Controllers\LainPAD->save()
#10 C:\xampp\htdocs\penerimaan-pad\system\CodeIgniter.php(410): CodeIgniter\CodeIgniter->runController(Object(App\Controllers\LainPAD))
#11 C:\xampp\htdocs\penerimaan-pad\system\CodeIgniter.php(318): CodeIgniter\CodeIgniter->handleRequest(NULL, Object(Config\Cache), false)
#12 C:\xampp\htdocs\penerimaan-pad\public\index.php(37): CodeIgniter\CodeIgniter->run()
#13 C:\xampp\htdocs\penerimaan-pad\system\Commands\Server\rewrite.php(43): require_once('C:\\xampp\\htdocs...')
#14 {main}
ERROR - 2022-02-08 21:52:20 --> Unknown column 'id_jenis_pajak' in 'where clause'
CRITICAL - 2022-02-08 21:52:20 --> Unknown column 'id_jenis_pajak' in 'where clause'
#0 C:\xampp\htdocs\penerimaan-pad\system\Database\MySQLi\Connection.php(292): mysqli->query('SELECT *\nFROM `...', 0)
#1 C:\xampp\htdocs\penerimaan-pad\system\Database\BaseConnection.php(670): CodeIgniter\Database\MySQLi\Connection->execute('SELECT *\nFROM `...')
#2 C:\xampp\htdocs\penerimaan-pad\system\Database\BaseConnection.php(598): CodeIgniter\Database\BaseConnection->simpleQuery('SELECT *\nFROM `...')
#3 C:\xampp\htdocs\penerimaan-pad\system\Database\BaseBuilder.php(1443): CodeIgniter\Database\BaseConnection->query('SELECT *\nFROM `...', Array, false)
#4 C:\xampp\htdocs\penerimaan-pad\system\Model.php(183): CodeIgniter\Database\BaseBuilder->get()
#5 C:\xampp\htdocs\penerimaan-pad\system\BaseModel.php(584): CodeIgniter\Model->doFindAll(1, 0)
#6 C:\xampp\htdocs\penerimaan-pad\app\Models\LaporanModel.php(1560): CodeIgniter\BaseModel->findAll(1)
#7 C:\xampp\htdocs\penerimaan-pad\app\Controllers\LaporanPerdinas.php(44): App\Models\LaporanModel->getJenis15()
#8 C:\xampp\htdocs\penerimaan-pad\system\CodeIgniter.php(824): App\Controllers\LaporanPerdinas->index()
#9 C:\xampp\htdocs\penerimaan-pad\system\CodeIgniter.php(410): CodeIgniter\CodeIgniter->runController(Object(App\Controllers\LaporanPerdinas))
#10 C:\xampp\htdocs\penerimaan-pad\system\CodeIgniter.php(318): CodeIgniter\CodeIgniter->handleRequest(NULL, Object(Config\Cache), false)
#11 C:\xampp\htdocs\penerimaan-pad\public\index.php(37): CodeIgniter\CodeIgniter->run()
#12 C:\xampp\htdocs\penerimaan-pad\system\Commands\Server\rewrite.php(43): require_once('C:\\xampp\\htdocs...')
#13 {main}
ERROR - 2022-02-08 21:52:30 --> Unknown column 'id_jenis_pajak' in 'where clause'
CRITICAL - 2022-02-08 21:52:30 --> Unknown column 'id_jenis_pajak' in 'where clause'
#0 C:\xampp\htdocs\penerimaan-pad\system\Database\MySQLi\Connection.php(292): mysqli->query('SELECT *\nFROM `...', 0)
#1 C:\xampp\htdocs\penerimaan-pad\system\Database\BaseConnection.php(670): CodeIgniter\Database\MySQLi\Connection->execute('SELECT *\nFROM `...')
#2 C:\xampp\htdocs\penerimaan-pad\system\Database\BaseConnection.php(598): CodeIgniter\Database\BaseConnection->simpleQuery('SELECT *\nFROM `...')
#3 C:\xampp\htdocs\penerimaan-pad\system\Database\BaseBuilder.php(1443): CodeIgniter\Database\BaseConnection->query('SELECT *\nFROM `...', Array, false)
#4 C:\xampp\htdocs\penerimaan-pad\system\Model.php(183): CodeIgniter\Database\BaseBuilder->get()
#5 C:\xampp\htdocs\penerimaan-pad\system\BaseModel.php(584): CodeIgniter\Model->doFindAll(0, 0)
#6 C:\xampp\htdocs\penerimaan-pad\app\Models\LaporanModel.php(1560): CodeIgniter\BaseModel->findAll()
#7 C:\xampp\htdocs\penerimaan-pad\app\Controllers\LaporanPerdinas.php(44): App\Models\LaporanModel->getJenis15()
#8 C:\xampp\htdocs\penerimaan-pad\system\CodeIgniter.php(824): App\Controllers\LaporanPerdinas->index()
#9 C:\xampp\htdocs\penerimaan-pad\system\CodeIgniter.php(410): CodeIgniter\CodeIgniter->runController(Object(App\Controllers\LaporanPerdinas))
#10 C:\xampp\htdocs\penerimaan-pad\system\CodeIgniter.php(318): CodeIgniter\CodeIgniter->handleRequest(NULL, Object(Config\Cache), false)
#11 C:\xampp\htdocs\penerimaan-pad\public\index.php(37): CodeIgniter\CodeIgniter->run()
#12 C:\xampp\htdocs\penerimaan-pad\system\Commands\Server\rewrite.php(43): require_once('C:\\xampp\\htdocs...')
#13 {main}
CRITICAL - 2022-02-08 22:14:06 --> syntax error, unexpected '<'
#0 C:\xampp\htdocs\penerimaan-pad\system\View\View.php(217): CodeIgniter\View\View->CodeIgniter\View\{closure}()
#1 C:\xampp\htdocs\penerimaan-pad\system\Common.php(1097): CodeIgniter\View\View->render('laporan/perdina...', Array, true)
#2 C:\xampp\htdocs\penerimaan-pad\app\Controllers\LaporanPerdinas.php(141): view('laporan/perdina...', Array)
#3 C:\xampp\htdocs\penerimaan-pad\system\CodeIgniter.php(824): App\Controllers\LaporanPerdinas->index()
#4 C:\xampp\htdocs\penerimaan-pad\system\CodeIgniter.php(410): CodeIgniter\CodeIgniter->runController(Object(App\Controllers\LaporanPerdinas))
#5 C:\xampp\htdocs\penerimaan-pad\system\CodeIgniter.php(318): CodeIgniter\CodeIgniter->handleRequest(NULL, Object(Config\Cache), false)
#6 C:\xampp\htdocs\penerimaan-pad\public\index.php(37): CodeIgniter\CodeIgniter->run()
#7 C:\xampp\htdocs\penerimaan-pad\system\Commands\Server\rewrite.php(43): require_once('C:\\xampp\\htdocs...')
#8 {main}
CRITICAL - 2022-02-08 23:11:01 --> Cannot use object of type stdClass as array
#0 C:\xampp\htdocs\penerimaan-pad\system\View\View.php(214): include()
#1 C:\xampp\htdocs\penerimaan-pad\system\View\View.php(217): CodeIgniter\View\View->CodeIgniter\View\{closure}()
#2 C:\xampp\htdocs\penerimaan-pad\system\Common.php(1097): CodeIgniter\View\View->render('laporan/perdina...', Array, true)
#3 C:\xampp\htdocs\penerimaan-pad\app\Controllers\LaporanPerdinas.php(141): view('laporan/perdina...', Array)
#4 C:\xampp\htdocs\penerimaan-pad\system\CodeIgniter.php(824): App\Controllers\LaporanPerdinas->index()
#5 C:\xampp\htdocs\penerimaan-pad\system\CodeIgniter.php(410): CodeIgniter\CodeIgniter->runController(Object(App\Controllers\LaporanPerdinas))
#6 C:\xampp\htdocs\penerimaan-pad\system\CodeIgniter.php(318): CodeIgniter\CodeIgniter->handleRequest(NULL, Object(Config\Cache), false)
#7 C:\xampp\htdocs\penerimaan-pad\public\index.php(37): CodeIgniter\CodeIgniter->run()
#8 C:\xampp\htdocs\penerimaan-pad\system\Commands\Server\rewrite.php(43): require_once('C:\\xampp\\htdocs...')
#9 {main}
ERROR - 2022-02-08 23:20:38 --> Unknown column 'target' in 'field list'
CRITICAL - 2022-02-08 23:20:38 --> Unknown column 'target' in 'field list'
#0 C:\xampp\htdocs\penerimaan-pad\system\Database\MySQLi\Connection.php(292): mysqli->query('SELECT SUM(`tar...', 0)
#1 C:\xampp\htdocs\penerimaan-pad\system\Database\BaseConnection.php(670): CodeIgniter\Database\MySQLi\Connection->execute('SELECT SUM(`tar...')
#2 C:\xampp\htdocs\penerimaan-pad\system\Database\BaseConnection.php(598): CodeIgniter\Database\BaseConnection->simpleQuery('SELECT SUM(`tar...')
#3 C:\xampp\htdocs\penerimaan-pad\system\Database\BaseBuilder.php(1443): CodeIgniter\Database\BaseConnection->query('SELECT SUM(`tar...', Array, false)
#4 C:\xampp\htdocs\penerimaan-pad\app\Models\LaporanModel.php(1420): CodeIgniter\Database\BaseBuilder->get()
#5 C:\xampp\htdocs\penerimaan-pad\app\Controllers\LaporanPerdinas.php(96): App\Models\LaporanModel->sumTarget15()
#6 C:\xampp\htdocs\penerimaan-pad\system\CodeIgniter.php(824): App\Controllers\LaporanPerdinas->index()
#7 C:\xampp\htdocs\penerimaan-pad\system\CodeIgniter.php(410): CodeIgniter\CodeIgniter->runController(Object(App\Controllers\LaporanPerdinas))
#8 C:\xampp\htdocs\penerimaan-pad\system\CodeIgniter.php(318): CodeIgniter\CodeIgniter->handleRequest(NULL, Object(Config\Cache), false)
#9 C:\xampp\htdocs\penerimaan-pad\public\index.php(37): CodeIgniter\CodeIgniter->run()
#10 C:\xampp\htdocs\penerimaan-pad\system\Commands\Server\rewrite.php(43): require_once('C:\\xampp\\htdocs...')
#11 {main}
ERROR - 2022-02-08 23:21:25 --> Unknown column 'target' in 'field list'
CRITICAL - 2022-02-08 23:21:25 --> Unknown column 'target' in 'field list'
#0 C:\xampp\htdocs\penerimaan-pad\system\Database\MySQLi\Connection.php(292): mysqli->query('SELECT SUM(`tar...', 0)
#1 C:\xampp\htdocs\penerimaan-pad\system\Database\BaseConnection.php(670): CodeIgniter\Database\MySQLi\Connection->execute('SELECT SUM(`tar...')
#2 C:\xampp\htdocs\penerimaan-pad\system\Database\BaseConnection.php(598): CodeIgniter\Database\BaseConnection->simpleQuery('SELECT SUM(`tar...')
#3 C:\xampp\htdocs\penerimaan-pad\system\Database\BaseBuilder.php(1443): CodeIgniter\Database\BaseConnection->query('SELECT SUM(`tar...', Array, false)
#4 C:\xampp\htdocs\penerimaan-pad\app\Models\LaporanModel.php(1420): CodeIgniter\Database\BaseBuilder->get()
#5 C:\xampp\htdocs\penerimaan-pad\app\Controllers\LaporanPerdinas.php(96): App\Models\LaporanModel->sumTarget15()
#6 C:\xampp\htdocs\penerimaan-pad\system\CodeIgniter.php(824): App\Controllers\LaporanPerdinas->index()
#7 C:\xampp\htdocs\penerimaan-pad\system\CodeIgniter.php(410): CodeIgniter\CodeIgniter->runController(Object(App\Controllers\LaporanPerdinas))
#8 C:\xampp\htdocs\penerimaan-pad\system\CodeIgniter.php(318): CodeIgniter\CodeIgniter->handleRequest(NULL, Object(Config\Cache), false)
#9 C:\xampp\htdocs\penerimaan-pad\public\index.php(37): CodeIgniter\CodeIgniter->run()
#10 C:\xampp\htdocs\penerimaan-pad\system\Commands\Server\rewrite.php(43): require_once('C:\\xampp\\htdocs...')
#11 {main}
