ERROR - 2022-03-09 13:11:26 --> Error connecting to the database: No connection could be made because the target machine actively refused it.

CRITICAL - 2022-03-09 13:11:26 --> Unable to connect to the database.
Main connection [MySQLi]: No connection could be made because the target machine actively refused it.

#0 C:\xampp\htdocs\penerimaan-pad\system\Database\BaseConnection.php(577): CodeIgniter\Database\BaseConnection->initialize()
#1 C:\xampp\htdocs\penerimaan-pad\system\Database\BaseBuilder.php(1443): CodeIgniter\Database\BaseConnection->query('SELECT *\nFROM `...', Array, false)
#2 C:\xampp\htdocs\penerimaan-pad\system\Model.php(183): CodeIgniter\Database\BaseBuilder->get()
#3 C:\xampp\htdocs\penerimaan-pad\system\BaseModel.php(584): CodeIgniter\Model->doFindAll(0, 0)
#4 C:\xampp\htdocs\penerimaan-pad\app\Models\AuthModel.php(34): CodeIgniter\BaseModel->findAll()
#5 C:\xampp\htdocs\penerimaan-pad\app\Controllers\Auth.php(28): App\Models\AuthModel->getData()
#6 C:\xampp\htdocs\penerimaan-pad\system\CodeIgniter.php(824): App\Controllers\Auth->index()
#7 C:\xampp\htdocs\penerimaan-pad\system\CodeIgniter.php(410): CodeIgniter\CodeIgniter->runController(Object(App\Controllers\Auth))
#8 C:\xampp\htdocs\penerimaan-pad\system\CodeIgniter.php(318): CodeIgniter\CodeIgniter->handleRequest(NULL, Object(Config\Cache), false)
#9 C:\xampp\htdocs\penerimaan-pad\public\index.php(37): CodeIgniter\CodeIgniter->run()
#10 C:\xampp\htdocs\penerimaan-pad\system\Commands\Server\rewrite.php(43): require_once('C:\\xampp\\htdocs...')
#11 {main}
CRITICAL - 2022-03-09 13:44:37 --> Undefined variable: upload
#0 C:\xampp\htdocs\penerimaan-pad\app\Views\laporan\excel_laporan.php(90): CodeIgniter\Debug\Exceptions->errorHandler(8, 'Undefined varia...', 'C:\\xampp\\htdocs...', 90, Array)
#1 C:\xampp\htdocs\penerimaan-pad\system\View\View.php(214): include('C:\\xampp\\htdocs...')
#2 C:\xampp\htdocs\penerimaan-pad\system\View\View.php(217): CodeIgniter\View\View->CodeIgniter\View\{closure}()
#3 C:\xampp\htdocs\penerimaan-pad\system\Common.php(1097): CodeIgniter\View\View->render('laporan/excel_l...', Array, true)
#4 C:\xampp\htdocs\penerimaan-pad\app\Controllers\Laporan.php(724): view('laporan/excel_l...', Array)
#5 C:\xampp\htdocs\penerimaan-pad\system\CodeIgniter.php(824): App\Controllers\Laporan->excel()
#6 C:\xampp\htdocs\penerimaan-pad\system\CodeIgniter.php(410): CodeIgniter\CodeIgniter->runController(Object(App\Controllers\Laporan))
#7 C:\xampp\htdocs\penerimaan-pad\system\CodeIgniter.php(318): CodeIgniter\CodeIgniter->handleRequest(NULL, Object(Config\Cache), false)
#8 C:\xampp\htdocs\penerimaan-pad\public\index.php(37): CodeIgniter\CodeIgniter->run()
#9 C:\xampp\htdocs\penerimaan-pad\system\Commands\Server\rewrite.php(43): require_once('C:\\xampp\\htdocs...')
#10 {main}
CRITICAL - 2022-03-09 13:44:39 --> Undefined variable: upload
#0 C:\xampp\htdocs\penerimaan-pad\app\Views\laporan\excel_laporan.php(90): CodeIgniter\Debug\Exceptions->errorHandler(8, 'Undefined varia...', 'C:\\xampp\\htdocs...', 90, Array)
#1 C:\xampp\htdocs\penerimaan-pad\system\View\View.php(214): include('C:\\xampp\\htdocs...')
#2 C:\xampp\htdocs\penerimaan-pad\system\View\View.php(217): CodeIgniter\View\View->CodeIgniter\View\{closure}()
#3 C:\xampp\htdocs\penerimaan-pad\system\Common.php(1097): CodeIgniter\View\View->render('laporan/excel_l...', Array, true)
#4 C:\xampp\htdocs\penerimaan-pad\app\Controllers\Laporan.php(724): view('laporan/excel_l...', Array)
#5 C:\xampp\htdocs\penerimaan-pad\system\CodeIgniter.php(824): App\Controllers\Laporan->excel()
#6 C:\xampp\htdocs\penerimaan-pad\system\CodeIgniter.php(410): CodeIgniter\CodeIgniter->runController(Object(App\Controllers\Laporan))
#7 C:\xampp\htdocs\penerimaan-pad\system\CodeIgniter.php(318): CodeIgniter\CodeIgniter->handleRequest(NULL, Object(Config\Cache), false)
#8 C:\xampp\htdocs\penerimaan-pad\public\index.php(37): CodeIgniter\CodeIgniter->run()
#9 C:\xampp\htdocs\penerimaan-pad\system\Commands\Server\rewrite.php(43): require_once('C:\\xampp\\htdocs...')
#10 {main}
CRITICAL - 2022-03-09 13:45:06 --> Undefined variable: upload
#0 C:\xampp\htdocs\penerimaan-pad\app\Views\laporan\excel_laporan.php(90): CodeIgniter\Debug\Exceptions->errorHandler(8, 'Undefined varia...', 'C:\\xampp\\htdocs...', 90, Array)
#1 C:\xampp\htdocs\penerimaan-pad\system\View\View.php(214): include('C:\\xampp\\htdocs...')
#2 C:\xampp\htdocs\penerimaan-pad\system\View\View.php(217): CodeIgniter\View\View->CodeIgniter\View\{closure}()
#3 C:\xampp\htdocs\penerimaan-pad\system\Common.php(1097): CodeIgniter\View\View->render('laporan/excel_l...', Array, true)
#4 C:\xampp\htdocs\penerimaan-pad\app\Controllers\Laporan.php(724): view('laporan/excel_l...', Array)
#5 C:\xampp\htdocs\penerimaan-pad\system\CodeIgniter.php(824): App\Controllers\Laporan->pdf()
#6 C:\xampp\htdocs\penerimaan-pad\system\CodeIgniter.php(410): CodeIgniter\CodeIgniter->runController(Object(App\Controllers\Laporan))
#7 C:\xampp\htdocs\penerimaan-pad\system\CodeIgniter.php(318): CodeIgniter\CodeIgniter->handleRequest(NULL, Object(Config\Cache), false)
#8 C:\xampp\htdocs\penerimaan-pad\public\index.php(37): CodeIgniter\CodeIgniter->run()
#9 C:\xampp\htdocs\penerimaan-pad\system\Commands\Server\rewrite.php(43): require_once('C:\\xampp\\htdocs...')
#10 {main}
CRITICAL - 2022-03-09 13:45:07 --> Undefined variable: upload
#0 C:\xampp\htdocs\penerimaan-pad\app\Views\laporan\excel_laporan.php(90): CodeIgniter\Debug\Exceptions->errorHandler(8, 'Undefined varia...', 'C:\\xampp\\htdocs...', 90, Array)
#1 C:\xampp\htdocs\penerimaan-pad\system\View\View.php(214): include('C:\\xampp\\htdocs...')
#2 C:\xampp\htdocs\penerimaan-pad\system\View\View.php(217): CodeIgniter\View\View->CodeIgniter\View\{closure}()
#3 C:\xampp\htdocs\penerimaan-pad\system\Common.php(1097): CodeIgniter\View\View->render('laporan/excel_l...', Array, true)
#4 C:\xampp\htdocs\penerimaan-pad\app\Controllers\Laporan.php(724): view('laporan/excel_l...', Array)
#5 C:\xampp\htdocs\penerimaan-pad\system\CodeIgniter.php(824): App\Controllers\Laporan->pdf()
#6 C:\xampp\htdocs\penerimaan-pad\system\CodeIgniter.php(410): CodeIgniter\CodeIgniter->runController(Object(App\Controllers\Laporan))
#7 C:\xampp\htdocs\penerimaan-pad\system\CodeIgniter.php(318): CodeIgniter\CodeIgniter->handleRequest(NULL, Object(Config\Cache), false)
#8 C:\xampp\htdocs\penerimaan-pad\public\index.php(37): CodeIgniter\CodeIgniter->run()
#9 C:\xampp\htdocs\penerimaan-pad\system\Commands\Server\rewrite.php(43): require_once('C:\\xampp\\htdocs...')
#10 {main}
CRITICAL - 2022-03-09 13:45:12 --> Undefined variable: upload
#0 C:\xampp\htdocs\penerimaan-pad\app\Views\laporan\excel_laporan.php(90): CodeIgniter\Debug\Exceptions->errorHandler(8, 'Undefined varia...', 'C:\\xampp\\htdocs...', 90, Array)
#1 C:\xampp\htdocs\penerimaan-pad\system\View\View.php(214): include('C:\\xampp\\htdocs...')
#2 C:\xampp\htdocs\penerimaan-pad\system\View\View.php(217): CodeIgniter\View\View->CodeIgniter\View\{closure}()
#3 C:\xampp\htdocs\penerimaan-pad\system\Common.php(1097): CodeIgniter\View\View->render('laporan/excel_l...', Array, true)
#4 C:\xampp\htdocs\penerimaan-pad\app\Controllers\Laporan.php(724): view('laporan/excel_l...', Array)
#5 C:\xampp\htdocs\penerimaan-pad\system\CodeIgniter.php(824): App\Controllers\Laporan->pdf()
#6 C:\xampp\htdocs\penerimaan-pad\system\CodeIgniter.php(410): CodeIgniter\CodeIgniter->runController(Object(App\Controllers\Laporan))
#7 C:\xampp\htdocs\penerimaan-pad\system\CodeIgniter.php(318): CodeIgniter\CodeIgniter->handleRequest(NULL, Object(Config\Cache), false)
#8 C:\xampp\htdocs\penerimaan-pad\public\index.php(37): CodeIgniter\CodeIgniter->run()
#9 C:\xampp\htdocs\penerimaan-pad\system\Commands\Server\rewrite.php(43): require_once('C:\\xampp\\htdocs...')
#10 {main}
CRITICAL - 2022-03-09 13:47:01 --> Undefined variable: upload
#0 C:\xampp\htdocs\penerimaan-pad\app\Views\laporan\excel_laporan.php(90): CodeIgniter\Debug\Exceptions->errorHandler(8, 'Undefined varia...', 'C:\\xampp\\htdocs...', 90, Array)
#1 C:\xampp\htdocs\penerimaan-pad\system\View\View.php(214): include('C:\\xampp\\htdocs...')
#2 C:\xampp\htdocs\penerimaan-pad\system\View\View.php(217): CodeIgniter\View\View->CodeIgniter\View\{closure}()
#3 C:\xampp\htdocs\penerimaan-pad\system\Common.php(1097): CodeIgniter\View\View->render('laporan/excel_l...', Array, true)
#4 C:\xampp\htdocs\penerimaan-pad\app\Controllers\Laporan.php(724): view('laporan/excel_l...', Array)
#5 C:\xampp\htdocs\penerimaan-pad\system\CodeIgniter.php(824): App\Controllers\Laporan->pdf()
#6 C:\xampp\htdocs\penerimaan-pad\system\CodeIgniter.php(410): CodeIgniter\CodeIgniter->runController(Object(App\Controllers\Laporan))
#7 C:\xampp\htdocs\penerimaan-pad\system\CodeIgniter.php(318): CodeIgniter\CodeIgniter->handleRequest(NULL, Object(Config\Cache), false)
#8 C:\xampp\htdocs\penerimaan-pad\public\index.php(37): CodeIgniter\CodeIgniter->run()
#9 C:\xampp\htdocs\penerimaan-pad\system\Commands\Server\rewrite.php(43): require_once('C:\\xampp\\htdocs...')
#10 {main}
CRITICAL - 2022-03-09 13:47:02 --> Undefined variable: upload
#0 C:\xampp\htdocs\penerimaan-pad\app\Views\laporan\excel_laporan.php(90): CodeIgniter\Debug\Exceptions->errorHandler(8, 'Undefined varia...', 'C:\\xampp\\htdocs...', 90, Array)
#1 C:\xampp\htdocs\penerimaan-pad\system\View\View.php(214): include('C:\\xampp\\htdocs...')
#2 C:\xampp\htdocs\penerimaan-pad\system\View\View.php(217): CodeIgniter\View\View->CodeIgniter\View\{closure}()
#3 C:\xampp\htdocs\penerimaan-pad\system\Common.php(1097): CodeIgniter\View\View->render('laporan/excel_l...', Array, true)
#4 C:\xampp\htdocs\penerimaan-pad\app\Controllers\Laporan.php(724): view('laporan/excel_l...', Array)
#5 C:\xampp\htdocs\penerimaan-pad\system\CodeIgniter.php(824): App\Controllers\Laporan->pdf()
#6 C:\xampp\htdocs\penerimaan-pad\system\CodeIgniter.php(410): CodeIgniter\CodeIgniter->runController(Object(App\Controllers\Laporan))
#7 C:\xampp\htdocs\penerimaan-pad\system\CodeIgniter.php(318): CodeIgniter\CodeIgniter->handleRequest(NULL, Object(Config\Cache), false)
#8 C:\xampp\htdocs\penerimaan-pad\public\index.php(37): CodeIgniter\CodeIgniter->run()
#9 C:\xampp\htdocs\penerimaan-pad\system\Commands\Server\rewrite.php(43): require_once('C:\\xampp\\htdocs...')
#10 {main}
CRITICAL - 2022-03-09 13:47:07 --> Undefined variable: upload
#0 C:\xampp\htdocs\penerimaan-pad\app\Views\laporan\excel_laporan.php(90): CodeIgniter\Debug\Exceptions->errorHandler(8, 'Undefined varia...', 'C:\\xampp\\htdocs...', 90, Array)
#1 C:\xampp\htdocs\penerimaan-pad\system\View\View.php(214): include('C:\\xampp\\htdocs...')
#2 C:\xampp\htdocs\penerimaan-pad\system\View\View.php(217): CodeIgniter\View\View->CodeIgniter\View\{closure}()
#3 C:\xampp\htdocs\penerimaan-pad\system\Common.php(1097): CodeIgniter\View\View->render('laporan/excel_l...', Array, true)
#4 C:\xampp\htdocs\penerimaan-pad\app\Controllers\Laporan.php(724): view('laporan/excel_l...', Array)
#5 C:\xampp\htdocs\penerimaan-pad\system\CodeIgniter.php(824): App\Controllers\Laporan->pdf()
#6 C:\xampp\htdocs\penerimaan-pad\system\CodeIgniter.php(410): CodeIgniter\CodeIgniter->runController(Object(App\Controllers\Laporan))
#7 C:\xampp\htdocs\penerimaan-pad\system\CodeIgniter.php(318): CodeIgniter\CodeIgniter->handleRequest(NULL, Object(Config\Cache), false)
#8 C:\xampp\htdocs\penerimaan-pad\public\index.php(37): CodeIgniter\CodeIgniter->run()
#9 C:\xampp\htdocs\penerimaan-pad\system\Commands\Server\rewrite.php(43): require_once('C:\\xampp\\htdocs...')
#10 {main}
CRITICAL - 2022-03-09 13:49:01 --> Undefined variable: upload
#0 C:\xampp\htdocs\penerimaan-pad\app\Views\laporan\excel_laporan.php(90): CodeIgniter\Debug\Exceptions->errorHandler(8, 'Undefined varia...', 'C:\\xampp\\htdocs...', 90, Array)
#1 C:\xampp\htdocs\penerimaan-pad\system\View\View.php(214): include('C:\\xampp\\htdocs...')
#2 C:\xampp\htdocs\penerimaan-pad\system\View\View.php(217): CodeIgniter\View\View->CodeIgniter\View\{closure}()
#3 C:\xampp\htdocs\penerimaan-pad\system\Common.php(1097): CodeIgniter\View\View->render('laporan/excel_l...', Array, true)
#4 C:\xampp\htdocs\penerimaan-pad\app\Controllers\Laporan.php(724): view('laporan/excel_l...', Array)
#5 C:\xampp\htdocs\penerimaan-pad\system\CodeIgniter.php(824): App\Controllers\Laporan->pdf()
#6 C:\xampp\htdocs\penerimaan-pad\system\CodeIgniter.php(410): CodeIgniter\CodeIgniter->runController(Object(App\Controllers\Laporan))
#7 C:\xampp\htdocs\penerimaan-pad\system\CodeIgniter.php(318): CodeIgniter\CodeIgniter->handleRequest(NULL, Object(Config\Cache), false)
#8 C:\xampp\htdocs\penerimaan-pad\public\index.php(37): CodeIgniter\CodeIgniter->run()
#9 C:\xampp\htdocs\penerimaan-pad\system\Commands\Server\rewrite.php(43): require_once('C:\\xampp\\htdocs...')
#10 {main}
CRITICAL - 2022-03-09 13:49:31 --> Undefined variable: upload
#0 C:\xampp\htdocs\penerimaan-pad\app\Views\laporan\excel_laporan.php(90): CodeIgniter\Debug\Exceptions->errorHandler(8, 'Undefined varia...', 'C:\\xampp\\htdocs...', 90, Array)
#1 C:\xampp\htdocs\penerimaan-pad\system\View\View.php(214): include('C:\\xampp\\htdocs...')
#2 C:\xampp\htdocs\penerimaan-pad\system\View\View.php(217): CodeIgniter\View\View->CodeIgniter\View\{closure}()
#3 C:\xampp\htdocs\penerimaan-pad\system\Common.php(1097): CodeIgniter\View\View->render('laporan/excel_l...', Array, true)
#4 C:\xampp\htdocs\penerimaan-pad\app\Controllers\Laporan.php(724): view('laporan/excel_l...', Array)
#5 C:\xampp\htdocs\penerimaan-pad\system\CodeIgniter.php(824): App\Controllers\Laporan->pdf()
#6 C:\xampp\htdocs\penerimaan-pad\system\CodeIgniter.php(410): CodeIgniter\CodeIgniter->runController(Object(App\Controllers\Laporan))
#7 C:\xampp\htdocs\penerimaan-pad\system\CodeIgniter.php(318): CodeIgniter\CodeIgniter->handleRequest(NULL, Object(Config\Cache), false)
#8 C:\xampp\htdocs\penerimaan-pad\public\index.php(37): CodeIgniter\CodeIgniter->run()
#9 C:\xampp\htdocs\penerimaan-pad\system\Commands\Server\rewrite.php(43): require_once('C:\\xampp\\htdocs...')
#10 {main}
CRITICAL - 2022-03-09 14:35:14 --> Call to a member function get_cellmap() on null
#0 C:\xampp\htdocs\penerimaan-pad\vendor\dompdf\dompdf\src\FrameDecorator\AbstractFrameDecorator.php(887): Dompdf\FrameReflower\TableCell->reflow(NULL)
#1 C:\xampp\htdocs\penerimaan-pad\vendor\dompdf\dompdf\src\FrameReflower\TableRow.php(57): Dompdf\FrameDecorator\AbstractFrameDecorator->reflow()
#2 C:\xampp\htdocs\penerimaan-pad\vendor\dompdf\dompdf\src\FrameDecorator\AbstractFrameDecorator.php(887): Dompdf\FrameReflower\TableRow->reflow(Object(Dompdf\FrameDecorator\Block))
#3 C:\xampp\htdocs\penerimaan-pad\vendor\dompdf\dompdf\src\FrameReflower\Block.php(865): Dompdf\FrameDecorator\AbstractFrameDecorator->reflow(Object(Dompdf\FrameDecorator\Block))
#4 C:\xampp\htdocs\penerimaan-pad\vendor\dompdf\dompdf\src\FrameDecorator\AbstractFrameDecorator.php(887): Dompdf\FrameReflower\Block->reflow(Object(Dompdf\FrameDecorator\Block))
#5 C:\xampp\htdocs\penerimaan-pad\vendor\dompdf\dompdf\src\FrameReflower\Block.php(865): Dompdf\FrameDecorator\AbstractFrameDecorator->reflow(Object(Dompdf\FrameDecorator\Block))
#6 C:\xampp\htdocs\penerimaan-pad\vendor\dompdf\dompdf\src\FrameDecorator\AbstractFrameDecorator.php(887): Dompdf\FrameReflower\Block->reflow(Object(Dompdf\FrameDecorator\Block))
#7 C:\xampp\htdocs\penerimaan-pad\vendor\dompdf\dompdf\src\FrameReflower\Block.php(865): Dompdf\FrameDecorator\AbstractFrameDecorator->reflow(Object(Dompdf\FrameDecorator\Block))
#8 C:\xampp\htdocs\penerimaan-pad\vendor\dompdf\dompdf\src\FrameDecorator\AbstractFrameDecorator.php(887): Dompdf\FrameReflower\Block->reflow(Object(Dompdf\FrameDecorator\Block))
#9 C:\xampp\htdocs\penerimaan-pad\vendor\dompdf\dompdf\src\FrameReflower\Block.php(865): Dompdf\FrameDecorator\AbstractFrameDecorator->reflow(Object(Dompdf\FrameDecorator\Block))
#10 C:\xampp\htdocs\penerimaan-pad\vendor\dompdf\dompdf\src\FrameDecorator\AbstractFrameDecorator.php(887): Dompdf\FrameReflower\Block->reflow(Object(Dompdf\FrameDecorator\Block))
#11 C:\xampp\htdocs\penerimaan-pad\vendor\dompdf\dompdf\src\FrameReflower\Block.php(865): Dompdf\FrameDecorator\AbstractFrameDecorator->reflow(Object(Dompdf\FrameDecorator\Block))
#12 C:\xampp\htdocs\penerimaan-pad\vendor\dompdf\dompdf\src\FrameDecorator\AbstractFrameDecorator.php(887): Dompdf\FrameReflower\Block->reflow(Object(Dompdf\FrameDecorator\Block))
#13 C:\xampp\htdocs\penerimaan-pad\vendor\dompdf\dompdf\src\FrameReflower\Block.php(865): Dompdf\FrameDecorator\AbstractFrameDecorator->reflow(Object(Dompdf\FrameDecorator\Block))
#14 C:\xampp\htdocs\penerimaan-pad\vendor\dompdf\dompdf\src\FrameDecorator\AbstractFrameDecorator.php(887): Dompdf\FrameReflower\Block->reflow(NULL)
#15 C:\xampp\htdocs\penerimaan-pad\vendor\dompdf\dompdf\src\FrameReflower\Page.php(143): Dompdf\FrameDecorator\AbstractFrameDecorator->reflow()
#16 C:\xampp\htdocs\penerimaan-pad\vendor\dompdf\dompdf\src\FrameDecorator\AbstractFrameDecorator.php(887): Dompdf\FrameReflower\Page->reflow(NULL)
#17 C:\xampp\htdocs\penerimaan-pad\vendor\dompdf\dompdf\src\Dompdf.php(828): Dompdf\FrameDecorator\AbstractFrameDecorator->reflow()
#18 C:\xampp\htdocs\penerimaan-pad\app\Controllers\Laporan.php(734): Dompdf\Dompdf->render()
#19 C:\xampp\htdocs\penerimaan-pad\system\CodeIgniter.php(824): App\Controllers\Laporan->pdf()
#20 C:\xampp\htdocs\penerimaan-pad\system\CodeIgniter.php(410): CodeIgniter\CodeIgniter->runController(Object(App\Controllers\Laporan))
#21 C:\xampp\htdocs\penerimaan-pad\system\CodeIgniter.php(318): CodeIgniter\CodeIgniter->handleRequest(NULL, Object(Config\Cache), false)
#22 C:\xampp\htdocs\penerimaan-pad\public\index.php(37): CodeIgniter\CodeIgniter->run()
#23 C:\xampp\htdocs\penerimaan-pad\system\Commands\Server\rewrite.php(43): require_once('C:\\xampp\\htdocs...')
#24 {main}
CRITICAL - 2022-03-09 14:35:20 --> Allowed memory size of 536870912 bytes exhausted (tried to allocate 262148096 bytes)
#0 [internal function]: CodeIgniter\Debug\Exceptions->shutdownHandler()
#1 {main}
CRITICAL - 2022-03-09 14:35:36 --> Call to a member function get_cellmap() on null
#0 C:\xampp\htdocs\penerimaan-pad\vendor\dompdf\dompdf\src\FrameDecorator\AbstractFrameDecorator.php(887): Dompdf\FrameReflower\TableCell->reflow(NULL)
#1 C:\xampp\htdocs\penerimaan-pad\vendor\dompdf\dompdf\src\FrameReflower\TableRow.php(57): Dompdf\FrameDecorator\AbstractFrameDecorator->reflow()
#2 C:\xampp\htdocs\penerimaan-pad\vendor\dompdf\dompdf\src\FrameDecorator\AbstractFrameDecorator.php(887): Dompdf\FrameReflower\TableRow->reflow(Object(Dompdf\FrameDecorator\Block))
#3 C:\xampp\htdocs\penerimaan-pad\vendor\dompdf\dompdf\src\FrameReflower\Block.php(865): Dompdf\FrameDecorator\AbstractFrameDecorator->reflow(Object(Dompdf\FrameDecorator\Block))
#4 C:\xampp\htdocs\penerimaan-pad\vendor\dompdf\dompdf\src\FrameDecorator\AbstractFrameDecorator.php(887): Dompdf\FrameReflower\Block->reflow(Object(Dompdf\FrameDecorator\Block))
#5 C:\xampp\htdocs\penerimaan-pad\vendor\dompdf\dompdf\src\FrameReflower\Block.php(865): Dompdf\FrameDecorator\AbstractFrameDecorator->reflow(Object(Dompdf\FrameDecorator\Block))
#6 C:\xampp\htdocs\penerimaan-pad\vendor\dompdf\dompdf\src\FrameDecorator\AbstractFrameDecorator.php(887): Dompdf\FrameReflower\Block->reflow(Object(Dompdf\FrameDecorator\Block))
#7 C:\xampp\htdocs\penerimaan-pad\vendor\dompdf\dompdf\src\FrameReflower\Block.php(865): Dompdf\FrameDecorator\AbstractFrameDecorator->reflow(Object(Dompdf\FrameDecorator\Block))
#8 C:\xampp\htdocs\penerimaan-pad\vendor\dompdf\dompdf\src\FrameDecorator\AbstractFrameDecorator.php(887): Dompdf\FrameReflower\Block->reflow(Object(Dompdf\FrameDecorator\Block))
#9 C:\xampp\htdocs\penerimaan-pad\vendor\dompdf\dompdf\src\FrameReflower\Block.php(865): Dompdf\FrameDecorator\AbstractFrameDecorator->reflow(Object(Dompdf\FrameDecorator\Block))
#10 C:\xampp\htdocs\penerimaan-pad\vendor\dompdf\dompdf\src\FrameDecorator\AbstractFrameDecorator.php(887): Dompdf\FrameReflower\Block->reflow(Object(Dompdf\FrameDecorator\Block))
#11 C:\xampp\htdocs\penerimaan-pad\vendor\dompdf\dompdf\src\FrameReflower\Block.php(865): Dompdf\FrameDecorator\AbstractFrameDecorator->reflow(Object(Dompdf\FrameDecorator\Block))
#12 C:\xampp\htdocs\penerimaan-pad\vendor\dompdf\dompdf\src\FrameDecorator\AbstractFrameDecorator.php(887): Dompdf\FrameReflower\Block->reflow(Object(Dompdf\FrameDecorator\Block))
#13 C:\xampp\htdocs\penerimaan-pad\vendor\dompdf\dompdf\src\FrameReflower\Block.php(865): Dompdf\FrameDecorator\AbstractFrameDecorator->reflow(Object(Dompdf\FrameDecorator\Block))
#14 C:\xampp\htdocs\penerimaan-pad\vendor\dompdf\dompdf\src\FrameDecorator\AbstractFrameDecorator.php(887): Dompdf\FrameReflower\Block->reflow(NULL)
#15 C:\xampp\htdocs\penerimaan-pad\vendor\dompdf\dompdf\src\FrameReflower\Page.php(143): Dompdf\FrameDecorator\AbstractFrameDecorator->reflow()
#16 C:\xampp\htdocs\penerimaan-pad\vendor\dompdf\dompdf\src\FrameDecorator\AbstractFrameDecorator.php(887): Dompdf\FrameReflower\Page->reflow(NULL)
#17 C:\xampp\htdocs\penerimaan-pad\vendor\dompdf\dompdf\src\Dompdf.php(828): Dompdf\FrameDecorator\AbstractFrameDecorator->reflow()
#18 C:\xampp\htdocs\penerimaan-pad\app\Controllers\Laporan.php(734): Dompdf\Dompdf->render()
#19 C:\xampp\htdocs\penerimaan-pad\system\CodeIgniter.php(824): App\Controllers\Laporan->pdf()
#20 C:\xampp\htdocs\penerimaan-pad\system\CodeIgniter.php(410): CodeIgniter\CodeIgniter->runController(Object(App\Controllers\Laporan))
#21 C:\xampp\htdocs\penerimaan-pad\system\CodeIgniter.php(318): CodeIgniter\CodeIgniter->handleRequest(NULL, Object(Config\Cache), false)
#22 C:\xampp\htdocs\penerimaan-pad\public\index.php(37): CodeIgniter\CodeIgniter->run()
#23 C:\xampp\htdocs\penerimaan-pad\system\Commands\Server\rewrite.php(43): require_once('C:\\xampp\\htdocs...')
#24 {main}
CRITICAL - 2022-03-09 14:35:42 --> Allowed memory size of 536870912 bytes exhausted (tried to allocate 262148096 bytes)
#0 [internal function]: CodeIgniter\Debug\Exceptions->shutdownHandler()
#1 {main}
