CRITICAL - 2021-11-30 00:57:01 --> Illegal string offset 'sampul'
#0 C:\xampp8\htdocs\crud-ci4\app\Views\komik\detail.php(188): CodeIgniter\Debug\Exceptions->errorHandler(2, 'Illegal string ...', 'C:\\xampp8\\htdoc...', 188, Array)
#1 C:\xampp8\htdocs\crud-ci4\system\View\View.php(214): include('C:\\xampp8\\htdoc...')
#2 C:\xampp8\htdocs\crud-ci4\system\View\View.php(217): CodeIgniter\View\View->CodeIgniter\View\{closure}()
#3 C:\xampp8\htdocs\crud-ci4\system\Common.php(1097): CodeIgniter\View\View->render('komik/detail', Array, true)
#4 C:\xampp8\htdocs\crud-ci4\app\Controllers\Komik.php(46): view('komik/detail', Array)
#5 C:\xampp8\htdocs\crud-ci4\system\CodeIgniter.php(824): App\Controllers\Komik->detail('one-piece')
#6 C:\xampp8\htdocs\crud-ci4\system\CodeIgniter.php(410): CodeIgniter\CodeIgniter->runController(Object(App\Controllers\Komik))
#7 C:\xampp8\htdocs\crud-ci4\system\CodeIgniter.php(318): CodeIgniter\CodeIgniter->handleRequest(NULL, Object(Config\Cache), false)
#8 C:\xampp8\htdocs\crud-ci4\public\index.php(37): CodeIgniter\CodeIgniter->run()
#9 C:\xampp8\htdocs\crud-ci4\system\Commands\Server\rewrite.php(43): require_once('C:\\xampp8\\htdoc...')
#10 {main}
CRITICAL - 2021-11-30 00:57:15 --> Illegal string offset 'sampul'
#0 C:\xampp8\htdocs\crud-ci4\app\Views\komik\detail.php(188): CodeIgniter\Debug\Exceptions->errorHandler(2, 'Illegal string ...', 'C:\\xampp8\\htdoc...', 188, Array)
#1 C:\xampp8\htdocs\crud-ci4\system\View\View.php(214): include('C:\\xampp8\\htdoc...')
#2 C:\xampp8\htdocs\crud-ci4\system\View\View.php(217): CodeIgniter\View\View->CodeIgniter\View\{closure}()
#3 C:\xampp8\htdocs\crud-ci4\system\Common.php(1097): CodeIgniter\View\View->render('komik/detail', Array, true)
#4 C:\xampp8\htdocs\crud-ci4\app\Controllers\Komik.php(46): view('komik/detail', Array)
#5 C:\xampp8\htdocs\crud-ci4\system\CodeIgniter.php(824): App\Controllers\Komik->detail('one-piece')
#6 C:\xampp8\htdocs\crud-ci4\system\CodeIgniter.php(410): CodeIgniter\CodeIgniter->runController(Object(App\Controllers\Komik))
#7 C:\xampp8\htdocs\crud-ci4\system\CodeIgniter.php(318): CodeIgniter\CodeIgniter->handleRequest(NULL, Object(Config\Cache), false)
#8 C:\xampp8\htdocs\crud-ci4\public\index.php(37): CodeIgniter\CodeIgniter->run()
#9 C:\xampp8\htdocs\crud-ci4\system\Commands\Server\rewrite.php(43): require_once('C:\\xampp8\\htdoc...')
#10 {main}
CRITICAL - 2021-11-30 20:49:00 --> Undefined property: CodeIgniter\View\View::$uri
#0 C:\xampp8\htdocs\crud-ci4\app\Views\layout\navbar.php(22): CodeIgniter\Debug\Exceptions->errorHandler(8, 'Undefined prope...', 'C:\\xampp8\\htdoc...', 22, Array)
#1 C:\xampp8\htdocs\crud-ci4\system\View\View.php(214): include('C:\\xampp8\\htdoc...')
#2 C:\xampp8\htdocs\crud-ci4\system\View\View.php(217): CodeIgniter\View\View->CodeIgniter\View\{closure}()
#3 C:\xampp8\htdocs\crud-ci4\system\View\View.php(432): CodeIgniter\View\View->render('layout/navbar', NULL, true)
#4 C:\xampp8\htdocs\crud-ci4\app\Views\layout\template.php(6): CodeIgniter\View\View->include('layout/navbar')
#5 C:\xampp8\htdocs\crud-ci4\system\View\View.php(214): include('C:\\xampp8\\htdoc...')
#6 C:\xampp8\htdocs\crud-ci4\system\View\View.php(217): CodeIgniter\View\View->CodeIgniter\View\{closure}()
#7 C:\xampp8\htdocs\crud-ci4\system\View\View.php(230): CodeIgniter\View\View->render('layout/template', Array, true)
#8 C:\xampp8\htdocs\crud-ci4\system\Common.php(1097): CodeIgniter\View\View->render('komik/index', Array, true)
#9 C:\xampp8\htdocs\crud-ci4\app\Controllers\Komik.php(32): view('komik/index', Array)
#10 C:\xampp8\htdocs\crud-ci4\system\CodeIgniter.php(824): App\Controllers\Komik->index()
#11 C:\xampp8\htdocs\crud-ci4\system\CodeIgniter.php(410): CodeIgniter\CodeIgniter->runController(Object(App\Controllers\Komik))
#12 C:\xampp8\htdocs\crud-ci4\system\CodeIgniter.php(318): CodeIgniter\CodeIgniter->handleRequest(NULL, Object(Config\Cache), false)
#13 C:\xampp8\htdocs\crud-ci4\public\index.php(37): CodeIgniter\CodeIgniter->run()
#14 C:\xampp8\htdocs\crud-ci4\system\Commands\Server\rewrite.php(43): require_once('C:\\xampp8\\htdoc...')
#15 {main}
CRITICAL - 2021-11-30 20:57:08 --> Undefined variable: uri
#0 C:\xampp8\htdocs\crud-ci4\app\Views\layout\navbar.php(22): CodeIgniter\Debug\Exceptions->errorHandler(8, 'Undefined varia...', 'C:\\xampp8\\htdoc...', 22, Array)
#1 C:\xampp8\htdocs\crud-ci4\system\View\View.php(214): include('C:\\xampp8\\htdoc...')
#2 C:\xampp8\htdocs\crud-ci4\system\View\View.php(217): CodeIgniter\View\View->CodeIgniter\View\{closure}()
#3 C:\xampp8\htdocs\crud-ci4\system\View\View.php(432): CodeIgniter\View\View->render('layout/navbar', NULL, true)
#4 C:\xampp8\htdocs\crud-ci4\app\Views\layout\template.php(6): CodeIgniter\View\View->include('layout/navbar')
#5 C:\xampp8\htdocs\crud-ci4\system\View\View.php(214): include('C:\\xampp8\\htdoc...')
#6 C:\xampp8\htdocs\crud-ci4\system\View\View.php(217): CodeIgniter\View\View->CodeIgniter\View\{closure}()
#7 C:\xampp8\htdocs\crud-ci4\system\View\View.php(230): CodeIgniter\View\View->render('layout/template', Array, true)
#8 C:\xampp8\htdocs\crud-ci4\system\Common.php(1097): CodeIgniter\View\View->render('komik/index', Array, true)
#9 C:\xampp8\htdocs\crud-ci4\app\Controllers\Komik.php(32): view('komik/index', Array)
#10 C:\xampp8\htdocs\crud-ci4\system\CodeIgniter.php(824): App\Controllers\Komik->index()
#11 C:\xampp8\htdocs\crud-ci4\system\CodeIgniter.php(410): CodeIgniter\CodeIgniter->runController(Object(App\Controllers\Komik))
#12 C:\xampp8\htdocs\crud-ci4\system\CodeIgniter.php(318): CodeIgniter\CodeIgniter->handleRequest(NULL, Object(Config\Cache), false)
#13 C:\xampp8\htdocs\crud-ci4\public\index.php(37): CodeIgniter\CodeIgniter->run()
#14 C:\xampp8\htdocs\crud-ci4\system\Commands\Server\rewrite.php(43): require_once('C:\\xampp8\\htdoc...')
#15 {main}
CRITICAL - 2021-11-30 20:59:02 --> Undefined variable: uri
#0 C:\xampp8\htdocs\crud-ci4\app\Views\layout\navbar.php(22): CodeIgniter\Debug\Exceptions->errorHandler(8, 'Undefined varia...', 'C:\\xampp8\\htdoc...', 22, Array)
#1 C:\xampp8\htdocs\crud-ci4\system\View\View.php(214): include('C:\\xampp8\\htdoc...')
#2 C:\xampp8\htdocs\crud-ci4\system\View\View.php(217): CodeIgniter\View\View->CodeIgniter\View\{closure}()
#3 C:\xampp8\htdocs\crud-ci4\system\View\View.php(432): CodeIgniter\View\View->render('layout/navbar', NULL, true)
#4 C:\xampp8\htdocs\crud-ci4\app\Views\layout\template.php(6): CodeIgniter\View\View->include('layout/navbar')
#5 C:\xampp8\htdocs\crud-ci4\system\View\View.php(214): include('C:\\xampp8\\htdoc...')
#6 C:\xampp8\htdocs\crud-ci4\system\View\View.php(217): CodeIgniter\View\View->CodeIgniter\View\{closure}()
#7 C:\xampp8\htdocs\crud-ci4\system\View\View.php(230): CodeIgniter\View\View->render('layout/template', Array, true)
#8 C:\xampp8\htdocs\crud-ci4\system\Common.php(1097): CodeIgniter\View\View->render('komik/index', Array, true)
#9 C:\xampp8\htdocs\crud-ci4\app\Controllers\Komik.php(32): view('komik/index', Array)
#10 C:\xampp8\htdocs\crud-ci4\system\CodeIgniter.php(824): App\Controllers\Komik->index()
#11 C:\xampp8\htdocs\crud-ci4\system\CodeIgniter.php(410): CodeIgniter\CodeIgniter->runController(Object(App\Controllers\Komik))
#12 C:\xampp8\htdocs\crud-ci4\system\CodeIgniter.php(318): CodeIgniter\CodeIgniter->handleRequest(NULL, Object(Config\Cache), false)
#13 C:\xampp8\htdocs\crud-ci4\public\index.php(37): CodeIgniter\CodeIgniter->run()
#14 C:\xampp8\htdocs\crud-ci4\system\Commands\Server\rewrite.php(43): require_once('C:\\xampp8\\htdoc...')
#15 {main}
CRITICAL - 2021-11-30 21:01:51 --> Undefined variable: uri
#0 C:\xampp8\htdocs\crud-ci4\app\Views\layout\navbar.php(22): CodeIgniter\Debug\Exceptions->errorHandler(8, 'Undefined varia...', 'C:\\xampp8\\htdoc...', 22, Array)
#1 C:\xampp8\htdocs\crud-ci4\system\View\View.php(214): include('C:\\xampp8\\htdoc...')
#2 C:\xampp8\htdocs\crud-ci4\system\View\View.php(217): CodeIgniter\View\View->CodeIgniter\View\{closure}()
#3 C:\xampp8\htdocs\crud-ci4\system\View\View.php(432): CodeIgniter\View\View->render('layout/navbar', NULL, true)
#4 C:\xampp8\htdocs\crud-ci4\app\Views\layout\template.php(6): CodeIgniter\View\View->include('layout/navbar')
#5 C:\xampp8\htdocs\crud-ci4\system\View\View.php(214): include('C:\\xampp8\\htdoc...')
#6 C:\xampp8\htdocs\crud-ci4\system\View\View.php(217): CodeIgniter\View\View->CodeIgniter\View\{closure}()
#7 C:\xampp8\htdocs\crud-ci4\system\View\View.php(230): CodeIgniter\View\View->render('layout/template', Array, true)
#8 C:\xampp8\htdocs\crud-ci4\system\Common.php(1097): CodeIgniter\View\View->render('komik/index', Array, true)
#9 C:\xampp8\htdocs\crud-ci4\app\Controllers\Komik.php(32): view('komik/index', Array)
#10 C:\xampp8\htdocs\crud-ci4\system\CodeIgniter.php(824): App\Controllers\Komik->index()
#11 C:\xampp8\htdocs\crud-ci4\system\CodeIgniter.php(410): CodeIgniter\CodeIgniter->runController(Object(App\Controllers\Komik))
#12 C:\xampp8\htdocs\crud-ci4\system\CodeIgniter.php(318): CodeIgniter\CodeIgniter->handleRequest(NULL, Object(Config\Cache), false)
#13 C:\xampp8\htdocs\crud-ci4\public\index.php(37): CodeIgniter\CodeIgniter->run()
#14 C:\xampp8\htdocs\crud-ci4\system\Commands\Server\rewrite.php(43): require_once('C:\\xampp8\\htdoc...')
#15 {main}
CRITICAL - 2021-11-30 21:02:24 --> Undefined variable: uri
#0 C:\xampp8\htdocs\crud-ci4\app\Views\layout\navbar.php(22): CodeIgniter\Debug\Exceptions->errorHandler(8, 'Undefined varia...', 'C:\\xampp8\\htdoc...', 22, Array)
#1 C:\xampp8\htdocs\crud-ci4\system\View\View.php(214): include('C:\\xampp8\\htdoc...')
#2 C:\xampp8\htdocs\crud-ci4\system\View\View.php(217): CodeIgniter\View\View->CodeIgniter\View\{closure}()
#3 C:\xampp8\htdocs\crud-ci4\system\View\View.php(432): CodeIgniter\View\View->render('layout/navbar', NULL, true)
#4 C:\xampp8\htdocs\crud-ci4\app\Views\layout\template.php(6): CodeIgniter\View\View->include('layout/navbar')
#5 C:\xampp8\htdocs\crud-ci4\system\View\View.php(214): include('C:\\xampp8\\htdoc...')
#6 C:\xampp8\htdocs\crud-ci4\system\View\View.php(217): CodeIgniter\View\View->CodeIgniter\View\{closure}()
#7 C:\xampp8\htdocs\crud-ci4\system\View\View.php(230): CodeIgniter\View\View->render('layout/template', Array, true)
#8 C:\xampp8\htdocs\crud-ci4\system\Common.php(1097): CodeIgniter\View\View->render('komik/index', Array, true)
#9 C:\xampp8\htdocs\crud-ci4\app\Controllers\Komik.php(33): view('komik/index', Array)
#10 C:\xampp8\htdocs\crud-ci4\system\CodeIgniter.php(824): App\Controllers\Komik->index()
#11 C:\xampp8\htdocs\crud-ci4\system\CodeIgniter.php(410): CodeIgniter\CodeIgniter->runController(Object(App\Controllers\Komik))
#12 C:\xampp8\htdocs\crud-ci4\system\CodeIgniter.php(318): CodeIgniter\CodeIgniter->handleRequest(NULL, Object(Config\Cache), false)
#13 C:\xampp8\htdocs\crud-ci4\public\index.php(37): CodeIgniter\CodeIgniter->run()
#14 C:\xampp8\htdocs\crud-ci4\system\Commands\Server\rewrite.php(43): require_once('C:\\xampp8\\htdoc...')
#15 {main}
CRITICAL - 2021-11-30 21:02:42 --> Undefined variable: uri
#0 C:\xampp8\htdocs\crud-ci4\app\Views\layout\navbar.php(22): CodeIgniter\Debug\Exceptions->errorHandler(8, 'Undefined varia...', 'C:\\xampp8\\htdoc...', 22, Array)
#1 C:\xampp8\htdocs\crud-ci4\system\View\View.php(214): include('C:\\xampp8\\htdoc...')
#2 C:\xampp8\htdocs\crud-ci4\system\View\View.php(217): CodeIgniter\View\View->CodeIgniter\View\{closure}()
#3 C:\xampp8\htdocs\crud-ci4\system\View\View.php(432): CodeIgniter\View\View->render('layout/navbar', NULL, true)
#4 C:\xampp8\htdocs\crud-ci4\app\Views\layout\template.php(6): CodeIgniter\View\View->include('layout/navbar')
#5 C:\xampp8\htdocs\crud-ci4\system\View\View.php(214): include('C:\\xampp8\\htdoc...')
#6 C:\xampp8\htdocs\crud-ci4\system\View\View.php(217): CodeIgniter\View\View->CodeIgniter\View\{closure}()
#7 C:\xampp8\htdocs\crud-ci4\system\View\View.php(230): CodeIgniter\View\View->render('layout/template', Array, true)
#8 C:\xampp8\htdocs\crud-ci4\system\Common.php(1097): CodeIgniter\View\View->render('komik/index', Array, true)
#9 C:\xampp8\htdocs\crud-ci4\app\Controllers\Komik.php(33): view('komik/index', Array)
#10 C:\xampp8\htdocs\crud-ci4\system\CodeIgniter.php(824): App\Controllers\Komik->index()
#11 C:\xampp8\htdocs\crud-ci4\system\CodeIgniter.php(410): CodeIgniter\CodeIgniter->runController(Object(App\Controllers\Komik))
#12 C:\xampp8\htdocs\crud-ci4\system\CodeIgniter.php(318): CodeIgniter\CodeIgniter->handleRequest(NULL, Object(Config\Cache), false)
#13 C:\xampp8\htdocs\crud-ci4\public\index.php(37): CodeIgniter\CodeIgniter->run()
#14 C:\xampp8\htdocs\crud-ci4\system\Commands\Server\rewrite.php(43): require_once('C:\\xampp8\\htdoc...')
#15 {main}
CRITICAL - 2021-11-30 21:07:45 --> Undefined property: CodeIgniter\View\View::$uri
#0 C:\xampp8\htdocs\crud-ci4\app\Views\layout\navbar.php(22): CodeIgniter\Debug\Exceptions->errorHandler(8, 'Undefined prope...', 'C:\\xampp8\\htdoc...', 22, Array)
#1 C:\xampp8\htdocs\crud-ci4\system\View\View.php(214): include('C:\\xampp8\\htdoc...')
#2 C:\xampp8\htdocs\crud-ci4\system\View\View.php(217): CodeIgniter\View\View->CodeIgniter\View\{closure}()
#3 C:\xampp8\htdocs\crud-ci4\system\View\View.php(432): CodeIgniter\View\View->render('layout/navbar', NULL, true)
#4 C:\xampp8\htdocs\crud-ci4\app\Views\layout\template.php(6): CodeIgniter\View\View->include('layout/navbar')
#5 C:\xampp8\htdocs\crud-ci4\system\View\View.php(214): include('C:\\xampp8\\htdoc...')
#6 C:\xampp8\htdocs\crud-ci4\system\View\View.php(217): CodeIgniter\View\View->CodeIgniter\View\{closure}()
#7 C:\xampp8\htdocs\crud-ci4\system\View\View.php(230): CodeIgniter\View\View->render('layout/template', Array, true)
#8 C:\xampp8\htdocs\crud-ci4\system\Common.php(1097): CodeIgniter\View\View->render('komik/index', Array, true)
#9 C:\xampp8\htdocs\crud-ci4\app\Controllers\Komik.php(32): view('komik/index', Array)
#10 C:\xampp8\htdocs\crud-ci4\system\CodeIgniter.php(824): App\Controllers\Komik->index()
#11 C:\xampp8\htdocs\crud-ci4\system\CodeIgniter.php(410): CodeIgniter\CodeIgniter->runController(Object(App\Controllers\Komik))
#12 C:\xampp8\htdocs\crud-ci4\system\CodeIgniter.php(318): CodeIgniter\CodeIgniter->handleRequest(NULL, Object(Config\Cache), false)
#13 C:\xampp8\htdocs\crud-ci4\public\index.php(37): CodeIgniter\CodeIgniter->run()
#14 C:\xampp8\htdocs\crud-ci4\system\Commands\Server\rewrite.php(43): require_once('C:\\xampp8\\htdoc...')
#15 {main}
CRITICAL - 2021-11-30 21:10:04 --> Undefined property: CodeIgniter\View\View::$uri
#0 C:\xampp8\htdocs\crud-ci4\app\Views\layout\navbar.php(22): CodeIgniter\Debug\Exceptions->errorHandler(8, 'Undefined prope...', 'C:\\xampp8\\htdoc...', 22, Array)
#1 C:\xampp8\htdocs\crud-ci4\system\View\View.php(214): include('C:\\xampp8\\htdoc...')
#2 C:\xampp8\htdocs\crud-ci4\system\View\View.php(217): CodeIgniter\View\View->CodeIgniter\View\{closure}()
#3 C:\xampp8\htdocs\crud-ci4\system\View\View.php(432): CodeIgniter\View\View->render('layout/navbar', NULL, true)
#4 C:\xampp8\htdocs\crud-ci4\app\Views\layout\template.php(6): CodeIgniter\View\View->include('layout/navbar')
#5 C:\xampp8\htdocs\crud-ci4\system\View\View.php(214): include('C:\\xampp8\\htdoc...')
#6 C:\xampp8\htdocs\crud-ci4\system\View\View.php(217): CodeIgniter\View\View->CodeIgniter\View\{closure}()
#7 C:\xampp8\htdocs\crud-ci4\system\View\View.php(230): CodeIgniter\View\View->render('layout/template', Array, true)
#8 C:\xampp8\htdocs\crud-ci4\system\Common.php(1097): CodeIgniter\View\View->render('komik/index', Array, true)
#9 C:\xampp8\htdocs\crud-ci4\app\Controllers\Komik.php(33): view('komik/index', Array)
#10 C:\xampp8\htdocs\crud-ci4\system\CodeIgniter.php(824): App\Controllers\Komik->index()
#11 C:\xampp8\htdocs\crud-ci4\system\CodeIgniter.php(410): CodeIgniter\CodeIgniter->runController(Object(App\Controllers\Komik))
#12 C:\xampp8\htdocs\crud-ci4\system\CodeIgniter.php(318): CodeIgniter\CodeIgniter->handleRequest(NULL, Object(Config\Cache), false)
#13 C:\xampp8\htdocs\crud-ci4\public\index.php(37): CodeIgniter\CodeIgniter->run()
#14 C:\xampp8\htdocs\crud-ci4\system\Commands\Server\rewrite.php(43): require_once('C:\\xampp8\\htdoc...')
#15 {main}
CRITICAL - 2021-11-30 21:14:14 --> Undefined property: CodeIgniter\View\View::$uri
#0 C:\xampp8\htdocs\crud-ci4\app\Views\layout\navbar.php(22): CodeIgniter\Debug\Exceptions->errorHandler(8, 'Undefined prope...', 'C:\\xampp8\\htdoc...', 22, Array)
#1 C:\xampp8\htdocs\crud-ci4\system\View\View.php(214): include('C:\\xampp8\\htdoc...')
#2 C:\xampp8\htdocs\crud-ci4\system\View\View.php(217): CodeIgniter\View\View->CodeIgniter\View\{closure}()
#3 C:\xampp8\htdocs\crud-ci4\system\View\View.php(432): CodeIgniter\View\View->render('layout/navbar', NULL, true)
#4 C:\xampp8\htdocs\crud-ci4\app\Views\layout\template.php(6): CodeIgniter\View\View->include('layout/navbar')
#5 C:\xampp8\htdocs\crud-ci4\system\View\View.php(214): include('C:\\xampp8\\htdoc...')
#6 C:\xampp8\htdocs\crud-ci4\system\View\View.php(217): CodeIgniter\View\View->CodeIgniter\View\{closure}()
#7 C:\xampp8\htdocs\crud-ci4\system\View\View.php(230): CodeIgniter\View\View->render('layout/template', Array, true)
#8 C:\xampp8\htdocs\crud-ci4\system\Common.php(1097): CodeIgniter\View\View->render('komik/index', Array, true)
#9 C:\xampp8\htdocs\crud-ci4\app\Controllers\Komik.php(34): view('komik/index', Array)
#10 C:\xampp8\htdocs\crud-ci4\system\CodeIgniter.php(824): App\Controllers\Komik->index()
#11 C:\xampp8\htdocs\crud-ci4\system\CodeIgniter.php(410): CodeIgniter\CodeIgniter->runController(Object(App\Controllers\Komik))
#12 C:\xampp8\htdocs\crud-ci4\system\CodeIgniter.php(318): CodeIgniter\CodeIgniter->handleRequest(NULL, Object(Config\Cache), false)
#13 C:\xampp8\htdocs\crud-ci4\public\index.php(37): CodeIgniter\CodeIgniter->run()
#14 C:\xampp8\htdocs\crud-ci4\system\Commands\Server\rewrite.php(43): require_once('C:\\xampp8\\htdoc...')
#15 {main}
CRITICAL - 2021-11-30 21:14:51 --> Undefined variable: uri
#0 C:\xampp8\htdocs\crud-ci4\app\Views\layout\navbar.php(22): CodeIgniter\Debug\Exceptions->errorHandler(8, 'Undefined varia...', 'C:\\xampp8\\htdoc...', 22, Array)
#1 C:\xampp8\htdocs\crud-ci4\system\View\View.php(214): include('C:\\xampp8\\htdoc...')
#2 C:\xampp8\htdocs\crud-ci4\system\View\View.php(217): CodeIgniter\View\View->CodeIgniter\View\{closure}()
#3 C:\xampp8\htdocs\crud-ci4\system\View\View.php(432): CodeIgniter\View\View->render('layout/navbar', NULL, true)
#4 C:\xampp8\htdocs\crud-ci4\app\Views\layout\template.php(6): CodeIgniter\View\View->include('layout/navbar')
#5 C:\xampp8\htdocs\crud-ci4\system\View\View.php(214): include('C:\\xampp8\\htdoc...')
#6 C:\xampp8\htdocs\crud-ci4\system\View\View.php(217): CodeIgniter\View\View->CodeIgniter\View\{closure}()
#7 C:\xampp8\htdocs\crud-ci4\system\View\View.php(230): CodeIgniter\View\View->render('layout/template', Array, true)
#8 C:\xampp8\htdocs\crud-ci4\system\Common.php(1097): CodeIgniter\View\View->render('komik/index', Array, true)
#9 C:\xampp8\htdocs\crud-ci4\app\Controllers\Komik.php(34): view('komik/index', Array)
#10 C:\xampp8\htdocs\crud-ci4\system\CodeIgniter.php(824): App\Controllers\Komik->index()
#11 C:\xampp8\htdocs\crud-ci4\system\CodeIgniter.php(410): CodeIgniter\CodeIgniter->runController(Object(App\Controllers\Komik))
#12 C:\xampp8\htdocs\crud-ci4\system\CodeIgniter.php(318): CodeIgniter\CodeIgniter->handleRequest(NULL, Object(Config\Cache), false)
#13 C:\xampp8\htdocs\crud-ci4\public\index.php(37): CodeIgniter\CodeIgniter->run()
#14 C:\xampp8\htdocs\crud-ci4\system\Commands\Server\rewrite.php(43): require_once('C:\\xampp8\\htdoc...')
#15 {main}
CRITICAL - 2021-11-30 21:20:51 --> Undefined variable: uri
#0 C:\xampp8\htdocs\crud-ci4\app\Views\layout\navbar.php(16): CodeIgniter\Debug\Exceptions->errorHandler(8, 'Undefined varia...', 'C:\\xampp8\\htdoc...', 16, Array)
#1 C:\xampp8\htdocs\crud-ci4\system\View\View.php(214): include('C:\\xampp8\\htdoc...')
#2 C:\xampp8\htdocs\crud-ci4\system\View\View.php(217): CodeIgniter\View\View->CodeIgniter\View\{closure}()
#3 C:\xampp8\htdocs\crud-ci4\system\View\View.php(432): CodeIgniter\View\View->render('layout/navbar', NULL, true)
#4 C:\xampp8\htdocs\crud-ci4\app\Views\layout\template.php(6): CodeIgniter\View\View->include('layout/navbar')
#5 C:\xampp8\htdocs\crud-ci4\system\View\View.php(214): include('C:\\xampp8\\htdoc...')
#6 C:\xampp8\htdocs\crud-ci4\system\View\View.php(217): CodeIgniter\View\View->CodeIgniter\View\{closure}()
#7 C:\xampp8\htdocs\crud-ci4\system\View\View.php(230): CodeIgniter\View\View->render('layout/template', Array, true)
#8 C:\xampp8\htdocs\crud-ci4\system\Common.php(1097): CodeIgniter\View\View->render('pages/home', Array, true)
#9 C:\xampp8\htdocs\crud-ci4\app\Controllers\Pages.php(12): view('pages/home', Array)
#10 C:\xampp8\htdocs\crud-ci4\system\CodeIgniter.php(824): App\Controllers\Pages->index()
#11 C:\xampp8\htdocs\crud-ci4\system\CodeIgniter.php(410): CodeIgniter\CodeIgniter->runController(Object(App\Controllers\Pages))
#12 C:\xampp8\htdocs\crud-ci4\system\CodeIgniter.php(318): CodeIgniter\CodeIgniter->handleRequest(NULL, Object(Config\Cache), false)
#13 C:\xampp8\htdocs\crud-ci4\public\index.php(37): CodeIgniter\CodeIgniter->run()
#14 C:\xampp8\htdocs\crud-ci4\system\Commands\Server\rewrite.php(43): require_once('C:\\xampp8\\htdoc...')
#15 {main}
CRITICAL - 2021-11-30 21:20:56 --> Undefined variable: uri
#0 C:\xampp8\htdocs\crud-ci4\app\Views\layout\navbar.php(16): CodeIgniter\Debug\Exceptions->errorHandler(8, 'Undefined varia...', 'C:\\xampp8\\htdoc...', 16, Array)
#1 C:\xampp8\htdocs\crud-ci4\system\View\View.php(214): include('C:\\xampp8\\htdoc...')
#2 C:\xampp8\htdocs\crud-ci4\system\View\View.php(217): CodeIgniter\View\View->CodeIgniter\View\{closure}()
#3 C:\xampp8\htdocs\crud-ci4\system\View\View.php(432): CodeIgniter\View\View->render('layout/navbar', NULL, true)
#4 C:\xampp8\htdocs\crud-ci4\app\Views\layout\template.php(6): CodeIgniter\View\View->include('layout/navbar')
#5 C:\xampp8\htdocs\crud-ci4\system\View\View.php(214): include('C:\\xampp8\\htdoc...')
#6 C:\xampp8\htdocs\crud-ci4\system\View\View.php(217): CodeIgniter\View\View->CodeIgniter\View\{closure}()
#7 C:\xampp8\htdocs\crud-ci4\system\View\View.php(230): CodeIgniter\View\View->render('layout/template', Array, true)
#8 C:\xampp8\htdocs\crud-ci4\system\Common.php(1097): CodeIgniter\View\View->render('pages/about', Array, true)
#9 C:\xampp8\htdocs\crud-ci4\app\Controllers\Pages.php(21): view('pages/about', Array)
#10 C:\xampp8\htdocs\crud-ci4\system\CodeIgniter.php(824): App\Controllers\Pages->about()
#11 C:\xampp8\htdocs\crud-ci4\system\CodeIgniter.php(410): CodeIgniter\CodeIgniter->runController(Object(App\Controllers\Pages))
#12 C:\xampp8\htdocs\crud-ci4\system\CodeIgniter.php(318): CodeIgniter\CodeIgniter->handleRequest(NULL, Object(Config\Cache), false)
#13 C:\xampp8\htdocs\crud-ci4\public\index.php(37): CodeIgniter\CodeIgniter->run()
#14 C:\xampp8\htdocs\crud-ci4\system\Commands\Server\rewrite.php(43): require_once('C:\\xampp8\\htdoc...')
#15 {main}
CRITICAL - 2021-11-30 21:21:00 --> Undefined variable: uri
#0 C:\xampp8\htdocs\crud-ci4\app\Views\layout\navbar.php(16): CodeIgniter\Debug\Exceptions->errorHandler(8, 'Undefined varia...', 'C:\\xampp8\\htdoc...', 16, Array)
#1 C:\xampp8\htdocs\crud-ci4\system\View\View.php(214): include('C:\\xampp8\\htdoc...')
#2 C:\xampp8\htdocs\crud-ci4\system\View\View.php(217): CodeIgniter\View\View->CodeIgniter\View\{closure}()
#3 C:\xampp8\htdocs\crud-ci4\system\View\View.php(432): CodeIgniter\View\View->render('layout/navbar', NULL, true)
#4 C:\xampp8\htdocs\crud-ci4\app\Views\layout\template.php(6): CodeIgniter\View\View->include('layout/navbar')
#5 C:\xampp8\htdocs\crud-ci4\system\View\View.php(214): include('C:\\xampp8\\htdoc...')
#6 C:\xampp8\htdocs\crud-ci4\system\View\View.php(217): CodeIgniter\View\View->CodeIgniter\View\{closure}()
#7 C:\xampp8\htdocs\crud-ci4\system\View\View.php(230): CodeIgniter\View\View->render('layout/template', Array, true)
#8 C:\xampp8\htdocs\crud-ci4\system\Common.php(1097): CodeIgniter\View\View->render('pages/home', Array, true)
#9 C:\xampp8\htdocs\crud-ci4\app\Controllers\Pages.php(12): view('pages/home', Array)
#10 C:\xampp8\htdocs\crud-ci4\system\CodeIgniter.php(824): App\Controllers\Pages->index()
#11 C:\xampp8\htdocs\crud-ci4\system\CodeIgniter.php(410): CodeIgniter\CodeIgniter->runController(Object(App\Controllers\Pages))
#12 C:\xampp8\htdocs\crud-ci4\system\CodeIgniter.php(318): CodeIgniter\CodeIgniter->handleRequest(NULL, Object(Config\Cache), false)
#13 C:\xampp8\htdocs\crud-ci4\public\index.php(37): CodeIgniter\CodeIgniter->run()
#14 C:\xampp8\htdocs\crud-ci4\system\Commands\Server\rewrite.php(43): require_once('C:\\xampp8\\htdoc...')
#15 {main}
CRITICAL - 2021-11-30 21:22:50 --> Request URI segment is out of range: 1
#0 C:\xampp8\htdocs\crud-ci4\system\HTTP\URI.php(529): CodeIgniter\HTTP\Exceptions\HTTPException::forURISegmentOutOfRange(1)
#1 C:\xampp8\htdocs\crud-ci4\app\Views\layout\navbar.php(16): CodeIgniter\HTTP\URI->getSegment(1)
#2 C:\xampp8\htdocs\crud-ci4\system\View\View.php(214): include('C:\\xampp8\\htdoc...')
#3 C:\xampp8\htdocs\crud-ci4\system\View\View.php(217): CodeIgniter\View\View->CodeIgniter\View\{closure}()
#4 C:\xampp8\htdocs\crud-ci4\system\View\View.php(432): CodeIgniter\View\View->render('layout/navbar', NULL, true)
#5 C:\xampp8\htdocs\crud-ci4\app\Views\layout\template.php(6): CodeIgniter\View\View->include('layout/navbar')
#6 C:\xampp8\htdocs\crud-ci4\system\View\View.php(214): include('C:\\xampp8\\htdoc...')
#7 C:\xampp8\htdocs\crud-ci4\system\View\View.php(217): CodeIgniter\View\View->CodeIgniter\View\{closure}()
#8 C:\xampp8\htdocs\crud-ci4\system\View\View.php(230): CodeIgniter\View\View->render('layout/template', Array, true)
#9 C:\xampp8\htdocs\crud-ci4\system\Common.php(1097): CodeIgniter\View\View->render('pages/home', Array, true)
#10 C:\xampp8\htdocs\crud-ci4\app\Controllers\Pages.php(14): view('pages/home', Array)
#11 C:\xampp8\htdocs\crud-ci4\system\CodeIgniter.php(824): App\Controllers\Pages->index()
#12 C:\xampp8\htdocs\crud-ci4\system\CodeIgniter.php(410): CodeIgniter\CodeIgniter->runController(Object(App\Controllers\Pages))
#13 C:\xampp8\htdocs\crud-ci4\system\CodeIgniter.php(318): CodeIgniter\CodeIgniter->handleRequest(NULL, Object(Config\Cache), false)
#14 C:\xampp8\htdocs\crud-ci4\public\index.php(37): CodeIgniter\CodeIgniter->run()
#15 C:\xampp8\htdocs\crud-ci4\system\Commands\Server\rewrite.php(43): require_once('C:\\xampp8\\htdoc...')
#16 {main}
CRITICAL - 2021-11-30 21:25:31 --> Undefined property: CodeIgniter\View\View::$uri
#0 C:\xampp8\htdocs\crud-ci4\app\Views\layout\navbar.php(22): CodeIgniter\Debug\Exceptions->errorHandler(8, 'Undefined prope...', 'C:\\xampp8\\htdoc...', 22, Array)
#1 C:\xampp8\htdocs\crud-ci4\system\View\View.php(214): include('C:\\xampp8\\htdoc...')
#2 C:\xampp8\htdocs\crud-ci4\system\View\View.php(217): CodeIgniter\View\View->CodeIgniter\View\{closure}()
#3 C:\xampp8\htdocs\crud-ci4\system\View\View.php(432): CodeIgniter\View\View->render('layout/navbar', NULL, true)
#4 C:\xampp8\htdocs\crud-ci4\app\Views\layout\template.php(6): CodeIgniter\View\View->include('layout/navbar')
#5 C:\xampp8\htdocs\crud-ci4\system\View\View.php(214): include('C:\\xampp8\\htdoc...')
#6 C:\xampp8\htdocs\crud-ci4\system\View\View.php(217): CodeIgniter\View\View->CodeIgniter\View\{closure}()
#7 C:\xampp8\htdocs\crud-ci4\system\View\View.php(230): CodeIgniter\View\View->render('layout/template', Array, true)
#8 C:\xampp8\htdocs\crud-ci4\system\Common.php(1097): CodeIgniter\View\View->render('pages/home', Array, true)
#9 C:\xampp8\htdocs\crud-ci4\app\Controllers\Pages.php(14): view('pages/home', Array)
#10 C:\xampp8\htdocs\crud-ci4\system\CodeIgniter.php(824): App\Controllers\Pages->index()
#11 C:\xampp8\htdocs\crud-ci4\system\CodeIgniter.php(410): CodeIgniter\CodeIgniter->runController(Object(App\Controllers\Pages))
#12 C:\xampp8\htdocs\crud-ci4\system\CodeIgniter.php(318): CodeIgniter\CodeIgniter->handleRequest(NULL, Object(Config\Cache), false)
#13 C:\xampp8\htdocs\crud-ci4\public\index.php(37): CodeIgniter\CodeIgniter->run()
#14 C:\xampp8\htdocs\crud-ci4\system\Commands\Server\rewrite.php(43): require_once('C:\\xampp8\\htdoc...')
#15 {main}
CRITICAL - 2021-11-30 22:01:01 --> Undefined variable: request
#0 C:\xampp8\htdocs\crud-ci4\app\Views\layout\navbar.php(22): CodeIgniter\Debug\Exceptions->errorHandler(8, 'Undefined varia...', 'C:\\xampp8\\htdoc...', 22, Array)
#1 C:\xampp8\htdocs\crud-ci4\system\View\View.php(214): include('C:\\xampp8\\htdoc...')
#2 C:\xampp8\htdocs\crud-ci4\system\View\View.php(217): CodeIgniter\View\View->CodeIgniter\View\{closure}()
#3 C:\xampp8\htdocs\crud-ci4\system\View\View.php(432): CodeIgniter\View\View->render('layout/navbar', NULL, true)
#4 C:\xampp8\htdocs\crud-ci4\app\Views\layout\template.php(6): CodeIgniter\View\View->include('layout/navbar')
#5 C:\xampp8\htdocs\crud-ci4\system\View\View.php(214): include('C:\\xampp8\\htdoc...')
#6 C:\xampp8\htdocs\crud-ci4\system\View\View.php(217): CodeIgniter\View\View->CodeIgniter\View\{closure}()
#7 C:\xampp8\htdocs\crud-ci4\system\View\View.php(230): CodeIgniter\View\View->render('layout/template', Array, true)
#8 C:\xampp8\htdocs\crud-ci4\system\Common.php(1097): CodeIgniter\View\View->render('pages/home', Array, true)
#9 C:\xampp8\htdocs\crud-ci4\app\Controllers\Pages.php(14): view('pages/home', Array)
#10 C:\xampp8\htdocs\crud-ci4\system\CodeIgniter.php(824): App\Controllers\Pages->index()
#11 C:\xampp8\htdocs\crud-ci4\system\CodeIgniter.php(410): CodeIgniter\CodeIgniter->runController(Object(App\Controllers\Pages))
#12 C:\xampp8\htdocs\crud-ci4\system\CodeIgniter.php(318): CodeIgniter\CodeIgniter->handleRequest(NULL, Object(Config\Cache), false)
#13 C:\xampp8\htdocs\crud-ci4\public\index.php(37): CodeIgniter\CodeIgniter->run()
#14 C:\xampp8\htdocs\crud-ci4\system\Commands\Server\rewrite.php(43): require_once('C:\\xampp8\\htdoc...')
#15 {main}
CRITICAL - 2021-11-30 22:01:27 --> Undefined property: CodeIgniter\View\View::$request
#0 C:\xampp8\htdocs\crud-ci4\app\Views\layout\navbar.php(22): CodeIgniter\Debug\Exceptions->errorHandler(8, 'Undefined prope...', 'C:\\xampp8\\htdoc...', 22, Array)
#1 C:\xampp8\htdocs\crud-ci4\system\View\View.php(214): include('C:\\xampp8\\htdoc...')
#2 C:\xampp8\htdocs\crud-ci4\system\View\View.php(217): CodeIgniter\View\View->CodeIgniter\View\{closure}()
#3 C:\xampp8\htdocs\crud-ci4\system\View\View.php(432): CodeIgniter\View\View->render('layout/navbar', NULL, true)
#4 C:\xampp8\htdocs\crud-ci4\app\Views\layout\template.php(6): CodeIgniter\View\View->include('layout/navbar')
#5 C:\xampp8\htdocs\crud-ci4\system\View\View.php(214): include('C:\\xampp8\\htdoc...')
#6 C:\xampp8\htdocs\crud-ci4\system\View\View.php(217): CodeIgniter\View\View->CodeIgniter\View\{closure}()
#7 C:\xampp8\htdocs\crud-ci4\system\View\View.php(230): CodeIgniter\View\View->render('layout/template', Array, true)
#8 C:\xampp8\htdocs\crud-ci4\system\Common.php(1097): CodeIgniter\View\View->render('pages/home', Array, true)
#9 C:\xampp8\htdocs\crud-ci4\app\Controllers\Pages.php(14): view('pages/home', Array)
#10 C:\xampp8\htdocs\crud-ci4\system\CodeIgniter.php(824): App\Controllers\Pages->index()
#11 C:\xampp8\htdocs\crud-ci4\system\CodeIgniter.php(410): CodeIgniter\CodeIgniter->runController(Object(App\Controllers\Pages))
#12 C:\xampp8\htdocs\crud-ci4\system\CodeIgniter.php(318): CodeIgniter\CodeIgniter->handleRequest(NULL, Object(Config\Cache), false)
#13 C:\xampp8\htdocs\crud-ci4\public\index.php(37): CodeIgniter\CodeIgniter->run()
#14 C:\xampp8\htdocs\crud-ci4\system\Commands\Server\rewrite.php(43): require_once('C:\\xampp8\\htdoc...')
#15 {main}
CRITICAL - 2021-11-30 22:01:50 --> Undefined property: CodeIgniter\View\View::$uri
#0 C:\xampp8\htdocs\crud-ci4\app\Views\layout\navbar.php(22): CodeIgniter\Debug\Exceptions->errorHandler(8, 'Undefined prope...', 'C:\\xampp8\\htdoc...', 22, Array)
#1 C:\xampp8\htdocs\crud-ci4\system\View\View.php(214): include('C:\\xampp8\\htdoc...')
#2 C:\xampp8\htdocs\crud-ci4\system\View\View.php(217): CodeIgniter\View\View->CodeIgniter\View\{closure}()
#3 C:\xampp8\htdocs\crud-ci4\system\View\View.php(432): CodeIgniter\View\View->render('layout/navbar', NULL, true)
#4 C:\xampp8\htdocs\crud-ci4\app\Views\layout\template.php(6): CodeIgniter\View\View->include('layout/navbar')
#5 C:\xampp8\htdocs\crud-ci4\system\View\View.php(214): include('C:\\xampp8\\htdoc...')
#6 C:\xampp8\htdocs\crud-ci4\system\View\View.php(217): CodeIgniter\View\View->CodeIgniter\View\{closure}()
#7 C:\xampp8\htdocs\crud-ci4\system\View\View.php(230): CodeIgniter\View\View->render('layout/template', Array, true)
#8 C:\xampp8\htdocs\crud-ci4\system\Common.php(1097): CodeIgniter\View\View->render('pages/home', Array, true)
#9 C:\xampp8\htdocs\crud-ci4\app\Controllers\Pages.php(14): view('pages/home', Array)
#10 C:\xampp8\htdocs\crud-ci4\system\CodeIgniter.php(824): App\Controllers\Pages->index()
#11 C:\xampp8\htdocs\crud-ci4\system\CodeIgniter.php(410): CodeIgniter\CodeIgniter->runController(Object(App\Controllers\Pages))
#12 C:\xampp8\htdocs\crud-ci4\system\CodeIgniter.php(318): CodeIgniter\CodeIgniter->handleRequest(NULL, Object(Config\Cache), false)
#13 C:\xampp8\htdocs\crud-ci4\public\index.php(37): CodeIgniter\CodeIgniter->run()
#14 C:\xampp8\htdocs\crud-ci4\system\Commands\Server\rewrite.php(43): require_once('C:\\xampp8\\htdoc...')
#15 {main}
