CRITICAL - 2022-01-25 01:41:51 --> Undefined index: kode
#0 C:\xampp\htdocs\penerimaan-pad\app\Views\laporan\perdinas.php(122): CodeIgniter\Debug\Exceptions->errorHandler(8, 'Undefined index...', 'C:\\xampp\\htdocs...', 122, Array)
#1 C:\xampp\htdocs\penerimaan-pad\system\View\View.php(214): include('C:\\xampp\\htdocs...')
#2 C:\xampp\htdocs\penerimaan-pad\system\View\View.php(217): CodeIgniter\View\View->CodeIgniter\View\{closure}()
#3 C:\xampp\htdocs\penerimaan-pad\system\Common.php(1097): CodeIgniter\View\View->render('laporan/perdina...', Array, true)
#4 C:\xampp\htdocs\penerimaan-pad\app\Controllers\LaporanPerdinas.php(26): view('laporan/perdina...', Array)
#5 C:\xampp\htdocs\penerimaan-pad\system\CodeIgniter.php(824): App\Controllers\LaporanPerdinas->index()
#6 C:\xampp\htdocs\penerimaan-pad\system\CodeIgniter.php(410): CodeIgniter\CodeIgniter->runController(Object(App\Controllers\LaporanPerdinas))
#7 C:\xampp\htdocs\penerimaan-pad\system\CodeIgniter.php(318): CodeIgniter\CodeIgniter->handleRequest(NULL, Object(Config\Cache), false)
#8 C:\xampp\htdocs\penerimaan-pad\public\index.php(37): CodeIgniter\CodeIgniter->run()
#9 C:\xampp\htdocs\penerimaan-pad\system\Commands\Server\rewrite.php(43): require_once('C:\\xampp\\htdocs...')
#10 {main}
ERROR - 2022-01-25 01:46:32 --> Unknown column 'target_pad' in 'field list'
CRITICAL - 2022-01-25 01:46:32 --> Unknown column 'target_pad' in 'field list'
#0 C:\xampp\htdocs\penerimaan-pad\system\Database\MySQLi\Connection.php(292): mysqli->query('SELECT sum(targ...', 0)
#1 C:\xampp\htdocs\penerimaan-pad\system\Database\BaseConnection.php(670): CodeIgniter\Database\MySQLi\Connection->execute('SELECT sum(targ...')
#2 C:\xampp\htdocs\penerimaan-pad\system\Database\BaseConnection.php(598): CodeIgniter\Database\BaseConnection->simpleQuery('SELECT sum(targ...')
#3 C:\xampp\htdocs\penerimaan-pad\app\Models\LaporanModel.php(36): CodeIgniter\Database\BaseConnection->query('SELECT sum(targ...')
#4 C:\xampp\htdocs\penerimaan-pad\app\Controllers\LaporanPerdinas.php(24): App\Models\LaporanModel->sumData1()
#5 C:\xampp\htdocs\penerimaan-pad\system\CodeIgniter.php(824): App\Controllers\LaporanPerdinas->index()
#6 C:\xampp\htdocs\penerimaan-pad\system\CodeIgniter.php(410): CodeIgniter\CodeIgniter->runController(Object(App\Controllers\LaporanPerdinas))
#7 C:\xampp\htdocs\penerimaan-pad\system\CodeIgniter.php(318): CodeIgniter\CodeIgniter->handleRequest(NULL, Object(Config\Cache), false)
#8 C:\xampp\htdocs\penerimaan-pad\public\index.php(37): CodeIgniter\CodeIgniter->run()
#9 C:\xampp\htdocs\penerimaan-pad\system\Commands\Server\rewrite.php(43): require_once('C:\\xampp\\htdocs...')
#10 {main}
CRITICAL - 2022-01-25 01:46:52 --> Undefined variable: total_target
#0 C:\xampp\htdocs\penerimaan-pad\app\Views\laporan\perdinas.php(122): CodeIgniter\Debug\Exceptions->errorHandler(8, 'Undefined varia...', 'C:\\xampp\\htdocs...', 122, Array)
#1 C:\xampp\htdocs\penerimaan-pad\system\View\View.php(214): include('C:\\xampp\\htdocs...')
#2 C:\xampp\htdocs\penerimaan-pad\system\View\View.php(217): CodeIgniter\View\View->CodeIgniter\View\{closure}()
#3 C:\xampp\htdocs\penerimaan-pad\system\Common.php(1097): CodeIgniter\View\View->render('laporan/perdina...', Array, true)
#4 C:\xampp\htdocs\penerimaan-pad\app\Controllers\LaporanPerdinas.php(27): view('laporan/perdina...', Array)
#5 C:\xampp\htdocs\penerimaan-pad\system\CodeIgniter.php(824): App\Controllers\LaporanPerdinas->index()
#6 C:\xampp\htdocs\penerimaan-pad\system\CodeIgniter.php(410): CodeIgniter\CodeIgniter->runController(Object(App\Controllers\LaporanPerdinas))
#7 C:\xampp\htdocs\penerimaan-pad\system\CodeIgniter.php(318): CodeIgniter\CodeIgniter->handleRequest(NULL, Object(Config\Cache), false)
#8 C:\xampp\htdocs\penerimaan-pad\public\index.php(37): CodeIgniter\CodeIgniter->run()
#9 C:\xampp\htdocs\penerimaan-pad\system\Commands\Server\rewrite.php(43): require_once('C:\\xampp\\htdocs...')
#10 {main}
CRITICAL - 2022-01-25 01:47:44 --> Cannot use object of type mysqli as array
#0 C:\xampp\htdocs\penerimaan-pad\system\View\View.php(214): include()
#1 C:\xampp\htdocs\penerimaan-pad\system\View\View.php(217): CodeIgniter\View\View->CodeIgniter\View\{closure}()
#2 C:\xampp\htdocs\penerimaan-pad\system\Common.php(1097): CodeIgniter\View\View->render('laporan/perdina...', Array, true)
#3 C:\xampp\htdocs\penerimaan-pad\app\Controllers\LaporanPerdinas.php(27): view('laporan/perdina...', Array)
#4 C:\xampp\htdocs\penerimaan-pad\system\CodeIgniter.php(824): App\Controllers\LaporanPerdinas->index()
#5 C:\xampp\htdocs\penerimaan-pad\system\CodeIgniter.php(410): CodeIgniter\CodeIgniter->runController(Object(App\Controllers\LaporanPerdinas))
#6 C:\xampp\htdocs\penerimaan-pad\system\CodeIgniter.php(318): CodeIgniter\CodeIgniter->handleRequest(NULL, Object(Config\Cache), false)
#7 C:\xampp\htdocs\penerimaan-pad\public\index.php(37): CodeIgniter\CodeIgniter->run()
#8 C:\xampp\htdocs\penerimaan-pad\system\Commands\Server\rewrite.php(43): require_once('C:\\xampp\\htdocs...')
#9 {main}
CRITICAL - 2022-01-25 01:47:45 --> Cannot use object of type mysqli as array
#0 C:\xampp\htdocs\penerimaan-pad\system\View\View.php(214): include()
#1 C:\xampp\htdocs\penerimaan-pad\system\View\View.php(217): CodeIgniter\View\View->CodeIgniter\View\{closure}()
#2 C:\xampp\htdocs\penerimaan-pad\system\Common.php(1097): CodeIgniter\View\View->render('laporan/perdina...', Array, true)
#3 C:\xampp\htdocs\penerimaan-pad\app\Controllers\LaporanPerdinas.php(27): view('laporan/perdina...', Array)
#4 C:\xampp\htdocs\penerimaan-pad\system\CodeIgniter.php(824): App\Controllers\LaporanPerdinas->index()
#5 C:\xampp\htdocs\penerimaan-pad\system\CodeIgniter.php(410): CodeIgniter\CodeIgniter->runController(Object(App\Controllers\LaporanPerdinas))
#6 C:\xampp\htdocs\penerimaan-pad\system\CodeIgniter.php(318): CodeIgniter\CodeIgniter->handleRequest(NULL, Object(Config\Cache), false)
#7 C:\xampp\htdocs\penerimaan-pad\public\index.php(37): CodeIgniter\CodeIgniter->run()
#8 C:\xampp\htdocs\penerimaan-pad\system\Commands\Server\rewrite.php(43): require_once('C:\\xampp\\htdocs...')
#9 {main}
CRITICAL - 2022-01-25 01:47:46 --> Cannot use object of type mysqli as array
#0 C:\xampp\htdocs\penerimaan-pad\system\View\View.php(214): include()
#1 C:\xampp\htdocs\penerimaan-pad\system\View\View.php(217): CodeIgniter\View\View->CodeIgniter\View\{closure}()
#2 C:\xampp\htdocs\penerimaan-pad\system\Common.php(1097): CodeIgniter\View\View->render('laporan/perdina...', Array, true)
#3 C:\xampp\htdocs\penerimaan-pad\app\Controllers\LaporanPerdinas.php(27): view('laporan/perdina...', Array)
#4 C:\xampp\htdocs\penerimaan-pad\system\CodeIgniter.php(824): App\Controllers\LaporanPerdinas->index()
#5 C:\xampp\htdocs\penerimaan-pad\system\CodeIgniter.php(410): CodeIgniter\CodeIgniter->runController(Object(App\Controllers\LaporanPerdinas))
#6 C:\xampp\htdocs\penerimaan-pad\system\CodeIgniter.php(318): CodeIgniter\CodeIgniter->handleRequest(NULL, Object(Config\Cache), false)
#7 C:\xampp\htdocs\penerimaan-pad\public\index.php(37): CodeIgniter\CodeIgniter->run()
#8 C:\xampp\htdocs\penerimaan-pad\system\Commands\Server\rewrite.php(43): require_once('C:\\xampp\\htdocs...')
#9 {main}
CRITICAL - 2022-01-25 01:47:53 --> Cannot use object of type mysqli as array
#0 C:\xampp\htdocs\penerimaan-pad\system\View\View.php(214): include()
#1 C:\xampp\htdocs\penerimaan-pad\system\View\View.php(217): CodeIgniter\View\View->CodeIgniter\View\{closure}()
#2 C:\xampp\htdocs\penerimaan-pad\system\Common.php(1097): CodeIgniter\View\View->render('laporan/perdina...', Array, true)
#3 C:\xampp\htdocs\penerimaan-pad\app\Controllers\LaporanPerdinas.php(27): view('laporan/perdina...', Array)
#4 C:\xampp\htdocs\penerimaan-pad\system\CodeIgniter.php(824): App\Controllers\LaporanPerdinas->index()
#5 C:\xampp\htdocs\penerimaan-pad\system\CodeIgniter.php(410): CodeIgniter\CodeIgniter->runController(Object(App\Controllers\LaporanPerdinas))
#6 C:\xampp\htdocs\penerimaan-pad\system\CodeIgniter.php(318): CodeIgniter\CodeIgniter->handleRequest(NULL, Object(Config\Cache), false)
#7 C:\xampp\htdocs\penerimaan-pad\public\index.php(37): CodeIgniter\CodeIgniter->run()
#8 C:\xampp\htdocs\penerimaan-pad\system\Commands\Server\rewrite.php(43): require_once('C:\\xampp\\htdocs...')
#9 {main}
CRITICAL - 2022-01-25 01:52:27 --> Undefined index: jenis_pajak
#0 C:\xampp\htdocs\penerimaan-pad\app\Views\laporan\perdinas.php(103): CodeIgniter\Debug\Exceptions->errorHandler(8, 'Undefined index...', 'C:\\xampp\\htdocs...', 103, Array)
#1 C:\xampp\htdocs\penerimaan-pad\system\View\View.php(214): include('C:\\xampp\\htdocs...')
#2 C:\xampp\htdocs\penerimaan-pad\system\View\View.php(217): CodeIgniter\View\View->CodeIgniter\View\{closure}()
#3 C:\xampp\htdocs\penerimaan-pad\system\Common.php(1097): CodeIgniter\View\View->render('laporan/perdina...', Array, true)
#4 C:\xampp\htdocs\penerimaan-pad\app\Controllers\LaporanPerdinas.php(27): view('laporan/perdina...', Array)
#5 C:\xampp\htdocs\penerimaan-pad\system\CodeIgniter.php(824): App\Controllers\LaporanPerdinas->index()
#6 C:\xampp\htdocs\penerimaan-pad\system\CodeIgniter.php(410): CodeIgniter\CodeIgniter->runController(Object(App\Controllers\LaporanPerdinas))
#7 C:\xampp\htdocs\penerimaan-pad\system\CodeIgniter.php(318): CodeIgniter\CodeIgniter->handleRequest(NULL, Object(Config\Cache), false)
#8 C:\xampp\htdocs\penerimaan-pad\public\index.php(37): CodeIgniter\CodeIgniter->run()
#9 C:\xampp\htdocs\penerimaan-pad\system\Commands\Server\rewrite.php(43): require_once('C:\\xampp\\htdocs...')
#10 {main}
CRITICAL - 2022-01-25 01:52:39 --> Undefined index: jenis_pajak
#0 C:\xampp\htdocs\penerimaan-pad\app\Views\laporan\perdinas.php(103): CodeIgniter\Debug\Exceptions->errorHandler(8, 'Undefined index...', 'C:\\xampp\\htdocs...', 103, Array)
#1 C:\xampp\htdocs\penerimaan-pad\system\View\View.php(214): include('C:\\xampp\\htdocs...')
#2 C:\xampp\htdocs\penerimaan-pad\system\View\View.php(217): CodeIgniter\View\View->CodeIgniter\View\{closure}()
#3 C:\xampp\htdocs\penerimaan-pad\system\Common.php(1097): CodeIgniter\View\View->render('laporan/perdina...', Array, true)
#4 C:\xampp\htdocs\penerimaan-pad\app\Controllers\LaporanPerdinas.php(27): view('laporan/perdina...', Array)
#5 C:\xampp\htdocs\penerimaan-pad\system\CodeIgniter.php(824): App\Controllers\LaporanPerdinas->index()
#6 C:\xampp\htdocs\penerimaan-pad\system\CodeIgniter.php(410): CodeIgniter\CodeIgniter->runController(Object(App\Controllers\LaporanPerdinas))
#7 C:\xampp\htdocs\penerimaan-pad\system\CodeIgniter.php(318): CodeIgniter\CodeIgniter->handleRequest(NULL, Object(Config\Cache), false)
#8 C:\xampp\htdocs\penerimaan-pad\public\index.php(37): CodeIgniter\CodeIgniter->run()
#9 C:\xampp\htdocs\penerimaan-pad\system\Commands\Server\rewrite.php(43): require_once('C:\\xampp\\htdocs...')
#10 {main}
CRITICAL - 2022-01-25 01:52:41 --> Undefined index: jenis_pajak
#0 C:\xampp\htdocs\penerimaan-pad\app\Views\laporan\perdinas.php(103): CodeIgniter\Debug\Exceptions->errorHandler(8, 'Undefined index...', 'C:\\xampp\\htdocs...', 103, Array)
#1 C:\xampp\htdocs\penerimaan-pad\system\View\View.php(214): include('C:\\xampp\\htdocs...')
#2 C:\xampp\htdocs\penerimaan-pad\system\View\View.php(217): CodeIgniter\View\View->CodeIgniter\View\{closure}()
#3 C:\xampp\htdocs\penerimaan-pad\system\Common.php(1097): CodeIgniter\View\View->render('laporan/perdina...', Array, true)
#4 C:\xampp\htdocs\penerimaan-pad\app\Controllers\LaporanPerdinas.php(27): view('laporan/perdina...', Array)
#5 C:\xampp\htdocs\penerimaan-pad\system\CodeIgniter.php(824): App\Controllers\LaporanPerdinas->index()
#6 C:\xampp\htdocs\penerimaan-pad\system\CodeIgniter.php(410): CodeIgniter\CodeIgniter->runController(Object(App\Controllers\LaporanPerdinas))
#7 C:\xampp\htdocs\penerimaan-pad\system\CodeIgniter.php(318): CodeIgniter\CodeIgniter->handleRequest(NULL, Object(Config\Cache), false)
#8 C:\xampp\htdocs\penerimaan-pad\public\index.php(37): CodeIgniter\CodeIgniter->run()
#9 C:\xampp\htdocs\penerimaan-pad\system\Commands\Server\rewrite.php(43): require_once('C:\\xampp\\htdocs...')
#10 {main}
CRITICAL - 2022-01-25 01:52:58 --> Undefined index: jenis_pajak
#0 C:\xampp\htdocs\penerimaan-pad\app\Views\laporan\perdinas.php(103): CodeIgniter\Debug\Exceptions->errorHandler(8, 'Undefined index...', 'C:\\xampp\\htdocs...', 103, Array)
#1 C:\xampp\htdocs\penerimaan-pad\system\View\View.php(214): include('C:\\xampp\\htdocs...')
#2 C:\xampp\htdocs\penerimaan-pad\system\View\View.php(217): CodeIgniter\View\View->CodeIgniter\View\{closure}()
#3 C:\xampp\htdocs\penerimaan-pad\system\Common.php(1097): CodeIgniter\View\View->render('laporan/perdina...', Array, true)
#4 C:\xampp\htdocs\penerimaan-pad\app\Controllers\LaporanPerdinas.php(27): view('laporan/perdina...', Array)
#5 C:\xampp\htdocs\penerimaan-pad\system\CodeIgniter.php(824): App\Controllers\LaporanPerdinas->index()
#6 C:\xampp\htdocs\penerimaan-pad\system\CodeIgniter.php(410): CodeIgniter\CodeIgniter->runController(Object(App\Controllers\LaporanPerdinas))
#7 C:\xampp\htdocs\penerimaan-pad\system\CodeIgniter.php(318): CodeIgniter\CodeIgniter->handleRequest(NULL, Object(Config\Cache), false)
#8 C:\xampp\htdocs\penerimaan-pad\public\index.php(37): CodeIgniter\CodeIgniter->run()
#9 C:\xampp\htdocs\penerimaan-pad\system\Commands\Server\rewrite.php(43): require_once('C:\\xampp\\htdocs...')
#10 {main}
CRITICAL - 2022-01-25 01:53:07 --> Undefined index: jenis_pajak
#0 C:\xampp\htdocs\penerimaan-pad\app\Views\laporan\perdinas.php(103): CodeIgniter\Debug\Exceptions->errorHandler(8, 'Undefined index...', 'C:\\xampp\\htdocs...', 103, Array)
#1 C:\xampp\htdocs\penerimaan-pad\system\View\View.php(214): include('C:\\xampp\\htdocs...')
#2 C:\xampp\htdocs\penerimaan-pad\system\View\View.php(217): CodeIgniter\View\View->CodeIgniter\View\{closure}()
#3 C:\xampp\htdocs\penerimaan-pad\system\Common.php(1097): CodeIgniter\View\View->render('laporan/perdina...', Array, true)
#4 C:\xampp\htdocs\penerimaan-pad\app\Controllers\LaporanPerdinas.php(27): view('laporan/perdina...', Array)
#5 C:\xampp\htdocs\penerimaan-pad\system\CodeIgniter.php(824): App\Controllers\LaporanPerdinas->index()
#6 C:\xampp\htdocs\penerimaan-pad\system\CodeIgniter.php(410): CodeIgniter\CodeIgniter->runController(Object(App\Controllers\LaporanPerdinas))
#7 C:\xampp\htdocs\penerimaan-pad\system\CodeIgniter.php(318): CodeIgniter\CodeIgniter->handleRequest(NULL, Object(Config\Cache), false)
#8 C:\xampp\htdocs\penerimaan-pad\public\index.php(37): CodeIgniter\CodeIgniter->run()
#9 C:\xampp\htdocs\penerimaan-pad\system\Commands\Server\rewrite.php(43): require_once('C:\\xampp\\htdocs...')
#10 {main}
ERROR - 2022-01-25 02:04:25 --> Table 'penerimaan-pad.target' doesn't exist
CRITICAL - 2022-01-25 02:04:25 --> Table 'penerimaan-pad.target' doesn't exist
#0 C:\xampp\htdocs\penerimaan-pad\system\Database\MySQLi\Connection.php(292): mysqli->query('SELECT SUM(targ...', 0)
#1 C:\xampp\htdocs\penerimaan-pad\system\Database\BaseConnection.php(670): CodeIgniter\Database\MySQLi\Connection->execute('SELECT SUM(targ...')
#2 C:\xampp\htdocs\penerimaan-pad\system\Database\BaseConnection.php(598): CodeIgniter\Database\BaseConnection->simpleQuery('SELECT SUM(targ...')
#3 C:\xampp\htdocs\penerimaan-pad\system\Database\BaseBuilder.php(1443): CodeIgniter\Database\BaseConnection->query('SELECT SUM(targ...', Array, false)
#4 C:\xampp\htdocs\penerimaan-pad\system\Model.php(723): CodeIgniter\Database\BaseBuilder->get()
#5 C:\xampp\htdocs\penerimaan-pad\app\Models\LaporanModel.php(39): CodeIgniter\Model->__call('get', Array)
#6 C:\xampp\htdocs\penerimaan-pad\app\Controllers\LaporanPerdinas.php(24): App\Models\LaporanModel->sumData1()
#7 C:\xampp\htdocs\penerimaan-pad\system\CodeIgniter.php(824): App\Controllers\LaporanPerdinas->index()
#8 C:\xampp\htdocs\penerimaan-pad\system\CodeIgniter.php(410): CodeIgniter\CodeIgniter->runController(Object(App\Controllers\LaporanPerdinas))
#9 C:\xampp\htdocs\penerimaan-pad\system\CodeIgniter.php(318): CodeIgniter\CodeIgniter->handleRequest(NULL, Object(Config\Cache), false)
#10 C:\xampp\htdocs\penerimaan-pad\public\index.php(37): CodeIgniter\CodeIgniter->run()
#11 C:\xampp\htdocs\penerimaan-pad\system\Commands\Server\rewrite.php(43): require_once('C:\\xampp\\htdocs...')
#12 {main}
ERROR - 2022-01-25 02:04:50 --> Table 'penerimaan-pad.target' doesn't exist
CRITICAL - 2022-01-25 02:04:50 --> Table 'penerimaan-pad.target' doesn't exist
#0 C:\xampp\htdocs\penerimaan-pad\system\Database\MySQLi\Connection.php(292): mysqli->query('SELECT SUM(targ...', 0)
#1 C:\xampp\htdocs\penerimaan-pad\system\Database\BaseConnection.php(670): CodeIgniter\Database\MySQLi\Connection->execute('SELECT SUM(targ...')
#2 C:\xampp\htdocs\penerimaan-pad\system\Database\BaseConnection.php(598): CodeIgniter\Database\BaseConnection->simpleQuery('SELECT SUM(targ...')
#3 C:\xampp\htdocs\penerimaan-pad\system\Database\BaseBuilder.php(1443): CodeIgniter\Database\BaseConnection->query('SELECT SUM(targ...', Array, false)
#4 C:\xampp\htdocs\penerimaan-pad\system\Model.php(723): CodeIgniter\Database\BaseBuilder->get()
#5 C:\xampp\htdocs\penerimaan-pad\app\Models\LaporanModel.php(37): CodeIgniter\Model->__call('get', Array)
#6 C:\xampp\htdocs\penerimaan-pad\app\Controllers\LaporanPerdinas.php(24): App\Models\LaporanModel->sumData1()
#7 C:\xampp\htdocs\penerimaan-pad\system\CodeIgniter.php(824): App\Controllers\LaporanPerdinas->index()
#8 C:\xampp\htdocs\penerimaan-pad\system\CodeIgniter.php(410): CodeIgniter\CodeIgniter->runController(Object(App\Controllers\LaporanPerdinas))
#9 C:\xampp\htdocs\penerimaan-pad\system\CodeIgniter.php(318): CodeIgniter\CodeIgniter->handleRequest(NULL, Object(Config\Cache), false)
#10 C:\xampp\htdocs\penerimaan-pad\public\index.php(37): CodeIgniter\CodeIgniter->run()
#11 C:\xampp\htdocs\penerimaan-pad\system\Commands\Server\rewrite.php(43): require_once('C:\\xampp\\htdocs...')
#12 {main}
CRITICAL - 2022-01-25 02:05:02 --> Call to undefined method App\Models\LaporanModel::sumData1
#0 C:\xampp\htdocs\penerimaan-pad\app\Controllers\LaporanPerdinas.php(24): CodeIgniter\Model->__call('sumData1', Array)
#1 C:\xampp\htdocs\penerimaan-pad\system\CodeIgniter.php(824): App\Controllers\LaporanPerdinas->index()
#2 C:\xampp\htdocs\penerimaan-pad\system\CodeIgniter.php(410): CodeIgniter\CodeIgniter->runController(Object(App\Controllers\LaporanPerdinas))
#3 C:\xampp\htdocs\penerimaan-pad\system\CodeIgniter.php(318): CodeIgniter\CodeIgniter->handleRequest(NULL, Object(Config\Cache), false)
#4 C:\xampp\htdocs\penerimaan-pad\public\index.php(37): CodeIgniter\CodeIgniter->run()
#5 C:\xampp\htdocs\penerimaan-pad\system\Commands\Server\rewrite.php(43): require_once('C:\\xampp\\htdocs...')
#6 {main}
CRITICAL - 2022-01-25 02:05:16 --> Call to undefined method App\Models\LaporanModel::sumData1
#0 C:\xampp\htdocs\penerimaan-pad\app\Controllers\LaporanPerdinas.php(24): CodeIgniter\Model->__call('sumData1', Array)
#1 C:\xampp\htdocs\penerimaan-pad\system\CodeIgniter.php(824): App\Controllers\LaporanPerdinas->index()
#2 C:\xampp\htdocs\penerimaan-pad\system\CodeIgniter.php(410): CodeIgniter\CodeIgniter->runController(Object(App\Controllers\LaporanPerdinas))
#3 C:\xampp\htdocs\penerimaan-pad\system\CodeIgniter.php(318): CodeIgniter\CodeIgniter->handleRequest(NULL, Object(Config\Cache), false)
#4 C:\xampp\htdocs\penerimaan-pad\public\index.php(37): CodeIgniter\CodeIgniter->run()
#5 C:\xampp\htdocs\penerimaan-pad\system\Commands\Server\rewrite.php(43): require_once('C:\\xampp\\htdocs...')
#6 {main}
CRITICAL - 2022-01-25 02:05:18 --> Call to undefined method App\Models\LaporanModel::sumData1
#0 C:\xampp\htdocs\penerimaan-pad\app\Controllers\LaporanPerdinas.php(24): CodeIgniter\Model->__call('sumData1', Array)
#1 C:\xampp\htdocs\penerimaan-pad\system\CodeIgniter.php(824): App\Controllers\LaporanPerdinas->index()
#2 C:\xampp\htdocs\penerimaan-pad\system\CodeIgniter.php(410): CodeIgniter\CodeIgniter->runController(Object(App\Controllers\LaporanPerdinas))
#3 C:\xampp\htdocs\penerimaan-pad\system\CodeIgniter.php(318): CodeIgniter\CodeIgniter->handleRequest(NULL, Object(Config\Cache), false)
#4 C:\xampp\htdocs\penerimaan-pad\public\index.php(37): CodeIgniter\CodeIgniter->run()
#5 C:\xampp\htdocs\penerimaan-pad\system\Commands\Server\rewrite.php(43): require_once('C:\\xampp\\htdocs...')
#6 {main}
CRITICAL - 2022-01-25 17:06:22 --> syntax error, unexpected '}', expecting end of file
#0 C:\xampp\htdocs\penerimaan-pad\system\Autoloader\Autoloader.php(241): CodeIgniter\Autoloader\Autoloader->includeFile('C:\\xampp\\htdocs...')
#1 C:\xampp\htdocs\penerimaan-pad\system\Autoloader\Autoloader.php(219): CodeIgniter\Autoloader\Autoloader->loadInNamespace('App\\Controllers...')
#2 [internal function]: CodeIgniter\Autoloader\Autoloader->loadClass('App\\Controllers...')
#3 [internal function]: spl_autoload_call('App\\Controllers...')
#4 C:\xampp\htdocs\penerimaan-pad\system\CodeIgniter.php(789): class_exists('\\App\\Controller...', true)
#5 C:\xampp\htdocs\penerimaan-pad\system\CodeIgniter.php(397): CodeIgniter\CodeIgniter->startController()
#6 C:\xampp\htdocs\penerimaan-pad\system\CodeIgniter.php(318): CodeIgniter\CodeIgniter->handleRequest(NULL, Object(Config\Cache), false)
#7 C:\xampp\htdocs\penerimaan-pad\public\index.php(37): CodeIgniter\CodeIgniter->run()
#8 C:\xampp\htdocs\penerimaan-pad\system\Commands\Server\rewrite.php(43): require_once('C:\\xampp\\htdocs...')
#9 {main}
CRITICAL - 2022-01-25 17:06:34 --> Class 'App\Controllers\Dompdf' not found
#0 C:\xampp\htdocs\penerimaan-pad\system\CodeIgniter.php(824): App\Controllers\LaporanPerdinas->pdf()
#1 C:\xampp\htdocs\penerimaan-pad\system\CodeIgniter.php(410): CodeIgniter\CodeIgniter->runController(Object(App\Controllers\LaporanPerdinas))
#2 C:\xampp\htdocs\penerimaan-pad\system\CodeIgniter.php(318): CodeIgniter\CodeIgniter->handleRequest(NULL, Object(Config\Cache), false)
#3 C:\xampp\htdocs\penerimaan-pad\public\index.php(37): CodeIgniter\CodeIgniter->run()
#4 C:\xampp\htdocs\penerimaan-pad\system\Commands\Server\rewrite.php(43): require_once('C:\\xampp\\htdocs...')
#5 {main}
CRITICAL - 2022-01-25 17:07:10 --> Invalid file: pdf_view.php
#0 C:\xampp\htdocs\penerimaan-pad\system\View\View.php(198): CodeIgniter\Exceptions\FrameworkException::forInvalidFile('pdf_view.php')
#1 C:\xampp\htdocs\penerimaan-pad\system\Common.php(1097): CodeIgniter\View\View->render('pdf_view', Array, true)
#2 C:\xampp\htdocs\penerimaan-pad\app\Controllers\LaporanPerdinas.php(52): view('pdf_view')
#3 C:\xampp\htdocs\penerimaan-pad\system\CodeIgniter.php(824): App\Controllers\LaporanPerdinas->pdf()
#4 C:\xampp\htdocs\penerimaan-pad\system\CodeIgniter.php(410): CodeIgniter\CodeIgniter->runController(Object(App\Controllers\LaporanPerdinas))
#5 C:\xampp\htdocs\penerimaan-pad\system\CodeIgniter.php(318): CodeIgniter\CodeIgniter->handleRequest(NULL, Object(Config\Cache), false)
#6 C:\xampp\htdocs\penerimaan-pad\public\index.php(37): CodeIgniter\CodeIgniter->run()
#7 C:\xampp\htdocs\penerimaan-pad\system\Commands\Server\rewrite.php(43): require_once('C:\\xampp\\htdocs...')
#8 {main}
CRITICAL - 2022-01-25 17:09:22 --> Undefined variable: jenis_pendapatan1
#0 C:\xampp\htdocs\penerimaan-pad\app\Views\laporan\pdf_perdinas.php(21): CodeIgniter\Debug\Exceptions->errorHandler(8, 'Undefined varia...', 'C:\\xampp\\htdocs...', 21, Array)
#1 C:\xampp\htdocs\penerimaan-pad\system\View\View.php(214): include('C:\\xampp\\htdocs...')
#2 C:\xampp\htdocs\penerimaan-pad\system\View\View.php(217): CodeIgniter\View\View->CodeIgniter\View\{closure}()
#3 C:\xampp\htdocs\penerimaan-pad\system\Common.php(1097): CodeIgniter\View\View->render('laporan/pdf_per...', Array, true)
#4 C:\xampp\htdocs\penerimaan-pad\app\Controllers\LaporanPerdinas.php(52): view('laporan/pdf_per...')
#5 C:\xampp\htdocs\penerimaan-pad\system\CodeIgniter.php(824): App\Controllers\LaporanPerdinas->pdf()
#6 C:\xampp\htdocs\penerimaan-pad\system\CodeIgniter.php(410): CodeIgniter\CodeIgniter->runController(Object(App\Controllers\LaporanPerdinas))
#7 C:\xampp\htdocs\penerimaan-pad\system\CodeIgniter.php(318): CodeIgniter\CodeIgniter->handleRequest(NULL, Object(Config\Cache), false)
#8 C:\xampp\htdocs\penerimaan-pad\public\index.php(37): CodeIgniter\CodeIgniter->run()
#9 C:\xampp\htdocs\penerimaan-pad\system\Commands\Server\rewrite.php(43): require_once('C:\\xampp\\htdocs...')
#10 {main}
CRITICAL - 2022-01-25 17:10:19 --> Frame not found in cellmap
#0 C:\xampp\htdocs\penerimaan-pad\vendor\dompdf\dompdf\src\FrameReflower\TableCell.php(39): Dompdf\Cellmap->get_frame_position(Object(Dompdf\FrameDecorator\TableCell))
#1 C:\xampp\htdocs\penerimaan-pad\vendor\dompdf\dompdf\src\FrameDecorator\AbstractFrameDecorator.php(865): Dompdf\FrameReflower\TableCell->reflow(NULL)
#2 C:\xampp\htdocs\penerimaan-pad\vendor\dompdf\dompdf\src\FrameReflower\TableRow.php(58): Dompdf\FrameDecorator\AbstractFrameDecorator->reflow()
#3 C:\xampp\htdocs\penerimaan-pad\vendor\dompdf\dompdf\src\FrameDecorator\AbstractFrameDecorator.php(865): Dompdf\FrameReflower\TableRow->reflow(NULL)
#4 C:\xampp\htdocs\penerimaan-pad\vendor\dompdf\dompdf\src\FrameReflower\TableRowGroup.php(51): Dompdf\FrameDecorator\AbstractFrameDecorator->reflow()
#5 C:\xampp\htdocs\penerimaan-pad\vendor\dompdf\dompdf\src\FrameDecorator\AbstractFrameDecorator.php(865): Dompdf\FrameReflower\TableRowGroup->reflow(Object(Dompdf\FrameDecorator\Block))
#6 C:\xampp\htdocs\penerimaan-pad\vendor\dompdf\dompdf\src\FrameReflower\Block.php(871): Dompdf\FrameDecorator\AbstractFrameDecorator->reflow(Object(Dompdf\FrameDecorator\Block))
#7 C:\xampp\htdocs\penerimaan-pad\vendor\dompdf\dompdf\src\FrameDecorator\AbstractFrameDecorator.php(865): Dompdf\FrameReflower\Block->reflow(NULL)
#8 C:\xampp\htdocs\penerimaan-pad\vendor\dompdf\dompdf\src\FrameReflower\Page.php(141): Dompdf\FrameDecorator\AbstractFrameDecorator->reflow()
#9 C:\xampp\htdocs\penerimaan-pad\vendor\dompdf\dompdf\src\FrameDecorator\AbstractFrameDecorator.php(865): Dompdf\FrameReflower\Page->reflow(NULL)
#10 C:\xampp\htdocs\penerimaan-pad\vendor\dompdf\dompdf\src\Dompdf.php(837): Dompdf\FrameDecorator\AbstractFrameDecorator->reflow()
#11 C:\xampp\htdocs\penerimaan-pad\app\Controllers\LaporanPerdinas.php(66): Dompdf\Dompdf->render()
#12 C:\xampp\htdocs\penerimaan-pad\system\CodeIgniter.php(824): App\Controllers\LaporanPerdinas->pdf()
#13 C:\xampp\htdocs\penerimaan-pad\system\CodeIgniter.php(410): CodeIgniter\CodeIgniter->runController(Object(App\Controllers\LaporanPerdinas))
#14 C:\xampp\htdocs\penerimaan-pad\system\CodeIgniter.php(318): CodeIgniter\CodeIgniter->handleRequest(NULL, Object(Config\Cache), false)
#15 C:\xampp\htdocs\penerimaan-pad\public\index.php(37): CodeIgniter\CodeIgniter->run()
#16 C:\xampp\htdocs\penerimaan-pad\system\Commands\Server\rewrite.php(43): require_once('C:\\xampp\\htdocs...')
#17 {main}
CRITICAL - 2022-01-25 17:10:29 --> Allowed memory size of 536870912 bytes exhausted (tried to allocate 262148096 bytes)
#0 [internal function]: CodeIgniter\Debug\Exceptions->shutdownHandler()
#1 {main}
CRITICAL - 2022-01-25 19:31:03 --> Undefined variable: title
#0 C:\xampp\htdocs\penerimaan-pad\app\Views\layout\header.php(7): CodeIgniter\Debug\Exceptions->errorHandler(8, 'Undefined varia...', 'C:\\xampp\\htdocs...', 7, Array)
#1 C:\xampp\htdocs\penerimaan-pad\system\View\View.php(214): include('C:\\xampp\\htdocs...')
#2 C:\xampp\htdocs\penerimaan-pad\system\View\View.php(217): CodeIgniter\View\View->CodeIgniter\View\{closure}()
#3 C:\xampp\htdocs\penerimaan-pad\system\View\View.php(432): CodeIgniter\View\View->render('layout/header', NULL, true)
#4 C:\xampp\htdocs\penerimaan-pad\app\Views\layout\template.php(2): CodeIgniter\View\View->include('layout/header')
#5 C:\xampp\htdocs\penerimaan-pad\system\View\View.php(214): include('C:\\xampp\\htdocs...')
#6 C:\xampp\htdocs\penerimaan-pad\system\View\View.php(217): CodeIgniter\View\View->CodeIgniter\View\{closure}()
#7 C:\xampp\htdocs\penerimaan-pad\system\View\View.php(230): CodeIgniter\View\View->render('layout/template', Array, true)
#8 C:\xampp\htdocs\penerimaan-pad\system\Common.php(1097): CodeIgniter\View\View->render('laporan/excel_p...', Array, true)
#9 C:\xampp\htdocs\penerimaan-pad\app\Controllers\LaporanPerdinas.php(41): view('laporan/excel_p...', Array)
#10 C:\xampp\htdocs\penerimaan-pad\system\CodeIgniter.php(824): App\Controllers\LaporanPerdinas->excel()
#11 C:\xampp\htdocs\penerimaan-pad\system\CodeIgniter.php(410): CodeIgniter\CodeIgniter->runController(Object(App\Controllers\LaporanPerdinas))
#12 C:\xampp\htdocs\penerimaan-pad\system\CodeIgniter.php(318): CodeIgniter\CodeIgniter->handleRequest(NULL, Object(Config\Cache), false)
#13 C:\xampp\htdocs\penerimaan-pad\public\index.php(37): CodeIgniter\CodeIgniter->run()
#14 C:\xampp\htdocs\penerimaan-pad\system\Commands\Server\rewrite.php(43): require_once('C:\\xampp\\htdocs...')
#15 {main}
CRITICAL - 2022-01-25 21:32:20 --> array_sum() expects parameter 1 to be array, string given
#0 [internal function]: CodeIgniter\Debug\Exceptions->errorHandler(2, 'array_sum() exp...', 'C:\\xampp\\htdocs...', 170, Array)
#1 C:\xampp\htdocs\penerimaan-pad\app\Views\laporan\perdinas.php(170): array_sum('2619688101')
#2 C:\xampp\htdocs\penerimaan-pad\system\View\View.php(214): include('C:\\xampp\\htdocs...')
#3 C:\xampp\htdocs\penerimaan-pad\system\View\View.php(217): CodeIgniter\View\View->CodeIgniter\View\{closure}()
#4 C:\xampp\htdocs\penerimaan-pad\system\Common.php(1097): CodeIgniter\View\View->render('laporan/perdina...', Array, true)
#5 C:\xampp\htdocs\penerimaan-pad\app\Controllers\LaporanPerdinas.php(29): view('laporan/perdina...', Array)
#6 C:\xampp\htdocs\penerimaan-pad\system\CodeIgniter.php(824): App\Controllers\LaporanPerdinas->index()
#7 C:\xampp\htdocs\penerimaan-pad\system\CodeIgniter.php(410): CodeIgniter\CodeIgniter->runController(Object(App\Controllers\LaporanPerdinas))
#8 C:\xampp\htdocs\penerimaan-pad\system\CodeIgniter.php(318): CodeIgniter\CodeIgniter->handleRequest(NULL, Object(Config\Cache), false)
#9 C:\xampp\htdocs\penerimaan-pad\public\index.php(37): CodeIgniter\CodeIgniter->run()
#10 C:\xampp\htdocs\penerimaan-pad\system\Commands\Server\rewrite.php(43): require_once('C:\\xampp\\htdocs...')
#11 {main}
CRITICAL - 2022-01-25 21:34:52 --> syntax error, unexpected end of file
#0 C:\xampp\htdocs\penerimaan-pad\system\View\View.php(217): CodeIgniter\View\View->CodeIgniter\View\{closure}()
#1 C:\xampp\htdocs\penerimaan-pad\system\Common.php(1097): CodeIgniter\View\View->render('laporan/perdina...', Array, true)
#2 C:\xampp\htdocs\penerimaan-pad\app\Controllers\LaporanPerdinas.php(29): view('laporan/perdina...', Array)
#3 C:\xampp\htdocs\penerimaan-pad\system\CodeIgniter.php(824): App\Controllers\LaporanPerdinas->index()
#4 C:\xampp\htdocs\penerimaan-pad\system\CodeIgniter.php(410): CodeIgniter\CodeIgniter->runController(Object(App\Controllers\LaporanPerdinas))
#5 C:\xampp\htdocs\penerimaan-pad\system\CodeIgniter.php(318): CodeIgniter\CodeIgniter->handleRequest(NULL, Object(Config\Cache), false)
#6 C:\xampp\htdocs\penerimaan-pad\public\index.php(37): CodeIgniter\CodeIgniter->run()
#7 C:\xampp\htdocs\penerimaan-pad\system\Commands\Server\rewrite.php(43): require_once('C:\\xampp\\htdocs...')
#8 {main}
CRITICAL - 2022-01-25 22:12:41 --> Undefined index: realisasi
#0 C:\xampp\htdocs\penerimaan-pad\app\Views\laporan\perdinas.php(175): CodeIgniter\Debug\Exceptions->errorHandler(8, 'Undefined index...', 'C:\\xampp\\htdocs...', 175, Array)
#1 C:\xampp\htdocs\penerimaan-pad\system\View\View.php(214): include('C:\\xampp\\htdocs...')
#2 C:\xampp\htdocs\penerimaan-pad\system\View\View.php(217): CodeIgniter\View\View->CodeIgniter\View\{closure}()
#3 C:\xampp\htdocs\penerimaan-pad\system\Common.php(1097): CodeIgniter\View\View->render('laporan/perdina...', Array, true)
#4 C:\xampp\htdocs\penerimaan-pad\app\Controllers\LaporanPerdinas.php(29): view('laporan/perdina...', Array)
#5 C:\xampp\htdocs\penerimaan-pad\system\CodeIgniter.php(824): App\Controllers\LaporanPerdinas->index()
#6 C:\xampp\htdocs\penerimaan-pad\system\CodeIgniter.php(410): CodeIgniter\CodeIgniter->runController(Object(App\Controllers\LaporanPerdinas))
#7 C:\xampp\htdocs\penerimaan-pad\system\CodeIgniter.php(318): CodeIgniter\CodeIgniter->handleRequest(NULL, Object(Config\Cache), false)
#8 C:\xampp\htdocs\penerimaan-pad\public\index.php(37): CodeIgniter\CodeIgniter->run()
#9 C:\xampp\htdocs\penerimaan-pad\system\Commands\Server\rewrite.php(43): require_once('C:\\xampp\\htdocs...')
#10 {main}
CRITICAL - 2022-01-25 22:18:33 --> Undefined index: realisasi
#0 C:\xampp\htdocs\penerimaan-pad\app\Views\laporan\perdinas.php(138): CodeIgniter\Debug\Exceptions->errorHandler(8, 'Undefined index...', 'C:\\xampp\\htdocs...', 138, Array)
#1 C:\xampp\htdocs\penerimaan-pad\system\View\View.php(214): include('C:\\xampp\\htdocs...')
#2 C:\xampp\htdocs\penerimaan-pad\system\View\View.php(217): CodeIgniter\View\View->CodeIgniter\View\{closure}()
#3 C:\xampp\htdocs\penerimaan-pad\system\Common.php(1097): CodeIgniter\View\View->render('laporan/perdina...', Array, true)
#4 C:\xampp\htdocs\penerimaan-pad\app\Controllers\LaporanPerdinas.php(29): view('laporan/perdina...', Array)
#5 C:\xampp\htdocs\penerimaan-pad\system\CodeIgniter.php(824): App\Controllers\LaporanPerdinas->index()
#6 C:\xampp\htdocs\penerimaan-pad\system\CodeIgniter.php(410): CodeIgniter\CodeIgniter->runController(Object(App\Controllers\LaporanPerdinas))
#7 C:\xampp\htdocs\penerimaan-pad\system\CodeIgniter.php(318): CodeIgniter\CodeIgniter->handleRequest(NULL, Object(Config\Cache), false)
#8 C:\xampp\htdocs\penerimaan-pad\public\index.php(37): CodeIgniter\CodeIgniter->run()
#9 C:\xampp\htdocs\penerimaan-pad\system\Commands\Server\rewrite.php(43): require_once('C:\\xampp\\htdocs...')
#10 {main}
CRITICAL - 2022-01-25 22:18:45 --> Undefined index: realisasi
#0 C:\xampp\htdocs\penerimaan-pad\app\Views\laporan\perdinas.php(138): CodeIgniter\Debug\Exceptions->errorHandler(8, 'Undefined index...', 'C:\\xampp\\htdocs...', 138, Array)
#1 C:\xampp\htdocs\penerimaan-pad\system\View\View.php(214): include('C:\\xampp\\htdocs...')
#2 C:\xampp\htdocs\penerimaan-pad\system\View\View.php(217): CodeIgniter\View\View->CodeIgniter\View\{closure}()
#3 C:\xampp\htdocs\penerimaan-pad\system\Common.php(1097): CodeIgniter\View\View->render('laporan/perdina...', Array, true)
#4 C:\xampp\htdocs\penerimaan-pad\app\Controllers\LaporanPerdinas.php(29): view('laporan/perdina...', Array)
#5 C:\xampp\htdocs\penerimaan-pad\system\CodeIgniter.php(824): App\Controllers\LaporanPerdinas->index()
#6 C:\xampp\htdocs\penerimaan-pad\system\CodeIgniter.php(410): CodeIgniter\CodeIgniter->runController(Object(App\Controllers\LaporanPerdinas))
#7 C:\xampp\htdocs\penerimaan-pad\system\CodeIgniter.php(318): CodeIgniter\CodeIgniter->handleRequest(NULL, Object(Config\Cache), false)
#8 C:\xampp\htdocs\penerimaan-pad\public\index.php(37): CodeIgniter\CodeIgniter->run()
#9 C:\xampp\htdocs\penerimaan-pad\system\Commands\Server\rewrite.php(43): require_once('C:\\xampp\\htdocs...')
#10 {main}
CRITICAL - 2022-01-25 23:07:01 --> Argument 1 passed to CodeIgniter\Database\BaseResult::getResult() must be of the type string, null given, called in C:\xampp\htdocs\penerimaan-pad\system\Model.php on line 184
#0 C:\xampp\htdocs\penerimaan-pad\system\Model.php(184): CodeIgniter\Database\BaseResult->getResult(NULL)
#1 C:\xampp\htdocs\penerimaan-pad\system\BaseModel.php(584): CodeIgniter\Model->doFindAll(1, 0)
#2 C:\xampp\htdocs\penerimaan-pad\app\Models\LaporanModel.php(42): CodeIgniter\BaseModel->findAll(1)
#3 C:\xampp\htdocs\penerimaan-pad\app\Controllers\LaporanPerdinas.php(23): App\Models\LaporanModel->getJenis1()
#4 C:\xampp\htdocs\penerimaan-pad\system\CodeIgniter.php(824): App\Controllers\LaporanPerdinas->index()
#5 C:\xampp\htdocs\penerimaan-pad\system\CodeIgniter.php(410): CodeIgniter\CodeIgniter->runController(Object(App\Controllers\LaporanPerdinas))
#6 C:\xampp\htdocs\penerimaan-pad\system\CodeIgniter.php(318): CodeIgniter\CodeIgniter->handleRequest(NULL, Object(Config\Cache), false)
#7 C:\xampp\htdocs\penerimaan-pad\public\index.php(37): CodeIgniter\CodeIgniter->run()
#8 C:\xampp\htdocs\penerimaan-pad\system\Commands\Server\rewrite.php(43): require_once('C:\\xampp\\htdocs...')
#9 {main}
CRITICAL - 2022-01-25 23:07:16 --> Argument 1 passed to CodeIgniter\Database\BaseResult::getResult() must be of the type string, null given, called in C:\xampp\htdocs\penerimaan-pad\system\Model.php on line 184
#0 C:\xampp\htdocs\penerimaan-pad\system\Model.php(184): CodeIgniter\Database\BaseResult->getResult(NULL)
#1 C:\xampp\htdocs\penerimaan-pad\system\BaseModel.php(584): CodeIgniter\Model->doFindAll(1, 0)
#2 C:\xampp\htdocs\penerimaan-pad\app\Models\LaporanModel.php(42): CodeIgniter\BaseModel->findAll(1)
#3 C:\xampp\htdocs\penerimaan-pad\app\Controllers\LaporanPerdinas.php(23): App\Models\LaporanModel->getJenis1()
#4 C:\xampp\htdocs\penerimaan-pad\system\CodeIgniter.php(824): App\Controllers\LaporanPerdinas->index()
#5 C:\xampp\htdocs\penerimaan-pad\system\CodeIgniter.php(410): CodeIgniter\CodeIgniter->runController(Object(App\Controllers\LaporanPerdinas))
#6 C:\xampp\htdocs\penerimaan-pad\system\CodeIgniter.php(318): CodeIgniter\CodeIgniter->handleRequest(NULL, Object(Config\Cache), false)
#7 C:\xampp\htdocs\penerimaan-pad\public\index.php(37): CodeIgniter\CodeIgniter->run()
#8 C:\xampp\htdocs\penerimaan-pad\system\Commands\Server\rewrite.php(43): require_once('C:\\xampp\\htdocs...')
#9 {main}
CRITICAL - 2022-01-25 23:07:18 --> Argument 1 passed to CodeIgniter\Database\BaseResult::getResult() must be of the type string, null given, called in C:\xampp\htdocs\penerimaan-pad\system\Model.php on line 184
#0 C:\xampp\htdocs\penerimaan-pad\system\Model.php(184): CodeIgniter\Database\BaseResult->getResult(NULL)
#1 C:\xampp\htdocs\penerimaan-pad\system\BaseModel.php(584): CodeIgniter\Model->doFindAll(1, 0)
#2 C:\xampp\htdocs\penerimaan-pad\app\Models\LaporanModel.php(42): CodeIgniter\BaseModel->findAll(1)
#3 C:\xampp\htdocs\penerimaan-pad\app\Controllers\LaporanPerdinas.php(23): App\Models\LaporanModel->getJenis1()
#4 C:\xampp\htdocs\penerimaan-pad\system\CodeIgniter.php(824): App\Controllers\LaporanPerdinas->index()
#5 C:\xampp\htdocs\penerimaan-pad\system\CodeIgniter.php(410): CodeIgniter\CodeIgniter->runController(Object(App\Controllers\LaporanPerdinas))
#6 C:\xampp\htdocs\penerimaan-pad\system\CodeIgniter.php(318): CodeIgniter\CodeIgniter->handleRequest(NULL, Object(Config\Cache), false)
#7 C:\xampp\htdocs\penerimaan-pad\public\index.php(37): CodeIgniter\CodeIgniter->run()
#8 C:\xampp\htdocs\penerimaan-pad\system\Commands\Server\rewrite.php(43): require_once('C:\\xampp\\htdocs...')
#9 {main}
CRITICAL - 2022-01-25 23:07:33 --> Argument 1 passed to CodeIgniter\Database\BaseResult::getResult() must be of the type string, null given, called in C:\xampp\htdocs\penerimaan-pad\system\Model.php on line 184
#0 C:\xampp\htdocs\penerimaan-pad\system\Model.php(184): CodeIgniter\Database\BaseResult->getResult(NULL)
#1 C:\xampp\htdocs\penerimaan-pad\system\BaseModel.php(584): CodeIgniter\Model->doFindAll(1, 0)
#2 C:\xampp\htdocs\penerimaan-pad\app\Models\LaporanModel.php(42): CodeIgniter\BaseModel->findAll(1)
#3 C:\xampp\htdocs\penerimaan-pad\app\Controllers\LaporanPerdinas.php(23): App\Models\LaporanModel->getJenis1()
#4 C:\xampp\htdocs\penerimaan-pad\system\CodeIgniter.php(824): App\Controllers\LaporanPerdinas->index()
#5 C:\xampp\htdocs\penerimaan-pad\system\CodeIgniter.php(410): CodeIgniter\CodeIgniter->runController(Object(App\Controllers\LaporanPerdinas))
#6 C:\xampp\htdocs\penerimaan-pad\system\CodeIgniter.php(318): CodeIgniter\CodeIgniter->handleRequest(NULL, Object(Config\Cache), false)
#7 C:\xampp\htdocs\penerimaan-pad\public\index.php(37): CodeIgniter\CodeIgniter->run()
#8 C:\xampp\htdocs\penerimaan-pad\system\Commands\Server\rewrite.php(43): require_once('C:\\xampp\\htdocs...')
#9 {main}
CRITICAL - 2022-01-25 23:08:06 --> Argument 1 passed to CodeIgniter\Database\BaseResult::getResult() must be of the type string, null given, called in C:\xampp\htdocs\penerimaan-pad\system\Model.php on line 184
#0 C:\xampp\htdocs\penerimaan-pad\system\Model.php(184): CodeIgniter\Database\BaseResult->getResult(NULL)
#1 C:\xampp\htdocs\penerimaan-pad\system\BaseModel.php(584): CodeIgniter\Model->doFindAll(1, 0)
#2 C:\xampp\htdocs\penerimaan-pad\app\Models\LaporanModel.php(42): CodeIgniter\BaseModel->findAll(1)
#3 C:\xampp\htdocs\penerimaan-pad\app\Controllers\LaporanPerdinas.php(23): App\Models\LaporanModel->getJenis1()
#4 C:\xampp\htdocs\penerimaan-pad\system\CodeIgniter.php(824): App\Controllers\LaporanPerdinas->index()
#5 C:\xampp\htdocs\penerimaan-pad\system\CodeIgniter.php(410): CodeIgniter\CodeIgniter->runController(Object(App\Controllers\LaporanPerdinas))
#6 C:\xampp\htdocs\penerimaan-pad\system\CodeIgniter.php(318): CodeIgniter\CodeIgniter->handleRequest(NULL, Object(Config\Cache), false)
#7 C:\xampp\htdocs\penerimaan-pad\public\index.php(37): CodeIgniter\CodeIgniter->run()
#8 C:\xampp\htdocs\penerimaan-pad\system\Commands\Server\rewrite.php(43): require_once('C:\\xampp\\htdocs...')
#9 {main}
CRITICAL - 2022-01-25 23:10:23 --> Argument 1 passed to CodeIgniter\Database\BaseResult::getResult() must be of the type string, null given, called in C:\xampp\htdocs\penerimaan-pad\system\Model.php on line 184
#0 C:\xampp\htdocs\penerimaan-pad\system\Model.php(184): CodeIgniter\Database\BaseResult->getResult(NULL)
#1 C:\xampp\htdocs\penerimaan-pad\system\BaseModel.php(584): CodeIgniter\Model->doFindAll(1, 0)
#2 C:\xampp\htdocs\penerimaan-pad\app\Models\LaporanModel.php(42): CodeIgniter\BaseModel->findAll(1)
#3 C:\xampp\htdocs\penerimaan-pad\app\Controllers\LaporanPerdinas.php(23): App\Models\LaporanModel->getJenis1()
#4 C:\xampp\htdocs\penerimaan-pad\system\CodeIgniter.php(824): App\Controllers\LaporanPerdinas->index()
#5 C:\xampp\htdocs\penerimaan-pad\system\CodeIgniter.php(410): CodeIgniter\CodeIgniter->runController(Object(App\Controllers\LaporanPerdinas))
#6 C:\xampp\htdocs\penerimaan-pad\system\CodeIgniter.php(318): CodeIgniter\CodeIgniter->handleRequest(NULL, Object(Config\Cache), false)
#7 C:\xampp\htdocs\penerimaan-pad\public\index.php(37): CodeIgniter\CodeIgniter->run()
#8 C:\xampp\htdocs\penerimaan-pad\system\Commands\Server\rewrite.php(43): require_once('C:\\xampp\\htdocs...')
#9 {main}
CRITICAL - 2022-01-25 23:10:43 --> Argument 1 passed to CodeIgniter\Database\BaseResult::getResult() must be of the type string, null given, called in C:\xampp\htdocs\penerimaan-pad\system\Model.php on line 184
#0 C:\xampp\htdocs\penerimaan-pad\system\Model.php(184): CodeIgniter\Database\BaseResult->getResult(NULL)
#1 C:\xampp\htdocs\penerimaan-pad\system\BaseModel.php(584): CodeIgniter\Model->doFindAll(1, 0)
#2 C:\xampp\htdocs\penerimaan-pad\app\Models\LaporanModel.php(42): CodeIgniter\BaseModel->findAll(1)
#3 C:\xampp\htdocs\penerimaan-pad\app\Controllers\LaporanPerdinas.php(23): App\Models\LaporanModel->getJenis1()
#4 C:\xampp\htdocs\penerimaan-pad\system\CodeIgniter.php(824): App\Controllers\LaporanPerdinas->index()
#5 C:\xampp\htdocs\penerimaan-pad\system\CodeIgniter.php(410): CodeIgniter\CodeIgniter->runController(Object(App\Controllers\LaporanPerdinas))
#6 C:\xampp\htdocs\penerimaan-pad\system\CodeIgniter.php(318): CodeIgniter\CodeIgniter->handleRequest(NULL, Object(Config\Cache), false)
#7 C:\xampp\htdocs\penerimaan-pad\public\index.php(37): CodeIgniter\CodeIgniter->run()
#8 C:\xampp\htdocs\penerimaan-pad\system\Commands\Server\rewrite.php(43): require_once('C:\\xampp\\htdocs...')
#9 {main}
CRITICAL - 2022-01-25 23:11:05 --> Argument 1 passed to CodeIgniter\Database\BaseResult::getResult() must be of the type string, null given, called in C:\xampp\htdocs\penerimaan-pad\system\Model.php on line 184
#0 C:\xampp\htdocs\penerimaan-pad\system\Model.php(184): CodeIgniter\Database\BaseResult->getResult(NULL)
#1 C:\xampp\htdocs\penerimaan-pad\system\BaseModel.php(584): CodeIgniter\Model->doFindAll(1, 0)
#2 C:\xampp\htdocs\penerimaan-pad\app\Models\LaporanModel.php(42): CodeIgniter\BaseModel->findAll(1)
#3 C:\xampp\htdocs\penerimaan-pad\app\Controllers\LaporanPerdinas.php(23): App\Models\LaporanModel->getJenis1()
#4 C:\xampp\htdocs\penerimaan-pad\system\CodeIgniter.php(824): App\Controllers\LaporanPerdinas->index()
#5 C:\xampp\htdocs\penerimaan-pad\system\CodeIgniter.php(410): CodeIgniter\CodeIgniter->runController(Object(App\Controllers\LaporanPerdinas))
#6 C:\xampp\htdocs\penerimaan-pad\system\CodeIgniter.php(318): CodeIgniter\CodeIgniter->handleRequest(NULL, Object(Config\Cache), false)
#7 C:\xampp\htdocs\penerimaan-pad\public\index.php(37): CodeIgniter\CodeIgniter->run()
#8 C:\xampp\htdocs\penerimaan-pad\system\Commands\Server\rewrite.php(43): require_once('C:\\xampp\\htdocs...')
#9 {main}
CRITICAL - 2022-01-25 23:12:18 --> Argument 1 passed to CodeIgniter\Database\BaseResult::getResult() must be of the type string, null given, called in C:\xampp\htdocs\penerimaan-pad\system\Model.php on line 184
#0 C:\xampp\htdocs\penerimaan-pad\system\Model.php(184): CodeIgniter\Database\BaseResult->getResult(NULL)
#1 C:\xampp\htdocs\penerimaan-pad\system\BaseModel.php(584): CodeIgniter\Model->doFindAll(1, 0)
#2 C:\xampp\htdocs\penerimaan-pad\app\Models\LaporanModel.php(42): CodeIgniter\BaseModel->findAll(1)
#3 C:\xampp\htdocs\penerimaan-pad\app\Controllers\LaporanPerdinas.php(23): App\Models\LaporanModel->getJenis1()
#4 C:\xampp\htdocs\penerimaan-pad\system\CodeIgniter.php(824): App\Controllers\LaporanPerdinas->index()
#5 C:\xampp\htdocs\penerimaan-pad\system\CodeIgniter.php(410): CodeIgniter\CodeIgniter->runController(Object(App\Controllers\LaporanPerdinas))
#6 C:\xampp\htdocs\penerimaan-pad\system\CodeIgniter.php(318): CodeIgniter\CodeIgniter->handleRequest(NULL, Object(Config\Cache), false)
#7 C:\xampp\htdocs\penerimaan-pad\public\index.php(37): CodeIgniter\CodeIgniter->run()
#8 C:\xampp\htdocs\penerimaan-pad\system\Commands\Server\rewrite.php(43): require_once('C:\\xampp\\htdocs...')
#9 {main}
CRITICAL - 2022-01-25 23:37:08 --> Argument 1 passed to CodeIgniter\Database\BaseResult::getResult() must be of the type string, null given, called in C:\xampp\htdocs\penerimaan-pad\system\Model.php on line 184
#0 C:\xampp\htdocs\penerimaan-pad\system\Model.php(184): CodeIgniter\Database\BaseResult->getResult(NULL)
#1 C:\xampp\htdocs\penerimaan-pad\system\BaseModel.php(584): CodeIgniter\Model->doFindAll(1, 0)
#2 C:\xampp\htdocs\penerimaan-pad\app\Models\LaporanModel.php(44): CodeIgniter\BaseModel->findAll(1)
#3 C:\xampp\htdocs\penerimaan-pad\app\Controllers\LaporanPerdinas.php(23): App\Models\LaporanModel->getJenis1()
#4 C:\xampp\htdocs\penerimaan-pad\system\CodeIgniter.php(824): App\Controllers\LaporanPerdinas->index()
#5 C:\xampp\htdocs\penerimaan-pad\system\CodeIgniter.php(410): CodeIgniter\CodeIgniter->runController(Object(App\Controllers\LaporanPerdinas))
#6 C:\xampp\htdocs\penerimaan-pad\system\CodeIgniter.php(318): CodeIgniter\CodeIgniter->handleRequest(NULL, Object(Config\Cache), false)
#7 C:\xampp\htdocs\penerimaan-pad\public\index.php(37): CodeIgniter\CodeIgniter->run()
#8 C:\xampp\htdocs\penerimaan-pad\system\Commands\Server\rewrite.php(43): require_once('C:\\xampp\\htdocs...')
#9 {main}
CRITICAL - 2022-01-25 23:37:15 --> Argument 1 passed to CodeIgniter\Database\BaseResult::getResult() must be of the type string, null given, called in C:\xampp\htdocs\penerimaan-pad\system\Model.php on line 184
#0 C:\xampp\htdocs\penerimaan-pad\system\Model.php(184): CodeIgniter\Database\BaseResult->getResult(NULL)
#1 C:\xampp\htdocs\penerimaan-pad\system\BaseModel.php(584): CodeIgniter\Model->doFindAll(1, 0)
#2 C:\xampp\htdocs\penerimaan-pad\app\Models\LaporanModel.php(44): CodeIgniter\BaseModel->findAll(1)
#3 C:\xampp\htdocs\penerimaan-pad\app\Controllers\LaporanPerdinas.php(23): App\Models\LaporanModel->getJenis1()
#4 C:\xampp\htdocs\penerimaan-pad\system\CodeIgniter.php(824): App\Controllers\LaporanPerdinas->index()
#5 C:\xampp\htdocs\penerimaan-pad\system\CodeIgniter.php(410): CodeIgniter\CodeIgniter->runController(Object(App\Controllers\LaporanPerdinas))
#6 C:\xampp\htdocs\penerimaan-pad\system\CodeIgniter.php(318): CodeIgniter\CodeIgniter->handleRequest(NULL, Object(Config\Cache), false)
#7 C:\xampp\htdocs\penerimaan-pad\public\index.php(37): CodeIgniter\CodeIgniter->run()
#8 C:\xampp\htdocs\penerimaan-pad\system\Commands\Server\rewrite.php(43): require_once('C:\\xampp\\htdocs...')
#9 {main}
CRITICAL - 2022-01-25 23:37:39 --> Argument 1 passed to CodeIgniter\Database\BaseResult::getResult() must be of the type string, null given, called in C:\xampp\htdocs\penerimaan-pad\system\Model.php on line 184
#0 C:\xampp\htdocs\penerimaan-pad\system\Model.php(184): CodeIgniter\Database\BaseResult->getResult(NULL)
#1 C:\xampp\htdocs\penerimaan-pad\system\BaseModel.php(584): CodeIgniter\Model->doFindAll(1, 0)
#2 C:\xampp\htdocs\penerimaan-pad\app\Models\LaporanModel.php(44): CodeIgniter\BaseModel->findAll(1)
#3 C:\xampp\htdocs\penerimaan-pad\app\Controllers\LaporanPerdinas.php(23): App\Models\LaporanModel->getJenis1()
#4 C:\xampp\htdocs\penerimaan-pad\system\CodeIgniter.php(824): App\Controllers\LaporanPerdinas->index()
#5 C:\xampp\htdocs\penerimaan-pad\system\CodeIgniter.php(410): CodeIgniter\CodeIgniter->runController(Object(App\Controllers\LaporanPerdinas))
#6 C:\xampp\htdocs\penerimaan-pad\system\CodeIgniter.php(318): CodeIgniter\CodeIgniter->handleRequest(NULL, Object(Config\Cache), false)
#7 C:\xampp\htdocs\penerimaan-pad\public\index.php(37): CodeIgniter\CodeIgniter->run()
#8 C:\xampp\htdocs\penerimaan-pad\system\Commands\Server\rewrite.php(43): require_once('C:\\xampp\\htdocs...')
#9 {main}
CRITICAL - 2022-01-25 23:37:58 --> Argument 1 passed to CodeIgniter\Database\BaseResult::getResult() must be of the type string, null given, called in C:\xampp\htdocs\penerimaan-pad\system\Model.php on line 184
#0 C:\xampp\htdocs\penerimaan-pad\system\Model.php(184): CodeIgniter\Database\BaseResult->getResult(NULL)
#1 C:\xampp\htdocs\penerimaan-pad\system\BaseModel.php(584): CodeIgniter\Model->doFindAll(1, 0)
#2 C:\xampp\htdocs\penerimaan-pad\app\Models\LaporanModel.php(43): CodeIgniter\BaseModel->findAll(1)
#3 C:\xampp\htdocs\penerimaan-pad\app\Controllers\LaporanPerdinas.php(23): App\Models\LaporanModel->getJenis1()
#4 C:\xampp\htdocs\penerimaan-pad\system\CodeIgniter.php(824): App\Controllers\LaporanPerdinas->index()
#5 C:\xampp\htdocs\penerimaan-pad\system\CodeIgniter.php(410): CodeIgniter\CodeIgniter->runController(Object(App\Controllers\LaporanPerdinas))
#6 C:\xampp\htdocs\penerimaan-pad\system\CodeIgniter.php(318): CodeIgniter\CodeIgniter->handleRequest(NULL, Object(Config\Cache), false)
#7 C:\xampp\htdocs\penerimaan-pad\public\index.php(37): CodeIgniter\CodeIgniter->run()
#8 C:\xampp\htdocs\penerimaan-pad\system\Commands\Server\rewrite.php(43): require_once('C:\\xampp\\htdocs...')
#9 {main}
CRITICAL - 2022-01-25 23:38:34 --> Argument 1 passed to CodeIgniter\Database\BaseResult::getResult() must be of the type string, null given, called in C:\xampp\htdocs\penerimaan-pad\system\Model.php on line 184
#0 C:\xampp\htdocs\penerimaan-pad\system\Model.php(184): CodeIgniter\Database\BaseResult->getResult(NULL)
#1 C:\xampp\htdocs\penerimaan-pad\system\BaseModel.php(584): CodeIgniter\Model->doFindAll(1, 0)
#2 C:\xampp\htdocs\penerimaan-pad\app\Models\LaporanModel.php(43): CodeIgniter\BaseModel->findAll(1)
#3 C:\xampp\htdocs\penerimaan-pad\app\Controllers\LaporanPerdinas.php(23): App\Models\LaporanModel->getJenis1()
#4 C:\xampp\htdocs\penerimaan-pad\system\CodeIgniter.php(824): App\Controllers\LaporanPerdinas->index()
#5 C:\xampp\htdocs\penerimaan-pad\system\CodeIgniter.php(410): CodeIgniter\CodeIgniter->runController(Object(App\Controllers\LaporanPerdinas))
#6 C:\xampp\htdocs\penerimaan-pad\system\CodeIgniter.php(318): CodeIgniter\CodeIgniter->handleRequest(NULL, Object(Config\Cache), false)
#7 C:\xampp\htdocs\penerimaan-pad\public\index.php(37): CodeIgniter\CodeIgniter->run()
#8 C:\xampp\htdocs\penerimaan-pad\system\Commands\Server\rewrite.php(43): require_once('C:\\xampp\\htdocs...')
#9 {main}
CRITICAL - 2022-01-25 23:39:10 --> Argument 1 passed to CodeIgniter\Database\BaseResult::getResult() must be of the type string, null given, called in C:\xampp\htdocs\penerimaan-pad\system\Model.php on line 184
#0 C:\xampp\htdocs\penerimaan-pad\system\Model.php(184): CodeIgniter\Database\BaseResult->getResult(NULL)
#1 C:\xampp\htdocs\penerimaan-pad\system\BaseModel.php(584): CodeIgniter\Model->doFindAll(1, 0)
#2 C:\xampp\htdocs\penerimaan-pad\app\Models\LaporanModel.php(43): CodeIgniter\BaseModel->findAll(1)
#3 C:\xampp\htdocs\penerimaan-pad\app\Controllers\LaporanPerdinas.php(23): App\Models\LaporanModel->getJenis1()
#4 C:\xampp\htdocs\penerimaan-pad\system\CodeIgniter.php(824): App\Controllers\LaporanPerdinas->index()
#5 C:\xampp\htdocs\penerimaan-pad\system\CodeIgniter.php(410): CodeIgniter\CodeIgniter->runController(Object(App\Controllers\LaporanPerdinas))
#6 C:\xampp\htdocs\penerimaan-pad\system\CodeIgniter.php(318): CodeIgniter\CodeIgniter->handleRequest(NULL, Object(Config\Cache), false)
#7 C:\xampp\htdocs\penerimaan-pad\public\index.php(37): CodeIgniter\CodeIgniter->run()
#8 C:\xampp\htdocs\penerimaan-pad\system\Commands\Server\rewrite.php(43): require_once('C:\\xampp\\htdocs...')
#9 {main}
CRITICAL - 2022-01-25 23:39:22 --> Argument 1 passed to CodeIgniter\Database\BaseResult::getResult() must be of the type string, null given, called in C:\xampp\htdocs\penerimaan-pad\system\Model.php on line 184
#0 C:\xampp\htdocs\penerimaan-pad\system\Model.php(184): CodeIgniter\Database\BaseResult->getResult(NULL)
#1 C:\xampp\htdocs\penerimaan-pad\system\BaseModel.php(584): CodeIgniter\Model->doFindAll(1, 0)
#2 C:\xampp\htdocs\penerimaan-pad\app\Models\LaporanModel.php(43): CodeIgniter\BaseModel->findAll(1)
#3 C:\xampp\htdocs\penerimaan-pad\app\Controllers\LaporanPerdinas.php(23): App\Models\LaporanModel->getJenis1()
#4 C:\xampp\htdocs\penerimaan-pad\system\CodeIgniter.php(824): App\Controllers\LaporanPerdinas->index()
#5 C:\xampp\htdocs\penerimaan-pad\system\CodeIgniter.php(410): CodeIgniter\CodeIgniter->runController(Object(App\Controllers\LaporanPerdinas))
#6 C:\xampp\htdocs\penerimaan-pad\system\CodeIgniter.php(318): CodeIgniter\CodeIgniter->handleRequest(NULL, Object(Config\Cache), false)
#7 C:\xampp\htdocs\penerimaan-pad\public\index.php(37): CodeIgniter\CodeIgniter->run()
#8 C:\xampp\htdocs\penerimaan-pad\system\Commands\Server\rewrite.php(43): require_once('C:\\xampp\\htdocs...')
#9 {main}
CRITICAL - 2022-01-25 23:39:48 --> Call to undefined method App\Models\LaporanModel::sumTarget1
#0 C:\xampp\htdocs\penerimaan-pad\app\Controllers\LaporanPerdinas.php(25): CodeIgniter\Model->__call('sumTarget1', Array)
#1 C:\xampp\htdocs\penerimaan-pad\system\CodeIgniter.php(824): App\Controllers\LaporanPerdinas->index()
#2 C:\xampp\htdocs\penerimaan-pad\system\CodeIgniter.php(410): CodeIgniter\CodeIgniter->runController(Object(App\Controllers\LaporanPerdinas))
#3 C:\xampp\htdocs\penerimaan-pad\system\CodeIgniter.php(318): CodeIgniter\CodeIgniter->handleRequest(NULL, Object(Config\Cache), false)
#4 C:\xampp\htdocs\penerimaan-pad\public\index.php(37): CodeIgniter\CodeIgniter->run()
#5 C:\xampp\htdocs\penerimaan-pad\system\Commands\Server\rewrite.php(43): require_once('C:\\xampp\\htdocs...')
#6 {main}
ERROR - 2022-01-25 23:41:13 --> Unknown column 'target_pad' in 'field list'
CRITICAL - 2022-01-25 23:41:13 --> Unknown column 'target_pad' in 'field list'
#0 C:\xampp\htdocs\penerimaan-pad\system\Database\MySQLi\Connection.php(292): mysqli->query('SELECT SUM(`tar...', 0)
#1 C:\xampp\htdocs\penerimaan-pad\system\Database\BaseConnection.php(670): CodeIgniter\Database\MySQLi\Connection->execute('SELECT SUM(`tar...')
#2 C:\xampp\htdocs\penerimaan-pad\system\Database\BaseConnection.php(598): CodeIgniter\Database\BaseConnection->simpleQuery('SELECT SUM(`tar...')
#3 C:\xampp\htdocs\penerimaan-pad\system\Database\BaseBuilder.php(1443): CodeIgniter\Database\BaseConnection->query('SELECT SUM(`tar...', Array, false)
#4 C:\xampp\htdocs\penerimaan-pad\app\Models\LaporanModel.php(29): CodeIgniter\Database\BaseBuilder->get()
#5 C:\xampp\htdocs\penerimaan-pad\app\Controllers\LaporanPerdinas.php(25): App\Models\LaporanModel->sumTarget1()
#6 C:\xampp\htdocs\penerimaan-pad\system\CodeIgniter.php(824): App\Controllers\LaporanPerdinas->index()
#7 C:\xampp\htdocs\penerimaan-pad\system\CodeIgniter.php(410): CodeIgniter\CodeIgniter->runController(Object(App\Controllers\LaporanPerdinas))
#8 C:\xampp\htdocs\penerimaan-pad\system\CodeIgniter.php(318): CodeIgniter\CodeIgniter->handleRequest(NULL, Object(Config\Cache), false)
#9 C:\xampp\htdocs\penerimaan-pad\public\index.php(37): CodeIgniter\CodeIgniter->run()
#10 C:\xampp\htdocs\penerimaan-pad\system\Commands\Server\rewrite.php(43): require_once('C:\\xampp\\htdocs...')
#11 {main}
CRITICAL - 2022-01-25 23:41:28 --> Cannot use object of type mysqli as array
#0 C:\xampp\htdocs\penerimaan-pad\system\View\View.php(214): include()
#1 C:\xampp\htdocs\penerimaan-pad\system\View\View.php(217): CodeIgniter\View\View->CodeIgniter\View\{closure}()
#2 C:\xampp\htdocs\penerimaan-pad\system\Common.php(1097): CodeIgniter\View\View->render('laporan/perdina...', Array, true)
#3 C:\xampp\htdocs\penerimaan-pad\app\Controllers\LaporanPerdinas.php(30): view('laporan/perdina...', Array)
#4 C:\xampp\htdocs\penerimaan-pad\system\CodeIgniter.php(824): App\Controllers\LaporanPerdinas->index()
#5 C:\xampp\htdocs\penerimaan-pad\system\CodeIgniter.php(410): CodeIgniter\CodeIgniter->runController(Object(App\Controllers\LaporanPerdinas))
#6 C:\xampp\htdocs\penerimaan-pad\system\CodeIgniter.php(318): CodeIgniter\CodeIgniter->handleRequest(NULL, Object(Config\Cache), false)
#7 C:\xampp\htdocs\penerimaan-pad\public\index.php(37): CodeIgniter\CodeIgniter->run()
#8 C:\xampp\htdocs\penerimaan-pad\system\Commands\Server\rewrite.php(43): require_once('C:\\xampp\\htdocs...')
#9 {main}
CRITICAL - 2022-01-25 23:41:52 --> Undefined property: mysqli::$target
#0 C:\xampp\htdocs\penerimaan-pad\app\Views\laporan\perdinas.php(33): CodeIgniter\Debug\Exceptions->errorHandler(8, 'Undefined prope...', 'C:\\xampp\\htdocs...', 33, Array)
#1 C:\xampp\htdocs\penerimaan-pad\system\View\View.php(214): include('C:\\xampp\\htdocs...')
#2 C:\xampp\htdocs\penerimaan-pad\system\View\View.php(217): CodeIgniter\View\View->CodeIgniter\View\{closure}()
#3 C:\xampp\htdocs\penerimaan-pad\system\Common.php(1097): CodeIgniter\View\View->render('laporan/perdina...', Array, true)
#4 C:\xampp\htdocs\penerimaan-pad\app\Controllers\LaporanPerdinas.php(30): view('laporan/perdina...', Array)
#5 C:\xampp\htdocs\penerimaan-pad\system\CodeIgniter.php(824): App\Controllers\LaporanPerdinas->index()
#6 C:\xampp\htdocs\penerimaan-pad\system\CodeIgniter.php(410): CodeIgniter\CodeIgniter->runController(Object(App\Controllers\LaporanPerdinas))
#7 C:\xampp\htdocs\penerimaan-pad\system\CodeIgniter.php(318): CodeIgniter\CodeIgniter->handleRequest(NULL, Object(Config\Cache), false)
#8 C:\xampp\htdocs\penerimaan-pad\public\index.php(37): CodeIgniter\CodeIgniter->run()
#9 C:\xampp\htdocs\penerimaan-pad\system\Commands\Server\rewrite.php(43): require_once('C:\\xampp\\htdocs...')
#10 {main}
CRITICAL - 2022-01-25 23:42:30 --> Undefined property: mysqli::$target
#0 C:\xampp\htdocs\penerimaan-pad\app\Views\laporan\perdinas.php(33): CodeIgniter\Debug\Exceptions->errorHandler(8, 'Undefined prope...', 'C:\\xampp\\htdocs...', 33, Array)
#1 C:\xampp\htdocs\penerimaan-pad\system\View\View.php(214): include('C:\\xampp\\htdocs...')
#2 C:\xampp\htdocs\penerimaan-pad\system\View\View.php(217): CodeIgniter\View\View->CodeIgniter\View\{closure}()
#3 C:\xampp\htdocs\penerimaan-pad\system\Common.php(1097): CodeIgniter\View\View->render('laporan/perdina...', Array, true)
#4 C:\xampp\htdocs\penerimaan-pad\app\Controllers\LaporanPerdinas.php(30): view('laporan/perdina...', Array)
#5 C:\xampp\htdocs\penerimaan-pad\system\CodeIgniter.php(824): App\Controllers\LaporanPerdinas->index()
#6 C:\xampp\htdocs\penerimaan-pad\system\CodeIgniter.php(410): CodeIgniter\CodeIgniter->runController(Object(App\Controllers\LaporanPerdinas))
#7 C:\xampp\htdocs\penerimaan-pad\system\CodeIgniter.php(318): CodeIgniter\CodeIgniter->handleRequest(NULL, Object(Config\Cache), false)
#8 C:\xampp\htdocs\penerimaan-pad\public\index.php(37): CodeIgniter\CodeIgniter->run()
#9 C:\xampp\htdocs\penerimaan-pad\system\Commands\Server\rewrite.php(43): require_once('C:\\xampp\\htdocs...')
#10 {main}
ERROR - 2022-01-25 23:43:36 --> Unknown column 'id_jenis_pajak' in 'where clause'
CRITICAL - 2022-01-25 23:43:36 --> Unknown column 'id_jenis_pajak' in 'where clause'
#0 C:\xampp\htdocs\penerimaan-pad\system\Database\MySQLi\Connection.php(292): mysqli->query('SELECT SUM(`tar...', 0)
#1 C:\xampp\htdocs\penerimaan-pad\system\Database\BaseConnection.php(670): CodeIgniter\Database\MySQLi\Connection->execute('SELECT SUM(`tar...')
#2 C:\xampp\htdocs\penerimaan-pad\system\Database\BaseConnection.php(598): CodeIgniter\Database\BaseConnection->simpleQuery('SELECT SUM(`tar...')
#3 C:\xampp\htdocs\penerimaan-pad\system\Database\BaseBuilder.php(1443): CodeIgniter\Database\BaseConnection->query('SELECT SUM(`tar...', Array, false)
#4 C:\xampp\htdocs\penerimaan-pad\app\Models\LaporanModel.php(29): CodeIgniter\Database\BaseBuilder->get()
#5 C:\xampp\htdocs\penerimaan-pad\app\Controllers\LaporanPerdinas.php(25): App\Models\LaporanModel->sumTarget1()
#6 C:\xampp\htdocs\penerimaan-pad\system\CodeIgniter.php(824): App\Controllers\LaporanPerdinas->index()
#7 C:\xampp\htdocs\penerimaan-pad\system\CodeIgniter.php(410): CodeIgniter\CodeIgniter->runController(Object(App\Controllers\LaporanPerdinas))
#8 C:\xampp\htdocs\penerimaan-pad\system\CodeIgniter.php(318): CodeIgniter\CodeIgniter->handleRequest(NULL, Object(Config\Cache), false)
#9 C:\xampp\htdocs\penerimaan-pad\public\index.php(37): CodeIgniter\CodeIgniter->run()
#10 C:\xampp\htdocs\penerimaan-pad\system\Commands\Server\rewrite.php(43): require_once('C:\\xampp\\htdocs...')
#11 {main}
ERROR - 2022-01-25 23:45:04 --> Not unique table/alias: 'target_pad'
CRITICAL - 2022-01-25 23:45:04 --> Not unique table/alias: 'target_pad'
#0 C:\xampp\htdocs\penerimaan-pad\system\Database\MySQLi\Connection.php(292): mysqli->query('SELECT SUM(`tar...', 0)
#1 C:\xampp\htdocs\penerimaan-pad\system\Database\BaseConnection.php(670): CodeIgniter\Database\MySQLi\Connection->execute('SELECT SUM(`tar...')
#2 C:\xampp\htdocs\penerimaan-pad\system\Database\BaseConnection.php(598): CodeIgniter\Database\BaseConnection->simpleQuery('SELECT SUM(`tar...')
#3 C:\xampp\htdocs\penerimaan-pad\system\Database\BaseBuilder.php(1443): CodeIgniter\Database\BaseConnection->query('SELECT SUM(`tar...', Array, false)
#4 C:\xampp\htdocs\penerimaan-pad\app\Models\LaporanModel.php(35): CodeIgniter\Database\BaseBuilder->get()
#5 C:\xampp\htdocs\penerimaan-pad\app\Controllers\LaporanPerdinas.php(25): App\Models\LaporanModel->sumTarget1()
#6 C:\xampp\htdocs\penerimaan-pad\system\CodeIgniter.php(824): App\Controllers\LaporanPerdinas->index()
#7 C:\xampp\htdocs\penerimaan-pad\system\CodeIgniter.php(410): CodeIgniter\CodeIgniter->runController(Object(App\Controllers\LaporanPerdinas))
#8 C:\xampp\htdocs\penerimaan-pad\system\CodeIgniter.php(318): CodeIgniter\CodeIgniter->handleRequest(NULL, Object(Config\Cache), false)
#9 C:\xampp\htdocs\penerimaan-pad\public\index.php(37): CodeIgniter\CodeIgniter->run()
#10 C:\xampp\htdocs\penerimaan-pad\system\Commands\Server\rewrite.php(43): require_once('C:\\xampp\\htdocs...')
#11 {main}
CRITICAL - 2022-01-25 23:47:30 --> Cannot use object of type stdClass as array
#0 C:\xampp\htdocs\penerimaan-pad\system\View\View.php(214): include()
#1 C:\xampp\htdocs\penerimaan-pad\system\View\View.php(217): CodeIgniter\View\View->CodeIgniter\View\{closure}()
#2 C:\xampp\htdocs\penerimaan-pad\system\Common.php(1097): CodeIgniter\View\View->render('laporan/perdina...', Array, true)
#3 C:\xampp\htdocs\penerimaan-pad\app\Controllers\LaporanPerdinas.php(30): view('laporan/perdina...', Array)
#4 C:\xampp\htdocs\penerimaan-pad\system\CodeIgniter.php(824): App\Controllers\LaporanPerdinas->index()
#5 C:\xampp\htdocs\penerimaan-pad\system\CodeIgniter.php(410): CodeIgniter\CodeIgniter->runController(Object(App\Controllers\LaporanPerdinas))
#6 C:\xampp\htdocs\penerimaan-pad\system\CodeIgniter.php(318): CodeIgniter\CodeIgniter->handleRequest(NULL, Object(Config\Cache), false)
#7 C:\xampp\htdocs\penerimaan-pad\public\index.php(37): CodeIgniter\CodeIgniter->run()
#8 C:\xampp\htdocs\penerimaan-pad\system\Commands\Server\rewrite.php(43): require_once('C:\\xampp\\htdocs...')
#9 {main}
CRITICAL - 2022-01-25 23:50:54 --> Undefined variable: sum_target2
#0 C:\xampp\htdocs\penerimaan-pad\app\Views\laporan\perdinas.php(154): CodeIgniter\Debug\Exceptions->errorHandler(8, 'Undefined varia...', 'C:\\xampp\\htdocs...', 154, Array)
#1 C:\xampp\htdocs\penerimaan-pad\system\View\View.php(214): include('C:\\xampp\\htdocs...')
#2 C:\xampp\htdocs\penerimaan-pad\system\View\View.php(217): CodeIgniter\View\View->CodeIgniter\View\{closure}()
#3 C:\xampp\htdocs\penerimaan-pad\system\Common.php(1097): CodeIgniter\View\View->render('laporan/perdina...', Array, true)
#4 C:\xampp\htdocs\penerimaan-pad\app\Controllers\LaporanPerdinas.php(30): view('laporan/perdina...', Array)
#5 C:\xampp\htdocs\penerimaan-pad\system\CodeIgniter.php(824): App\Controllers\LaporanPerdinas->index()
#6 C:\xampp\htdocs\penerimaan-pad\system\CodeIgniter.php(410): CodeIgniter\CodeIgniter->runController(Object(App\Controllers\LaporanPerdinas))
#7 C:\xampp\htdocs\penerimaan-pad\system\CodeIgniter.php(318): CodeIgniter\CodeIgniter->handleRequest(NULL, Object(Config\Cache), false)
#8 C:\xampp\htdocs\penerimaan-pad\public\index.php(37): CodeIgniter\CodeIgniter->run()
#9 C:\xampp\htdocs\penerimaan-pad\system\Commands\Server\rewrite.php(43): require_once('C:\\xampp\\htdocs...')
#10 {main}
CRITICAL - 2022-01-25 23:51:16 --> Undefined variable: sum_target2
#0 C:\xampp\htdocs\penerimaan-pad\app\Views\laporan\perdinas.php(154): CodeIgniter\Debug\Exceptions->errorHandler(8, 'Undefined varia...', 'C:\\xampp\\htdocs...', 154, Array)
#1 C:\xampp\htdocs\penerimaan-pad\system\View\View.php(214): include('C:\\xampp\\htdocs...')
#2 C:\xampp\htdocs\penerimaan-pad\system\View\View.php(217): CodeIgniter\View\View->CodeIgniter\View\{closure}()
#3 C:\xampp\htdocs\penerimaan-pad\system\Common.php(1097): CodeIgniter\View\View->render('laporan/perdina...', Array, true)
#4 C:\xampp\htdocs\penerimaan-pad\app\Controllers\LaporanPerdinas.php(30): view('laporan/perdina...', Array)
#5 C:\xampp\htdocs\penerimaan-pad\system\CodeIgniter.php(824): App\Controllers\LaporanPerdinas->index()
#6 C:\xampp\htdocs\penerimaan-pad\system\CodeIgniter.php(410): CodeIgniter\CodeIgniter->runController(Object(App\Controllers\LaporanPerdinas))
#7 C:\xampp\htdocs\penerimaan-pad\system\CodeIgniter.php(318): CodeIgniter\CodeIgniter->handleRequest(NULL, Object(Config\Cache), false)
#8 C:\xampp\htdocs\penerimaan-pad\public\index.php(37): CodeIgniter\CodeIgniter->run()
#9 C:\xampp\htdocs\penerimaan-pad\system\Commands\Server\rewrite.php(43): require_once('C:\\xampp\\htdocs...')
#10 {main}
CRITICAL - 2022-01-25 23:52:02 --> Undefined variable: sum_target2
#0 C:\xampp\htdocs\penerimaan-pad\app\Views\laporan\perdinas.php(154): CodeIgniter\Debug\Exceptions->errorHandler(8, 'Undefined varia...', 'C:\\xampp\\htdocs...', 154, Array)
#1 C:\xampp\htdocs\penerimaan-pad\system\View\View.php(214): include('C:\\xampp\\htdocs...')
#2 C:\xampp\htdocs\penerimaan-pad\system\View\View.php(217): CodeIgniter\View\View->CodeIgniter\View\{closure}()
#3 C:\xampp\htdocs\penerimaan-pad\system\Common.php(1097): CodeIgniter\View\View->render('laporan/perdina...', Array, true)
#4 C:\xampp\htdocs\penerimaan-pad\app\Controllers\LaporanPerdinas.php(30): view('laporan/perdina...', Array)
#5 C:\xampp\htdocs\penerimaan-pad\system\CodeIgniter.php(824): App\Controllers\LaporanPerdinas->index()
#6 C:\xampp\htdocs\penerimaan-pad\system\CodeIgniter.php(410): CodeIgniter\CodeIgniter->runController(Object(App\Controllers\LaporanPerdinas))
#7 C:\xampp\htdocs\penerimaan-pad\system\CodeIgniter.php(318): CodeIgniter\CodeIgniter->handleRequest(NULL, Object(Config\Cache), false)
#8 C:\xampp\htdocs\penerimaan-pad\public\index.php(37): CodeIgniter\CodeIgniter->run()
#9 C:\xampp\htdocs\penerimaan-pad\system\Commands\Server\rewrite.php(43): require_once('C:\\xampp\\htdocs...')
#10 {main}
CRITICAL - 2022-01-25 23:52:23 --> Undefined variable: sum_target2
#0 C:\xampp\htdocs\penerimaan-pad\app\Views\laporan\perdinas.php(166): CodeIgniter\Debug\Exceptions->errorHandler(8, 'Undefined varia...', 'C:\\xampp\\htdocs...', 166, Array)
#1 C:\xampp\htdocs\penerimaan-pad\system\View\View.php(214): include('C:\\xampp\\htdocs...')
#2 C:\xampp\htdocs\penerimaan-pad\system\View\View.php(217): CodeIgniter\View\View->CodeIgniter\View\{closure}()
#3 C:\xampp\htdocs\penerimaan-pad\system\Common.php(1097): CodeIgniter\View\View->render('laporan/perdina...', Array, true)
#4 C:\xampp\htdocs\penerimaan-pad\app\Controllers\LaporanPerdinas.php(30): view('laporan/perdina...', Array)
#5 C:\xampp\htdocs\penerimaan-pad\system\CodeIgniter.php(824): App\Controllers\LaporanPerdinas->index()
#6 C:\xampp\htdocs\penerimaan-pad\system\CodeIgniter.php(410): CodeIgniter\CodeIgniter->runController(Object(App\Controllers\LaporanPerdinas))
#7 C:\xampp\htdocs\penerimaan-pad\system\CodeIgniter.php(318): CodeIgniter\CodeIgniter->handleRequest(NULL, Object(Config\Cache), false)
#8 C:\xampp\htdocs\penerimaan-pad\public\index.php(37): CodeIgniter\CodeIgniter->run()
#9 C:\xampp\htdocs\penerimaan-pad\system\Commands\Server\rewrite.php(43): require_once('C:\\xampp\\htdocs...')
#10 {main}
CRITICAL - 2022-01-25 23:53:46 --> Undefined variable: sum_target2
#0 C:\xampp\htdocs\penerimaan-pad\app\Views\laporan\perdinas.php(154): CodeIgniter\Debug\Exceptions->errorHandler(8, 'Undefined varia...', 'C:\\xampp\\htdocs...', 154, Array)
#1 C:\xampp\htdocs\penerimaan-pad\system\View\View.php(214): include('C:\\xampp\\htdocs...')
#2 C:\xampp\htdocs\penerimaan-pad\system\View\View.php(217): CodeIgniter\View\View->CodeIgniter\View\{closure}()
#3 C:\xampp\htdocs\penerimaan-pad\system\Common.php(1097): CodeIgniter\View\View->render('laporan/perdina...', Array, true)
#4 C:\xampp\htdocs\penerimaan-pad\app\Controllers\LaporanPerdinas.php(30): view('laporan/perdina...', Array)
#5 C:\xampp\htdocs\penerimaan-pad\system\CodeIgniter.php(824): App\Controllers\LaporanPerdinas->index()
#6 C:\xampp\htdocs\penerimaan-pad\system\CodeIgniter.php(410): CodeIgniter\CodeIgniter->runController(Object(App\Controllers\LaporanPerdinas))
#7 C:\xampp\htdocs\penerimaan-pad\system\CodeIgniter.php(318): CodeIgniter\CodeIgniter->handleRequest(NULL, Object(Config\Cache), false)
#8 C:\xampp\htdocs\penerimaan-pad\public\index.php(37): CodeIgniter\CodeIgniter->run()
#9 C:\xampp\htdocs\penerimaan-pad\system\Commands\Server\rewrite.php(43): require_once('C:\\xampp\\htdocs...')
#10 {main}
CRITICAL - 2022-01-25 23:54:34 --> Undefined variable: sum_target2
#0 C:\xampp\htdocs\penerimaan-pad\app\Views\laporan\perdinas.php(154): CodeIgniter\Debug\Exceptions->errorHandler(8, 'Undefined varia...', 'C:\\xampp\\htdocs...', 154, Array)
#1 C:\xampp\htdocs\penerimaan-pad\system\View\View.php(214): include('C:\\xampp\\htdocs...')
#2 C:\xampp\htdocs\penerimaan-pad\system\View\View.php(217): CodeIgniter\View\View->CodeIgniter\View\{closure}()
#3 C:\xampp\htdocs\penerimaan-pad\system\Common.php(1097): CodeIgniter\View\View->render('laporan/perdina...', Array, true)
#4 C:\xampp\htdocs\penerimaan-pad\app\Controllers\LaporanPerdinas.php(30): view('laporan/perdina...', Array)
#5 C:\xampp\htdocs\penerimaan-pad\system\CodeIgniter.php(824): App\Controllers\LaporanPerdinas->index()
#6 C:\xampp\htdocs\penerimaan-pad\system\CodeIgniter.php(410): CodeIgniter\CodeIgniter->runController(Object(App\Controllers\LaporanPerdinas))
#7 C:\xampp\htdocs\penerimaan-pad\system\CodeIgniter.php(318): CodeIgniter\CodeIgniter->handleRequest(NULL, Object(Config\Cache), false)
#8 C:\xampp\htdocs\penerimaan-pad\public\index.php(37): CodeIgniter\CodeIgniter->run()
#9 C:\xampp\htdocs\penerimaan-pad\system\Commands\Server\rewrite.php(43): require_once('C:\\xampp\\htdocs...')
#10 {main}
CRITICAL - 2022-01-25 23:55:33 --> Undefined variable: sum_target2
#0 C:\xampp\htdocs\penerimaan-pad\app\Views\laporan\perdinas.php(154): CodeIgniter\Debug\Exceptions->errorHandler(8, 'Undefined varia...', 'C:\\xampp\\htdocs...', 154, Array)
#1 C:\xampp\htdocs\penerimaan-pad\system\View\View.php(214): include('C:\\xampp\\htdocs...')
#2 C:\xampp\htdocs\penerimaan-pad\system\View\View.php(217): CodeIgniter\View\View->CodeIgniter\View\{closure}()
#3 C:\xampp\htdocs\penerimaan-pad\system\Common.php(1097): CodeIgniter\View\View->render('laporan/perdina...', Array, true)
#4 C:\xampp\htdocs\penerimaan-pad\app\Controllers\LaporanPerdinas.php(30): view('laporan/perdina...', Array)
#5 C:\xampp\htdocs\penerimaan-pad\system\CodeIgniter.php(824): App\Controllers\LaporanPerdinas->index()
#6 C:\xampp\htdocs\penerimaan-pad\system\CodeIgniter.php(410): CodeIgniter\CodeIgniter->runController(Object(App\Controllers\LaporanPerdinas))
#7 C:\xampp\htdocs\penerimaan-pad\system\CodeIgniter.php(318): CodeIgniter\CodeIgniter->handleRequest(NULL, Object(Config\Cache), false)
#8 C:\xampp\htdocs\penerimaan-pad\public\index.php(37): CodeIgniter\CodeIgniter->run()
#9 C:\xampp\htdocs\penerimaan-pad\system\Commands\Server\rewrite.php(43): require_once('C:\\xampp\\htdocs...')
#10 {main}
CRITICAL - 2022-01-25 23:55:35 --> Undefined variable: sum_target2
#0 C:\xampp\htdocs\penerimaan-pad\app\Views\laporan\perdinas.php(154): CodeIgniter\Debug\Exceptions->errorHandler(8, 'Undefined varia...', 'C:\\xampp\\htdocs...', 154, Array)
#1 C:\xampp\htdocs\penerimaan-pad\system\View\View.php(214): include('C:\\xampp\\htdocs...')
#2 C:\xampp\htdocs\penerimaan-pad\system\View\View.php(217): CodeIgniter\View\View->CodeIgniter\View\{closure}()
#3 C:\xampp\htdocs\penerimaan-pad\system\Common.php(1097): CodeIgniter\View\View->render('laporan/perdina...', Array, true)
#4 C:\xampp\htdocs\penerimaan-pad\app\Controllers\LaporanPerdinas.php(30): view('laporan/perdina...', Array)
#5 C:\xampp\htdocs\penerimaan-pad\system\CodeIgniter.php(824): App\Controllers\LaporanPerdinas->index()
#6 C:\xampp\htdocs\penerimaan-pad\system\CodeIgniter.php(410): CodeIgniter\CodeIgniter->runController(Object(App\Controllers\LaporanPerdinas))
#7 C:\xampp\htdocs\penerimaan-pad\system\CodeIgniter.php(318): CodeIgniter\CodeIgniter->handleRequest(NULL, Object(Config\Cache), false)
#8 C:\xampp\htdocs\penerimaan-pad\public\index.php(37): CodeIgniter\CodeIgniter->run()
#9 C:\xampp\htdocs\penerimaan-pad\system\Commands\Server\rewrite.php(43): require_once('C:\\xampp\\htdocs...')
#10 {main}
CRITICAL - 2022-01-25 23:56:44 --> Undefined variable: sum_target2
#0 C:\xampp\htdocs\penerimaan-pad\app\Views\laporan\perdinas.php(37): CodeIgniter\Debug\Exceptions->errorHandler(8, 'Undefined varia...', 'C:\\xampp\\htdocs...', 37, Array)
#1 C:\xampp\htdocs\penerimaan-pad\system\View\View.php(214): include('C:\\xampp\\htdocs...')
#2 C:\xampp\htdocs\penerimaan-pad\system\View\View.php(217): CodeIgniter\View\View->CodeIgniter\View\{closure}()
#3 C:\xampp\htdocs\penerimaan-pad\system\Common.php(1097): CodeIgniter\View\View->render('laporan/perdina...', Array, true)
#4 C:\xampp\htdocs\penerimaan-pad\app\Controllers\LaporanPerdinas.php(30): view('laporan/perdina...', Array)
#5 C:\xampp\htdocs\penerimaan-pad\system\CodeIgniter.php(824): App\Controllers\LaporanPerdinas->index()
#6 C:\xampp\htdocs\penerimaan-pad\system\CodeIgniter.php(410): CodeIgniter\CodeIgniter->runController(Object(App\Controllers\LaporanPerdinas))
#7 C:\xampp\htdocs\penerimaan-pad\system\CodeIgniter.php(318): CodeIgniter\CodeIgniter->handleRequest(NULL, Object(Config\Cache), false)
#8 C:\xampp\htdocs\penerimaan-pad\public\index.php(37): CodeIgniter\CodeIgniter->run()
#9 C:\xampp\htdocs\penerimaan-pad\system\Commands\Server\rewrite.php(43): require_once('C:\\xampp\\htdocs...')
#10 {main}
