CRITICAL - 2022-03-14 02:49:20 --> Invalid file: laporan/laporan_opd.php
#0 C:\xampp\htdocs\penerimaan-pad\system\View\View.php(198): CodeIgniter\Exceptions\FrameworkException::forInvalidFile('laporan/laporan...')
#1 C:\xampp\htdocs\penerimaan-pad\system\Common.php(1097): CodeIgniter\View\View->render('laporan/laporan...', Array, true)
#2 C:\xampp\htdocs\penerimaan-pad\app\Controllers\LaporanOpd.php(25): view('laporan/laporan...', Array)
#3 C:\xampp\htdocs\penerimaan-pad\system\CodeIgniter.php(824): App\Controllers\LaporanOpd->index()
#4 C:\xampp\htdocs\penerimaan-pad\system\CodeIgniter.php(410): CodeIgniter\CodeIgniter->runController(Object(App\Controllers\LaporanOpd))
#5 C:\xampp\htdocs\penerimaan-pad\system\CodeIgniter.php(318): CodeIgniter\CodeIgniter->handleRequest(NULL, Object(Config\Cache), false)
#6 C:\xampp\htdocs\penerimaan-pad\public\index.php(37): CodeIgniter\CodeIgniter->run()
#7 {main}
CRITICAL - 2022-03-14 03:17:38 --> Invalid file: laporan/laporan_opd.php
#0 C:\xampp\htdocs\penerimaan-pad\system\View\View.php(198): CodeIgniter\Exceptions\FrameworkException::forInvalidFile('laporan/laporan...')
#1 C:\xampp\htdocs\penerimaan-pad\system\Common.php(1097): CodeIgniter\View\View->render('laporan/laporan...', Array, true)
#2 C:\xampp\htdocs\penerimaan-pad\app\Controllers\LaporanOpd.php(25): view('laporan/laporan...', Array)
#3 C:\xampp\htdocs\penerimaan-pad\system\CodeIgniter.php(824): App\Controllers\LaporanOpd->index()
#4 C:\xampp\htdocs\penerimaan-pad\system\CodeIgniter.php(410): CodeIgniter\CodeIgniter->runController(Object(App\Controllers\LaporanOpd))
#5 C:\xampp\htdocs\penerimaan-pad\system\CodeIgniter.php(318): CodeIgniter\CodeIgniter->handleRequest(NULL, Object(Config\Cache), false)
#6 C:\xampp\htdocs\penerimaan-pad\public\index.php(37): CodeIgniter\CodeIgniter->run()
#7 {main}
CRITICAL - 2022-03-14 03:17:48 --> Invalid file: laporan/laporan_opd.php
#0 C:\xampp\htdocs\penerimaan-pad\system\View\View.php(198): CodeIgniter\Exceptions\FrameworkException::forInvalidFile('laporan/laporan...')
#1 C:\xampp\htdocs\penerimaan-pad\system\Common.php(1097): CodeIgniter\View\View->render('laporan/laporan...', Array, true)
#2 C:\xampp\htdocs\penerimaan-pad\app\Controllers\LaporanOpd.php(25): view('laporan/laporan...', Array)
#3 C:\xampp\htdocs\penerimaan-pad\system\CodeIgniter.php(824): App\Controllers\LaporanOpd->index()
#4 C:\xampp\htdocs\penerimaan-pad\system\CodeIgniter.php(410): CodeIgniter\CodeIgniter->runController(Object(App\Controllers\LaporanOpd))
#5 C:\xampp\htdocs\penerimaan-pad\system\CodeIgniter.php(318): CodeIgniter\CodeIgniter->handleRequest(NULL, Object(Config\Cache), false)
#6 C:\xampp\htdocs\penerimaan-pad\public\index.php(37): CodeIgniter\CodeIgniter->run()
#7 {main}
CRITICAL - 2022-03-14 03:32:21 --> Invalid file: laporan/laporan_opd.php
#0 C:\xampp\htdocs\penerimaan-pad\system\View\View.php(198): CodeIgniter\Exceptions\FrameworkException::forInvalidFile('laporan/laporan...')
#1 C:\xampp\htdocs\penerimaan-pad\system\Common.php(1097): CodeIgniter\View\View->render('laporan/laporan...', Array, true)
#2 C:\xampp\htdocs\penerimaan-pad\app\Controllers\LaporanOpd.php(25): view('laporan/laporan...', Array)
#3 C:\xampp\htdocs\penerimaan-pad\system\CodeIgniter.php(824): App\Controllers\LaporanOpd->index()
#4 C:\xampp\htdocs\penerimaan-pad\system\CodeIgniter.php(410): CodeIgniter\CodeIgniter->runController(Object(App\Controllers\LaporanOpd))
#5 C:\xampp\htdocs\penerimaan-pad\system\CodeIgniter.php(318): CodeIgniter\CodeIgniter->handleRequest(NULL, Object(Config\Cache), false)
#6 C:\xampp\htdocs\penerimaan-pad\public\index.php(37): CodeIgniter\CodeIgniter->run()
#7 {main}
